[0.006s] Invoking command in '/home/cjj/Desktop/RM_work/ROS2_learning/rviz2_tasks/build/rm_interfaces': CMAKE_PREFIX_PATH=/opt/ros/humble /usr/bin/cmake /home/cjj/Desktop/RM_work/ROS2_learning/rviz2_tasks/src/rm_interfaces -DAMENT_CMAKE_SYMLINK_INSTALL=1 -DCMAKE_INSTALL_PREFIX=/home/cjj/Desktop/RM_work/ROS2_learning/rviz2_tasks/install/rm_interfaces
[0.052s] -- The C compiler identification is GNU 11.4.0
[0.085s] -- The CXX compiler identification is GNU 11.4.0
[0.090s] -- Detecting C compiler ABI info
[0.142s] -- Detecting C compiler ABI info - done
[0.146s] -- Check for working C compiler: /usr/bin/cc - skipped
[0.146s] -- Detecting C compile features
[0.146s] -- Detecting C compile features - done
[0.148s] -- Detecting CXX compiler ABI info
[0.202s] -- Detecting CXX compiler ABI info - done
[0.207s] -- Check for working CXX compiler: /usr/bin/c++ - skipped
[0.207s] -- Detecting CXX compile features
[0.207s] -- Detecting CXX compile features - done
[0.208s] -- Found ament_cmake: 1.3.10 (/opt/ros/humble/share/ament_cmake/cmake)
[0.306s] -- Found Python3: /usr/bin/python3 (found version "3.10.12") found components: Interpreter 
[0.345s] -- Override CMake install command with custom implementation using symlinks instead of copying resources
[0.358s] -- Found rosidl_default_generators: 1.2.0 (/opt/ros/humble/share/rosidl_default_generators/cmake)
[0.360s] -- Using all available rosidl_typesupport_c: rosidl_typesupport_fastrtps_c;rosidl_typesupport_introspection_c
[0.364s] -- Found rosidl_adapter: 3.1.5 (/opt/ros/humble/share/rosidl_adapter/cmake)
[0.384s] -- Using all available rosidl_typesupport_cpp: rosidl_typesupport_fastrtps_cpp;rosidl_typesupport_introspection_cpp
[0.400s] -- Found geometry_msgs: 4.2.4 (/opt/ros/humble/share/geometry_msgs/cmake)
[0.423s] -- Found sensor_msgs: 4.2.4 (/opt/ros/humble/share/sensor_msgs/cmake)
[0.617s] -- Found ament_cmake_ros: 0.10.0 (/opt/ros/humble/share/ament_cmake_ros/cmake)
[0.785s] -- Using all available rosidl_typesupport_c: rosidl_typesupport_fastrtps_c;rosidl_typesupport_introspection_c
[1.014s] -- Using all available rosidl_typesupport_cpp: rosidl_typesupport_fastrtps_cpp;rosidl_typesupport_introspection_cpp
[1.029s] -- Found PythonInterp: /usr/bin/python3 (found suitable version "3.10.12", minimum required is "3.6") 
[1.030s] -- Found python_cmake_module: 0.10.0 (/opt/ros/humble/share/python_cmake_module/cmake)
[1.048s] -- Found PythonLibs: /usr/lib/x86_64-linux-gnu/libpython3.10.so (found suitable version "3.10.12", minimum required is "3.5") 
[1.049s] -- Using PYTHON_EXECUTABLE: /usr/bin/python3
[1.049s] -- Using PYTHON_INCLUDE_DIRS: /usr/include/python3.10
[1.049s] -- Using PYTHON_LIBRARIES: /usr/lib/x86_64-linux-gnu/libpython3.10.so
[1.063s] -- Found PythonExtra: .so  
[1.104s] -- Found ament_lint_auto: 0.12.11 (/opt/ros/humble/share/ament_lint_auto/cmake)
[1.112s] -- Added test 'lint_cmake' to check CMake code style
[1.113s] -- Added test 'xmllint' to check XML markup files
[1.114s] -- Configuring done
[1.135s] -- Generating done
[1.137s] -- Build files have been written to: /home/cjj/Desktop/RM_work/ROS2_learning/rviz2_tasks/build/rm_interfaces
[1.146s] Invoked command in '/home/cjj/Desktop/RM_work/ROS2_learning/rviz2_tasks/build/rm_interfaces' returned '0': CMAKE_PREFIX_PATH=/opt/ros/humble /usr/bin/cmake /home/cjj/Desktop/RM_work/ROS2_learning/rviz2_tasks/src/rm_interfaces -DAMENT_CMAKE_SYMLINK_INSTALL=1 -DCMAKE_INSTALL_PREFIX=/home/cjj/Desktop/RM_work/ROS2_learning/rviz2_tasks/install/rm_interfaces
[1.147s] Invoking command in '/home/cjj/Desktop/RM_work/ROS2_learning/rviz2_tasks/build/rm_interfaces': CMAKE_PREFIX_PATH=/opt/ros/humble /usr/bin/cmake --build /home/cjj/Desktop/RM_work/ROS2_learning/rviz2_tasks/build/rm_interfaces -- -j20 -l20
[1.173s] [  2%] [34m[1mGenerating C code for ROS interfaces[0m
[1.180s] [  5%] [34m[1mGenerating C++ code for ROS interfaces[0m
[1.187s] [  5%] Built target ament_cmake_python_symlink_rm_interfaces
[1.323s] running egg_info
[1.323s] creating rm_interfaces.egg-info
[1.323s] writing rm_interfaces.egg-info/PKG-INFO
[1.324s] writing dependency_links to rm_interfaces.egg-info/dependency_links.txt
[1.324s] writing top-level names to rm_interfaces.egg-info/top_level.txt
[1.324s] writing manifest file 'rm_interfaces.egg-info/SOURCES.txt'
[1.324s] reading manifest file 'rm_interfaces.egg-info/SOURCES.txt'
[1.325s] writing manifest file 'rm_interfaces.egg-info/SOURCES.txt'
[1.346s] [  5%] Built target ament_cmake_python_build_rm_interfaces_egg
[1.369s] [  5%] Built target rm_interfaces__cpp
[1.376s] [ 12%] [32mBuilding C object CMakeFiles/rm_interfaces__rosidl_generator_c.dir/rosidl_generator_c/rm_interfaces/msg/detail/image_info__functions.c.o[0m
[1.376s] [ 12%] [34m[1mGenerating C++ introspection for ROS interfaces[0m
[1.376s] [ 12%] [32mBuilding C object CMakeFiles/rm_interfaces__rosidl_generator_c.dir/rosidl_generator_c/rm_interfaces/msg/detail/objective__functions.c.o[0m
[1.376s] [ 15%] [34m[1mGenerating C++ type support dispatch for ROS interfaces[0m
[1.378s] [ 17%] [34m[1mGenerating C++ type support for eProsima Fast-RTPS[0m
[1.413s] [ 20%] [32m[1mLinking C shared library librm_interfaces__rosidl_generator_c.so[0m
[1.444s] [ 20%] Built target rm_interfaces__rosidl_generator_c
[1.452s] [ 23%] [34m[1mGenerating C type support for eProsima Fast-RTPS[0m
[1.453s] [ 25%] [34m[1mGenerating C introspection for ROS interfaces[0m
[1.453s] [ 28%] [34m[1mGenerating C type support dispatch for ROS interfaces[0m
[1.551s] [ 30%] [32mBuilding CXX object CMakeFiles/rm_interfaces__rosidl_typesupport_cpp.dir/rosidl_typesupport_cpp/rm_interfaces/msg/image_info__type_support.cpp.o[0m
[1.551s] [ 33%] [32mBuilding CXX object CMakeFiles/rm_interfaces__rosidl_typesupport_cpp.dir/rosidl_typesupport_cpp/rm_interfaces/msg/objective__type_support.cpp.o[0m
[1.568s] [ 35%] [32mBuilding CXX object CMakeFiles/rm_interfaces__rosidl_typesupport_introspection_cpp.dir/rosidl_typesupport_introspection_cpp/rm_interfaces/msg/detail/image_info__type_support.cpp.o[0m
[1.571s] [ 38%] [32mBuilding CXX object CMakeFiles/rm_interfaces__rosidl_typesupport_introspection_cpp.dir/rosidl_typesupport_introspection_cpp/rm_interfaces/msg/detail/objective__type_support.cpp.o[0m
[1.582s] [ 43%] [32mBuilding CXX object CMakeFiles/rm_interfaces__rosidl_typesupport_fastrtps_cpp.dir/rosidl_typesupport_fastrtps_cpp/rm_interfaces/msg/detail/dds_fastrtps/objective__type_support.cpp.o[0m
[1.582s] [ 43%] [32mBuilding CXX object CMakeFiles/rm_interfaces__rosidl_typesupport_fastrtps_cpp.dir/rosidl_typesupport_fastrtps_cpp/rm_interfaces/msg/detail/dds_fastrtps/image_info__type_support.cpp.o[0m
[1.648s] [ 46%] [32mBuilding CXX object CMakeFiles/rm_interfaces__rosidl_typesupport_c.dir/rosidl_typesupport_c/rm_interfaces/msg/objective__type_support.cpp.o[0m
[1.649s] [ 48%] [32mBuilding CXX object CMakeFiles/rm_interfaces__rosidl_typesupport_c.dir/rosidl_typesupport_c/rm_interfaces/msg/image_info__type_support.cpp.o[0m
[1.666s] [ 51%] [32mBuilding C object CMakeFiles/rm_interfaces__rosidl_typesupport_introspection_c.dir/rosidl_typesupport_introspection_c/rm_interfaces/msg/detail/objective__type_support.c.o[0m
[1.668s] [ 53%] [32mBuilding C object CMakeFiles/rm_interfaces__rosidl_typesupport_introspection_c.dir/rosidl_typesupport_introspection_c/rm_interfaces/msg/detail/image_info__type_support.c.o[0m
[1.671s] [ 56%] [32mBuilding CXX object CMakeFiles/rm_interfaces__rosidl_typesupport_fastrtps_c.dir/rosidl_typesupport_fastrtps_c/rm_interfaces/msg/detail/objective__type_support_c.cpp.o[0m
[1.672s] [ 58%] [32mBuilding CXX object CMakeFiles/rm_interfaces__rosidl_typesupport_fastrtps_c.dir/rosidl_typesupport_fastrtps_c/rm_interfaces/msg/detail/image_info__type_support_c.cpp.o[0m
[1.682s] [ 61%] [32m[1mLinking CXX shared library librm_interfaces__rosidl_typesupport_c.so[0m
[1.698s] [ 64%] [32m[1mLinking C shared library librm_interfaces__rosidl_typesupport_introspection_c.so[0m
[1.725s] [ 64%] Built target rm_interfaces__rosidl_typesupport_c
[1.729s] [ 64%] Built target rm_interfaces__rosidl_typesupport_introspection_c
[1.836s] [ 66%] [32m[1mLinking CXX shared library librm_interfaces__rosidl_typesupport_cpp.so[0m
[1.869s] [ 66%] Built target rm_interfaces__rosidl_typesupport_cpp
[1.877s] [ 69%] [32m[1mLinking CXX shared library librm_interfaces__rosidl_typesupport_fastrtps_c.so[0m
[1.884s] [ 71%] [32m[1mLinking CXX shared library librm_interfaces__rosidl_typesupport_introspection_cpp.so[0m
[1.898s] [ 74%] [32m[1mLinking CXX shared library librm_interfaces__rosidl_typesupport_fastrtps_cpp.so[0m
[1.926s] [ 74%] Built target rm_interfaces__rosidl_typesupport_fastrtps_c
[1.939s] [ 74%] Built target rm_interfaces__rosidl_typesupport_introspection_cpp
[1.957s] [ 74%] Built target rm_interfaces__rosidl_typesupport_fastrtps_cpp
[1.973s] [ 74%] Built target rm_interfaces
[1.991s] [ 76%] [34m[1mGenerating Python code for ROS interfaces[0m
[2.236s] [ 76%] Built target rm_interfaces__py
[2.252s] [ 82%] [32mBuilding C object CMakeFiles/rm_interfaces__rosidl_generator_py.dir/rosidl_generator_py/rm_interfaces/msg/_image_info_s.c.o[0m
[2.252s] [ 82%] [32mBuilding C object CMakeFiles/rm_interfaces__rosidl_generator_py.dir/rosidl_generator_py/rm_interfaces/msg/_objective_s.c.o[0m
[2.312s] [ 84%] [32m[1mLinking C shared library rosidl_generator_py/rm_interfaces/librm_interfaces__rosidl_generator_py.so[0m
[2.344s] [ 84%] Built target rm_interfaces__rosidl_generator_py
[2.361s] [ 92%] [32mBuilding C object CMakeFiles/rm_interfaces__rosidl_typesupport_c__pyext.dir/rosidl_generator_py/rm_interfaces/_rm_interfaces_s.ep.rosidl_typesupport_c.c.o[0m
[2.361s] [ 92%] [32mBuilding C object CMakeFiles/rm_interfaces__rosidl_typesupport_fastrtps_c__pyext.dir/rosidl_generator_py/rm_interfaces/_rm_interfaces_s.ep.rosidl_typesupport_fastrtps_c.c.o[0m
[2.361s] [ 92%] [32mBuilding C object CMakeFiles/rm_interfaces__rosidl_typesupport_introspection_c__pyext.dir/rosidl_generator_py/rm_interfaces/_rm_interfaces_s.ep.rosidl_typesupport_introspection_c.c.o[0m
[2.423s] [ 94%] [32m[1mLinking C shared library rosidl_generator_py/rm_interfaces/rm_interfaces_s__rosidl_typesupport_introspection_c.cpython-310-x86_64-linux-gnu.so[0m
[2.423s] [ 97%] [32m[1mLinking C shared library rosidl_generator_py/rm_interfaces/rm_interfaces_s__rosidl_typesupport_fastrtps_c.cpython-310-x86_64-linux-gnu.so[0m
[2.423s] [100%] [32m[1mLinking C shared library rosidl_generator_py/rm_interfaces/rm_interfaces_s__rosidl_typesupport_c.cpython-310-x86_64-linux-gnu.so[0m
[2.451s] [100%] Built target rm_interfaces__rosidl_typesupport_c__pyext
[2.451s] [100%] Built target rm_interfaces__rosidl_typesupport_fastrtps_c__pyext
[2.455s] [100%] Built target rm_interfaces__rosidl_typesupport_introspection_c__pyext
[2.464s] Invoked command in '/home/cjj/Desktop/RM_work/ROS2_learning/rviz2_tasks/build/rm_interfaces' returned '0': CMAKE_PREFIX_PATH=/opt/ros/humble /usr/bin/cmake --build /home/cjj/Desktop/RM_work/ROS2_learning/rviz2_tasks/build/rm_interfaces -- -j20 -l20
[2.536s] Invoking command in '/home/cjj/Desktop/RM_work/ROS2_learning/rviz2_tasks/build/rm_interfaces': CMAKE_PREFIX_PATH=/opt/ros/humble /usr/bin/cmake --install /home/cjj/Desktop/RM_work/ROS2_learning/rviz2_tasks/build/rm_interfaces
[2.543s] -- Install configuration: ""
[2.543s] -- Execute custom install script
[2.543s] -- Up-to-date symlink: /home/cjj/Desktop/RM_work/ROS2_learning/rviz2_tasks/install/rm_interfaces/share/ament_index/resource_index/rosidl_interfaces/rm_interfaces
[2.543s] -- Up-to-date symlink: /home/cjj/Desktop/RM_work/ROS2_learning/rviz2_tasks/install/rm_interfaces/include/rm_interfaces/rm_interfaces/msg/detail/image_info__functions.h
[2.543s] -- Up-to-date symlink: /home/cjj/Desktop/RM_work/ROS2_learning/rviz2_tasks/install/rm_interfaces/include/rm_interfaces/rm_interfaces/msg/detail/image_info__struct.h
[2.543s] -- Up-to-date symlink: /home/cjj/Desktop/RM_work/ROS2_learning/rviz2_tasks/install/rm_interfaces/include/rm_interfaces/rm_interfaces/msg/detail/image_info__type_support.h
[2.544s] -- Up-to-date symlink: /home/cjj/Desktop/RM_work/ROS2_learning/rviz2_tasks/install/rm_interfaces/include/rm_interfaces/rm_interfaces/msg/detail/objective__functions.h
[2.544s] -- Up-to-date symlink: /home/cjj/Desktop/RM_work/ROS2_learning/rviz2_tasks/install/rm_interfaces/include/rm_interfaces/rm_interfaces/msg/detail/objective__struct.h
[2.544s] -- Up-to-date symlink: /home/cjj/Desktop/RM_work/ROS2_learning/rviz2_tasks/install/rm_interfaces/include/rm_interfaces/rm_interfaces/msg/detail/objective__type_support.h
[2.544s] -- Up-to-date symlink: /home/cjj/Desktop/RM_work/ROS2_learning/rviz2_tasks/install/rm_interfaces/include/rm_interfaces/rm_interfaces/msg/image_info.h
[2.544s] -- Up-to-date symlink: /home/cjj/Desktop/RM_work/ROS2_learning/rviz2_tasks/install/rm_interfaces/include/rm_interfaces/rm_interfaces/msg/objective.h
[2.544s] -- Up-to-date symlink: /home/cjj/Desktop/RM_work/ROS2_learning/rviz2_tasks/install/rm_interfaces/include/rm_interfaces/rm_interfaces/msg/rosidl_generator_c__visibility_control.h
[2.544s] -- Up-to-date symlink: /home/cjj/Desktop/RM_work/ROS2_learning/rviz2_tasks/install/rm_interfaces/share/rm_interfaces/environment/library_path.sh
[2.544s] -- Up-to-date symlink: /home/cjj/Desktop/RM_work/ROS2_learning/rviz2_tasks/install/rm_interfaces/share/rm_interfaces/environment/library_path.dsv
[2.544s] -- Up-to-date symlink: /home/cjj/Desktop/RM_work/ROS2_learning/rviz2_tasks/install/rm_interfaces/include/rm_interfaces/rm_interfaces/msg/detail/image_info__rosidl_typesupport_fastrtps_c.h
[2.544s] -- Up-to-date symlink: /home/cjj/Desktop/RM_work/ROS2_learning/rviz2_tasks/install/rm_interfaces/include/rm_interfaces/rm_interfaces/msg/detail/objective__rosidl_typesupport_fastrtps_c.h
[2.544s] -- Up-to-date symlink: /home/cjj/Desktop/RM_work/ROS2_learning/rviz2_tasks/install/rm_interfaces/include/rm_interfaces/rm_interfaces/msg/rosidl_typesupport_fastrtps_c__visibility_control.h
[2.544s] -- Up-to-date symlink: /home/cjj/Desktop/RM_work/ROS2_learning/rviz2_tasks/install/rm_interfaces/include/rm_interfaces/rm_interfaces/msg/detail/image_info__rosidl_typesupport_introspection_c.h
[2.544s] -- Up-to-date symlink: /home/cjj/Desktop/RM_work/ROS2_learning/rviz2_tasks/install/rm_interfaces/include/rm_interfaces/rm_interfaces/msg/detail/objective__rosidl_typesupport_introspection_c.h
[2.544s] -- Up-to-date symlink: /home/cjj/Desktop/RM_work/ROS2_learning/rviz2_tasks/install/rm_interfaces/include/rm_interfaces/rm_interfaces/msg/rosidl_typesupport_introspection_c__visibility_control.h
[2.545s] -- Up-to-date symlink: /home/cjj/Desktop/RM_work/ROS2_learning/rviz2_tasks/install/rm_interfaces/include/rm_interfaces/rm_interfaces/msg/detail/image_info__builder.hpp
[2.545s] -- Up-to-date symlink: /home/cjj/Desktop/RM_work/ROS2_learning/rviz2_tasks/install/rm_interfaces/include/rm_interfaces/rm_interfaces/msg/detail/image_info__struct.hpp
[2.545s] -- Up-to-date symlink: /home/cjj/Desktop/RM_work/ROS2_learning/rviz2_tasks/install/rm_interfaces/include/rm_interfaces/rm_interfaces/msg/detail/image_info__traits.hpp
[2.545s] -- Up-to-date symlink: /home/cjj/Desktop/RM_work/ROS2_learning/rviz2_tasks/install/rm_interfaces/include/rm_interfaces/rm_interfaces/msg/detail/objective__builder.hpp
[2.545s] -- Up-to-date symlink: /home/cjj/Desktop/RM_work/ROS2_learning/rviz2_tasks/install/rm_interfaces/include/rm_interfaces/rm_interfaces/msg/detail/objective__struct.hpp
[2.545s] -- Up-to-date symlink: /home/cjj/Desktop/RM_work/ROS2_learning/rviz2_tasks/install/rm_interfaces/include/rm_interfaces/rm_interfaces/msg/detail/objective__traits.hpp
[2.545s] -- Up-to-date symlink: /home/cjj/Desktop/RM_work/ROS2_learning/rviz2_tasks/install/rm_interfaces/include/rm_interfaces/rm_interfaces/msg/image_info.hpp
[2.545s] -- Up-to-date symlink: /home/cjj/Desktop/RM_work/ROS2_learning/rviz2_tasks/install/rm_interfaces/include/rm_interfaces/rm_interfaces/msg/objective.hpp
[2.545s] -- Up-to-date symlink: /home/cjj/Desktop/RM_work/ROS2_learning/rviz2_tasks/install/rm_interfaces/include/rm_interfaces/rm_interfaces/msg/detail/image_info__rosidl_typesupport_fastrtps_cpp.hpp
[2.545s] -- Up-to-date symlink: /home/cjj/Desktop/RM_work/ROS2_learning/rviz2_tasks/install/rm_interfaces/include/rm_interfaces/rm_interfaces/msg/detail/objective__rosidl_typesupport_fastrtps_cpp.hpp
[2.545s] -- Up-to-date symlink: /home/cjj/Desktop/RM_work/ROS2_learning/rviz2_tasks/install/rm_interfaces/include/rm_interfaces/rm_interfaces/msg/rosidl_typesupport_fastrtps_cpp__visibility_control.h
[2.545s] -- Up-to-date symlink: /home/cjj/Desktop/RM_work/ROS2_learning/rviz2_tasks/install/rm_interfaces/include/rm_interfaces/rm_interfaces/msg/detail/image_info__rosidl_typesupport_introspection_cpp.hpp
[2.546s] -- Up-to-date symlink: /home/cjj/Desktop/RM_work/ROS2_learning/rviz2_tasks/install/rm_interfaces/include/rm_interfaces/rm_interfaces/msg/detail/objective__rosidl_typesupport_introspection_cpp.hpp
[2.546s] -- Up-to-date symlink: /home/cjj/Desktop/RM_work/ROS2_learning/rviz2_tasks/install/rm_interfaces/share/rm_interfaces/environment/pythonpath.sh
[2.546s] -- Up-to-date symlink: /home/cjj/Desktop/RM_work/ROS2_learning/rviz2_tasks/install/rm_interfaces/share/rm_interfaces/environment/pythonpath.dsv
[2.546s] -- Up-to-date symlink: /home/cjj/Desktop/RM_work/ROS2_learning/rviz2_tasks/install/rm_interfaces/local/lib/python3.10/dist-packages/rm_interfaces-0.0.0-py3.10.egg-info/PKG-INFO
[2.546s] -- Up-to-date symlink: /home/cjj/Desktop/RM_work/ROS2_learning/rviz2_tasks/install/rm_interfaces/local/lib/python3.10/dist-packages/rm_interfaces-0.0.0-py3.10.egg-info/SOURCES.txt
[2.546s] -- Up-to-date symlink: /home/cjj/Desktop/RM_work/ROS2_learning/rviz2_tasks/install/rm_interfaces/local/lib/python3.10/dist-packages/rm_interfaces-0.0.0-py3.10.egg-info/dependency_links.txt
[2.546s] -- Up-to-date symlink: /home/cjj/Desktop/RM_work/ROS2_learning/rviz2_tasks/install/rm_interfaces/local/lib/python3.10/dist-packages/rm_interfaces-0.0.0-py3.10.egg-info/top_level.txt
[2.546s] -- Up-to-date symlink: /home/cjj/Desktop/RM_work/ROS2_learning/rviz2_tasks/install/rm_interfaces/local/lib/python3.10/dist-packages/rm_interfaces/__init__.py
[2.546s] -- Up-to-date symlink: /home/cjj/Desktop/RM_work/ROS2_learning/rviz2_tasks/install/rm_interfaces/local/lib/python3.10/dist-packages/rm_interfaces/_rm_interfaces_s.ep.rosidl_typesupport_c.c
[2.546s] -- Up-to-date symlink: /home/cjj/Desktop/RM_work/ROS2_learning/rviz2_tasks/install/rm_interfaces/local/lib/python3.10/dist-packages/rm_interfaces/_rm_interfaces_s.ep.rosidl_typesupport_fastrtps_c.c
[2.546s] -- Up-to-date symlink: /home/cjj/Desktop/RM_work/ROS2_learning/rviz2_tasks/install/rm_interfaces/local/lib/python3.10/dist-packages/rm_interfaces/_rm_interfaces_s.ep.rosidl_typesupport_introspection_c.c
[2.547s] -- Up-to-date symlink: /home/cjj/Desktop/RM_work/ROS2_learning/rviz2_tasks/install/rm_interfaces/local/lib/python3.10/dist-packages/rm_interfaces/librm_interfaces__rosidl_generator_py.so
[2.547s] -- Up-to-date symlink: /home/cjj/Desktop/RM_work/ROS2_learning/rviz2_tasks/install/rm_interfaces/local/lib/python3.10/dist-packages/rm_interfaces/msg/__init__.py
[2.547s] -- Up-to-date symlink: /home/cjj/Desktop/RM_work/ROS2_learning/rviz2_tasks/install/rm_interfaces/local/lib/python3.10/dist-packages/rm_interfaces/msg/_image_info.py
[2.547s] -- Up-to-date symlink: /home/cjj/Desktop/RM_work/ROS2_learning/rviz2_tasks/install/rm_interfaces/local/lib/python3.10/dist-packages/rm_interfaces/msg/_image_info_s.c
[2.547s] -- Up-to-date symlink: /home/cjj/Desktop/RM_work/ROS2_learning/rviz2_tasks/install/rm_interfaces/local/lib/python3.10/dist-packages/rm_interfaces/msg/_objective.py
[2.547s] -- Up-to-date symlink: /home/cjj/Desktop/RM_work/ROS2_learning/rviz2_tasks/install/rm_interfaces/local/lib/python3.10/dist-packages/rm_interfaces/msg/_objective_s.c
[2.547s] -- Up-to-date symlink: /home/cjj/Desktop/RM_work/ROS2_learning/rviz2_tasks/install/rm_interfaces/local/lib/python3.10/dist-packages/rm_interfaces/rm_interfaces_s__rosidl_typesupport_c.cpython-310-x86_64-linux-gnu.so
[2.547s] -- Up-to-date symlink: /home/cjj/Desktop/RM_work/ROS2_learning/rviz2_tasks/install/rm_interfaces/local/lib/python3.10/dist-packages/rm_interfaces/rm_interfaces_s__rosidl_typesupport_fastrtps_c.cpython-310-x86_64-linux-gnu.so
[2.547s] -- Up-to-date symlink: /home/cjj/Desktop/RM_work/ROS2_learning/rviz2_tasks/install/rm_interfaces/local/lib/python3.10/dist-packages/rm_interfaces/rm_interfaces_s__rosidl_typesupport_introspection_c.cpython-310-x86_64-linux-gnu.so
[2.547s] -- Up-to-date symlink: /home/cjj/Desktop/RM_work/ROS2_learning/rviz2_tasks/install/rm_interfaces/local/lib/python3.10/dist-packages/rm_interfaces/rm_interfaces_s__rosidl_typesupport_fastrtps_c.cpython-310-x86_64-linux-gnu.so
[2.547s] -- Up-to-date symlink: /home/cjj/Desktop/RM_work/ROS2_learning/rviz2_tasks/install/rm_interfaces/local/lib/python3.10/dist-packages/rm_interfaces/rm_interfaces_s__rosidl_typesupport_introspection_c.cpython-310-x86_64-linux-gnu.so
[2.547s] -- Up-to-date symlink: /home/cjj/Desktop/RM_work/ROS2_learning/rviz2_tasks/install/rm_interfaces/local/lib/python3.10/dist-packages/rm_interfaces/rm_interfaces_s__rosidl_typesupport_c.cpython-310-x86_64-linux-gnu.so
[2.547s] -- Up-to-date symlink: /home/cjj/Desktop/RM_work/ROS2_learning/rviz2_tasks/install/rm_interfaces/share/rm_interfaces/msg/ImageInfo.idl
[2.548s] -- Up-to-date symlink: /home/cjj/Desktop/RM_work/ROS2_learning/rviz2_tasks/install/rm_interfaces/share/rm_interfaces/msg/Objective.idl
[2.548s] -- Up-to-date symlink: /home/cjj/Desktop/RM_work/ROS2_learning/rviz2_tasks/install/rm_interfaces/share/rm_interfaces/msg/ImageInfo.msg
[2.548s] -- Up-to-date symlink: /home/cjj/Desktop/RM_work/ROS2_learning/rviz2_tasks/install/rm_interfaces/share/rm_interfaces/msg/Objective.msg
[2.548s] -- Up-to-date symlink: /home/cjj/Desktop/RM_work/ROS2_learning/rviz2_tasks/install/rm_interfaces/share/ament_index/resource_index/package_run_dependencies/rm_interfaces
[2.548s] -- Up-to-date symlink: /home/cjj/Desktop/RM_work/ROS2_learning/rviz2_tasks/install/rm_interfaces/share/ament_index/resource_index/parent_prefix_path/rm_interfaces
[2.548s] -- Up-to-date symlink: /home/cjj/Desktop/RM_work/ROS2_learning/rviz2_tasks/install/rm_interfaces/share/rm_interfaces/environment/ament_prefix_path.sh
[2.548s] -- Up-to-date symlink: /home/cjj/Desktop/RM_work/ROS2_learning/rviz2_tasks/install/rm_interfaces/share/rm_interfaces/environment/ament_prefix_path.dsv
[2.548s] -- Up-to-date symlink: /home/cjj/Desktop/RM_work/ROS2_learning/rviz2_tasks/install/rm_interfaces/share/rm_interfaces/environment/path.sh
[2.548s] -- Up-to-date symlink: /home/cjj/Desktop/RM_work/ROS2_learning/rviz2_tasks/install/rm_interfaces/share/rm_interfaces/environment/path.dsv
[2.548s] -- Up-to-date symlink: /home/cjj/Desktop/RM_work/ROS2_learning/rviz2_tasks/install/rm_interfaces/share/rm_interfaces/local_setup.bash
[2.548s] -- Up-to-date symlink: /home/cjj/Desktop/RM_work/ROS2_learning/rviz2_tasks/install/rm_interfaces/share/rm_interfaces/local_setup.sh
[2.548s] -- Up-to-date symlink: /home/cjj/Desktop/RM_work/ROS2_learning/rviz2_tasks/install/rm_interfaces/share/rm_interfaces/local_setup.zsh
[2.548s] -- Up-to-date symlink: /home/cjj/Desktop/RM_work/ROS2_learning/rviz2_tasks/install/rm_interfaces/share/rm_interfaces/local_setup.dsv
[2.548s] -- Symlinking: /home/cjj/Desktop/RM_work/ROS2_learning/rviz2_tasks/install/rm_interfaces/share/rm_interfaces/package.dsv
[2.557s] -- Up-to-date symlink: /home/cjj/Desktop/RM_work/ROS2_learning/rviz2_tasks/install/rm_interfaces/share/ament_index/resource_index/packages/rm_interfaces
[2.557s] -- Up-to-date symlink: /home/cjj/Desktop/RM_work/ROS2_learning/rviz2_tasks/install/rm_interfaces/share/rm_interfaces/cmake/rosidl_cmake-extras.cmake
[2.557s] -- Up-to-date symlink: /home/cjj/Desktop/RM_work/ROS2_learning/rviz2_tasks/install/rm_interfaces/share/rm_interfaces/cmake/ament_cmake_export_dependencies-extras.cmake
[2.557s] -- Up-to-date symlink: /home/cjj/Desktop/RM_work/ROS2_learning/rviz2_tasks/install/rm_interfaces/share/rm_interfaces/cmake/ament_cmake_export_include_directories-extras.cmake
[2.557s] -- Up-to-date symlink: /home/cjj/Desktop/RM_work/ROS2_learning/rviz2_tasks/install/rm_interfaces/share/rm_interfaces/cmake/ament_cmake_export_libraries-extras.cmake
[2.557s] -- Up-to-date symlink: /home/cjj/Desktop/RM_work/ROS2_learning/rviz2_tasks/install/rm_interfaces/share/rm_interfaces/cmake/ament_cmake_export_targets-extras.cmake
[2.557s] -- Up-to-date symlink: /home/cjj/Desktop/RM_work/ROS2_learning/rviz2_tasks/install/rm_interfaces/share/rm_interfaces/cmake/rosidl_cmake_export_typesupport_targets-extras.cmake
[2.557s] -- Up-to-date symlink: /home/cjj/Desktop/RM_work/ROS2_learning/rviz2_tasks/install/rm_interfaces/share/rm_interfaces/cmake/rosidl_cmake_export_typesupport_libraries-extras.cmake
[2.557s] -- Up-to-date symlink: /home/cjj/Desktop/RM_work/ROS2_learning/rviz2_tasks/install/rm_interfaces/share/rm_interfaces/cmake/rm_interfacesConfig.cmake
[2.558s] -- Up-to-date symlink: /home/cjj/Desktop/RM_work/ROS2_learning/rviz2_tasks/install/rm_interfaces/share/rm_interfaces/cmake/rm_interfacesConfig-version.cmake
[2.558s] -- Up-to-date symlink: /home/cjj/Desktop/RM_work/ROS2_learning/rviz2_tasks/install/rm_interfaces/share/rm_interfaces/package.xml
[2.558s] -- Installing: /home/cjj/Desktop/RM_work/ROS2_learning/rviz2_tasks/install/rm_interfaces/lib/librm_interfaces__rosidl_generator_c.so
[2.558s] -- Set runtime path of "/home/cjj/Desktop/RM_work/ROS2_learning/rviz2_tasks/install/rm_interfaces/lib/librm_interfaces__rosidl_generator_c.so" to ""
[2.558s] -- Installing: /home/cjj/Desktop/RM_work/ROS2_learning/rviz2_tasks/install/rm_interfaces/lib/librm_interfaces__rosidl_typesupport_fastrtps_c.so
[2.558s] -- Set runtime path of "/home/cjj/Desktop/RM_work/ROS2_learning/rviz2_tasks/install/rm_interfaces/lib/librm_interfaces__rosidl_typesupport_fastrtps_c.so" to ""
[2.558s] -- Installing: /home/cjj/Desktop/RM_work/ROS2_learning/rviz2_tasks/install/rm_interfaces/lib/librm_interfaces__rosidl_typesupport_introspection_c.so
[2.558s] -- Set runtime path of "/home/cjj/Desktop/RM_work/ROS2_learning/rviz2_tasks/install/rm_interfaces/lib/librm_interfaces__rosidl_typesupport_introspection_c.so" to ""
[2.559s] -- Installing: /home/cjj/Desktop/RM_work/ROS2_learning/rviz2_tasks/install/rm_interfaces/lib/librm_interfaces__rosidl_typesupport_c.so
[2.559s] -- Set runtime path of "/home/cjj/Desktop/RM_work/ROS2_learning/rviz2_tasks/install/rm_interfaces/lib/librm_interfaces__rosidl_typesupport_c.so" to ""
[2.559s] -- Installing: /home/cjj/Desktop/RM_work/ROS2_learning/rviz2_tasks/install/rm_interfaces/lib/librm_interfaces__rosidl_typesupport_fastrtps_cpp.so
[2.559s] -- Set runtime path of "/home/cjj/Desktop/RM_work/ROS2_learning/rviz2_tasks/install/rm_interfaces/lib/librm_interfaces__rosidl_typesupport_fastrtps_cpp.so" to ""
[2.559s] -- Installing: /home/cjj/Desktop/RM_work/ROS2_learning/rviz2_tasks/install/rm_interfaces/lib/librm_interfaces__rosidl_typesupport_introspection_cpp.so
[2.559s] -- Set runtime path of "/home/cjj/Desktop/RM_work/ROS2_learning/rviz2_tasks/install/rm_interfaces/lib/librm_interfaces__rosidl_typesupport_introspection_cpp.so" to ""
[2.559s] -- Installing: /home/cjj/Desktop/RM_work/ROS2_learning/rviz2_tasks/install/rm_interfaces/lib/librm_interfaces__rosidl_typesupport_cpp.so
[2.559s] -- Set runtime path of "/home/cjj/Desktop/RM_work/ROS2_learning/rviz2_tasks/install/rm_interfaces/lib/librm_interfaces__rosidl_typesupport_cpp.so" to ""
[2.584s] Listing '/home/cjj/Desktop/RM_work/ROS2_learning/rviz2_tasks/install/rm_interfaces/local/lib/python3.10/dist-packages/rm_interfaces'...
[2.584s] Compiling '/home/cjj/Desktop/RM_work/ROS2_learning/rviz2_tasks/install/rm_interfaces/local/lib/python3.10/dist-packages/rm_interfaces/__init__.py'...
[2.584s] Listing '/home/cjj/Desktop/RM_work/ROS2_learning/rviz2_tasks/install/rm_interfaces/local/lib/python3.10/dist-packages/rm_interfaces/msg'...
[2.584s] Compiling '/home/cjj/Desktop/RM_work/ROS2_learning/rviz2_tasks/install/rm_interfaces/local/lib/python3.10/dist-packages/rm_interfaces/msg/__init__.py'...
[2.584s] Compiling '/home/cjj/Desktop/RM_work/ROS2_learning/rviz2_tasks/install/rm_interfaces/local/lib/python3.10/dist-packages/rm_interfaces/msg/_image_info.py'...
[2.584s] Compiling '/home/cjj/Desktop/RM_work/ROS2_learning/rviz2_tasks/install/rm_interfaces/local/lib/python3.10/dist-packages/rm_interfaces/msg/_objective.py'...
[2.588s] -- Installing: /home/cjj/Desktop/RM_work/ROS2_learning/rviz2_tasks/install/rm_interfaces/lib/librm_interfaces__rosidl_generator_py.so
[2.588s] -- Set runtime path of "/home/cjj/Desktop/RM_work/ROS2_learning/rviz2_tasks/install/rm_interfaces/lib/librm_interfaces__rosidl_generator_py.so" to ""
[2.588s] -- Installing: /home/cjj/Desktop/RM_work/ROS2_learning/rviz2_tasks/install/rm_interfaces/share/rm_interfaces/cmake/export_rm_interfaces__rosidl_generator_cExport.cmake
[2.588s] -- Installing: /home/cjj/Desktop/RM_work/ROS2_learning/rviz2_tasks/install/rm_interfaces/share/rm_interfaces/cmake/export_rm_interfaces__rosidl_generator_cExport-noconfig.cmake
[2.588s] -- Installing: /home/cjj/Desktop/RM_work/ROS2_learning/rviz2_tasks/install/rm_interfaces/share/rm_interfaces/cmake/export_rm_interfaces__rosidl_typesupport_fastrtps_cExport.cmake
[2.588s] -- Installing: /home/cjj/Desktop/RM_work/ROS2_learning/rviz2_tasks/install/rm_interfaces/share/rm_interfaces/cmake/export_rm_interfaces__rosidl_typesupport_fastrtps_cExport-noconfig.cmake
[2.588s] -- Installing: /home/cjj/Desktop/RM_work/ROS2_learning/rviz2_tasks/install/rm_interfaces/share/rm_interfaces/cmake/rm_interfaces__rosidl_typesupport_introspection_cExport.cmake
[2.588s] -- Installing: /home/cjj/Desktop/RM_work/ROS2_learning/rviz2_tasks/install/rm_interfaces/share/rm_interfaces/cmake/rm_interfaces__rosidl_typesupport_introspection_cExport-noconfig.cmake
[2.588s] -- Installing: /home/cjj/Desktop/RM_work/ROS2_learning/rviz2_tasks/install/rm_interfaces/share/rm_interfaces/cmake/rm_interfaces__rosidl_typesupport_cExport.cmake
[2.589s] -- Installing: /home/cjj/Desktop/RM_work/ROS2_learning/rviz2_tasks/install/rm_interfaces/share/rm_interfaces/cmake/rm_interfaces__rosidl_typesupport_cExport-noconfig.cmake
[2.589s] -- Installing: /home/cjj/Desktop/RM_work/ROS2_learning/rviz2_tasks/install/rm_interfaces/share/rm_interfaces/cmake/export_rm_interfaces__rosidl_generator_cppExport.cmake
[2.589s] -- Installing: /home/cjj/Desktop/RM_work/ROS2_learning/rviz2_tasks/install/rm_interfaces/share/rm_interfaces/cmake/export_rm_interfaces__rosidl_typesupport_fastrtps_cppExport.cmake
[2.589s] -- Installing: /home/cjj/Desktop/RM_work/ROS2_learning/rviz2_tasks/install/rm_interfaces/share/rm_interfaces/cmake/export_rm_interfaces__rosidl_typesupport_fastrtps_cppExport-noconfig.cmake
[2.589s] -- Installing: /home/cjj/Desktop/RM_work/ROS2_learning/rviz2_tasks/install/rm_interfaces/share/rm_interfaces/cmake/rm_interfaces__rosidl_typesupport_introspection_cppExport.cmake
[2.589s] -- Installing: /home/cjj/Desktop/RM_work/ROS2_learning/rviz2_tasks/install/rm_interfaces/share/rm_interfaces/cmake/rm_interfaces__rosidl_typesupport_introspection_cppExport-noconfig.cmake
[2.589s] -- Installing: /home/cjj/Desktop/RM_work/ROS2_learning/rviz2_tasks/install/rm_interfaces/share/rm_interfaces/cmake/rm_interfaces__rosidl_typesupport_cppExport.cmake
[2.589s] -- Installing: /home/cjj/Desktop/RM_work/ROS2_learning/rviz2_tasks/install/rm_interfaces/share/rm_interfaces/cmake/rm_interfaces__rosidl_typesupport_cppExport-noconfig.cmake
[2.589s] -- Installing: /home/cjj/Desktop/RM_work/ROS2_learning/rviz2_tasks/install/rm_interfaces/share/rm_interfaces/cmake/export_rm_interfaces__rosidl_generator_pyExport.cmake
[2.589s] -- Installing: /home/cjj/Desktop/RM_work/ROS2_learning/rviz2_tasks/install/rm_interfaces/share/rm_interfaces/cmake/export_rm_interfaces__rosidl_generator_pyExport-noconfig.cmake
[2.591s] Invoked command in '/home/cjj/Desktop/RM_work/ROS2_learning/rviz2_tasks/build/rm_interfaces' returned '0': CMAKE_PREFIX_PATH=/opt/ros/humble /usr/bin/cmake --install /home/cjj/Desktop/RM_work/ROS2_learning/rviz2_tasks/build/rm_interfaces
