[0.008s] Invoking command in '/home/cjj/Desktop/RM_work/ROS2_learning/rviz2_tasks/build/show_points': CMAKE_PREFIX_PATH=${CMAKE_PREFIX_PATH}:/opt/ros/humble /usr/bin/cmake --build /home/cjj/Desktop/RM_work/ROS2_learning/rviz2_tasks/build/show_points -- -j20 -l20
[0.042s] [35m[1mConsolidate compiler generated dependencies of target show_points[0m
[0.057s] [ 50%] [32mBuilding CXX object CMakeFiles/show_points.dir/src/show_points_node.cpp.o[0m
[1.535s] [01m[K/home/cjj/Desktop/RM_work/ROS2_learning/rviz2_tasks/src/show_points/src/show_points_node.cpp:[m[K In member function ‘[01m[Kvoid ShowPoints::update_position()[m[K’:
[1.535s] [01m[K/home/cjj/Desktop/RM_work/ROS2_learning/rviz2_tasks/src/show_points/src/show_points_node.cpp:34:64:[m[K [01;31m[Kerror: [m[Kno match for ‘[01m[Koperator=[m[K’ (operand types are ‘[01m[Kstd_msgs::msg::Header_<std::allocator<void> >::_stamp_type[m[K’ {aka ‘[01m[Kbuiltin_interfaces::msg::Time_<std::allocator<void> >[m[K’} and ‘[01m[Kstd::chrono::_V2::steady_clock::time_point[m[K’ {aka ‘[01m[Kstd::chrono::time_point<std::chrono::_V2::steady_clock, std::chrono::duration<long int, std::ratio<1, 1000000000> > >[m[K’})
[1.535s]    34 |             temp.header.stamp = std::chrono::steady_clock::now([01;31m[K)[m[K;
[1.535s]       |                                                                [01;31m[K^[m[K
[1.535s] In file included from [01m[K/opt/ros/humble/include/builtin_interfaces/builtin_interfaces/msg/time.hpp:7[m[K,
[1.535s]                  from [01m[K/opt/ros/humble/include/rclcpp/rclcpp/time.hpp:18[m[K,
[1.535s]                  from [01m[K/opt/ros/humble/include/rclcpp/rclcpp/clock.hpp:24[m[K,
[1.535s]                  from [01m[K/opt/ros/humble/include/rclcpp/rclcpp/timer.hpp:27[m[K,
[1.535s]                  from [01m[K/opt/ros/humble/include/rclcpp/rclcpp/callback_group.hpp:30[m[K,
[1.535s]                  from [01m[K/opt/ros/humble/include/rclcpp/rclcpp/any_executable.hpp:20[m[K,
[1.535s]                  from [01m[K/opt/ros/humble/include/rclcpp/rclcpp/memory_strategy.hpp:25[m[K,
[1.535s]                  from [01m[K/opt/ros/humble/include/rclcpp/rclcpp/memory_strategies.hpp:18[m[K,
[1.535s]                  from [01m[K/opt/ros/humble/include/rclcpp/rclcpp/executor_options.hpp:20[m[K,
[1.535s]                  from [01m[K/opt/ros/humble/include/rclcpp/rclcpp/executor.hpp:37[m[K,
[1.536s]                  from [01m[K/opt/ros/humble/include/rclcpp/rclcpp/executors/multi_threaded_executor.hpp:25[m[K,
[1.536s]                  from [01m[K/opt/ros/humble/include/rclcpp/rclcpp/executors.hpp:21[m[K,
[1.536s]                  from [01m[K/opt/ros/humble/include/rclcpp/rclcpp/rclcpp.hpp:155[m[K,
[1.536s]                  from [01m[K/home/cjj/Desktop/RM_work/ROS2_learning/rviz2_tasks/src/show_points/src/show_points_node.cpp:1[m[K:
[1.536s] [01m[K/opt/ros/humble/include/builtin_interfaces/builtin_interfaces/msg/detail/time__struct.hpp:32:8:[m[K [01;36m[Knote: [m[Kcandidate: ‘[01m[Kconstexpr builtin_interfaces::msg::Time_<std::allocator<void> >& builtin_interfaces::msg::Time_<std::allocator<void> >::operator=(const builtin_interfaces::msg::Time_<std::allocator<void> >&)[m[K’
[1.536s]    32 | struct [01;36m[KTime_[m[K
[1.536s]       |        [01;36m[K^~~~~[m[K
[1.536s] [01m[K/opt/ros/humble/include/builtin_interfaces/builtin_interfaces/msg/detail/time__struct.hpp:32:8:[m[K [01;36m[Knote: [m[K  no known conversion for argument 1 from ‘[01m[Kstd::chrono::_V2::steady_clock::time_point[m[K’ {aka ‘[01m[Kstd::chrono::time_point<std::chrono::_V2::steady_clock, std::chrono::duration<long int, std::ratio<1, 1000000000> > >[m[K’} to ‘[01m[Kconst builtin_interfaces::msg::Time_<std::allocator<void> >&[m[K’
[1.536s] [01m[K/opt/ros/humble/include/builtin_interfaces/builtin_interfaces/msg/detail/time__struct.hpp:32:8:[m[K [01;36m[Knote: [m[Kcandidate: ‘[01m[Kconstexpr builtin_interfaces::msg::Time_<std::allocator<void> >& builtin_interfaces::msg::Time_<std::allocator<void> >::operator=(builtin_interfaces::msg::Time_<std::allocator<void> >&&)[m[K’
[1.536s] [01m[K/opt/ros/humble/include/builtin_interfaces/builtin_interfaces/msg/detail/time__struct.hpp:32:8:[m[K [01;36m[Knote: [m[K  no known conversion for argument 1 from ‘[01m[Kstd::chrono::_V2::steady_clock::time_point[m[K’ {aka ‘[01m[Kstd::chrono::time_point<std::chrono::_V2::steady_clock, std::chrono::duration<long int, std::ratio<1, 1000000000> > >[m[K’} to ‘[01m[Kbuiltin_interfaces::msg::Time_<std::allocator<void> >&&[m[K’
[1.536s] [01m[K/home/cjj/Desktop/RM_work/ROS2_learning/rviz2_tasks/src/show_points/src/show_points_node.cpp:41:45:[m[K [01;31m[Kerror: [m[K‘[01m[Kvisualization_msgs::Marker[m[K’ has not been declared
[1.536s]    41 |             temp.type = visualization_msgs::[01;31m[KMarker[m[K::POINTS;
[1.536s]       |                                             [01;31m[K^~~~~~[m[K
[1.536s] [01m[K/home/cjj/Desktop/RM_work/ROS2_learning/rviz2_tasks/src/show_points/src/show_points_node.cpp:66:46:[m[K [01;31m[Kerror: [m[K‘[01m[Krclcpp::Duration::Duration()[m[K’ is private within this context
[1.536s]    66 |             temp.lifetime = rclcpp::Duration([01;31m[K)[m[K; // 不加参数为默认无限
[1.536s]       |                                              [01;31m[K^[m[K
[1.536s] In file included from [01m[K/opt/ros/humble/include/rclcpp/rclcpp/qos.hpp:20[m[K,
[1.536s]                  from [01m[K/opt/ros/humble/include/rclcpp/rclcpp/node_interfaces/node_graph_interface.hpp:32[m[K,
[1.536s]                  from [01m[K/opt/ros/humble/include/rclcpp/rclcpp/client.hpp:42[m[K,
[1.536s]                  from [01m[K/opt/ros/humble/include/rclcpp/rclcpp/callback_group.hpp:24[m[K,
[1.536s]                  from [01m[K/opt/ros/humble/include/rclcpp/rclcpp/any_executable.hpp:20[m[K,
[1.536s]                  from [01m[K/opt/ros/humble/include/rclcpp/rclcpp/memory_strategy.hpp:25[m[K,
[1.536s]                  from [01m[K/opt/ros/humble/include/rclcpp/rclcpp/memory_strategies.hpp:18[m[K,
[1.536s]                  from [01m[K/opt/ros/humble/include/rclcpp/rclcpp/executor_options.hpp:20[m[K,
[1.536s]                  from [01m[K/opt/ros/humble/include/rclcpp/rclcpp/executor.hpp:37[m[K,
[1.536s]                  from [01m[K/opt/ros/humble/include/rclcpp/rclcpp/executors/multi_threaded_executor.hpp:25[m[K,
[1.536s]                  from [01m[K/opt/ros/humble/include/rclcpp/rclcpp/executors.hpp:21[m[K,
[1.536s]                  from [01m[K/opt/ros/humble/include/rclcpp/rclcpp/rclcpp.hpp:155[m[K,
[1.536s]                  from [01m[K/home/cjj/Desktop/RM_work/ROS2_learning/rviz2_tasks/src/show_points/src/show_points_node.cpp:1[m[K:
[1.536s] [01m[K/opt/ros/humble/include/rclcpp/rclcpp/duration.hpp:151:3:[m[K [01;36m[Knote: [m[Kdeclared private here
[1.536s]   151 |   [01;36m[KDuration[m[K() = default;
[1.536s]       |   [01;36m[K^~~~~~~~[m[K
[2.010s] gmake[2]: *** [CMakeFiles/show_points.dir/build.make:76：CMakeFiles/show_points.dir/src/show_points_node.cpp.o] 错误 1
[2.010s] gmake[1]: *** [CMakeFiles/Makefile2:137：CMakeFiles/show_points.dir/all] 错误 2
[2.010s] gmake: *** [Makefile:146：all] 错误 2
[2.012s] Invoked command in '/home/cjj/Desktop/RM_work/ROS2_learning/rviz2_tasks/build/show_points' returned '2': CMAKE_PREFIX_PATH=${CMAKE_PREFIX_PATH}:/opt/ros/humble /usr/bin/cmake --build /home/cjj/Desktop/RM_work/ROS2_learning/rviz2_tasks/build/show_points -- -j20 -l20
