-- Found ament_cmake: 1.3.10 (/opt/ros/humble/share/ament_cmake/cmake)
-- Found rclcpp: 16.0.10 (/opt/ros/humble/share/rclcpp/cmake)
-- Found rosidl_generator_c: 3.1.5 (/opt/ros/humble/share/rosidl_generator_c/cmake)
-- Found rosidl_adapter: 3.1.5 (/opt/ros/humble/share/rosidl_adapter/cmake)
-- Found rosidl_generator_cpp: 3.1.5 (/opt/ros/humble/share/rosidl_generator_cpp/cmake)
-- Using all available rosidl_typesupport_c: rosidl_typesupport_fastrtps_c;rosidl_typesupport_introspection_c
-- Using all available rosidl_typesupport_cpp: rosidl_typesupport_fastrtps_cpp;rosidl_typesupport_introspection_cpp
-- Found rmw_implementation_cmake: 6.1.2 (/opt/ros/humble/share/rmw_implementation_cmake/cmake)
-- Found rmw_fastrtps_cpp: 6.2.7 (/opt/ros/humble/share/rmw_fastrtps_cpp/cmake)
-- Using RMW implementation 'rmw_fastrtps_cpp' as default
-- Found my_ros2_interfaces: 0.0.0 (/home/cjj/Desktop/RM_work/ROS2_learning/chapter_3/chapt3_ws/install/my_ros2_interfaces/share/my_ros2_interfaces/cmake)
-- Found ament_lint_auto: 0.12.11 (/opt/ros/humble/share/ament_lint_auto/cmake)
-- Added test 'cppcheck' to perform static code analysis on C / C++ code
-- Configured cppcheck include dirs: $<BUILD_INTERFACE:/home/cjj/Desktop/RM_work/ROS2_learning/chapter_3/chapt3_ws/src/my_interfaces_rclcpp/include>
-- Configured cppcheck exclude dirs and/or files: 
-- Added test 'lint_cmake' to check CMake code style
-- Added test 'uncrustify' to check C / C++ code style
-- Configured uncrustify additional arguments: 
-- Added test 'xmllint' to check XML markup files
-- Configuring done
-- Generating done
-- Build files have been written to: /home/cjj/Desktop/RM_work/ROS2_learning/chapter_3/chapt3_ws/build/my_interfaces_rclcpp
[ 25%] [32mBuilding CXX object CMakeFiles/my_interfaces_robot_01.dir/src/my_interfaces_robot_01.cpp.o[0m
[ 50%] [32mBuilding CXX object CMakeFiles/my_interfaces_control_01.dir/src/my_interfaces_control_01.cpp.o[0m
[ 75%] [32m[1mLinking CXX executable my_interfaces_robot_01[0m
[100%] [32m[1mLinking CXX executable my_interfaces_control_01[0m
[100%] Built target my_interfaces_robot_01
[100%] Built target my_interfaces_control_01
-- Install configuration: ""
-- Installing: /home/cjj/Desktop/RM_work/ROS2_learning/chapter_3/chapt3_ws/install/my_interfaces_rclcpp/lib/my_interfaces_rclcpp/my_interfaces_robot_01
-- Set runtime path of "/home/cjj/Desktop/RM_work/ROS2_learning/chapter_3/chapt3_ws/install/my_interfaces_rclcpp/lib/my_interfaces_rclcpp/my_interfaces_robot_01" to ""
-- Installing: /home/cjj/Desktop/RM_work/ROS2_learning/chapter_3/chapt3_ws/install/my_interfaces_rclcpp/lib/my_interfaces_rclcpp/my_interfaces_control_01
-- Set runtime path of "/home/cjj/Desktop/RM_work/ROS2_learning/chapter_3/chapt3_ws/install/my_interfaces_rclcpp/lib/my_interfaces_rclcpp/my_interfaces_control_01" to ""
-- Installing: /home/cjj/Desktop/RM_work/ROS2_learning/chapter_3/chapt3_ws/install/my_interfaces_rclcpp/share/ament_index/resource_index/package_run_dependencies/my_interfaces_rclcpp
-- Installing: /home/cjj/Desktop/RM_work/ROS2_learning/chapter_3/chapt3_ws/install/my_interfaces_rclcpp/share/ament_index/resource_index/parent_prefix_path/my_interfaces_rclcpp
-- Installing: /home/cjj/Desktop/RM_work/ROS2_learning/chapter_3/chapt3_ws/install/my_interfaces_rclcpp/share/my_interfaces_rclcpp/environment/ament_prefix_path.sh
-- Installing: /home/cjj/Desktop/RM_work/ROS2_learning/chapter_3/chapt3_ws/install/my_interfaces_rclcpp/share/my_interfaces_rclcpp/environment/ament_prefix_path.dsv
-- Installing: /home/cjj/Desktop/RM_work/ROS2_learning/chapter_3/chapt3_ws/install/my_interfaces_rclcpp/share/my_interfaces_rclcpp/environment/path.sh
-- Installing: /home/cjj/Desktop/RM_work/ROS2_learning/chapter_3/chapt3_ws/install/my_interfaces_rclcpp/share/my_interfaces_rclcpp/environment/path.dsv
-- Installing: /home/cjj/Desktop/RM_work/ROS2_learning/chapter_3/chapt3_ws/install/my_interfaces_rclcpp/share/my_interfaces_rclcpp/local_setup.bash
-- Installing: /home/cjj/Desktop/RM_work/ROS2_learning/chapter_3/chapt3_ws/install/my_interfaces_rclcpp/share/my_interfaces_rclcpp/local_setup.sh
-- Installing: /home/cjj/Desktop/RM_work/ROS2_learning/chapter_3/chapt3_ws/install/my_interfaces_rclcpp/share/my_interfaces_rclcpp/local_setup.zsh
-- Installing: /home/cjj/Desktop/RM_work/ROS2_learning/chapter_3/chapt3_ws/install/my_interfaces_rclcpp/share/my_interfaces_rclcpp/local_setup.dsv
-- Installing: /home/cjj/Desktop/RM_work/ROS2_learning/chapter_3/chapt3_ws/install/my_interfaces_rclcpp/share/my_interfaces_rclcpp/package.dsv
-- Installing: /home/cjj/Desktop/RM_work/ROS2_learning/chapter_3/chapt3_ws/install/my_interfaces_rclcpp/share/ament_index/resource_index/packages/my_interfaces_rclcpp
-- Installing: /home/cjj/Desktop/RM_work/ROS2_learning/chapter_3/chapt3_ws/install/my_interfaces_rclcpp/share/my_interfaces_rclcpp/cmake/my_interfaces_rclcppConfig.cmake
-- Installing: /home/cjj/Desktop/RM_work/ROS2_learning/chapter_3/chapt3_ws/install/my_interfaces_rclcpp/share/my_interfaces_rclcpp/cmake/my_interfaces_rclcppConfig-version.cmake
-- Installing: /home/cjj/Desktop/RM_work/ROS2_learning/chapter_3/chapt3_ws/install/my_interfaces_rclcpp/share/my_interfaces_rclcpp/package.xml
