[0.007s] Invoking command in '/home/cjj/Desktop/RM_work/ROS2_learning/chapter_3/chapt3_ws/build/my_interfaces_rclcpp': AMENT_PREFIX_PATH=/home/cjj/Desktop/RM_work/ROS2_learning/chapter_3/chapt3_ws/install/my_ros2_interfaces:${AMENT_PREFIX_PATH} CMAKE_PREFIX_PATH=/home/cjj/Desktop/RM_work/ROS2_learning/chapter_3/chapt3_ws/install/my_ros2_interfaces:/home/cjj/Desktop/RM_work/ROS2_learning/chapter_3/chapt3_ws/install/my_topic_rclcpp:/home/cjj/Desktop/RM_work/ROS2_learning/chapter_3/chapt3_ws/install/my_service_rclcpp:/opt/ros/humble LD_LIBRARY_PATH=/home/cjj/Desktop/RM_work/ROS2_learning/chapter_3/chapt3_ws/install/my_ros2_interfaces/lib:/opt/ros/humble/opt/rviz_ogre_vendor/lib:/opt/ros/humble/lib/x86_64-linux-gnu:/opt/ros/humble/lib:/opt/MVS/lib/64:/opt/MVS/lib/32:/opt/intel/openvino/runtime/lib/intel64:/usr/local/lib:/opt/MVS/lib/64:/opt/MVS/lib/32:/opt/MVS/lib/64:/opt/MVS/lib/32 PYTHONPATH=/home/cjj/Desktop/RM_work/ROS2_learning/chapter_3/chapt3_ws/install/my_ros2_interfaces/local/lib/python3.10/dist-packages:${PYTHONPATH} /usr/bin/cmake /home/cjj/Desktop/RM_work/ROS2_learning/chapter_3/chapt3_ws/src/my_interfaces_rclcpp -DCMAKE_INSTALL_PREFIX=/home/cjj/Desktop/RM_work/ROS2_learning/chapter_3/chapt3_ws/install/my_interfaces_rclcpp
[0.015s] -- Found ament_cmake: 1.3.10 (/opt/ros/humble/share/ament_cmake/cmake)
[0.097s] -- Found rclcpp: 16.0.10 (/opt/ros/humble/share/rclcpp/cmake)
[0.114s] -- Found rosidl_generator_c: 3.1.5 (/opt/ros/humble/share/rosidl_generator_c/cmake)
[0.116s] -- Found rosidl_adapter: 3.1.5 (/opt/ros/humble/share/rosidl_adapter/cmake)
[0.119s] -- Found rosidl_generator_cpp: 3.1.5 (/opt/ros/humble/share/rosidl_generator_cpp/cmake)
[0.125s] -- Using all available rosidl_typesupport_c: rosidl_typesupport_fastrtps_c;rosidl_typesupport_introspection_c
[0.133s] -- Using all available rosidl_typesupport_cpp: rosidl_typesupport_fastrtps_cpp;rosidl_typesupport_introspection_cpp
[0.150s] -- Found rmw_implementation_cmake: 6.1.2 (/opt/ros/humble/share/rmw_implementation_cmake/cmake)
[0.151s] -- Found rmw_fastrtps_cpp: 6.2.7 (/opt/ros/humble/share/rmw_fastrtps_cpp/cmake)
[0.193s] -- Using RMW implementation 'rmw_fastrtps_cpp' as default
[0.219s] -- Found my_ros2_interfaces: 0.0.0 (/home/cjj/Desktop/RM_work/ROS2_learning/chapter_3/chapt3_ws/install/my_ros2_interfaces/share/my_ros2_interfaces/cmake)
[0.234s] -- Found ament_lint_auto: 0.12.11 (/opt/ros/humble/share/ament_lint_auto/cmake)
[0.273s] -- Added test 'cppcheck' to perform static code analysis on C / C++ code
[0.274s] -- Configured cppcheck include dirs: $<BUILD_INTERFACE:/home/cjj/Desktop/RM_work/ROS2_learning/chapter_3/chapt3_ws/src/my_interfaces_rclcpp/include>
[0.274s] -- Configured cppcheck exclude dirs and/or files: 
[0.274s] -- Added test 'lint_cmake' to check CMake code style
[0.274s] -- Added test 'uncrustify' to check C / C++ code style
[0.274s] -- Configured uncrustify additional arguments: 
[0.274s] -- Added test 'xmllint' to check XML markup files
[0.275s] -- Configuring done
[0.281s] -- Generating done
[0.282s] -- Build files have been written to: /home/cjj/Desktop/RM_work/ROS2_learning/chapter_3/chapt3_ws/build/my_interfaces_rclcpp
[0.287s] Invoked command in '/home/cjj/Desktop/RM_work/ROS2_learning/chapter_3/chapt3_ws/build/my_interfaces_rclcpp' returned '0': AMENT_PREFIX_PATH=/home/cjj/Desktop/RM_work/ROS2_learning/chapter_3/chapt3_ws/install/my_ros2_interfaces:${AMENT_PREFIX_PATH} CMAKE_PREFIX_PATH=/home/cjj/Desktop/RM_work/ROS2_learning/chapter_3/chapt3_ws/install/my_ros2_interfaces:/home/cjj/Desktop/RM_work/ROS2_learning/chapter_3/chapt3_ws/install/my_topic_rclcpp:/home/cjj/Desktop/RM_work/ROS2_learning/chapter_3/chapt3_ws/install/my_service_rclcpp:/opt/ros/humble LD_LIBRARY_PATH=/home/cjj/Desktop/RM_work/ROS2_learning/chapter_3/chapt3_ws/install/my_ros2_interfaces/lib:/opt/ros/humble/opt/rviz_ogre_vendor/lib:/opt/ros/humble/lib/x86_64-linux-gnu:/opt/ros/humble/lib:/opt/MVS/lib/64:/opt/MVS/lib/32:/opt/intel/openvino/runtime/lib/intel64:/usr/local/lib:/opt/MVS/lib/64:/opt/MVS/lib/32:/opt/MVS/lib/64:/opt/MVS/lib/32 PYTHONPATH=/home/cjj/Desktop/RM_work/ROS2_learning/chapter_3/chapt3_ws/install/my_ros2_interfaces/local/lib/python3.10/dist-packages:${PYTHONPATH} /usr/bin/cmake /home/cjj/Desktop/RM_work/ROS2_learning/chapter_3/chapt3_ws/src/my_interfaces_rclcpp -DCMAKE_INSTALL_PREFIX=/home/cjj/Desktop/RM_work/ROS2_learning/chapter_3/chapt3_ws/install/my_interfaces_rclcpp
[0.288s] Invoking command in '/home/cjj/Desktop/RM_work/ROS2_learning/chapter_3/chapt3_ws/build/my_interfaces_rclcpp': AMENT_PREFIX_PATH=/home/cjj/Desktop/RM_work/ROS2_learning/chapter_3/chapt3_ws/install/my_ros2_interfaces:${AMENT_PREFIX_PATH} CMAKE_PREFIX_PATH=/home/cjj/Desktop/RM_work/ROS2_learning/chapter_3/chapt3_ws/install/my_ros2_interfaces:/home/cjj/Desktop/RM_work/ROS2_learning/chapter_3/chapt3_ws/install/my_topic_rclcpp:/home/cjj/Desktop/RM_work/ROS2_learning/chapter_3/chapt3_ws/install/my_service_rclcpp:/opt/ros/humble LD_LIBRARY_PATH=/home/cjj/Desktop/RM_work/ROS2_learning/chapter_3/chapt3_ws/install/my_ros2_interfaces/lib:/opt/ros/humble/opt/rviz_ogre_vendor/lib:/opt/ros/humble/lib/x86_64-linux-gnu:/opt/ros/humble/lib:/opt/MVS/lib/64:/opt/MVS/lib/32:/opt/intel/openvino/runtime/lib/intel64:/usr/local/lib:/opt/MVS/lib/64:/opt/MVS/lib/32:/opt/MVS/lib/64:/opt/MVS/lib/32 PYTHONPATH=/home/cjj/Desktop/RM_work/ROS2_learning/chapter_3/chapt3_ws/install/my_ros2_interfaces/local/lib/python3.10/dist-packages:${PYTHONPATH} /usr/bin/cmake --build /home/cjj/Desktop/RM_work/ROS2_learning/chapter_3/chapt3_ws/build/my_interfaces_rclcpp -- -j20 -l20
[0.325s] [ 25%] [32mBuilding CXX object CMakeFiles/my_interfaces_robot_01.dir/src/my_interfaces_robot_01.cpp.o[0m
[0.325s] [ 50%] [32mBuilding CXX object CMakeFiles/my_interfaces_control_01.dir/src/my_interfaces_control_01.cpp.o[0m
[1.909s] [ 75%] [32m[1mLinking CXX executable my_interfaces_robot_01[0m
[1.936s] [100%] [32m[1mLinking CXX executable my_interfaces_control_01[0m
[1.980s] [100%] Built target my_interfaces_robot_01
[2.007s] [100%] Built target my_interfaces_control_01
[2.013s] Invoked command in '/home/cjj/Desktop/RM_work/ROS2_learning/chapter_3/chapt3_ws/build/my_interfaces_rclcpp' returned '0': AMENT_PREFIX_PATH=/home/cjj/Desktop/RM_work/ROS2_learning/chapter_3/chapt3_ws/install/my_ros2_interfaces:${AMENT_PREFIX_PATH} CMAKE_PREFIX_PATH=/home/cjj/Desktop/RM_work/ROS2_learning/chapter_3/chapt3_ws/install/my_ros2_interfaces:/home/cjj/Desktop/RM_work/ROS2_learning/chapter_3/chapt3_ws/install/my_topic_rclcpp:/home/cjj/Desktop/RM_work/ROS2_learning/chapter_3/chapt3_ws/install/my_service_rclcpp:/opt/ros/humble LD_LIBRARY_PATH=/home/cjj/Desktop/RM_work/ROS2_learning/chapter_3/chapt3_ws/install/my_ros2_interfaces/lib:/opt/ros/humble/opt/rviz_ogre_vendor/lib:/opt/ros/humble/lib/x86_64-linux-gnu:/opt/ros/humble/lib:/opt/MVS/lib/64:/opt/MVS/lib/32:/opt/intel/openvino/runtime/lib/intel64:/usr/local/lib:/opt/MVS/lib/64:/opt/MVS/lib/32:/opt/MVS/lib/64:/opt/MVS/lib/32 PYTHONPATH=/home/cjj/Desktop/RM_work/ROS2_learning/chapter_3/chapt3_ws/install/my_ros2_interfaces/local/lib/python3.10/dist-packages:${PYTHONPATH} /usr/bin/cmake --build /home/cjj/Desktop/RM_work/ROS2_learning/chapter_3/chapt3_ws/build/my_interfaces_rclcpp -- -j20 -l20
[2.036s] Invoking command in '/home/cjj/Desktop/RM_work/ROS2_learning/chapter_3/chapt3_ws/build/my_interfaces_rclcpp': AMENT_PREFIX_PATH=/home/cjj/Desktop/RM_work/ROS2_learning/chapter_3/chapt3_ws/install/my_ros2_interfaces:${AMENT_PREFIX_PATH} CMAKE_PREFIX_PATH=/home/cjj/Desktop/RM_work/ROS2_learning/chapter_3/chapt3_ws/install/my_ros2_interfaces:/home/cjj/Desktop/RM_work/ROS2_learning/chapter_3/chapt3_ws/install/my_topic_rclcpp:/home/cjj/Desktop/RM_work/ROS2_learning/chapter_3/chapt3_ws/install/my_service_rclcpp:/opt/ros/humble LD_LIBRARY_PATH=/home/cjj/Desktop/RM_work/ROS2_learning/chapter_3/chapt3_ws/install/my_ros2_interfaces/lib:/opt/ros/humble/opt/rviz_ogre_vendor/lib:/opt/ros/humble/lib/x86_64-linux-gnu:/opt/ros/humble/lib:/opt/MVS/lib/64:/opt/MVS/lib/32:/opt/intel/openvino/runtime/lib/intel64:/usr/local/lib:/opt/MVS/lib/64:/opt/MVS/lib/32:/opt/MVS/lib/64:/opt/MVS/lib/32 PYTHONPATH=/home/cjj/Desktop/RM_work/ROS2_learning/chapter_3/chapt3_ws/install/my_ros2_interfaces/local/lib/python3.10/dist-packages:${PYTHONPATH} /usr/bin/cmake --install /home/cjj/Desktop/RM_work/ROS2_learning/chapter_3/chapt3_ws/build/my_interfaces_rclcpp
[2.042s] -- Install configuration: ""
[2.042s] -- Installing: /home/cjj/Desktop/RM_work/ROS2_learning/chapter_3/chapt3_ws/install/my_interfaces_rclcpp/lib/my_interfaces_rclcpp/my_interfaces_robot_01
[2.042s] -- Set runtime path of "/home/cjj/Desktop/RM_work/ROS2_learning/chapter_3/chapt3_ws/install/my_interfaces_rclcpp/lib/my_interfaces_rclcpp/my_interfaces_robot_01" to ""
[2.042s] -- Installing: /home/cjj/Desktop/RM_work/ROS2_learning/chapter_3/chapt3_ws/install/my_interfaces_rclcpp/lib/my_interfaces_rclcpp/my_interfaces_control_01
[2.042s] -- Set runtime path of "/home/cjj/Desktop/RM_work/ROS2_learning/chapter_3/chapt3_ws/install/my_interfaces_rclcpp/lib/my_interfaces_rclcpp/my_interfaces_control_01" to ""
[2.042s] -- Installing: /home/cjj/Desktop/RM_work/ROS2_learning/chapter_3/chapt3_ws/install/my_interfaces_rclcpp/share/ament_index/resource_index/package_run_dependencies/my_interfaces_rclcpp
[2.042s] -- Installing: /home/cjj/Desktop/RM_work/ROS2_learning/chapter_3/chapt3_ws/install/my_interfaces_rclcpp/share/ament_index/resource_index/parent_prefix_path/my_interfaces_rclcpp
[2.042s] -- Installing: /home/cjj/Desktop/RM_work/ROS2_learning/chapter_3/chapt3_ws/install/my_interfaces_rclcpp/share/my_interfaces_rclcpp/environment/ament_prefix_path.sh
[2.042s] -- Installing: /home/cjj/Desktop/RM_work/ROS2_learning/chapter_3/chapt3_ws/install/my_interfaces_rclcpp/share/my_interfaces_rclcpp/environment/ament_prefix_path.dsv
[2.042s] -- Installing: /home/cjj/Desktop/RM_work/ROS2_learning/chapter_3/chapt3_ws/install/my_interfaces_rclcpp/share/my_interfaces_rclcpp/environment/path.sh
[2.042s] -- Installing: /home/cjj/Desktop/RM_work/ROS2_learning/chapter_3/chapt3_ws/install/my_interfaces_rclcpp/share/my_interfaces_rclcpp/environment/path.dsv
[2.042s] -- Installing: /home/cjj/Desktop/RM_work/ROS2_learning/chapter_3/chapt3_ws/install/my_interfaces_rclcpp/share/my_interfaces_rclcpp/local_setup.bash
[2.043s] -- Installing: /home/cjj/Desktop/RM_work/ROS2_learning/chapter_3/chapt3_ws/install/my_interfaces_rclcpp/share/my_interfaces_rclcpp/local_setup.sh
[2.043s] -- Installing: /home/cjj/Desktop/RM_work/ROS2_learning/chapter_3/chapt3_ws/install/my_interfaces_rclcpp/share/my_interfaces_rclcpp/local_setup.zsh
[2.043s] -- Installing: /home/cjj/Desktop/RM_work/ROS2_learning/chapter_3/chapt3_ws/install/my_interfaces_rclcpp/share/my_interfaces_rclcpp/local_setup.dsv
[2.043s] -- Installing: /home/cjj/Desktop/RM_work/ROS2_learning/chapter_3/chapt3_ws/install/my_interfaces_rclcpp/share/my_interfaces_rclcpp/package.dsv
[2.043s] -- Installing: /home/cjj/Desktop/RM_work/ROS2_learning/chapter_3/chapt3_ws/install/my_interfaces_rclcpp/share/ament_index/resource_index/packages/my_interfaces_rclcpp
[2.043s] -- Installing: /home/cjj/Desktop/RM_work/ROS2_learning/chapter_3/chapt3_ws/install/my_interfaces_rclcpp/share/my_interfaces_rclcpp/cmake/my_interfaces_rclcppConfig.cmake
[2.043s] -- Installing: /home/cjj/Desktop/RM_work/ROS2_learning/chapter_3/chapt3_ws/install/my_interfaces_rclcpp/share/my_interfaces_rclcpp/cmake/my_interfaces_rclcppConfig-version.cmake
[2.043s] -- Installing: /home/cjj/Desktop/RM_work/ROS2_learning/chapter_3/chapt3_ws/install/my_interfaces_rclcpp/share/my_interfaces_rclcpp/package.xml
[2.044s] Invoked command in '/home/cjj/Desktop/RM_work/ROS2_learning/chapter_3/chapt3_ws/build/my_interfaces_rclcpp' returned '0': AMENT_PREFIX_PATH=/home/cjj/Desktop/RM_work/ROS2_learning/chapter_3/chapt3_ws/install/my_ros2_interfaces:${AMENT_PREFIX_PATH} CMAKE_PREFIX_PATH=/home/cjj/Desktop/RM_work/ROS2_learning/chapter_3/chapt3_ws/install/my_ros2_interfaces:/home/cjj/Desktop/RM_work/ROS2_learning/chapter_3/chapt3_ws/install/my_topic_rclcpp:/home/cjj/Desktop/RM_work/ROS2_learning/chapter_3/chapt3_ws/install/my_service_rclcpp:/opt/ros/humble LD_LIBRARY_PATH=/home/cjj/Desktop/RM_work/ROS2_learning/chapter_3/chapt3_ws/install/my_ros2_interfaces/lib:/opt/ros/humble/opt/rviz_ogre_vendor/lib:/opt/ros/humble/lib/x86_64-linux-gnu:/opt/ros/humble/lib:/opt/MVS/lib/64:/opt/MVS/lib/32:/opt/intel/openvino/runtime/lib/intel64:/usr/local/lib:/opt/MVS/lib/64:/opt/MVS/lib/32:/opt/MVS/lib/64:/opt/MVS/lib/32 PYTHONPATH=/home/cjj/Desktop/RM_work/ROS2_learning/chapter_3/chapt3_ws/install/my_ros2_interfaces/local/lib/python3.10/dist-packages:${PYTHONPATH} /usr/bin/cmake --install /home/cjj/Desktop/RM_work/ROS2_learning/chapter_3/chapt3_ws/build/my_interfaces_rclcpp
