[0.006s] Invoking command in '/home/cjj/Desktop/RM_work/ROS2_learning/chapter_3/chapt3_ws/build/my_ros2_interfaces': CMAKE_PREFIX_PATH=${CMAKE_PREFIX_PATH}:/opt/ros/humble /usr/bin/cmake --build /home/cjj/Desktop/RM_work/ROS2_learning/chapter_3/chapt3_ws/build/my_ros2_interfaces -- -j20 -l20
[0.048s] [  2%] Built target my_ros2_interfaces__cpp
[0.049s] [ 12%] Built target my_ros2_interfaces__rosidl_generator_c
[0.057s] [ 12%] Built target ament_cmake_python_copy_my_ros2_interfaces
[0.064s] [ 31%] Built target my_ros2_interfaces__rosidl_typesupport_introspection_cpp
[0.065s] [ 34%] Built target my_ros2_interfaces__rosidl_typesupport_fastrtps_cpp
[0.065s] [ 44%] Built target my_ros2_interfaces__rosidl_typesupport_introspection_c
[0.066s] [ 55%] Built target my_ros2_interfaces__rosidl_typesupport_fastrtps_c
[0.067s] [ 65%] Built target my_ros2_interfaces__rosidl_typesupport_c
[0.068s] [ 76%] Built target my_ros2_interfaces__rosidl_typesupport_cpp
[0.082s] [ 76%] Built target my_ros2_interfaces
[0.097s] [ 78%] Built target my_ros2_interfaces__py
[0.116s] [ 87%] Built target my_ros2_interfaces__rosidl_generator_py
[0.135s] [ 91%] Built target my_ros2_interfaces__rosidl_typesupport_c__pyext
[0.138s] [ 95%] Built target my_ros2_interfaces__rosidl_typesupport_introspection_c__pyext
[0.138s] [100%] Built target my_ros2_interfaces__rosidl_typesupport_fastrtps_c__pyext
[0.199s] running egg_info
[0.200s] writing my_ros2_interfaces.egg-info/PKG-INFO
[0.200s] writing dependency_links to my_ros2_interfaces.egg-info/dependency_links.txt
[0.200s] writing top-level names to my_ros2_interfaces.egg-info/top_level.txt
[0.201s] reading manifest file 'my_ros2_interfaces.egg-info/SOURCES.txt'
[0.202s] writing manifest file 'my_ros2_interfaces.egg-info/SOURCES.txt'
[0.221s] [100%] Built target ament_cmake_python_build_my_ros2_interfaces_egg
[0.231s] Invoked command in '/home/cjj/Desktop/RM_work/ROS2_learning/chapter_3/chapt3_ws/build/my_ros2_interfaces' returned '0': CMAKE_PREFIX_PATH=${CMAKE_PREFIX_PATH}:/opt/ros/humble /usr/bin/cmake --build /home/cjj/Desktop/RM_work/ROS2_learning/chapter_3/chapt3_ws/build/my_ros2_interfaces -- -j20 -l20
[0.319s] Invoking command in '/home/cjj/Desktop/RM_work/ROS2_learning/chapter_3/chapt3_ws/build/my_ros2_interfaces': CMAKE_PREFIX_PATH=${CMAKE_PREFIX_PATH}:/opt/ros/humble /usr/bin/cmake --install /home/cjj/Desktop/RM_work/ROS2_learning/chapter_3/chapt3_ws/build/my_ros2_interfaces
[0.325s] -- Install configuration: ""
[0.325s] -- Up-to-date: /home/cjj/Desktop/RM_work/ROS2_learning/chapter_3/chapt3_ws/install/my_ros2_interfaces/share/ament_index/resource_index/rosidl_interfaces/my_ros2_interfaces
[0.325s] -- Up-to-date: /home/cjj/Desktop/RM_work/ROS2_learning/chapter_3/chapt3_ws/install/my_ros2_interfaces/include/my_ros2_interfaces/my_ros2_interfaces
[0.325s] -- Up-to-date: /home/cjj/Desktop/RM_work/ROS2_learning/chapter_3/chapt3_ws/install/my_ros2_interfaces/include/my_ros2_interfaces/my_ros2_interfaces/srv
[0.325s] -- Up-to-date: /home/cjj/Desktop/RM_work/ROS2_learning/chapter_3/chapt3_ws/install/my_ros2_interfaces/include/my_ros2_interfaces/my_ros2_interfaces/srv/detail
[0.325s] -- Up-to-date: /home/cjj/Desktop/RM_work/ROS2_learning/chapter_3/chapt3_ws/install/my_ros2_interfaces/include/my_ros2_interfaces/my_ros2_interfaces/srv/detail/move_robot__functions.c
[0.325s] -- Up-to-date: /home/cjj/Desktop/RM_work/ROS2_learning/chapter_3/chapt3_ws/install/my_ros2_interfaces/include/my_ros2_interfaces/my_ros2_interfaces/srv/detail/move_robot__functions.h
[0.326s] -- Up-to-date: /home/cjj/Desktop/RM_work/ROS2_learning/chapter_3/chapt3_ws/install/my_ros2_interfaces/include/my_ros2_interfaces/my_ros2_interfaces/srv/detail/move_robot__type_support.h
[0.326s] -- Up-to-date: /home/cjj/Desktop/RM_work/ROS2_learning/chapter_3/chapt3_ws/install/my_ros2_interfaces/include/my_ros2_interfaces/my_ros2_interfaces/srv/detail/move_robot__struct.h
[0.326s] -- Up-to-date: /home/cjj/Desktop/RM_work/ROS2_learning/chapter_3/chapt3_ws/install/my_ros2_interfaces/include/my_ros2_interfaces/my_ros2_interfaces/srv/move_robot.h
[0.326s] -- Up-to-date: /home/cjj/Desktop/RM_work/ROS2_learning/chapter_3/chapt3_ws/install/my_ros2_interfaces/include/my_ros2_interfaces/my_ros2_interfaces/msg
[0.326s] -- Up-to-date: /home/cjj/Desktop/RM_work/ROS2_learning/chapter_3/chapt3_ws/install/my_ros2_interfaces/include/my_ros2_interfaces/my_ros2_interfaces/msg/detail
[0.326s] -- Up-to-date: /home/cjj/Desktop/RM_work/ROS2_learning/chapter_3/chapt3_ws/install/my_ros2_interfaces/include/my_ros2_interfaces/my_ros2_interfaces/msg/detail/robot_status__functions.c
[0.326s] -- Up-to-date: /home/cjj/Desktop/RM_work/ROS2_learning/chapter_3/chapt3_ws/install/my_ros2_interfaces/include/my_ros2_interfaces/my_ros2_interfaces/msg/detail/robot_pose__functions.c
[0.326s] -- Up-to-date: /home/cjj/Desktop/RM_work/ROS2_learning/chapter_3/chapt3_ws/install/my_ros2_interfaces/include/my_ros2_interfaces/my_ros2_interfaces/msg/detail/robot_status__functions.h
[0.326s] -- Up-to-date: /home/cjj/Desktop/RM_work/ROS2_learning/chapter_3/chapt3_ws/install/my_ros2_interfaces/include/my_ros2_interfaces/my_ros2_interfaces/msg/detail/robot_status__type_support.h
[0.326s] -- Up-to-date: /home/cjj/Desktop/RM_work/ROS2_learning/chapter_3/chapt3_ws/install/my_ros2_interfaces/include/my_ros2_interfaces/my_ros2_interfaces/msg/detail/robot_pose__functions.h
[0.326s] -- Up-to-date: /home/cjj/Desktop/RM_work/ROS2_learning/chapter_3/chapt3_ws/install/my_ros2_interfaces/include/my_ros2_interfaces/my_ros2_interfaces/msg/detail/robot_status__struct.h
[0.326s] -- Up-to-date: /home/cjj/Desktop/RM_work/ROS2_learning/chapter_3/chapt3_ws/install/my_ros2_interfaces/include/my_ros2_interfaces/my_ros2_interfaces/msg/detail/robot_pose__type_support.h
[0.326s] -- Up-to-date: /home/cjj/Desktop/RM_work/ROS2_learning/chapter_3/chapt3_ws/install/my_ros2_interfaces/include/my_ros2_interfaces/my_ros2_interfaces/msg/detail/robot_pose__struct.h
[0.326s] -- Up-to-date: /home/cjj/Desktop/RM_work/ROS2_learning/chapter_3/chapt3_ws/install/my_ros2_interfaces/include/my_ros2_interfaces/my_ros2_interfaces/msg/robot_pose.h
[0.326s] -- Up-to-date: /home/cjj/Desktop/RM_work/ROS2_learning/chapter_3/chapt3_ws/install/my_ros2_interfaces/include/my_ros2_interfaces/my_ros2_interfaces/msg/robot_status.h
[0.326s] -- Up-to-date: /home/cjj/Desktop/RM_work/ROS2_learning/chapter_3/chapt3_ws/install/my_ros2_interfaces/include/my_ros2_interfaces/my_ros2_interfaces/msg/rosidl_generator_c__visibility_control.h
[0.326s] -- Up-to-date: /home/cjj/Desktop/RM_work/ROS2_learning/chapter_3/chapt3_ws/install/my_ros2_interfaces/share/my_ros2_interfaces/environment/library_path.sh
[0.326s] -- Up-to-date: /home/cjj/Desktop/RM_work/ROS2_learning/chapter_3/chapt3_ws/install/my_ros2_interfaces/share/my_ros2_interfaces/environment/library_path.dsv
[0.326s] -- Up-to-date: /home/cjj/Desktop/RM_work/ROS2_learning/chapter_3/chapt3_ws/install/my_ros2_interfaces/lib/libmy_ros2_interfaces__rosidl_generator_c.so
[0.326s] -- Up-to-date: /home/cjj/Desktop/RM_work/ROS2_learning/chapter_3/chapt3_ws/install/my_ros2_interfaces/include/my_ros2_interfaces/my_ros2_interfaces
[0.326s] -- Up-to-date: /home/cjj/Desktop/RM_work/ROS2_learning/chapter_3/chapt3_ws/install/my_ros2_interfaces/include/my_ros2_interfaces/my_ros2_interfaces/srv
[0.327s] -- Up-to-date: /home/cjj/Desktop/RM_work/ROS2_learning/chapter_3/chapt3_ws/install/my_ros2_interfaces/include/my_ros2_interfaces/my_ros2_interfaces/srv/detail
[0.327s] -- Up-to-date: /home/cjj/Desktop/RM_work/ROS2_learning/chapter_3/chapt3_ws/install/my_ros2_interfaces/include/my_ros2_interfaces/my_ros2_interfaces/srv/detail/move_robot__rosidl_typesupport_fastrtps_c.h
[0.327s] -- Up-to-date: /home/cjj/Desktop/RM_work/ROS2_learning/chapter_3/chapt3_ws/install/my_ros2_interfaces/include/my_ros2_interfaces/my_ros2_interfaces/msg
[0.327s] -- Up-to-date: /home/cjj/Desktop/RM_work/ROS2_learning/chapter_3/chapt3_ws/install/my_ros2_interfaces/include/my_ros2_interfaces/my_ros2_interfaces/msg/rosidl_typesupport_fastrtps_c__visibility_control.h
[0.327s] -- Up-to-date: /home/cjj/Desktop/RM_work/ROS2_learning/chapter_3/chapt3_ws/install/my_ros2_interfaces/include/my_ros2_interfaces/my_ros2_interfaces/msg/detail
[0.327s] -- Up-to-date: /home/cjj/Desktop/RM_work/ROS2_learning/chapter_3/chapt3_ws/install/my_ros2_interfaces/include/my_ros2_interfaces/my_ros2_interfaces/msg/detail/robot_pose__rosidl_typesupport_fastrtps_c.h
[0.327s] -- Up-to-date: /home/cjj/Desktop/RM_work/ROS2_learning/chapter_3/chapt3_ws/install/my_ros2_interfaces/include/my_ros2_interfaces/my_ros2_interfaces/msg/detail/robot_status__rosidl_typesupport_fastrtps_c.h
[0.327s] -- Up-to-date: /home/cjj/Desktop/RM_work/ROS2_learning/chapter_3/chapt3_ws/install/my_ros2_interfaces/lib/libmy_ros2_interfaces__rosidl_typesupport_fastrtps_c.so
[0.327s] -- Up-to-date: /home/cjj/Desktop/RM_work/ROS2_learning/chapter_3/chapt3_ws/install/my_ros2_interfaces/include/my_ros2_interfaces/my_ros2_interfaces
[0.327s] -- Up-to-date: /home/cjj/Desktop/RM_work/ROS2_learning/chapter_3/chapt3_ws/install/my_ros2_interfaces/include/my_ros2_interfaces/my_ros2_interfaces/srv
[0.327s] -- Up-to-date: /home/cjj/Desktop/RM_work/ROS2_learning/chapter_3/chapt3_ws/install/my_ros2_interfaces/include/my_ros2_interfaces/my_ros2_interfaces/srv/detail
[0.327s] -- Up-to-date: /home/cjj/Desktop/RM_work/ROS2_learning/chapter_3/chapt3_ws/install/my_ros2_interfaces/include/my_ros2_interfaces/my_ros2_interfaces/srv/detail/move_robot__type_support.c
[0.327s] -- Up-to-date: /home/cjj/Desktop/RM_work/ROS2_learning/chapter_3/chapt3_ws/install/my_ros2_interfaces/include/my_ros2_interfaces/my_ros2_interfaces/srv/detail/move_robot__rosidl_typesupport_introspection_c.h
[0.327s] -- Up-to-date: /home/cjj/Desktop/RM_work/ROS2_learning/chapter_3/chapt3_ws/install/my_ros2_interfaces/include/my_ros2_interfaces/my_ros2_interfaces/msg
[0.327s] -- Up-to-date: /home/cjj/Desktop/RM_work/ROS2_learning/chapter_3/chapt3_ws/install/my_ros2_interfaces/include/my_ros2_interfaces/my_ros2_interfaces/msg/rosidl_typesupport_introspection_c__visibility_control.h
[0.327s] -- Up-to-date: /home/cjj/Desktop/RM_work/ROS2_learning/chapter_3/chapt3_ws/install/my_ros2_interfaces/include/my_ros2_interfaces/my_ros2_interfaces/msg/detail
[0.327s] -- Up-to-date: /home/cjj/Desktop/RM_work/ROS2_learning/chapter_3/chapt3_ws/install/my_ros2_interfaces/include/my_ros2_interfaces/my_ros2_interfaces/msg/detail/robot_status__type_support.c
[0.327s] -- Up-to-date: /home/cjj/Desktop/RM_work/ROS2_learning/chapter_3/chapt3_ws/install/my_ros2_interfaces/include/my_ros2_interfaces/my_ros2_interfaces/msg/detail/robot_pose__type_support.c
[0.327s] -- Up-to-date: /home/cjj/Desktop/RM_work/ROS2_learning/chapter_3/chapt3_ws/install/my_ros2_interfaces/include/my_ros2_interfaces/my_ros2_interfaces/msg/detail/robot_status__rosidl_typesupport_introspection_c.h
[0.328s] -- Up-to-date: /home/cjj/Desktop/RM_work/ROS2_learning/chapter_3/chapt3_ws/install/my_ros2_interfaces/include/my_ros2_interfaces/my_ros2_interfaces/msg/detail/robot_pose__rosidl_typesupport_introspection_c.h
[0.328s] -- Up-to-date: /home/cjj/Desktop/RM_work/ROS2_learning/chapter_3/chapt3_ws/install/my_ros2_interfaces/lib/libmy_ros2_interfaces__rosidl_typesupport_introspection_c.so
[0.328s] -- Up-to-date: /home/cjj/Desktop/RM_work/ROS2_learning/chapter_3/chapt3_ws/install/my_ros2_interfaces/lib/libmy_ros2_interfaces__rosidl_typesupport_c.so
[0.328s] -- Up-to-date: /home/cjj/Desktop/RM_work/ROS2_learning/chapter_3/chapt3_ws/install/my_ros2_interfaces/include/my_ros2_interfaces/my_ros2_interfaces
[0.328s] -- Up-to-date: /home/cjj/Desktop/RM_work/ROS2_learning/chapter_3/chapt3_ws/install/my_ros2_interfaces/include/my_ros2_interfaces/my_ros2_interfaces/srv
[0.328s] -- Up-to-date: /home/cjj/Desktop/RM_work/ROS2_learning/chapter_3/chapt3_ws/install/my_ros2_interfaces/include/my_ros2_interfaces/my_ros2_interfaces/srv/move_robot.hpp
[0.328s] -- Up-to-date: /home/cjj/Desktop/RM_work/ROS2_learning/chapter_3/chapt3_ws/install/my_ros2_interfaces/include/my_ros2_interfaces/my_ros2_interfaces/srv/detail
[0.328s] -- Up-to-date: /home/cjj/Desktop/RM_work/ROS2_learning/chapter_3/chapt3_ws/install/my_ros2_interfaces/include/my_ros2_interfaces/my_ros2_interfaces/srv/detail/move_robot__struct.hpp
[0.328s] -- Up-to-date: /home/cjj/Desktop/RM_work/ROS2_learning/chapter_3/chapt3_ws/install/my_ros2_interfaces/include/my_ros2_interfaces/my_ros2_interfaces/srv/detail/move_robot__builder.hpp
[0.328s] -- Up-to-date: /home/cjj/Desktop/RM_work/ROS2_learning/chapter_3/chapt3_ws/install/my_ros2_interfaces/include/my_ros2_interfaces/my_ros2_interfaces/srv/detail/move_robot__traits.hpp
[0.328s] -- Up-to-date: /home/cjj/Desktop/RM_work/ROS2_learning/chapter_3/chapt3_ws/install/my_ros2_interfaces/include/my_ros2_interfaces/my_ros2_interfaces/msg
[0.328s] -- Up-to-date: /home/cjj/Desktop/RM_work/ROS2_learning/chapter_3/chapt3_ws/install/my_ros2_interfaces/include/my_ros2_interfaces/my_ros2_interfaces/msg/robot_pose.hpp
[0.328s] -- Up-to-date: /home/cjj/Desktop/RM_work/ROS2_learning/chapter_3/chapt3_ws/install/my_ros2_interfaces/include/my_ros2_interfaces/my_ros2_interfaces/msg/robot_status.hpp
[0.328s] -- Up-to-date: /home/cjj/Desktop/RM_work/ROS2_learning/chapter_3/chapt3_ws/install/my_ros2_interfaces/include/my_ros2_interfaces/my_ros2_interfaces/msg/detail
[0.328s] -- Up-to-date: /home/cjj/Desktop/RM_work/ROS2_learning/chapter_3/chapt3_ws/install/my_ros2_interfaces/include/my_ros2_interfaces/my_ros2_interfaces/msg/detail/robot_status__builder.hpp
[0.328s] -- Up-to-date: /home/cjj/Desktop/RM_work/ROS2_learning/chapter_3/chapt3_ws/install/my_ros2_interfaces/include/my_ros2_interfaces/my_ros2_interfaces/msg/detail/robot_pose__traits.hpp
[0.328s] -- Up-to-date: /home/cjj/Desktop/RM_work/ROS2_learning/chapter_3/chapt3_ws/install/my_ros2_interfaces/include/my_ros2_interfaces/my_ros2_interfaces/msg/detail/robot_pose__struct.hpp
[0.328s] -- Up-to-date: /home/cjj/Desktop/RM_work/ROS2_learning/chapter_3/chapt3_ws/install/my_ros2_interfaces/include/my_ros2_interfaces/my_ros2_interfaces/msg/detail/robot_pose__builder.hpp
[0.328s] -- Up-to-date: /home/cjj/Desktop/RM_work/ROS2_learning/chapter_3/chapt3_ws/install/my_ros2_interfaces/include/my_ros2_interfaces/my_ros2_interfaces/msg/detail/robot_status__traits.hpp
[0.328s] -- Up-to-date: /home/cjj/Desktop/RM_work/ROS2_learning/chapter_3/chapt3_ws/install/my_ros2_interfaces/include/my_ros2_interfaces/my_ros2_interfaces/msg/detail/robot_status__struct.hpp
[0.328s] -- Up-to-date: /home/cjj/Desktop/RM_work/ROS2_learning/chapter_3/chapt3_ws/install/my_ros2_interfaces/include/my_ros2_interfaces/my_ros2_interfaces
[0.328s] -- Up-to-date: /home/cjj/Desktop/RM_work/ROS2_learning/chapter_3/chapt3_ws/install/my_ros2_interfaces/include/my_ros2_interfaces/my_ros2_interfaces/srv
[0.328s] -- Up-to-date: /home/cjj/Desktop/RM_work/ROS2_learning/chapter_3/chapt3_ws/install/my_ros2_interfaces/include/my_ros2_interfaces/my_ros2_interfaces/srv/detail
[0.328s] -- Up-to-date: /home/cjj/Desktop/RM_work/ROS2_learning/chapter_3/chapt3_ws/install/my_ros2_interfaces/include/my_ros2_interfaces/my_ros2_interfaces/srv/detail/dds_fastrtps
[0.328s] -- Up-to-date: /home/cjj/Desktop/RM_work/ROS2_learning/chapter_3/chapt3_ws/install/my_ros2_interfaces/include/my_ros2_interfaces/my_ros2_interfaces/srv/detail/move_robot__rosidl_typesupport_fastrtps_cpp.hpp
[0.328s] -- Up-to-date: /home/cjj/Desktop/RM_work/ROS2_learning/chapter_3/chapt3_ws/install/my_ros2_interfaces/include/my_ros2_interfaces/my_ros2_interfaces/msg
[0.329s] -- Up-to-date: /home/cjj/Desktop/RM_work/ROS2_learning/chapter_3/chapt3_ws/install/my_ros2_interfaces/include/my_ros2_interfaces/my_ros2_interfaces/msg/detail
[0.329s] -- Up-to-date: /home/cjj/Desktop/RM_work/ROS2_learning/chapter_3/chapt3_ws/install/my_ros2_interfaces/include/my_ros2_interfaces/my_ros2_interfaces/msg/detail/robot_status__rosidl_typesupport_fastrtps_cpp.hpp
[0.329s] -- Up-to-date: /home/cjj/Desktop/RM_work/ROS2_learning/chapter_3/chapt3_ws/install/my_ros2_interfaces/include/my_ros2_interfaces/my_ros2_interfaces/msg/detail/dds_fastrtps
[0.329s] -- Up-to-date: /home/cjj/Desktop/RM_work/ROS2_learning/chapter_3/chapt3_ws/install/my_ros2_interfaces/include/my_ros2_interfaces/my_ros2_interfaces/msg/detail/robot_pose__rosidl_typesupport_fastrtps_cpp.hpp
[0.329s] -- Up-to-date: /home/cjj/Desktop/RM_work/ROS2_learning/chapter_3/chapt3_ws/install/my_ros2_interfaces/include/my_ros2_interfaces/my_ros2_interfaces/msg/rosidl_typesupport_fastrtps_cpp__visibility_control.h
[0.329s] -- Up-to-date: /home/cjj/Desktop/RM_work/ROS2_learning/chapter_3/chapt3_ws/install/my_ros2_interfaces/lib/libmy_ros2_interfaces__rosidl_typesupport_fastrtps_cpp.so
[0.329s] -- Up-to-date: /home/cjj/Desktop/RM_work/ROS2_learning/chapter_3/chapt3_ws/install/my_ros2_interfaces/include/my_ros2_interfaces/my_ros2_interfaces
[0.329s] -- Up-to-date: /home/cjj/Desktop/RM_work/ROS2_learning/chapter_3/chapt3_ws/install/my_ros2_interfaces/include/my_ros2_interfaces/my_ros2_interfaces/srv
[0.329s] -- Up-to-date: /home/cjj/Desktop/RM_work/ROS2_learning/chapter_3/chapt3_ws/install/my_ros2_interfaces/include/my_ros2_interfaces/my_ros2_interfaces/srv/detail
[0.329s] -- Up-to-date: /home/cjj/Desktop/RM_work/ROS2_learning/chapter_3/chapt3_ws/install/my_ros2_interfaces/include/my_ros2_interfaces/my_ros2_interfaces/srv/detail/move_robot__type_support.cpp
[0.329s] -- Up-to-date: /home/cjj/Desktop/RM_work/ROS2_learning/chapter_3/chapt3_ws/install/my_ros2_interfaces/include/my_ros2_interfaces/my_ros2_interfaces/srv/detail/move_robot__rosidl_typesupport_introspection_cpp.hpp
[0.329s] -- Up-to-date: /home/cjj/Desktop/RM_work/ROS2_learning/chapter_3/chapt3_ws/install/my_ros2_interfaces/include/my_ros2_interfaces/my_ros2_interfaces/msg
[0.329s] -- Up-to-date: /home/cjj/Desktop/RM_work/ROS2_learning/chapter_3/chapt3_ws/install/my_ros2_interfaces/include/my_ros2_interfaces/my_ros2_interfaces/msg/detail
[0.329s] -- Up-to-date: /home/cjj/Desktop/RM_work/ROS2_learning/chapter_3/chapt3_ws/install/my_ros2_interfaces/include/my_ros2_interfaces/my_ros2_interfaces/msg/detail/robot_pose__type_support.cpp
[0.329s] -- Up-to-date: /home/cjj/Desktop/RM_work/ROS2_learning/chapter_3/chapt3_ws/install/my_ros2_interfaces/include/my_ros2_interfaces/my_ros2_interfaces/msg/detail/robot_status__type_support.cpp
[0.329s] -- Up-to-date: /home/cjj/Desktop/RM_work/ROS2_learning/chapter_3/chapt3_ws/install/my_ros2_interfaces/include/my_ros2_interfaces/my_ros2_interfaces/msg/detail/robot_pose__rosidl_typesupport_introspection_cpp.hpp
[0.329s] -- Up-to-date: /home/cjj/Desktop/RM_work/ROS2_learning/chapter_3/chapt3_ws/install/my_ros2_interfaces/include/my_ros2_interfaces/my_ros2_interfaces/msg/detail/robot_status__rosidl_typesupport_introspection_cpp.hpp
[0.329s] -- Up-to-date: /home/cjj/Desktop/RM_work/ROS2_learning/chapter_3/chapt3_ws/install/my_ros2_interfaces/lib/libmy_ros2_interfaces__rosidl_typesupport_introspection_cpp.so
[0.329s] -- Up-to-date: /home/cjj/Desktop/RM_work/ROS2_learning/chapter_3/chapt3_ws/install/my_ros2_interfaces/lib/libmy_ros2_interfaces__rosidl_typesupport_cpp.so
[0.329s] -- Up-to-date: /home/cjj/Desktop/RM_work/ROS2_learning/chapter_3/chapt3_ws/install/my_ros2_interfaces/share/my_ros2_interfaces/environment/pythonpath.sh
[0.329s] -- Up-to-date: /home/cjj/Desktop/RM_work/ROS2_learning/chapter_3/chapt3_ws/install/my_ros2_interfaces/share/my_ros2_interfaces/environment/pythonpath.dsv
[0.329s] -- Up-to-date: /home/cjj/Desktop/RM_work/ROS2_learning/chapter_3/chapt3_ws/install/my_ros2_interfaces/local/lib/python3.10/dist-packages/my_ros2_interfaces-0.0.0-py3.10.egg-info
[0.329s] -- Installing: /home/cjj/Desktop/RM_work/ROS2_learning/chapter_3/chapt3_ws/install/my_ros2_interfaces/local/lib/python3.10/dist-packages/my_ros2_interfaces-0.0.0-py3.10.egg-info/SOURCES.txt
[0.329s] -- Installing: /home/cjj/Desktop/RM_work/ROS2_learning/chapter_3/chapt3_ws/install/my_ros2_interfaces/local/lib/python3.10/dist-packages/my_ros2_interfaces-0.0.0-py3.10.egg-info/dependency_links.txt
[0.329s] -- Installing: /home/cjj/Desktop/RM_work/ROS2_learning/chapter_3/chapt3_ws/install/my_ros2_interfaces/local/lib/python3.10/dist-packages/my_ros2_interfaces-0.0.0-py3.10.egg-info/top_level.txt
[0.329s] -- Installing: /home/cjj/Desktop/RM_work/ROS2_learning/chapter_3/chapt3_ws/install/my_ros2_interfaces/local/lib/python3.10/dist-packages/my_ros2_interfaces-0.0.0-py3.10.egg-info/PKG-INFO
[0.329s] -- Up-to-date: /home/cjj/Desktop/RM_work/ROS2_learning/chapter_3/chapt3_ws/install/my_ros2_interfaces/local/lib/python3.10/dist-packages/my_ros2_interfaces
[0.330s] -- Up-to-date: /home/cjj/Desktop/RM_work/ROS2_learning/chapter_3/chapt3_ws/install/my_ros2_interfaces/local/lib/python3.10/dist-packages/my_ros2_interfaces/my_ros2_interfaces_s__rosidl_typesupport_introspection_c.cpython-310-x86_64-linux-gnu.so
[0.330s] -- Up-to-date: /home/cjj/Desktop/RM_work/ROS2_learning/chapter_3/chapt3_ws/install/my_ros2_interfaces/local/lib/python3.10/dist-packages/my_ros2_interfaces/__init__.py
[0.330s] -- Up-to-date: /home/cjj/Desktop/RM_work/ROS2_learning/chapter_3/chapt3_ws/install/my_ros2_interfaces/local/lib/python3.10/dist-packages/my_ros2_interfaces/srv
[0.330s] -- Up-to-date: /home/cjj/Desktop/RM_work/ROS2_learning/chapter_3/chapt3_ws/install/my_ros2_interfaces/local/lib/python3.10/dist-packages/my_ros2_interfaces/srv/__init__.py
[0.330s] -- Up-to-date: /home/cjj/Desktop/RM_work/ROS2_learning/chapter_3/chapt3_ws/install/my_ros2_interfaces/local/lib/python3.10/dist-packages/my_ros2_interfaces/srv/_move_robot.py
[0.330s] -- Up-to-date: /home/cjj/Desktop/RM_work/ROS2_learning/chapter_3/chapt3_ws/install/my_ros2_interfaces/local/lib/python3.10/dist-packages/my_ros2_interfaces/srv/_move_robot_s.c
[0.330s] -- Up-to-date: /home/cjj/Desktop/RM_work/ROS2_learning/chapter_3/chapt3_ws/install/my_ros2_interfaces/local/lib/python3.10/dist-packages/my_ros2_interfaces/msg
[0.330s] -- Up-to-date: /home/cjj/Desktop/RM_work/ROS2_learning/chapter_3/chapt3_ws/install/my_ros2_interfaces/local/lib/python3.10/dist-packages/my_ros2_interfaces/msg/_robot_pose_s.c
[0.330s] -- Up-to-date: /home/cjj/Desktop/RM_work/ROS2_learning/chapter_3/chapt3_ws/install/my_ros2_interfaces/local/lib/python3.10/dist-packages/my_ros2_interfaces/msg/__init__.py
[0.330s] -- Up-to-date: /home/cjj/Desktop/RM_work/ROS2_learning/chapter_3/chapt3_ws/install/my_ros2_interfaces/local/lib/python3.10/dist-packages/my_ros2_interfaces/msg/_robot_pose.py
[0.330s] -- Up-to-date: /home/cjj/Desktop/RM_work/ROS2_learning/chapter_3/chapt3_ws/install/my_ros2_interfaces/local/lib/python3.10/dist-packages/my_ros2_interfaces/msg/_robot_status_s.c
[0.330s] -- Up-to-date: /home/cjj/Desktop/RM_work/ROS2_learning/chapter_3/chapt3_ws/install/my_ros2_interfaces/local/lib/python3.10/dist-packages/my_ros2_interfaces/msg/_robot_status.py
[0.330s] -- Up-to-date: /home/cjj/Desktop/RM_work/ROS2_learning/chapter_3/chapt3_ws/install/my_ros2_interfaces/local/lib/python3.10/dist-packages/my_ros2_interfaces/_my_ros2_interfaces_s.ep.rosidl_typesupport_c.c
[0.330s] -- Up-to-date: /home/cjj/Desktop/RM_work/ROS2_learning/chapter_3/chapt3_ws/install/my_ros2_interfaces/local/lib/python3.10/dist-packages/my_ros2_interfaces/_my_ros2_interfaces_s.ep.rosidl_typesupport_fastrtps_c.c
[0.330s] -- Up-to-date: /home/cjj/Desktop/RM_work/ROS2_learning/chapter_3/chapt3_ws/install/my_ros2_interfaces/local/lib/python3.10/dist-packages/my_ros2_interfaces/_my_ros2_interfaces_s.ep.rosidl_typesupport_introspection_c.c
[0.330s] -- Up-to-date: /home/cjj/Desktop/RM_work/ROS2_learning/chapter_3/chapt3_ws/install/my_ros2_interfaces/local/lib/python3.10/dist-packages/my_ros2_interfaces/my_ros2_interfaces_s__rosidl_typesupport_c.cpython-310-x86_64-linux-gnu.so
[0.330s] -- Up-to-date: /home/cjj/Desktop/RM_work/ROS2_learning/chapter_3/chapt3_ws/install/my_ros2_interfaces/local/lib/python3.10/dist-packages/my_ros2_interfaces/my_ros2_interfaces_s__rosidl_typesupport_fastrtps_c.cpython-310-x86_64-linux-gnu.so
[0.330s] -- Up-to-date: /home/cjj/Desktop/RM_work/ROS2_learning/chapter_3/chapt3_ws/install/my_ros2_interfaces/local/lib/python3.10/dist-packages/my_ros2_interfaces/libmy_ros2_interfaces__rosidl_generator_py.so
[0.349s] Listing '/home/cjj/Desktop/RM_work/ROS2_learning/chapter_3/chapt3_ws/install/my_ros2_interfaces/local/lib/python3.10/dist-packages/my_ros2_interfaces'...
[0.349s] Listing '/home/cjj/Desktop/RM_work/ROS2_learning/chapter_3/chapt3_ws/install/my_ros2_interfaces/local/lib/python3.10/dist-packages/my_ros2_interfaces/msg'...
[0.349s] Listing '/home/cjj/Desktop/RM_work/ROS2_learning/chapter_3/chapt3_ws/install/my_ros2_interfaces/local/lib/python3.10/dist-packages/my_ros2_interfaces/srv'...
[0.353s] -- Up-to-date: /home/cjj/Desktop/RM_work/ROS2_learning/chapter_3/chapt3_ws/install/my_ros2_interfaces/local/lib/python3.10/dist-packages/my_ros2_interfaces/my_ros2_interfaces_s__rosidl_typesupport_fastrtps_c.cpython-310-x86_64-linux-gnu.so
[0.353s] -- Up-to-date: /home/cjj/Desktop/RM_work/ROS2_learning/chapter_3/chapt3_ws/install/my_ros2_interfaces/local/lib/python3.10/dist-packages/my_ros2_interfaces/my_ros2_interfaces_s__rosidl_typesupport_introspection_c.cpython-310-x86_64-linux-gnu.so
[0.354s] -- Up-to-date: /home/cjj/Desktop/RM_work/ROS2_learning/chapter_3/chapt3_ws/install/my_ros2_interfaces/local/lib/python3.10/dist-packages/my_ros2_interfaces/my_ros2_interfaces_s__rosidl_typesupport_c.cpython-310-x86_64-linux-gnu.so
[0.354s] -- Up-to-date: /home/cjj/Desktop/RM_work/ROS2_learning/chapter_3/chapt3_ws/install/my_ros2_interfaces/lib/libmy_ros2_interfaces__rosidl_generator_py.so
[0.354s] -- Up-to-date: /home/cjj/Desktop/RM_work/ROS2_learning/chapter_3/chapt3_ws/install/my_ros2_interfaces/share/my_ros2_interfaces/msg/RobotPose.idl
[0.354s] -- Up-to-date: /home/cjj/Desktop/RM_work/ROS2_learning/chapter_3/chapt3_ws/install/my_ros2_interfaces/share/my_ros2_interfaces/msg/RobotStatus.idl
[0.354s] -- Up-to-date: /home/cjj/Desktop/RM_work/ROS2_learning/chapter_3/chapt3_ws/install/my_ros2_interfaces/share/my_ros2_interfaces/srv/MoveRobot.idl
[0.354s] -- Up-to-date: /home/cjj/Desktop/RM_work/ROS2_learning/chapter_3/chapt3_ws/install/my_ros2_interfaces/share/my_ros2_interfaces/msg/RobotPose.msg
[0.354s] -- Up-to-date: /home/cjj/Desktop/RM_work/ROS2_learning/chapter_3/chapt3_ws/install/my_ros2_interfaces/share/my_ros2_interfaces/msg/RobotStatus.msg
[0.354s] -- Up-to-date: /home/cjj/Desktop/RM_work/ROS2_learning/chapter_3/chapt3_ws/install/my_ros2_interfaces/share/my_ros2_interfaces/srv/MoveRobot.srv
[0.354s] -- Up-to-date: /home/cjj/Desktop/RM_work/ROS2_learning/chapter_3/chapt3_ws/install/my_ros2_interfaces/share/my_ros2_interfaces/srv/MoveRobot_Request.msg
[0.354s] -- Up-to-date: /home/cjj/Desktop/RM_work/ROS2_learning/chapter_3/chapt3_ws/install/my_ros2_interfaces/share/my_ros2_interfaces/srv/MoveRobot_Response.msg
[0.354s] -- Up-to-date: /home/cjj/Desktop/RM_work/ROS2_learning/chapter_3/chapt3_ws/install/my_ros2_interfaces/share/ament_index/resource_index/package_run_dependencies/my_ros2_interfaces
[0.354s] -- Up-to-date: /home/cjj/Desktop/RM_work/ROS2_learning/chapter_3/chapt3_ws/install/my_ros2_interfaces/share/ament_index/resource_index/parent_prefix_path/my_ros2_interfaces
[0.354s] -- Up-to-date: /home/cjj/Desktop/RM_work/ROS2_learning/chapter_3/chapt3_ws/install/my_ros2_interfaces/share/my_ros2_interfaces/environment/ament_prefix_path.sh
[0.355s] -- Up-to-date: /home/cjj/Desktop/RM_work/ROS2_learning/chapter_3/chapt3_ws/install/my_ros2_interfaces/share/my_ros2_interfaces/environment/ament_prefix_path.dsv
[0.355s] -- Up-to-date: /home/cjj/Desktop/RM_work/ROS2_learning/chapter_3/chapt3_ws/install/my_ros2_interfaces/share/my_ros2_interfaces/environment/path.sh
[0.355s] -- Up-to-date: /home/cjj/Desktop/RM_work/ROS2_learning/chapter_3/chapt3_ws/install/my_ros2_interfaces/share/my_ros2_interfaces/environment/path.dsv
[0.355s] -- Up-to-date: /home/cjj/Desktop/RM_work/ROS2_learning/chapter_3/chapt3_ws/install/my_ros2_interfaces/share/my_ros2_interfaces/local_setup.bash
[0.355s] -- Up-to-date: /home/cjj/Desktop/RM_work/ROS2_learning/chapter_3/chapt3_ws/install/my_ros2_interfaces/share/my_ros2_interfaces/local_setup.sh
[0.355s] -- Up-to-date: /home/cjj/Desktop/RM_work/ROS2_learning/chapter_3/chapt3_ws/install/my_ros2_interfaces/share/my_ros2_interfaces/local_setup.zsh
[0.355s] -- Up-to-date: /home/cjj/Desktop/RM_work/ROS2_learning/chapter_3/chapt3_ws/install/my_ros2_interfaces/share/my_ros2_interfaces/local_setup.dsv
[0.355s] -- Installing: /home/cjj/Desktop/RM_work/ROS2_learning/chapter_3/chapt3_ws/install/my_ros2_interfaces/share/my_ros2_interfaces/package.dsv
[0.355s] -- Up-to-date: /home/cjj/Desktop/RM_work/ROS2_learning/chapter_3/chapt3_ws/install/my_ros2_interfaces/share/ament_index/resource_index/packages/my_ros2_interfaces
[0.355s] -- Up-to-date: /home/cjj/Desktop/RM_work/ROS2_learning/chapter_3/chapt3_ws/install/my_ros2_interfaces/share/my_ros2_interfaces/cmake/export_my_ros2_interfaces__rosidl_generator_cExport.cmake
[0.355s] -- Up-to-date: /home/cjj/Desktop/RM_work/ROS2_learning/chapter_3/chapt3_ws/install/my_ros2_interfaces/share/my_ros2_interfaces/cmake/export_my_ros2_interfaces__rosidl_generator_cExport-noconfig.cmake
[0.355s] -- Up-to-date: /home/cjj/Desktop/RM_work/ROS2_learning/chapter_3/chapt3_ws/install/my_ros2_interfaces/share/my_ros2_interfaces/cmake/export_my_ros2_interfaces__rosidl_typesupport_fastrtps_cExport.cmake
[0.355s] -- Up-to-date: /home/cjj/Desktop/RM_work/ROS2_learning/chapter_3/chapt3_ws/install/my_ros2_interfaces/share/my_ros2_interfaces/cmake/export_my_ros2_interfaces__rosidl_typesupport_fastrtps_cExport-noconfig.cmake
[0.355s] -- Up-to-date: /home/cjj/Desktop/RM_work/ROS2_learning/chapter_3/chapt3_ws/install/my_ros2_interfaces/share/my_ros2_interfaces/cmake/my_ros2_interfaces__rosidl_typesupport_introspection_cExport.cmake
[0.355s] -- Up-to-date: /home/cjj/Desktop/RM_work/ROS2_learning/chapter_3/chapt3_ws/install/my_ros2_interfaces/share/my_ros2_interfaces/cmake/my_ros2_interfaces__rosidl_typesupport_introspection_cExport-noconfig.cmake
[0.355s] -- Up-to-date: /home/cjj/Desktop/RM_work/ROS2_learning/chapter_3/chapt3_ws/install/my_ros2_interfaces/share/my_ros2_interfaces/cmake/my_ros2_interfaces__rosidl_typesupport_cExport.cmake
[0.355s] -- Up-to-date: /home/cjj/Desktop/RM_work/ROS2_learning/chapter_3/chapt3_ws/install/my_ros2_interfaces/share/my_ros2_interfaces/cmake/my_ros2_interfaces__rosidl_typesupport_cExport-noconfig.cmake
[0.355s] -- Up-to-date: /home/cjj/Desktop/RM_work/ROS2_learning/chapter_3/chapt3_ws/install/my_ros2_interfaces/share/my_ros2_interfaces/cmake/export_my_ros2_interfaces__rosidl_generator_cppExport.cmake
[0.356s] -- Up-to-date: /home/cjj/Desktop/RM_work/ROS2_learning/chapter_3/chapt3_ws/install/my_ros2_interfaces/share/my_ros2_interfaces/cmake/export_my_ros2_interfaces__rosidl_typesupport_fastrtps_cppExport.cmake
[0.356s] -- Up-to-date: /home/cjj/Desktop/RM_work/ROS2_learning/chapter_3/chapt3_ws/install/my_ros2_interfaces/share/my_ros2_interfaces/cmake/export_my_ros2_interfaces__rosidl_typesupport_fastrtps_cppExport-noconfig.cmake
[0.356s] -- Up-to-date: /home/cjj/Desktop/RM_work/ROS2_learning/chapter_3/chapt3_ws/install/my_ros2_interfaces/share/my_ros2_interfaces/cmake/my_ros2_interfaces__rosidl_typesupport_introspection_cppExport.cmake
[0.356s] -- Up-to-date: /home/cjj/Desktop/RM_work/ROS2_learning/chapter_3/chapt3_ws/install/my_ros2_interfaces/share/my_ros2_interfaces/cmake/my_ros2_interfaces__rosidl_typesupport_introspection_cppExport-noconfig.cmake
[0.356s] -- Up-to-date: /home/cjj/Desktop/RM_work/ROS2_learning/chapter_3/chapt3_ws/install/my_ros2_interfaces/share/my_ros2_interfaces/cmake/my_ros2_interfaces__rosidl_typesupport_cppExport.cmake
[0.356s] -- Up-to-date: /home/cjj/Desktop/RM_work/ROS2_learning/chapter_3/chapt3_ws/install/my_ros2_interfaces/share/my_ros2_interfaces/cmake/my_ros2_interfaces__rosidl_typesupport_cppExport-noconfig.cmake
[0.356s] -- Up-to-date: /home/cjj/Desktop/RM_work/ROS2_learning/chapter_3/chapt3_ws/install/my_ros2_interfaces/share/my_ros2_interfaces/cmake/export_my_ros2_interfaces__rosidl_generator_pyExport.cmake
[0.356s] -- Up-to-date: /home/cjj/Desktop/RM_work/ROS2_learning/chapter_3/chapt3_ws/install/my_ros2_interfaces/share/my_ros2_interfaces/cmake/export_my_ros2_interfaces__rosidl_generator_pyExport-noconfig.cmake
[0.356s] -- Up-to-date: /home/cjj/Desktop/RM_work/ROS2_learning/chapter_3/chapt3_ws/install/my_ros2_interfaces/share/my_ros2_interfaces/cmake/rosidl_cmake-extras.cmake
[0.356s] -- Up-to-date: /home/cjj/Desktop/RM_work/ROS2_learning/chapter_3/chapt3_ws/install/my_ros2_interfaces/share/my_ros2_interfaces/cmake/ament_cmake_export_dependencies-extras.cmake
[0.356s] -- Up-to-date: /home/cjj/Desktop/RM_work/ROS2_learning/chapter_3/chapt3_ws/install/my_ros2_interfaces/share/my_ros2_interfaces/cmake/ament_cmake_export_include_directories-extras.cmake
[0.356s] -- Up-to-date: /home/cjj/Desktop/RM_work/ROS2_learning/chapter_3/chapt3_ws/install/my_ros2_interfaces/share/my_ros2_interfaces/cmake/ament_cmake_export_libraries-extras.cmake
[0.356s] -- Up-to-date: /home/cjj/Desktop/RM_work/ROS2_learning/chapter_3/chapt3_ws/install/my_ros2_interfaces/share/my_ros2_interfaces/cmake/ament_cmake_export_targets-extras.cmake
[0.356s] -- Up-to-date: /home/cjj/Desktop/RM_work/ROS2_learning/chapter_3/chapt3_ws/install/my_ros2_interfaces/share/my_ros2_interfaces/cmake/rosidl_cmake_export_typesupport_targets-extras.cmake
[0.356s] -- Up-to-date: /home/cjj/Desktop/RM_work/ROS2_learning/chapter_3/chapt3_ws/install/my_ros2_interfaces/share/my_ros2_interfaces/cmake/rosidl_cmake_export_typesupport_libraries-extras.cmake
[0.357s] -- Up-to-date: /home/cjj/Desktop/RM_work/ROS2_learning/chapter_3/chapt3_ws/install/my_ros2_interfaces/share/my_ros2_interfaces/cmake/my_ros2_interfacesConfig.cmake
[0.357s] -- Up-to-date: /home/cjj/Desktop/RM_work/ROS2_learning/chapter_3/chapt3_ws/install/my_ros2_interfaces/share/my_ros2_interfaces/cmake/my_ros2_interfacesConfig-version.cmake
[0.357s] -- Up-to-date: /home/cjj/Desktop/RM_work/ROS2_learning/chapter_3/chapt3_ws/install/my_ros2_interfaces/share/my_ros2_interfaces/package.xml
[0.357s] Invoked command in '/home/cjj/Desktop/RM_work/ROS2_learning/chapter_3/chapt3_ws/build/my_ros2_interfaces' returned '0': CMAKE_PREFIX_PATH=${CMAKE_PREFIX_PATH}:/opt/ros/humble /usr/bin/cmake --install /home/cjj/Desktop/RM_work/ROS2_learning/chapter_3/chapt3_ws/build/my_ros2_interfaces
