[0.006s] Invoking command in '/home/cjj/Desktop/RM_work/ROS2_learning/chapter_4/chapt4_ws/build/startup': CMAKE_PREFIX_PATH=${CMAKE_PREFIX_PATH}:/opt/ros/humble /usr/bin/cmake --build /home/cjj/Desktop/RM_work/ROS2_learning/chapter_4/chapt4_ws/build/startup -- -j20 -l20
[0.038s] Invoked command in '/home/cjj/Desktop/RM_work/ROS2_learning/chapter_4/chapt4_ws/build/startup' returned '0': CMAKE_PREFIX_PATH=${CMAKE_PREFIX_PATH}:/opt/ros/humble /usr/bin/cmake --build /home/cjj/Desktop/RM_work/ROS2_learning/chapter_4/chapt4_ws/build/startup -- -j20 -l20
[0.063s] Invoking command in '/home/cjj/Desktop/RM_work/ROS2_learning/chapter_4/chapt4_ws/build/startup': CMAKE_PREFIX_PATH=${CMAKE_PREFIX_PATH}:/opt/ros/humble /usr/bin/cmake --install /home/cjj/Desktop/RM_work/ROS2_learning/chapter_4/chapt4_ws/build/startup
[0.068s] -- Install configuration: ""
[0.068s] -- Up-to-date: /home/cjj/Desktop/RM_work/ROS2_learning/chapter_4/chapt4_ws/install/startup/share/startup/launch
[0.068s] -- Installing: /home/cjj/Desktop/RM_work/ROS2_learning/chapter_4/chapt4_ws/install/startup/share/startup/launch/no_hardware_launch.py
[0.068s] -- Up-to-date: /home/cjj/Desktop/RM_work/ROS2_learning/chapter_4/chapt4_ws/install/startup/share/ament_index/resource_index/package_run_dependencies/startup
[0.068s] -- Up-to-date: /home/cjj/Desktop/RM_work/ROS2_learning/chapter_4/chapt4_ws/install/startup/share/ament_index/resource_index/parent_prefix_path/startup
[0.068s] -- Up-to-date: /home/cjj/Desktop/RM_work/ROS2_learning/chapter_4/chapt4_ws/install/startup/share/startup/environment/ament_prefix_path.sh
[0.068s] -- Up-to-date: /home/cjj/Desktop/RM_work/ROS2_learning/chapter_4/chapt4_ws/install/startup/share/startup/environment/ament_prefix_path.dsv
[0.068s] -- Up-to-date: /home/cjj/Desktop/RM_work/ROS2_learning/chapter_4/chapt4_ws/install/startup/share/startup/environment/path.sh
[0.068s] -- Up-to-date: /home/cjj/Desktop/RM_work/ROS2_learning/chapter_4/chapt4_ws/install/startup/share/startup/environment/path.dsv
[0.068s] -- Up-to-date: /home/cjj/Desktop/RM_work/ROS2_learning/chapter_4/chapt4_ws/install/startup/share/startup/local_setup.bash
[0.068s] -- Up-to-date: /home/cjj/Desktop/RM_work/ROS2_learning/chapter_4/chapt4_ws/install/startup/share/startup/local_setup.sh
[0.068s] -- Up-to-date: /home/cjj/Desktop/RM_work/ROS2_learning/chapter_4/chapt4_ws/install/startup/share/startup/local_setup.zsh
[0.068s] -- Up-to-date: /home/cjj/Desktop/RM_work/ROS2_learning/chapter_4/chapt4_ws/install/startup/share/startup/local_setup.dsv
[0.069s] -- Up-to-date: /home/cjj/Desktop/RM_work/ROS2_learning/chapter_4/chapt4_ws/install/startup/share/startup/package.dsv
[0.069s] -- Up-to-date: /home/cjj/Desktop/RM_work/ROS2_learning/chapter_4/chapt4_ws/install/startup/share/ament_index/resource_index/packages/startup
[0.069s] -- Up-to-date: /home/cjj/Desktop/RM_work/ROS2_learning/chapter_4/chapt4_ws/install/startup/share/startup/cmake/startupConfig.cmake
[0.069s] -- Up-to-date: /home/cjj/Desktop/RM_work/ROS2_learning/chapter_4/chapt4_ws/install/startup/share/startup/cmake/startupConfig-version.cmake
[0.069s] -- Up-to-date: /home/cjj/Desktop/RM_work/ROS2_learning/chapter_4/chapt4_ws/install/startup/share/startup/package.xml
[0.070s] Invoked command in '/home/cjj/Desktop/RM_work/ROS2_learning/chapter_4/chapt4_ws/build/startup' returned '0': CMAKE_PREFIX_PATH=${CMAKE_PREFIX_PATH}:/opt/ros/humble /usr/bin/cmake --install /home/cjj/Desktop/RM_work/ROS2_learning/chapter_4/chapt4_ws/build/startup
