[0.006s] Invoking command in '/home/cjj/Desktop/RM_work/ROS2_learning/simple_calculator_task/ws/build/startup': CMAKE_PREFIX_PATH=/opt/ros/humble /usr/bin/cmake /home/cjj/Desktop/RM_work/ROS2_learning/simple_calculator_task/ws/src/startup -DCMAKE_INSTALL_PREFIX=/home/cjj/Desktop/RM_work/ROS2_learning/simple_calculator_task/ws/install/startup
[0.054s] -- The C compiler identification is GNU 11.4.0
[0.092s] -- The CXX compiler identification is GNU 11.4.0
[0.097s] -- Detecting C compiler ABI info
[0.151s] -- Detecting C compiler ABI info - done
[0.156s] -- Check for working C compiler: /usr/bin/cc - skipped
[0.157s] -- Detecting C compile features
[0.157s] -- Detecting C compile features - done
[0.159s] -- Detecting CXX compiler ABI info
[0.212s] -- Detecting CXX compiler ABI info - done
[0.217s] -- Check for working CXX compiler: /usr/bin/c++ - skipped
[0.217s] -- Detecting CXX compile features
[0.217s] -- Detecting CXX compile features - done
[0.219s] -- Found ament_cmake: 1.3.10 (/opt/ros/humble/share/ament_cmake/cmake)
[0.322s] -- Found Python3: /usr/bin/python3 (found version "3.10.12") found components: Interpreter 
[0.371s] -- Found ament_lint_auto: 0.12.11 (/opt/ros/humble/share/ament_lint_auto/cmake)
[0.417s] -- Added test 'flake8' to check Python code syntax and style conventions
[0.417s] -- Added test 'lint_cmake' to check CMake code style
[0.418s] -- Added test 'pep257' to check Python code against some of the docstring style conventions in PEP 257
[0.418s] -- Added test 'xmllint' to check XML markup files
[0.419s] -- Configuring done
[0.420s] -- Generating done
[0.421s] -- Build files have been written to: /home/cjj/Desktop/RM_work/ROS2_learning/simple_calculator_task/ws/build/startup
[0.425s] Invoked command in '/home/cjj/Desktop/RM_work/ROS2_learning/simple_calculator_task/ws/build/startup' returned '0': CMAKE_PREFIX_PATH=/opt/ros/humble /usr/bin/cmake /home/cjj/Desktop/RM_work/ROS2_learning/simple_calculator_task/ws/src/startup -DCMAKE_INSTALL_PREFIX=/home/cjj/Desktop/RM_work/ROS2_learning/simple_calculator_task/ws/install/startup
[0.425s] Invoking command in '/home/cjj/Desktop/RM_work/ROS2_learning/simple_calculator_task/ws/build/startup': CMAKE_PREFIX_PATH=/opt/ros/humble /usr/bin/cmake --build /home/cjj/Desktop/RM_work/ROS2_learning/simple_calculator_task/ws/build/startup -- -j20 -l20
[0.455s] Invoked command in '/home/cjj/Desktop/RM_work/ROS2_learning/simple_calculator_task/ws/build/startup' returned '0': CMAKE_PREFIX_PATH=/opt/ros/humble /usr/bin/cmake --build /home/cjj/Desktop/RM_work/ROS2_learning/simple_calculator_task/ws/build/startup -- -j20 -l20
[0.480s] Invoking command in '/home/cjj/Desktop/RM_work/ROS2_learning/simple_calculator_task/ws/build/startup': CMAKE_PREFIX_PATH=/opt/ros/humble /usr/bin/cmake --install /home/cjj/Desktop/RM_work/ROS2_learning/simple_calculator_task/ws/build/startup
[0.484s] -- Install configuration: ""
[0.484s] -- Installing: /home/cjj/Desktop/RM_work/ROS2_learning/simple_calculator_task/ws/install/startup/share/startup/launch
[0.484s] -- Installing: /home/cjj/Desktop/RM_work/ROS2_learning/simple_calculator_task/ws/install/startup/share/startup/launch/no_hardware_launch.py
[0.484s] -- Installing: /home/cjj/Desktop/RM_work/ROS2_learning/simple_calculator_task/ws/install/startup/share/ament_index/resource_index/package_run_dependencies/startup
[0.484s] -- Installing: /home/cjj/Desktop/RM_work/ROS2_learning/simple_calculator_task/ws/install/startup/share/ament_index/resource_index/parent_prefix_path/startup
[0.484s] -- Installing: /home/cjj/Desktop/RM_work/ROS2_learning/simple_calculator_task/ws/install/startup/share/startup/environment/ament_prefix_path.sh
[0.485s] -- Installing: /home/cjj/Desktop/RM_work/ROS2_learning/simple_calculator_task/ws/install/startup/share/startup/environment/ament_prefix_path.dsv
[0.485s] -- Installing: /home/cjj/Desktop/RM_work/ROS2_learning/simple_calculator_task/ws/install/startup/share/startup/environment/path.sh
[0.485s] -- Installing: /home/cjj/Desktop/RM_work/ROS2_learning/simple_calculator_task/ws/install/startup/share/startup/environment/path.dsv
[0.485s] -- Installing: /home/cjj/Desktop/RM_work/ROS2_learning/simple_calculator_task/ws/install/startup/share/startup/local_setup.bash
[0.485s] -- Installing: /home/cjj/Desktop/RM_work/ROS2_learning/simple_calculator_task/ws/install/startup/share/startup/local_setup.sh
[0.485s] -- Installing: /home/cjj/Desktop/RM_work/ROS2_learning/simple_calculator_task/ws/install/startup/share/startup/local_setup.zsh
[0.485s] -- Installing: /home/cjj/Desktop/RM_work/ROS2_learning/simple_calculator_task/ws/install/startup/share/startup/local_setup.dsv
[0.485s] -- Installing: /home/cjj/Desktop/RM_work/ROS2_learning/simple_calculator_task/ws/install/startup/share/startup/package.dsv
[0.485s] -- Installing: /home/cjj/Desktop/RM_work/ROS2_learning/simple_calculator_task/ws/install/startup/share/ament_index/resource_index/packages/startup
[0.485s] -- Installing: /home/cjj/Desktop/RM_work/ROS2_learning/simple_calculator_task/ws/install/startup/share/startup/cmake/startupConfig.cmake
[0.485s] -- Installing: /home/cjj/Desktop/RM_work/ROS2_learning/simple_calculator_task/ws/install/startup/share/startup/cmake/startupConfig-version.cmake
[0.485s] -- Installing: /home/cjj/Desktop/RM_work/ROS2_learning/simple_calculator_task/ws/install/startup/share/startup/package.xml
[0.486s] Invoked command in '/home/cjj/Desktop/RM_work/ROS2_learning/simple_calculator_task/ws/build/startup' returned '0': CMAKE_PREFIX_PATH=/opt/ros/humble /usr/bin/cmake --install /home/cjj/Desktop/RM_work/ROS2_learning/simple_calculator_task/ws/build/startup
