-- Found ament_cmake: 1.3.10 (/opt/ros/humble/share/ament_cmake/cmake)
-- Found rclcpp: 16.0.10 (/opt/ros/humble/share/rclcpp/cmake)
-- Found rosidl_generator_c: 3.1.5 (/opt/ros/humble/share/rosidl_generator_c/cmake)
-- Found rosidl_adapter: 3.1.5 (/opt/ros/humble/share/rosidl_adapter/cmake)
-- Found rosidl_generator_cpp: 3.1.5 (/opt/ros/humble/share/rosidl_generator_cpp/cmake)
-- Using all available rosidl_typesupport_c: rosidl_typesupport_fastrtps_c;rosidl_typesupport_introspection_c
-- Using all available rosidl_typesupport_cpp: rosidl_typesupport_fastrtps_cpp;rosidl_typesupport_introspection_cpp
-- Found rmw_implementation_cmake: 6.1.2 (/opt/ros/humble/share/rmw_implementation_cmake/cmake)
-- Found rmw_fastrtps_cpp: 6.2.7 (/opt/ros/humble/share/rmw_fastrtps_cpp/cmake)
-- Using RMW implementation 'rmw_fastrtps_cpp' as default
-- Found my_add_interfaces: 0.0.0 (/home/cjj/Desktop/RM_work/ROS2_learning/simple_calculator_task/ws/install/my_add_interfaces/share/my_add_interfaces/cmake)
-- Found ament_lint_auto: 0.12.11 (/opt/ros/humble/share/ament_lint_auto/cmake)
-- Added test 'cppcheck' to perform static code analysis on C / C++ code
-- Configured cppcheck include dirs: 
-- Configured cppcheck exclude dirs and/or files: 
-- Added test 'lint_cmake' to check CMake code style
-- Added test 'uncrustify' to check C / C++ code style
-- Configured uncrustify additional arguments: 
-- Added test 'xmllint' to check XML markup files
-- Configuring done
-- Generating done
-- Build files have been written to: /home/cjj/Desktop/RM_work/ROS2_learning/simple_calculator_task/ws/build/add_task
[35m[1mConsolidate compiler generated dependencies of target task_sub_cli[0m
[35m[1mConsolidate compiler generated dependencies of target task_pub_ser[0m
[ 16%] [32mBuilding CXX object CMakeFiles/my_test.dir/src/my_test.cpp.o[0m
[ 50%] [32mBuilding CXX object CMakeFiles/task_sub_cli.dir/src/task_sub_cli.cpp.o[0m
[ 66%] Built target task_pub_ser
[ 83%] [32m[1mLinking CXX executable my_test[0m
[ 83%] Built target my_test
[100%] [32m[1mLinking CXX executable task_sub_cli[0m
[100%] Built target task_sub_cli
-- Install configuration: ""
-- Up-to-date: /home/cjj/Desktop/RM_work/ROS2_learning/simple_calculator_task/ws/install/add_task/lib/add_task/task_pub_ser
-- Installing: /home/cjj/Desktop/RM_work/ROS2_learning/simple_calculator_task/ws/install/add_task/lib/add_task/task_sub_cli
-- Set runtime path of "/home/cjj/Desktop/RM_work/ROS2_learning/simple_calculator_task/ws/install/add_task/lib/add_task/task_sub_cli" to ""
-- Installing: /home/cjj/Desktop/RM_work/ROS2_learning/simple_calculator_task/ws/install/add_task/lib/add_task/my_test
-- Set runtime path of "/home/cjj/Desktop/RM_work/ROS2_learning/simple_calculator_task/ws/install/add_task/lib/add_task/my_test" to ""
-- Up-to-date: /home/cjj/Desktop/RM_work/ROS2_learning/simple_calculator_task/ws/install/add_task/share/ament_index/resource_index/package_run_dependencies/add_task
-- Installing: /home/cjj/Desktop/RM_work/ROS2_learning/simple_calculator_task/ws/install/add_task/share/ament_index/resource_index/parent_prefix_path/add_task
-- Up-to-date: /home/cjj/Desktop/RM_work/ROS2_learning/simple_calculator_task/ws/install/add_task/share/add_task/environment/ament_prefix_path.sh
-- Installing: /home/cjj/Desktop/RM_work/ROS2_learning/simple_calculator_task/ws/install/add_task/share/add_task/environment/ament_prefix_path.dsv
-- Up-to-date: /home/cjj/Desktop/RM_work/ROS2_learning/simple_calculator_task/ws/install/add_task/share/add_task/environment/path.sh
-- Installing: /home/cjj/Desktop/RM_work/ROS2_learning/simple_calculator_task/ws/install/add_task/share/add_task/environment/path.dsv
-- Up-to-date: /home/cjj/Desktop/RM_work/ROS2_learning/simple_calculator_task/ws/install/add_task/share/add_task/local_setup.bash
-- Up-to-date: /home/cjj/Desktop/RM_work/ROS2_learning/simple_calculator_task/ws/install/add_task/share/add_task/local_setup.sh
-- Up-to-date: /home/cjj/Desktop/RM_work/ROS2_learning/simple_calculator_task/ws/install/add_task/share/add_task/local_setup.zsh
-- Installing: /home/cjj/Desktop/RM_work/ROS2_learning/simple_calculator_task/ws/install/add_task/share/add_task/local_setup.dsv
-- Installing: /home/cjj/Desktop/RM_work/ROS2_learning/simple_calculator_task/ws/install/add_task/share/add_task/package.dsv
-- Up-to-date: /home/cjj/Desktop/RM_work/ROS2_learning/simple_calculator_task/ws/install/add_task/share/ament_index/resource_index/packages/add_task
-- Up-to-date: /home/cjj/Desktop/RM_work/ROS2_learning/simple_calculator_task/ws/install/add_task/share/add_task/cmake/add_taskConfig.cmake
-- Up-to-date: /home/cjj/Desktop/RM_work/ROS2_learning/simple_calculator_task/ws/install/add_task/share/add_task/cmake/add_taskConfig-version.cmake
-- Up-to-date: /home/cjj/Desktop/RM_work/ROS2_learning/simple_calculator_task/ws/install/add_task/share/add_task/package.xml
