[0.007s] Invoking command in '/home/cjj/Desktop/RM_work/ROS2_learning/chapter_5/chapt5_ws/build/robot_startup': CMAKE_PREFIX_PATH=${CMAKE_PREFIX_PATH}:/opt/ros/humble /usr/bin/cmake --build /home/cjj/Desktop/RM_work/ROS2_learning/chapter_5/chapt5_ws/build/robot_startup -- -j20 -l20
[0.039s] Invoked command in '/home/cjj/Desktop/RM_work/ROS2_learning/chapter_5/chapt5_ws/build/robot_startup' returned '0': CMAKE_PREFIX_PATH=${CMAKE_PREFIX_PATH}:/opt/ros/humble /usr/bin/cmake --build /home/cjj/Desktop/RM_work/ROS2_learning/chapter_5/chapt5_ws/build/robot_startup -- -j20 -l20
[0.063s] Invoking command in '/home/cjj/Desktop/RM_work/ROS2_learning/chapter_5/chapt5_ws/build/robot_startup': CMAKE_PREFIX_PATH=${CMAKE_PREFIX_PATH}:/opt/ros/humble /usr/bin/cmake --install /home/cjj/Desktop/RM_work/ROS2_learning/chapter_5/chapt5_ws/build/robot_startup
[0.068s] -- Install configuration: ""
[0.068s] -- Up-to-date: /home/cjj/Desktop/RM_work/ROS2_learning/chapter_5/chapt5_ws/install/robot_startup/share/robot_startup/launch
[0.068s] -- Installing: /home/cjj/Desktop/RM_work/ROS2_learning/chapter_5/chapt5_ws/install/robot_startup/share/robot_startup/launch/my_action.launch.py
[0.068s] -- Up-to-date: /home/cjj/Desktop/RM_work/ROS2_learning/chapter_5/chapt5_ws/install/robot_startup/share/ament_index/resource_index/package_run_dependencies/robot_startup
[0.068s] -- Up-to-date: /home/cjj/Desktop/RM_work/ROS2_learning/chapter_5/chapt5_ws/install/robot_startup/share/ament_index/resource_index/parent_prefix_path/robot_startup
[0.068s] -- Up-to-date: /home/cjj/Desktop/RM_work/ROS2_learning/chapter_5/chapt5_ws/install/robot_startup/share/robot_startup/environment/ament_prefix_path.sh
[0.068s] -- Up-to-date: /home/cjj/Desktop/RM_work/ROS2_learning/chapter_5/chapt5_ws/install/robot_startup/share/robot_startup/environment/ament_prefix_path.dsv
[0.068s] -- Up-to-date: /home/cjj/Desktop/RM_work/ROS2_learning/chapter_5/chapt5_ws/install/robot_startup/share/robot_startup/environment/path.sh
[0.068s] -- Up-to-date: /home/cjj/Desktop/RM_work/ROS2_learning/chapter_5/chapt5_ws/install/robot_startup/share/robot_startup/environment/path.dsv
[0.068s] -- Up-to-date: /home/cjj/Desktop/RM_work/ROS2_learning/chapter_5/chapt5_ws/install/robot_startup/share/robot_startup/local_setup.bash
[0.068s] -- Up-to-date: /home/cjj/Desktop/RM_work/ROS2_learning/chapter_5/chapt5_ws/install/robot_startup/share/robot_startup/local_setup.sh
[0.068s] -- Up-to-date: /home/cjj/Desktop/RM_work/ROS2_learning/chapter_5/chapt5_ws/install/robot_startup/share/robot_startup/local_setup.zsh
[0.068s] -- Up-to-date: /home/cjj/Desktop/RM_work/ROS2_learning/chapter_5/chapt5_ws/install/robot_startup/share/robot_startup/local_setup.dsv
[0.068s] -- Up-to-date: /home/cjj/Desktop/RM_work/ROS2_learning/chapter_5/chapt5_ws/install/robot_startup/share/robot_startup/package.dsv
[0.068s] -- Up-to-date: /home/cjj/Desktop/RM_work/ROS2_learning/chapter_5/chapt5_ws/install/robot_startup/share/ament_index/resource_index/packages/robot_startup
[0.068s] -- Up-to-date: /home/cjj/Desktop/RM_work/ROS2_learning/chapter_5/chapt5_ws/install/robot_startup/share/robot_startup/cmake/robot_startupConfig.cmake
[0.068s] -- Up-to-date: /home/cjj/Desktop/RM_work/ROS2_learning/chapter_5/chapt5_ws/install/robot_startup/share/robot_startup/cmake/robot_startupConfig-version.cmake
[0.068s] -- Up-to-date: /home/cjj/Desktop/RM_work/ROS2_learning/chapter_5/chapt5_ws/install/robot_startup/share/robot_startup/package.xml
[0.069s] Invoked command in '/home/cjj/Desktop/RM_work/ROS2_learning/chapter_5/chapt5_ws/build/robot_startup' returned '0': CMAKE_PREFIX_PATH=${CMAKE_PREFIX_PATH}:/opt/ros/humble /usr/bin/cmake --install /home/cjj/Desktop/RM_work/ROS2_learning/chapter_5/chapt5_ws/build/robot_startup
