[35m[1mConsolidate compiler generated dependencies of target my_interfaces_robot_01[0m
[35m[1mConsolidate compiler generated dependencies of target my_interfaces_control_01[0m
[ 25%] [32mBuilding CXX object CMakeFiles/my_interfaces_robot_01.dir/src/my_interfaces_robot_01.cpp.o[0m
[ 50%] [32mBuilding CXX object CMakeFiles/my_interfaces_control_01.dir/src/my_interfaces_control_01.cpp.o[0m
[ 75%] [32m[1mLinking CXX executable my_interfaces_robot_01[0m
[ 75%] Built target my_interfaces_robot_01
[100%] [32m[1mLinking CXX executable my_interfaces_control_01[0m
[100%] Built target my_interfaces_control_01
-- Install configuration: ""
-- Installing: /home/cjj/Desktop/RM_work/ROS2_learning/chapter_3/chapt3_ws/install/my_interfaces_rclcpp/lib/my_interfaces_rclcpp/my_interfaces_robot_01
-- Set runtime path of "/home/cjj/Desktop/RM_work/ROS2_learning/chapter_3/chapt3_ws/install/my_interfaces_rclcpp/lib/my_interfaces_rclcpp/my_interfaces_robot_01" to ""
-- Installing: /home/cjj/Desktop/RM_work/ROS2_learning/chapter_3/chapt3_ws/install/my_interfaces_rclcpp/lib/my_interfaces_rclcpp/my_interfaces_control_01
-- Set runtime path of "/home/cjj/Desktop/RM_work/ROS2_learning/chapter_3/chapt3_ws/install/my_interfaces_rclcpp/lib/my_interfaces_rclcpp/my_interfaces_control_01" to ""
-- Up-to-date: /home/cjj/Desktop/RM_work/ROS2_learning/chapter_3/chapt3_ws/install/my_interfaces_rclcpp/share/ament_index/resource_index/package_run_dependencies/my_interfaces_rclcpp
-- Up-to-date: /home/cjj/Desktop/RM_work/ROS2_learning/chapter_3/chapt3_ws/install/my_interfaces_rclcpp/share/ament_index/resource_index/parent_prefix_path/my_interfaces_rclcpp
-- Up-to-date: /home/cjj/Desktop/RM_work/ROS2_learning/chapter_3/chapt3_ws/install/my_interfaces_rclcpp/share/my_interfaces_rclcpp/environment/ament_prefix_path.sh
-- Up-to-date: /home/cjj/Desktop/RM_work/ROS2_learning/chapter_3/chapt3_ws/install/my_interfaces_rclcpp/share/my_interfaces_rclcpp/environment/ament_prefix_path.dsv
-- Up-to-date: /home/cjj/Desktop/RM_work/ROS2_learning/chapter_3/chapt3_ws/install/my_interfaces_rclcpp/share/my_interfaces_rclcpp/environment/path.sh
-- Up-to-date: /home/cjj/Desktop/RM_work/ROS2_learning/chapter_3/chapt3_ws/install/my_interfaces_rclcpp/share/my_interfaces_rclcpp/environment/path.dsv
-- Up-to-date: /home/cjj/Desktop/RM_work/ROS2_learning/chapter_3/chapt3_ws/install/my_interfaces_rclcpp/share/my_interfaces_rclcpp/local_setup.bash
-- Up-to-date: /home/cjj/Desktop/RM_work/ROS2_learning/chapter_3/chapt3_ws/install/my_interfaces_rclcpp/share/my_interfaces_rclcpp/local_setup.sh
-- Up-to-date: /home/cjj/Desktop/RM_work/ROS2_learning/chapter_3/chapt3_ws/install/my_interfaces_rclcpp/share/my_interfaces_rclcpp/local_setup.zsh
-- Up-to-date: /home/cjj/Desktop/RM_work/ROS2_learning/chapter_3/chapt3_ws/install/my_interfaces_rclcpp/share/my_interfaces_rclcpp/local_setup.dsv
-- Installing: /home/cjj/Desktop/RM_work/ROS2_learning/chapter_3/chapt3_ws/install/my_interfaces_rclcpp/share/my_interfaces_rclcpp/package.dsv
-- Up-to-date: /home/cjj/Desktop/RM_work/ROS2_learning/chapter_3/chapt3_ws/install/my_interfaces_rclcpp/share/ament_index/resource_index/packages/my_interfaces_rclcpp
-- Up-to-date: /home/cjj/Desktop/RM_work/ROS2_learning/chapter_3/chapt3_ws/install/my_interfaces_rclcpp/share/my_interfaces_rclcpp/cmake/my_interfaces_rclcppConfig.cmake
-- Up-to-date: /home/cjj/Desktop/RM_work/ROS2_learning/chapter_3/chapt3_ws/install/my_interfaces_rclcpp/share/my_interfaces_rclcpp/cmake/my_interfaces_rclcppConfig-version.cmake
-- Up-to-date: /home/cjj/Desktop/RM_work/ROS2_learning/chapter_3/chapt3_ws/install/my_interfaces_rclcpp/share/my_interfaces_rclcpp/package.xml
