[35m[1mConsolidate compiler generated dependencies of target service_client_01[0m
[35m[1mConsolidate compiler generated dependencies of target service_server_01[0m
[ 25%] [32mBuilding CXX object CMakeFiles/service_client_01.dir/src/service_client_01.cpp.o[0m
[ 75%] Built target service_server_01
[100%] [32m[1mLinking CXX executable service_client_01[0m
[100%] Built target service_client_01
-- Install configuration: ""
-- Up-to-date: /home/cjj/Desktop/RM_work/ROS2_learning/chapter_3/chapt3_ws/install/my_service_rclcpp/share/ament_index/resource_index/package_run_dependencies/my_service_rclcpp
-- Up-to-date: /home/cjj/Desktop/RM_work/ROS2_learning/chapter_3/chapt3_ws/install/my_service_rclcpp/share/ament_index/resource_index/parent_prefix_path/my_service_rclcpp
-- Up-to-date: /home/cjj/Desktop/RM_work/ROS2_learning/chapter_3/chapt3_ws/install/my_service_rclcpp/share/my_service_rclcpp/environment/ament_prefix_path.sh
-- Up-to-date: /home/cjj/Desktop/RM_work/ROS2_learning/chapter_3/chapt3_ws/install/my_service_rclcpp/share/my_service_rclcpp/environment/ament_prefix_path.dsv
-- Up-to-date: /home/cjj/Desktop/RM_work/ROS2_learning/chapter_3/chapt3_ws/install/my_service_rclcpp/share/my_service_rclcpp/environment/path.sh
-- Up-to-date: /home/cjj/Desktop/RM_work/ROS2_learning/chapter_3/chapt3_ws/install/my_service_rclcpp/share/my_service_rclcpp/environment/path.dsv
-- Up-to-date: /home/cjj/Desktop/RM_work/ROS2_learning/chapter_3/chapt3_ws/install/my_service_rclcpp/share/my_service_rclcpp/local_setup.bash
-- Up-to-date: /home/cjj/Desktop/RM_work/ROS2_learning/chapter_3/chapt3_ws/install/my_service_rclcpp/share/my_service_rclcpp/local_setup.sh
-- Up-to-date: /home/cjj/Desktop/RM_work/ROS2_learning/chapter_3/chapt3_ws/install/my_service_rclcpp/share/my_service_rclcpp/local_setup.zsh
-- Up-to-date: /home/cjj/Desktop/RM_work/ROS2_learning/chapter_3/chapt3_ws/install/my_service_rclcpp/share/my_service_rclcpp/local_setup.dsv
-- Installing: /home/cjj/Desktop/RM_work/ROS2_learning/chapter_3/chapt3_ws/install/my_service_rclcpp/share/my_service_rclcpp/package.dsv
-- Up-to-date: /home/cjj/Desktop/RM_work/ROS2_learning/chapter_3/chapt3_ws/install/my_service_rclcpp/share/ament_index/resource_index/packages/my_service_rclcpp
-- Up-to-date: /home/cjj/Desktop/RM_work/ROS2_learning/chapter_3/chapt3_ws/install/my_service_rclcpp/share/my_service_rclcpp/cmake/my_service_rclcppConfig.cmake
-- Up-to-date: /home/cjj/Desktop/RM_work/ROS2_learning/chapter_3/chapt3_ws/install/my_service_rclcpp/share/my_service_rclcpp/cmake/my_service_rclcppConfig-version.cmake
-- Up-to-date: /home/cjj/Desktop/RM_work/ROS2_learning/chapter_3/chapt3_ws/install/my_service_rclcpp/share/my_service_rclcpp/package.xml
-- Up-to-date: /home/cjj/Desktop/RM_work/ROS2_learning/chapter_3/chapt3_ws/install/my_service_rclcpp/lib/my_service_rclcpp/service_server_01
-- Installing: /home/cjj/Desktop/RM_work/ROS2_learning/chapter_3/chapt3_ws/install/my_service_rclcpp/lib/my_service_rclcpp/service_client_01
-- Set runtime path of "/home/cjj/Desktop/RM_work/ROS2_learning/chapter_3/chapt3_ws/install/my_service_rclcpp/lib/my_service_rclcpp/service_client_01" to ""
