[0.008s] Invoking command in '/home/cjj/Desktop/RM_work/ROS2_learning/rviz2_tasks/build/show_points': CMAKE_PREFIX_PATH=${CMAKE_PREFIX_PATH}:/opt/ros/humble /usr/bin/cmake --build /home/cjj/Desktop/RM_work/ROS2_learning/rviz2_tasks/build/show_points -- -j20 -l20
[0.044s] [35m[1mConsolidate compiler generated dependencies of target show_points[0m
[0.063s] [ 50%] [32mBuilding CXX object CMakeFiles/show_points.dir/src/show_points_node.cpp.o[0m
[1.504s] [01m[K/home/cjj/Desktop/RM_work/ROS2_learning/rviz2_tasks/src/show_points/src/show_points_node.cpp:[m[K In constructor ‘[01m[KShowPoints::ShowPoints(std::string)[m[K’:
[1.504s] [01m[K/home/cjj/Desktop/RM_work/ROS2_learning/rviz2_tasks/src/show_points/src/show_points_node.cpp:9:9:[m[K [01;31m[Kerror: [m[Kno matching function for call to ‘[01m[Krclcpp::Node::Node()[m[K’
[1.504s]     9 |         [01;31m[K{[m[K
[1.504s]       |         [01;31m[K^[m[K
[1.504s] In file included from [01m[K/opt/ros/humble/include/rclcpp/rclcpp/executors/single_threaded_executor.hpp:28[m[K,
[1.504s]                  from [01m[K/opt/ros/humble/include/rclcpp/rclcpp/executors.hpp:22[m[K,
[1.504s]                  from [01m[K/opt/ros/humble/include/rclcpp/rclcpp/rclcpp.hpp:155[m[K,
[1.504s]                  from [01m[K/home/cjj/Desktop/RM_work/ROS2_learning/rviz2_tasks/src/show_points/src/show_points_node.cpp:1[m[K:
[1.504s] [01m[K/opt/ros/humble/include/rclcpp/rclcpp/node.hpp:1294:3:[m[K [01;36m[Knote: [m[Kcandidate: ‘[01m[Krclcpp::Node::Node(const rclcpp::Node&, const string&)[m[K’
[1.504s]  1294 |   [01;36m[KNode[m[K(
[1.504s]       |   [01;36m[K^~~~[m[K
[1.504s] [01m[K/opt/ros/humble/include/rclcpp/rclcpp/node.hpp:1294:3:[m[K [01;36m[Knote: [m[K  candidate expects 2 arguments, 0 provided
[1.504s] [01m[K/opt/ros/humble/include/rclcpp/rclcpp/node.hpp:101:12:[m[K [01;36m[Knote: [m[Kcandidate: ‘[01m[Krclcpp::Node::Node(const string&, const string&, const rclcpp::NodeOptions&)[m[K’
[1.504s]   101 |   explicit [01;36m[KNode[m[K(
[1.504s]       |            [01;36m[K^~~~[m[K
[1.504s] [01m[K/opt/ros/humble/include/rclcpp/rclcpp/node.hpp:101:12:[m[K [01;36m[Knote: [m[K  candidate expects 3 arguments, 0 provided
[1.504s] [01m[K/opt/ros/humble/include/rclcpp/rclcpp/node.hpp:89:12:[m[K [01;36m[Knote: [m[Kcandidate: ‘[01m[Krclcpp::Node::Node(const string&, const rclcpp::NodeOptions&)[m[K’
[1.504s]    89 |   explicit [01;36m[KNode[m[K(
[1.504s]       |            [01;36m[K^~~~[m[K
[1.504s] [01m[K/opt/ros/humble/include/rclcpp/rclcpp/node.hpp:89:12:[m[K [01;36m[Knote: [m[K  candidate expects 2 arguments, 0 provided
[1.505s] [01m[K/home/cjj/Desktop/RM_work/ROS2_learning/rviz2_tasks/src/show_points/src/show_points_node.cpp:9:9:[m[K [01;31m[Kerror: [m[Kno matching function for call to ‘[01m[Krclcpp::Publisher<visualization_msgs::msg::MarkerArray_<std::allocator<void> > >::Publisher()[m[K’
[1.505s]     9 |         [01;31m[K{[m[K
[1.505s]       |         [01;31m[K^[m[K
[1.505s] In file included from [01m[K/opt/ros/humble/include/rclcpp/rclcpp/topic_statistics/subscription_topic_statistics.hpp:31[m[K,
[1.505s]                  from [01m[K/opt/ros/humble/include/rclcpp/rclcpp/subscription.hpp:50[m[K,
[1.505s]                  from [01m[K/opt/ros/humble/include/rclcpp/rclcpp/any_executable.hpp:25[m[K,
[1.505s]                  from [01m[K/opt/ros/humble/include/rclcpp/rclcpp/memory_strategy.hpp:25[m[K,
[1.505s]                  from [01m[K/opt/ros/humble/include/rclcpp/rclcpp/memory_strategies.hpp:18[m[K,
[1.505s]                  from [01m[K/opt/ros/humble/include/rclcpp/rclcpp/executor_options.hpp:20[m[K,
[1.505s]                  from [01m[K/opt/ros/humble/include/rclcpp/rclcpp/executor.hpp:37[m[K,
[1.505s]                  from [01m[K/opt/ros/humble/include/rclcpp/rclcpp/executors/multi_threaded_executor.hpp:25[m[K,
[1.505s]                  from [01m[K/opt/ros/humble/include/rclcpp/rclcpp/executors.hpp:21[m[K,
[1.506s]                  from [01m[K/opt/ros/humble/include/rclcpp/rclcpp/rclcpp.hpp:155[m[K,
[1.506s]                  from [01m[K/home/cjj/Desktop/RM_work/ROS2_learning/rviz2_tasks/src/show_points/src/show_points_node.cpp:1[m[K:
[1.506s] [01m[K/opt/ros/humble/include/rclcpp/rclcpp/publisher.hpp:125:3:[m[K [01;36m[Knote: [m[Kcandidate: ‘[01m[Krclcpp::Publisher<MessageT, AllocatorT>::Publisher(rclcpp::node_interfaces::NodeBaseInterface*, const string&, const rclcpp::QoS&, const rclcpp::PublisherOptionsWithAllocator<AllocatorT>&) [with MessageT = visualization_msgs::msg::MarkerArray_<std::allocator<void> >; AllocatorT = std::allocator<void>; std::string = std::__cxx11::basic_string<char>][m[K’
[1.506s]   125 |   [01;36m[KPublisher[m[K(
[1.506s]       |   [01;36m[K^~~~~~~~~[m[K
[1.506s] [01m[K/opt/ros/humble/include/rclcpp/rclcpp/publisher.hpp:125:3:[m[K [01;36m[Knote: [m[K  candidate expects 4 arguments, 0 provided
[1.506s] [01m[K/opt/ros/humble/include/rclcpp/rclcpp/publisher.hpp:77:7:[m[K [01;36m[Knote: [m[Kcandidate: ‘[01m[Krclcpp::Publisher<visualization_msgs::msg::MarkerArray_<std::allocator<void> > >::Publisher(const rclcpp::Publisher<visualization_msgs::msg::MarkerArray_<std::allocator<void> > >&)[m[K’
[1.506s]    77 | class [01;36m[KPublisher[m[K : public PublisherBase
[1.506s]       |       [01;36m[K^~~~~~~~~[m[K
[1.506s] [01m[K/opt/ros/humble/include/rclcpp/rclcpp/publisher.hpp:77:7:[m[K [01;36m[Knote: [m[K  candidate expects 1 argument, 0 provided
[1.506s] [01m[K/home/cjj/Desktop/RM_work/ROS2_learning/rviz2_tasks/src/show_points/src/show_points_node.cpp:17:89:[m[K [01;31m[Kerror: [m[K‘[01m[KTopicPublisher01[m[K’ has not been declared
[1.506s]    17 |             timer_ = this->create_wall_timer(std::chrono::milliseconds(500), std::bind(&[01;31m[KTopicPublisher01[m[K::timer_callback, this));
[1.506s]       |                                                                                         [01;31m[K^~~~~~~~~~~~~~~~[m[K
[1.785s] gmake[2]: *** [CMakeFiles/show_points.dir/build.make:76：CMakeFiles/show_points.dir/src/show_points_node.cpp.o] 错误 1
[1.785s] gmake[1]: *** [CMakeFiles/Makefile2:137：CMakeFiles/show_points.dir/all] 错误 2
[1.785s] gmake: *** [Makefile:146：all] 错误 2
[1.787s] Invoked command in '/home/cjj/Desktop/RM_work/ROS2_learning/rviz2_tasks/build/show_points' returned '2': CMAKE_PREFIX_PATH=${CMAKE_PREFIX_PATH}:/opt/ros/humble /usr/bin/cmake --build /home/cjj/Desktop/RM_work/ROS2_learning/rviz2_tasks/build/show_points -- -j20 -l20
