[0.008s] Invoking command in '/home/cjj/Desktop/RM_work/ROS2_learning/simple_calculator_task/ws/build/my_add_interfaces': CMAKE_PREFIX_PATH=${CMAKE_PREFIX_PATH}:/opt/ros/humble /usr/bin/cmake --build /home/cjj/Desktop/RM_work/ROS2_learning/simple_calculator_task/ws/build/my_add_interfaces -- -j20 -l20
[0.033s] -- Found ament_cmake: 1.3.10 (/opt/ros/humble/share/ament_cmake/cmake)
[0.124s] -- Found rosidl_default_generators: 1.2.0 (/opt/ros/humble/share/rosidl_default_generators/cmake)
[0.126s] -- Using all available rosidl_typesupport_c: rosidl_typesupport_fastrtps_c;rosidl_typesupport_introspection_c
[0.128s] -- Found rosidl_adapter: 3.1.5 (/opt/ros/humble/share/rosidl_adapter/cmake)
[0.149s] -- Using all available rosidl_typesupport_cpp: rosidl_typesupport_fastrtps_cpp;rosidl_typesupport_introspection_cpp
[0.166s] -- Found geometry_msgs: 4.2.4 (/opt/ros/humble/share/geometry_msgs/cmake)
[0.368s] -- Found ament_cmake_ros: 0.10.0 (/opt/ros/humble/share/ament_cmake_ros/cmake)
[0.538s] -- Using all available rosidl_typesupport_c: rosidl_typesupport_fastrtps_c;rosidl_typesupport_introspection_c
[0.751s] -- Using all available rosidl_typesupport_cpp: rosidl_typesupport_fastrtps_cpp;rosidl_typesupport_introspection_cpp
[0.769s] -- Found python_cmake_module: 0.10.0 (/opt/ros/humble/share/python_cmake_module/cmake)
[0.785s] -- Using PYTHON_EXECUTABLE: /usr/bin/python3
[0.785s] -- Using PYTHON_INCLUDE_DIRS: /usr/include/python3.10
[0.785s] -- Using PYTHON_LIBRARIES: /usr/lib/x86_64-linux-gnu/libpython3.10.so
[0.804s] -- Found ament_lint_auto: 0.12.11 (/opt/ros/humble/share/ament_lint_auto/cmake)
[0.816s] -- Added test 'lint_cmake' to check CMake code style
[0.817s] -- Added test 'xmllint' to check XML markup files
[0.818s] -- Configuring done
[0.849s] -- Generating done
[0.851s] -- Build files have been written to: /home/cjj/Desktop/RM_work/ROS2_learning/simple_calculator_task/ws/build/my_add_interfaces
[0.872s] [  2%] [34m[1mGenerating C code for ROS interfaces[0m
[0.880s] [  5%] [34m[1mGenerating C++ code for ROS interfaces[0m
[0.888s] [  5%] Built target ament_cmake_python_copy_my_add_interfaces
[1.051s] running egg_info
[1.051s] writing my_add_interfaces.egg-info/PKG-INFO
[1.051s] writing dependency_links to my_add_interfaces.egg-info/dependency_links.txt
[1.051s] writing top-level names to my_add_interfaces.egg-info/top_level.txt
[1.054s] reading manifest file 'my_add_interfaces.egg-info/SOURCES.txt'
[1.055s] writing manifest file 'my_add_interfaces.egg-info/SOURCES.txt'
[1.076s] [35m[1mConsolidate compiler generated dependencies of target my_add_interfaces__rosidl_generator_c[0m
[1.078s] [  5%] Built target ament_cmake_python_build_my_add_interfaces_egg
[1.081s] [  5%] Built target my_add_interfaces__cpp
[1.085s] [  7%] [32mBuilding C object CMakeFiles/my_add_interfaces__rosidl_generator_c.dir/rosidl_generator_c/my_add_interfaces/msg/detail/my_add__functions.c.o[0m
[1.086s] [ 10%] [32mBuilding C object CMakeFiles/my_add_interfaces__rosidl_generator_c.dir/rosidl_generator_c/my_add_interfaces/srv/detail/calculator__functions.c.o[0m
[1.089s] [ 12%] [34m[1mGenerating C++ type support dispatch for ROS interfaces[0m
[1.089s] [ 15%] [34m[1mGenerating C++ type support for eProsima Fast-RTPS[0m
[1.094s] [ 17%] [34m[1mGenerating C++ introspection for ROS interfaces[0m
[1.136s] [ 20%] [32m[1mLinking C shared library libmy_add_interfaces__rosidl_generator_c.so[0m
[1.164s] [ 20%] Built target my_add_interfaces__rosidl_generator_c
[1.172s] [ 28%] [34m[1mGenerating C type support dispatch for ROS interfaces[0m
[1.172s] [ 28%] [34m[1mGenerating C introspection for ROS interfaces[0m
[1.172s] [ 28%] [34m[1mGenerating C type support for eProsima Fast-RTPS[0m
[1.279s] [35m[1mConsolidate compiler generated dependencies of target my_add_interfaces__rosidl_typesupport_cpp[0m
[1.292s] [ 30%] [32mBuilding CXX object CMakeFiles/my_add_interfaces__rosidl_typesupport_cpp.dir/rosidl_typesupport_cpp/my_add_interfaces/srv/calculator__type_support.cpp.o[0m
[1.293s] [ 33%] [32mBuilding CXX object CMakeFiles/my_add_interfaces__rosidl_typesupport_cpp.dir/rosidl_typesupport_cpp/my_add_interfaces/msg/my_add__type_support.cpp.o[0m
[1.306s] [35m[1mConsolidate compiler generated dependencies of target my_add_interfaces__rosidl_typesupport_introspection_cpp[0m
[1.318s] [ 35%] [32mBuilding CXX object CMakeFiles/my_add_interfaces__rosidl_typesupport_introspection_cpp.dir/rosidl_typesupport_introspection_cpp/my_add_interfaces/msg/detail/my_add__type_support.cpp.o[0m
[1.320s] [ 38%] [32mBuilding CXX object CMakeFiles/my_add_interfaces__rosidl_typesupport_introspection_cpp.dir/rosidl_typesupport_introspection_cpp/my_add_interfaces/srv/detail/calculator__type_support.cpp.o[0m
[1.334s] [35m[1mConsolidate compiler generated dependencies of target my_add_interfaces__rosidl_typesupport_fastrtps_cpp[0m
[1.347s] [ 43%] [32mBuilding CXX object CMakeFiles/my_add_interfaces__rosidl_typesupport_fastrtps_cpp.dir/rosidl_typesupport_fastrtps_cpp/my_add_interfaces/srv/detail/dds_fastrtps/calculator__type_support.cpp.o[0m
[1.347s] [ 43%] [32mBuilding CXX object CMakeFiles/my_add_interfaces__rosidl_typesupport_fastrtps_cpp.dir/rosidl_typesupport_fastrtps_cpp/my_add_interfaces/msg/detail/dds_fastrtps/my_add__type_support.cpp.o[0m
[1.355s] [35m[1mConsolidate compiler generated dependencies of target my_add_interfaces__rosidl_typesupport_c[0m
[1.366s] [ 46%] [32mBuilding CXX object CMakeFiles/my_add_interfaces__rosidl_typesupport_c.dir/rosidl_typesupport_c/my_add_interfaces/srv/calculator__type_support.cpp.o[0m
[1.368s] [ 48%] [32mBuilding CXX object CMakeFiles/my_add_interfaces__rosidl_typesupport_c.dir/rosidl_typesupport_c/my_add_interfaces/msg/my_add__type_support.cpp.o[0m
[1.396s] [ 51%] [32m[1mLinking CXX shared library libmy_add_interfaces__rosidl_typesupport_c.so[0m
[1.406s] [35m[1mConsolidate compiler generated dependencies of target my_add_interfaces__rosidl_typesupport_fastrtps_c[0m
[1.420s] [ 53%] [32mBuilding CXX object CMakeFiles/my_add_interfaces__rosidl_typesupport_fastrtps_c.dir/rosidl_typesupport_fastrtps_c/my_add_interfaces/msg/detail/my_add__type_support_c.cpp.o[0m
[1.420s] [ 56%] [32mBuilding CXX object CMakeFiles/my_add_interfaces__rosidl_typesupport_fastrtps_c.dir/rosidl_typesupport_fastrtps_c/my_add_interfaces/srv/detail/calculator__type_support_c.cpp.o[0m
[1.432s] [35m[1mConsolidate compiler generated dependencies of target my_add_interfaces__rosidl_typesupport_introspection_c[0m
[1.440s] [ 56%] Built target my_add_interfaces__rosidl_typesupport_c
[1.447s] [ 61%] [32mBuilding C object CMakeFiles/my_add_interfaces__rosidl_typesupport_introspection_c.dir/rosidl_typesupport_introspection_c/my_add_interfaces/srv/detail/calculator__type_support.c.o[0m
[1.447s] [ 61%] [32mBuilding C object CMakeFiles/my_add_interfaces__rosidl_typesupport_introspection_c.dir/rosidl_typesupport_introspection_c/my_add_interfaces/msg/detail/my_add__type_support.c.o[0m
[1.483s] [ 64%] [32m[1mLinking C shared library libmy_add_interfaces__rosidl_typesupport_introspection_c.so[0m
[1.510s] [ 66%] [32m[1mLinking CXX shared library libmy_add_interfaces__rosidl_typesupport_cpp.so[0m
[1.517s] [ 66%] Built target my_add_interfaces__rosidl_typesupport_introspection_c
[1.550s] [ 66%] Built target my_add_interfaces__rosidl_typesupport_cpp
[1.662s] [ 69%] [32m[1mLinking CXX shared library libmy_add_interfaces__rosidl_typesupport_introspection_cpp.so[0m
[1.679s] [ 71%] [32m[1mLinking CXX shared library libmy_add_interfaces__rosidl_typesupport_fastrtps_c.so[0m
[1.694s] [ 71%] Built target my_add_interfaces__rosidl_typesupport_introspection_cpp
[1.702s] [ 74%] [32m[1mLinking CXX shared library libmy_add_interfaces__rosidl_typesupport_fastrtps_cpp.so[0m
[1.733s] [ 74%] Built target my_add_interfaces__rosidl_typesupport_fastrtps_c
[1.759s] [ 74%] Built target my_add_interfaces__rosidl_typesupport_fastrtps_cpp
[1.774s] [ 74%] Built target my_add_interfaces
[1.791s] [ 76%] [34m[1mGenerating Python code for ROS interfaces[0m
[2.056s] [ 76%] Built target my_add_interfaces__py
[2.064s] [35m[1mConsolidate compiler generated dependencies of target my_add_interfaces__rosidl_generator_py[0m
[2.076s] [ 82%] [32mBuilding C object CMakeFiles/my_add_interfaces__rosidl_generator_py.dir/rosidl_generator_py/my_add_interfaces/msg/_my_add_s.c.o[0m
[2.076s] [ 82%] [32mBuilding C object CMakeFiles/my_add_interfaces__rosidl_generator_py.dir/rosidl_generator_py/my_add_interfaces/srv/_calculator_s.c.o[0m
[2.149s] [ 84%] [32m[1mLinking C shared library rosidl_generator_py/my_add_interfaces/libmy_add_interfaces__rosidl_generator_py.so[0m
[2.181s] [ 84%] Built target my_add_interfaces__rosidl_generator_py
[2.192s] [35m[1mConsolidate compiler generated dependencies of target my_add_interfaces__rosidl_typesupport_fastrtps_c__pyext[0m
[2.192s] [35m[1mConsolidate compiler generated dependencies of target my_add_interfaces__rosidl_typesupport_c__pyext[0m
[2.192s] [35m[1mConsolidate compiler generated dependencies of target my_add_interfaces__rosidl_typesupport_introspection_c__pyext[0m
[2.206s] [ 92%] [32mBuilding C object CMakeFiles/my_add_interfaces__rosidl_typesupport_c__pyext.dir/rosidl_generator_py/my_add_interfaces/_my_add_interfaces_s.ep.rosidl_typesupport_c.c.o[0m
[2.206s] [ 92%] [32mBuilding C object CMakeFiles/my_add_interfaces__rosidl_typesupport_introspection_c__pyext.dir/rosidl_generator_py/my_add_interfaces/_my_add_interfaces_s.ep.rosidl_typesupport_introspection_c.c.o[0m
[2.206s] [ 92%] [32mBuilding C object CMakeFiles/my_add_interfaces__rosidl_typesupport_fastrtps_c__pyext.dir/rosidl_generator_py/my_add_interfaces/_my_add_interfaces_s.ep.rosidl_typesupport_fastrtps_c.c.o[0m
[2.272s] [ 94%] [32m[1mLinking C shared library rosidl_generator_py/my_add_interfaces/my_add_interfaces_s__rosidl_typesupport_introspection_c.cpython-310-x86_64-linux-gnu.so[0m
[2.272s] [ 97%] [32m[1mLinking C shared library rosidl_generator_py/my_add_interfaces/my_add_interfaces_s__rosidl_typesupport_fastrtps_c.cpython-310-x86_64-linux-gnu.so[0m
[2.274s] [100%] [32m[1mLinking C shared library rosidl_generator_py/my_add_interfaces/my_add_interfaces_s__rosidl_typesupport_c.cpython-310-x86_64-linux-gnu.so[0m
[2.303s] [100%] Built target my_add_interfaces__rosidl_typesupport_introspection_c__pyext
[2.303s] [100%] Built target my_add_interfaces__rosidl_typesupport_c__pyext
[2.305s] [100%] Built target my_add_interfaces__rosidl_typesupport_fastrtps_c__pyext
[2.315s] Invoked command in '/home/cjj/Desktop/RM_work/ROS2_learning/simple_calculator_task/ws/build/my_add_interfaces' returned '0': CMAKE_PREFIX_PATH=${CMAKE_PREFIX_PATH}:/opt/ros/humble /usr/bin/cmake --build /home/cjj/Desktop/RM_work/ROS2_learning/simple_calculator_task/ws/build/my_add_interfaces -- -j20 -l20
[2.382s] Invoking command in '/home/cjj/Desktop/RM_work/ROS2_learning/simple_calculator_task/ws/build/my_add_interfaces': CMAKE_PREFIX_PATH=${CMAKE_PREFIX_PATH}:/opt/ros/humble /usr/bin/cmake --install /home/cjj/Desktop/RM_work/ROS2_learning/simple_calculator_task/ws/build/my_add_interfaces
[2.388s] -- Install configuration: ""
[2.388s] -- Up-to-date: /home/cjj/Desktop/RM_work/ROS2_learning/simple_calculator_task/ws/install/my_add_interfaces/share/ament_index/resource_index/rosidl_interfaces/my_add_interfaces
[2.388s] -- Up-to-date: /home/cjj/Desktop/RM_work/ROS2_learning/simple_calculator_task/ws/install/my_add_interfaces/include/my_add_interfaces/my_add_interfaces
[2.388s] -- Up-to-date: /home/cjj/Desktop/RM_work/ROS2_learning/simple_calculator_task/ws/install/my_add_interfaces/include/my_add_interfaces/my_add_interfaces/srv
[2.388s] -- Installing: /home/cjj/Desktop/RM_work/ROS2_learning/simple_calculator_task/ws/install/my_add_interfaces/include/my_add_interfaces/my_add_interfaces/srv/calculator.h
[2.388s] -- Up-to-date: /home/cjj/Desktop/RM_work/ROS2_learning/simple_calculator_task/ws/install/my_add_interfaces/include/my_add_interfaces/my_add_interfaces/srv/detail
[2.388s] -- Installing: /home/cjj/Desktop/RM_work/ROS2_learning/simple_calculator_task/ws/install/my_add_interfaces/include/my_add_interfaces/my_add_interfaces/srv/detail/calculator__functions.h
[2.388s] -- Installing: /home/cjj/Desktop/RM_work/ROS2_learning/simple_calculator_task/ws/install/my_add_interfaces/include/my_add_interfaces/my_add_interfaces/srv/detail/calculator__type_support.h
[2.388s] -- Installing: /home/cjj/Desktop/RM_work/ROS2_learning/simple_calculator_task/ws/install/my_add_interfaces/include/my_add_interfaces/my_add_interfaces/srv/detail/calculator__functions.c
[2.388s] -- Installing: /home/cjj/Desktop/RM_work/ROS2_learning/simple_calculator_task/ws/install/my_add_interfaces/include/my_add_interfaces/my_add_interfaces/srv/detail/calculator__struct.h
[2.389s] -- Up-to-date: /home/cjj/Desktop/RM_work/ROS2_learning/simple_calculator_task/ws/install/my_add_interfaces/include/my_add_interfaces/my_add_interfaces/msg
[2.389s] -- Up-to-date: /home/cjj/Desktop/RM_work/ROS2_learning/simple_calculator_task/ws/install/my_add_interfaces/include/my_add_interfaces/my_add_interfaces/msg/detail
[2.389s] -- Installing: /home/cjj/Desktop/RM_work/ROS2_learning/simple_calculator_task/ws/install/my_add_interfaces/include/my_add_interfaces/my_add_interfaces/msg/detail/my_add__struct.h
[2.389s] -- Installing: /home/cjj/Desktop/RM_work/ROS2_learning/simple_calculator_task/ws/install/my_add_interfaces/include/my_add_interfaces/my_add_interfaces/msg/detail/my_add__functions.h
[2.389s] -- Installing: /home/cjj/Desktop/RM_work/ROS2_learning/simple_calculator_task/ws/install/my_add_interfaces/include/my_add_interfaces/my_add_interfaces/msg/detail/my_add__type_support.h
[2.389s] -- Installing: /home/cjj/Desktop/RM_work/ROS2_learning/simple_calculator_task/ws/install/my_add_interfaces/include/my_add_interfaces/my_add_interfaces/msg/detail/my_add__functions.c
[2.389s] -- Installing: /home/cjj/Desktop/RM_work/ROS2_learning/simple_calculator_task/ws/install/my_add_interfaces/include/my_add_interfaces/my_add_interfaces/msg/my_add.h
[2.389s] -- Up-to-date: /home/cjj/Desktop/RM_work/ROS2_learning/simple_calculator_task/ws/install/my_add_interfaces/include/my_add_interfaces/my_add_interfaces/msg/rosidl_generator_c__visibility_control.h
[2.389s] -- Up-to-date: /home/cjj/Desktop/RM_work/ROS2_learning/simple_calculator_task/ws/install/my_add_interfaces/share/my_add_interfaces/environment/library_path.sh
[2.389s] -- Installing: /home/cjj/Desktop/RM_work/ROS2_learning/simple_calculator_task/ws/install/my_add_interfaces/share/my_add_interfaces/environment/library_path.dsv
[2.389s] -- Installing: /home/cjj/Desktop/RM_work/ROS2_learning/simple_calculator_task/ws/install/my_add_interfaces/lib/libmy_add_interfaces__rosidl_generator_c.so
[2.390s] -- Set runtime path of "/home/cjj/Desktop/RM_work/ROS2_learning/simple_calculator_task/ws/install/my_add_interfaces/lib/libmy_add_interfaces__rosidl_generator_c.so" to ""
[2.390s] -- Up-to-date: /home/cjj/Desktop/RM_work/ROS2_learning/simple_calculator_task/ws/install/my_add_interfaces/include/my_add_interfaces/my_add_interfaces
[2.390s] -- Up-to-date: /home/cjj/Desktop/RM_work/ROS2_learning/simple_calculator_task/ws/install/my_add_interfaces/include/my_add_interfaces/my_add_interfaces/srv
[2.390s] -- Up-to-date: /home/cjj/Desktop/RM_work/ROS2_learning/simple_calculator_task/ws/install/my_add_interfaces/include/my_add_interfaces/my_add_interfaces/srv/detail
[2.390s] -- Installing: /home/cjj/Desktop/RM_work/ROS2_learning/simple_calculator_task/ws/install/my_add_interfaces/include/my_add_interfaces/my_add_interfaces/srv/detail/calculator__rosidl_typesupport_fastrtps_c.h
[2.390s] -- Up-to-date: /home/cjj/Desktop/RM_work/ROS2_learning/simple_calculator_task/ws/install/my_add_interfaces/include/my_add_interfaces/my_add_interfaces/msg
[2.390s] -- Up-to-date: /home/cjj/Desktop/RM_work/ROS2_learning/simple_calculator_task/ws/install/my_add_interfaces/include/my_add_interfaces/my_add_interfaces/msg/rosidl_typesupport_fastrtps_c__visibility_control.h
[2.390s] -- Up-to-date: /home/cjj/Desktop/RM_work/ROS2_learning/simple_calculator_task/ws/install/my_add_interfaces/include/my_add_interfaces/my_add_interfaces/msg/detail
[2.390s] -- Installing: /home/cjj/Desktop/RM_work/ROS2_learning/simple_calculator_task/ws/install/my_add_interfaces/include/my_add_interfaces/my_add_interfaces/msg/detail/my_add__rosidl_typesupport_fastrtps_c.h
[2.390s] -- Installing: /home/cjj/Desktop/RM_work/ROS2_learning/simple_calculator_task/ws/install/my_add_interfaces/lib/libmy_add_interfaces__rosidl_typesupport_fastrtps_c.so
[2.390s] -- Set runtime path of "/home/cjj/Desktop/RM_work/ROS2_learning/simple_calculator_task/ws/install/my_add_interfaces/lib/libmy_add_interfaces__rosidl_typesupport_fastrtps_c.so" to ""
[2.390s] -- Up-to-date: /home/cjj/Desktop/RM_work/ROS2_learning/simple_calculator_task/ws/install/my_add_interfaces/include/my_add_interfaces/my_add_interfaces
[2.391s] -- Up-to-date: /home/cjj/Desktop/RM_work/ROS2_learning/simple_calculator_task/ws/install/my_add_interfaces/include/my_add_interfaces/my_add_interfaces/srv
[2.391s] -- Up-to-date: /home/cjj/Desktop/RM_work/ROS2_learning/simple_calculator_task/ws/install/my_add_interfaces/include/my_add_interfaces/my_add_interfaces/srv/detail
[2.391s] -- Installing: /home/cjj/Desktop/RM_work/ROS2_learning/simple_calculator_task/ws/install/my_add_interfaces/include/my_add_interfaces/my_add_interfaces/srv/detail/calculator__rosidl_typesupport_introspection_c.h
[2.391s] -- Installing: /home/cjj/Desktop/RM_work/ROS2_learning/simple_calculator_task/ws/install/my_add_interfaces/include/my_add_interfaces/my_add_interfaces/srv/detail/calculator__type_support.c
[2.391s] -- Up-to-date: /home/cjj/Desktop/RM_work/ROS2_learning/simple_calculator_task/ws/install/my_add_interfaces/include/my_add_interfaces/my_add_interfaces/msg
[2.391s] -- Up-to-date: /home/cjj/Desktop/RM_work/ROS2_learning/simple_calculator_task/ws/install/my_add_interfaces/include/my_add_interfaces/my_add_interfaces/msg/rosidl_typesupport_introspection_c__visibility_control.h
[2.391s] -- Up-to-date: /home/cjj/Desktop/RM_work/ROS2_learning/simple_calculator_task/ws/install/my_add_interfaces/include/my_add_interfaces/my_add_interfaces/msg/detail
[2.391s] -- Installing: /home/cjj/Desktop/RM_work/ROS2_learning/simple_calculator_task/ws/install/my_add_interfaces/include/my_add_interfaces/my_add_interfaces/msg/detail/my_add__type_support.c
[2.391s] -- Installing: /home/cjj/Desktop/RM_work/ROS2_learning/simple_calculator_task/ws/install/my_add_interfaces/include/my_add_interfaces/my_add_interfaces/msg/detail/my_add__rosidl_typesupport_introspection_c.h
[2.391s] -- Installing: /home/cjj/Desktop/RM_work/ROS2_learning/simple_calculator_task/ws/install/my_add_interfaces/lib/libmy_add_interfaces__rosidl_typesupport_introspection_c.so
[2.391s] -- Set runtime path of "/home/cjj/Desktop/RM_work/ROS2_learning/simple_calculator_task/ws/install/my_add_interfaces/lib/libmy_add_interfaces__rosidl_typesupport_introspection_c.so" to ""
[2.391s] -- Installing: /home/cjj/Desktop/RM_work/ROS2_learning/simple_calculator_task/ws/install/my_add_interfaces/lib/libmy_add_interfaces__rosidl_typesupport_c.so
[2.392s] -- Set runtime path of "/home/cjj/Desktop/RM_work/ROS2_learning/simple_calculator_task/ws/install/my_add_interfaces/lib/libmy_add_interfaces__rosidl_typesupport_c.so" to ""
[2.392s] -- Up-to-date: /home/cjj/Desktop/RM_work/ROS2_learning/simple_calculator_task/ws/install/my_add_interfaces/include/my_add_interfaces/my_add_interfaces
[2.392s] -- Up-to-date: /home/cjj/Desktop/RM_work/ROS2_learning/simple_calculator_task/ws/install/my_add_interfaces/include/my_add_interfaces/my_add_interfaces/srv
[2.392s] -- Installing: /home/cjj/Desktop/RM_work/ROS2_learning/simple_calculator_task/ws/install/my_add_interfaces/include/my_add_interfaces/my_add_interfaces/srv/calculator.hpp
[2.392s] -- Up-to-date: /home/cjj/Desktop/RM_work/ROS2_learning/simple_calculator_task/ws/install/my_add_interfaces/include/my_add_interfaces/my_add_interfaces/srv/detail
[2.392s] -- Installing: /home/cjj/Desktop/RM_work/ROS2_learning/simple_calculator_task/ws/install/my_add_interfaces/include/my_add_interfaces/my_add_interfaces/srv/detail/calculator__struct.hpp
[2.392s] -- Installing: /home/cjj/Desktop/RM_work/ROS2_learning/simple_calculator_task/ws/install/my_add_interfaces/include/my_add_interfaces/my_add_interfaces/srv/detail/calculator__builder.hpp
[2.392s] -- Installing: /home/cjj/Desktop/RM_work/ROS2_learning/simple_calculator_task/ws/install/my_add_interfaces/include/my_add_interfaces/my_add_interfaces/srv/detail/calculator__traits.hpp
[2.392s] -- Up-to-date: /home/cjj/Desktop/RM_work/ROS2_learning/simple_calculator_task/ws/install/my_add_interfaces/include/my_add_interfaces/my_add_interfaces/msg
[2.392s] -- Up-to-date: /home/cjj/Desktop/RM_work/ROS2_learning/simple_calculator_task/ws/install/my_add_interfaces/include/my_add_interfaces/my_add_interfaces/msg/detail
[2.392s] -- Installing: /home/cjj/Desktop/RM_work/ROS2_learning/simple_calculator_task/ws/install/my_add_interfaces/include/my_add_interfaces/my_add_interfaces/msg/detail/my_add__struct.hpp
[2.392s] -- Installing: /home/cjj/Desktop/RM_work/ROS2_learning/simple_calculator_task/ws/install/my_add_interfaces/include/my_add_interfaces/my_add_interfaces/msg/detail/my_add__traits.hpp
[2.392s] -- Installing: /home/cjj/Desktop/RM_work/ROS2_learning/simple_calculator_task/ws/install/my_add_interfaces/include/my_add_interfaces/my_add_interfaces/msg/detail/my_add__builder.hpp
[2.392s] -- Installing: /home/cjj/Desktop/RM_work/ROS2_learning/simple_calculator_task/ws/install/my_add_interfaces/include/my_add_interfaces/my_add_interfaces/msg/my_add.hpp
[2.392s] -- Up-to-date: /home/cjj/Desktop/RM_work/ROS2_learning/simple_calculator_task/ws/install/my_add_interfaces/include/my_add_interfaces/my_add_interfaces
[2.392s] -- Up-to-date: /home/cjj/Desktop/RM_work/ROS2_learning/simple_calculator_task/ws/install/my_add_interfaces/include/my_add_interfaces/my_add_interfaces/srv
[2.392s] -- Up-to-date: /home/cjj/Desktop/RM_work/ROS2_learning/simple_calculator_task/ws/install/my_add_interfaces/include/my_add_interfaces/my_add_interfaces/srv/detail
[2.392s] -- Installing: /home/cjj/Desktop/RM_work/ROS2_learning/simple_calculator_task/ws/install/my_add_interfaces/include/my_add_interfaces/my_add_interfaces/srv/detail/calculator__rosidl_typesupport_fastrtps_cpp.hpp
[2.392s] -- Up-to-date: /home/cjj/Desktop/RM_work/ROS2_learning/simple_calculator_task/ws/install/my_add_interfaces/include/my_add_interfaces/my_add_interfaces/srv/detail/dds_fastrtps
[2.392s] -- Up-to-date: /home/cjj/Desktop/RM_work/ROS2_learning/simple_calculator_task/ws/install/my_add_interfaces/include/my_add_interfaces/my_add_interfaces/msg
[2.392s] -- Up-to-date: /home/cjj/Desktop/RM_work/ROS2_learning/simple_calculator_task/ws/install/my_add_interfaces/include/my_add_interfaces/my_add_interfaces/msg/detail
[2.392s] -- Installing: /home/cjj/Desktop/RM_work/ROS2_learning/simple_calculator_task/ws/install/my_add_interfaces/include/my_add_interfaces/my_add_interfaces/msg/detail/my_add__rosidl_typesupport_fastrtps_cpp.hpp
[2.392s] -- Up-to-date: /home/cjj/Desktop/RM_work/ROS2_learning/simple_calculator_task/ws/install/my_add_interfaces/include/my_add_interfaces/my_add_interfaces/msg/detail/dds_fastrtps
[2.392s] -- Up-to-date: /home/cjj/Desktop/RM_work/ROS2_learning/simple_calculator_task/ws/install/my_add_interfaces/include/my_add_interfaces/my_add_interfaces/msg/rosidl_typesupport_fastrtps_cpp__visibility_control.h
[2.392s] -- Installing: /home/cjj/Desktop/RM_work/ROS2_learning/simple_calculator_task/ws/install/my_add_interfaces/lib/libmy_add_interfaces__rosidl_typesupport_fastrtps_cpp.so
[2.392s] -- Set runtime path of "/home/cjj/Desktop/RM_work/ROS2_learning/simple_calculator_task/ws/install/my_add_interfaces/lib/libmy_add_interfaces__rosidl_typesupport_fastrtps_cpp.so" to ""
[2.392s] -- Up-to-date: /home/cjj/Desktop/RM_work/ROS2_learning/simple_calculator_task/ws/install/my_add_interfaces/include/my_add_interfaces/my_add_interfaces
[2.393s] -- Up-to-date: /home/cjj/Desktop/RM_work/ROS2_learning/simple_calculator_task/ws/install/my_add_interfaces/include/my_add_interfaces/my_add_interfaces/srv
[2.393s] -- Up-to-date: /home/cjj/Desktop/RM_work/ROS2_learning/simple_calculator_task/ws/install/my_add_interfaces/include/my_add_interfaces/my_add_interfaces/srv/detail
[2.393s] -- Installing: /home/cjj/Desktop/RM_work/ROS2_learning/simple_calculator_task/ws/install/my_add_interfaces/include/my_add_interfaces/my_add_interfaces/srv/detail/calculator__type_support.cpp
[2.393s] -- Installing: /home/cjj/Desktop/RM_work/ROS2_learning/simple_calculator_task/ws/install/my_add_interfaces/include/my_add_interfaces/my_add_interfaces/srv/detail/calculator__rosidl_typesupport_introspection_cpp.hpp
[2.393s] -- Up-to-date: /home/cjj/Desktop/RM_work/ROS2_learning/simple_calculator_task/ws/install/my_add_interfaces/include/my_add_interfaces/my_add_interfaces/msg
[2.393s] -- Up-to-date: /home/cjj/Desktop/RM_work/ROS2_learning/simple_calculator_task/ws/install/my_add_interfaces/include/my_add_interfaces/my_add_interfaces/msg/detail
[2.393s] -- Installing: /home/cjj/Desktop/RM_work/ROS2_learning/simple_calculator_task/ws/install/my_add_interfaces/include/my_add_interfaces/my_add_interfaces/msg/detail/my_add__type_support.cpp
[2.393s] -- Installing: /home/cjj/Desktop/RM_work/ROS2_learning/simple_calculator_task/ws/install/my_add_interfaces/include/my_add_interfaces/my_add_interfaces/msg/detail/my_add__rosidl_typesupport_introspection_cpp.hpp
[2.393s] -- Installing: /home/cjj/Desktop/RM_work/ROS2_learning/simple_calculator_task/ws/install/my_add_interfaces/lib/libmy_add_interfaces__rosidl_typesupport_introspection_cpp.so
[2.393s] -- Set runtime path of "/home/cjj/Desktop/RM_work/ROS2_learning/simple_calculator_task/ws/install/my_add_interfaces/lib/libmy_add_interfaces__rosidl_typesupport_introspection_cpp.so" to ""
[2.393s] -- Installing: /home/cjj/Desktop/RM_work/ROS2_learning/simple_calculator_task/ws/install/my_add_interfaces/lib/libmy_add_interfaces__rosidl_typesupport_cpp.so
[2.393s] -- Set runtime path of "/home/cjj/Desktop/RM_work/ROS2_learning/simple_calculator_task/ws/install/my_add_interfaces/lib/libmy_add_interfaces__rosidl_typesupport_cpp.so" to ""
[2.393s] -- Up-to-date: /home/cjj/Desktop/RM_work/ROS2_learning/simple_calculator_task/ws/install/my_add_interfaces/share/my_add_interfaces/environment/pythonpath.sh
[2.393s] -- Installing: /home/cjj/Desktop/RM_work/ROS2_learning/simple_calculator_task/ws/install/my_add_interfaces/share/my_add_interfaces/environment/pythonpath.dsv
[2.393s] -- Up-to-date: /home/cjj/Desktop/RM_work/ROS2_learning/simple_calculator_task/ws/install/my_add_interfaces/local/lib/python3.10/dist-packages/my_add_interfaces-0.0.0-py3.10.egg-info
[2.393s] -- Installing: /home/cjj/Desktop/RM_work/ROS2_learning/simple_calculator_task/ws/install/my_add_interfaces/local/lib/python3.10/dist-packages/my_add_interfaces-0.0.0-py3.10.egg-info/SOURCES.txt
[2.393s] -- Installing: /home/cjj/Desktop/RM_work/ROS2_learning/simple_calculator_task/ws/install/my_add_interfaces/local/lib/python3.10/dist-packages/my_add_interfaces-0.0.0-py3.10.egg-info/dependency_links.txt
[2.393s] -- Installing: /home/cjj/Desktop/RM_work/ROS2_learning/simple_calculator_task/ws/install/my_add_interfaces/local/lib/python3.10/dist-packages/my_add_interfaces-0.0.0-py3.10.egg-info/top_level.txt
[2.393s] -- Installing: /home/cjj/Desktop/RM_work/ROS2_learning/simple_calculator_task/ws/install/my_add_interfaces/local/lib/python3.10/dist-packages/my_add_interfaces-0.0.0-py3.10.egg-info/PKG-INFO
[2.394s] -- Up-to-date: /home/cjj/Desktop/RM_work/ROS2_learning/simple_calculator_task/ws/install/my_add_interfaces/local/lib/python3.10/dist-packages/my_add_interfaces
[2.394s] -- Installing: /home/cjj/Desktop/RM_work/ROS2_learning/simple_calculator_task/ws/install/my_add_interfaces/local/lib/python3.10/dist-packages/my_add_interfaces/my_add_interfaces_s__rosidl_typesupport_introspection_c.cpython-310-x86_64-linux-gnu.so
[2.394s] -- Installing: /home/cjj/Desktop/RM_work/ROS2_learning/simple_calculator_task/ws/install/my_add_interfaces/local/lib/python3.10/dist-packages/my_add_interfaces/__init__.py
[2.394s] -- Installing: /home/cjj/Desktop/RM_work/ROS2_learning/simple_calculator_task/ws/install/my_add_interfaces/local/lib/python3.10/dist-packages/my_add_interfaces/my_add_interfaces_s__rosidl_typesupport_fastrtps_c.cpython-310-x86_64-linux-gnu.so
[2.394s] -- Installing: /home/cjj/Desktop/RM_work/ROS2_learning/simple_calculator_task/ws/install/my_add_interfaces/local/lib/python3.10/dist-packages/my_add_interfaces/my_add_interfaces_s__rosidl_typesupport_c.cpython-310-x86_64-linux-gnu.so
[2.394s] -- Installing: /home/cjj/Desktop/RM_work/ROS2_learning/simple_calculator_task/ws/install/my_add_interfaces/local/lib/python3.10/dist-packages/my_add_interfaces/_my_add_interfaces_s.ep.rosidl_typesupport_fastrtps_c.c
[2.394s] -- Up-to-date: /home/cjj/Desktop/RM_work/ROS2_learning/simple_calculator_task/ws/install/my_add_interfaces/local/lib/python3.10/dist-packages/my_add_interfaces/srv
[2.394s] -- Installing: /home/cjj/Desktop/RM_work/ROS2_learning/simple_calculator_task/ws/install/my_add_interfaces/local/lib/python3.10/dist-packages/my_add_interfaces/srv/_calculator.py
[2.394s] -- Installing: /home/cjj/Desktop/RM_work/ROS2_learning/simple_calculator_task/ws/install/my_add_interfaces/local/lib/python3.10/dist-packages/my_add_interfaces/srv/__init__.py
[2.394s] -- Installing: /home/cjj/Desktop/RM_work/ROS2_learning/simple_calculator_task/ws/install/my_add_interfaces/local/lib/python3.10/dist-packages/my_add_interfaces/srv/_calculator_s.c
[2.394s] -- Up-to-date: /home/cjj/Desktop/RM_work/ROS2_learning/simple_calculator_task/ws/install/my_add_interfaces/local/lib/python3.10/dist-packages/my_add_interfaces/msg
[2.394s] -- Installing: /home/cjj/Desktop/RM_work/ROS2_learning/simple_calculator_task/ws/install/my_add_interfaces/local/lib/python3.10/dist-packages/my_add_interfaces/msg/__init__.py
[2.394s] -- Installing: /home/cjj/Desktop/RM_work/ROS2_learning/simple_calculator_task/ws/install/my_add_interfaces/local/lib/python3.10/dist-packages/my_add_interfaces/msg/_my_add_s.c
[2.394s] -- Installing: /home/cjj/Desktop/RM_work/ROS2_learning/simple_calculator_task/ws/install/my_add_interfaces/local/lib/python3.10/dist-packages/my_add_interfaces/msg/_my_add.py
[2.394s] -- Installing: /home/cjj/Desktop/RM_work/ROS2_learning/simple_calculator_task/ws/install/my_add_interfaces/local/lib/python3.10/dist-packages/my_add_interfaces/libmy_add_interfaces__rosidl_generator_py.so
[2.394s] -- Installing: /home/cjj/Desktop/RM_work/ROS2_learning/simple_calculator_task/ws/install/my_add_interfaces/local/lib/python3.10/dist-packages/my_add_interfaces/_my_add_interfaces_s.ep.rosidl_typesupport_c.c
[2.395s] -- Installing: /home/cjj/Desktop/RM_work/ROS2_learning/simple_calculator_task/ws/install/my_add_interfaces/local/lib/python3.10/dist-packages/my_add_interfaces/_my_add_interfaces_s.ep.rosidl_typesupport_introspection_c.c
[2.418s] Listing '/home/cjj/Desktop/RM_work/ROS2_learning/simple_calculator_task/ws/install/my_add_interfaces/local/lib/python3.10/dist-packages/my_add_interfaces'...
[2.418s] Compiling '/home/cjj/Desktop/RM_work/ROS2_learning/simple_calculator_task/ws/install/my_add_interfaces/local/lib/python3.10/dist-packages/my_add_interfaces/__init__.py'...
[2.418s] Listing '/home/cjj/Desktop/RM_work/ROS2_learning/simple_calculator_task/ws/install/my_add_interfaces/local/lib/python3.10/dist-packages/my_add_interfaces/msg'...
[2.418s] Compiling '/home/cjj/Desktop/RM_work/ROS2_learning/simple_calculator_task/ws/install/my_add_interfaces/local/lib/python3.10/dist-packages/my_add_interfaces/msg/__init__.py'...
[2.418s] Compiling '/home/cjj/Desktop/RM_work/ROS2_learning/simple_calculator_task/ws/install/my_add_interfaces/local/lib/python3.10/dist-packages/my_add_interfaces/msg/_my_add.py'...
[2.418s] Listing '/home/cjj/Desktop/RM_work/ROS2_learning/simple_calculator_task/ws/install/my_add_interfaces/local/lib/python3.10/dist-packages/my_add_interfaces/srv'...
[2.418s] Compiling '/home/cjj/Desktop/RM_work/ROS2_learning/simple_calculator_task/ws/install/my_add_interfaces/local/lib/python3.10/dist-packages/my_add_interfaces/srv/__init__.py'...
[2.418s] Compiling '/home/cjj/Desktop/RM_work/ROS2_learning/simple_calculator_task/ws/install/my_add_interfaces/local/lib/python3.10/dist-packages/my_add_interfaces/srv/_calculator.py'...
[2.421s] -- Installing: /home/cjj/Desktop/RM_work/ROS2_learning/simple_calculator_task/ws/install/my_add_interfaces/local/lib/python3.10/dist-packages/my_add_interfaces/my_add_interfaces_s__rosidl_typesupport_fastrtps_c.cpython-310-x86_64-linux-gnu.so
[2.422s] -- Set runtime path of "/home/cjj/Desktop/RM_work/ROS2_learning/simple_calculator_task/ws/install/my_add_interfaces/local/lib/python3.10/dist-packages/my_add_interfaces/my_add_interfaces_s__rosidl_typesupport_fastrtps_c.cpython-310-x86_64-linux-gnu.so" to ""
[2.422s] -- Installing: /home/cjj/Desktop/RM_work/ROS2_learning/simple_calculator_task/ws/install/my_add_interfaces/local/lib/python3.10/dist-packages/my_add_interfaces/my_add_interfaces_s__rosidl_typesupport_introspection_c.cpython-310-x86_64-linux-gnu.so
[2.422s] -- Set runtime path of "/home/cjj/Desktop/RM_work/ROS2_learning/simple_calculator_task/ws/install/my_add_interfaces/local/lib/python3.10/dist-packages/my_add_interfaces/my_add_interfaces_s__rosidl_typesupport_introspection_c.cpython-310-x86_64-linux-gnu.so" to ""
[2.422s] -- Installing: /home/cjj/Desktop/RM_work/ROS2_learning/simple_calculator_task/ws/install/my_add_interfaces/local/lib/python3.10/dist-packages/my_add_interfaces/my_add_interfaces_s__rosidl_typesupport_c.cpython-310-x86_64-linux-gnu.so
[2.422s] -- Set runtime path of "/home/cjj/Desktop/RM_work/ROS2_learning/simple_calculator_task/ws/install/my_add_interfaces/local/lib/python3.10/dist-packages/my_add_interfaces/my_add_interfaces_s__rosidl_typesupport_c.cpython-310-x86_64-linux-gnu.so" to ""
[2.423s] -- Installing: /home/cjj/Desktop/RM_work/ROS2_learning/simple_calculator_task/ws/install/my_add_interfaces/lib/libmy_add_interfaces__rosidl_generator_py.so
[2.423s] -- Set runtime path of "/home/cjj/Desktop/RM_work/ROS2_learning/simple_calculator_task/ws/install/my_add_interfaces/lib/libmy_add_interfaces__rosidl_generator_py.so" to ""
[2.423s] -- Installing: /home/cjj/Desktop/RM_work/ROS2_learning/simple_calculator_task/ws/install/my_add_interfaces/share/my_add_interfaces/msg/MyAdd.idl
[2.423s] -- Installing: /home/cjj/Desktop/RM_work/ROS2_learning/simple_calculator_task/ws/install/my_add_interfaces/share/my_add_interfaces/srv/Calculator.idl
[2.423s] -- Installing: /home/cjj/Desktop/RM_work/ROS2_learning/simple_calculator_task/ws/install/my_add_interfaces/share/my_add_interfaces/msg/MyAdd.msg
[2.423s] -- Installing: /home/cjj/Desktop/RM_work/ROS2_learning/simple_calculator_task/ws/install/my_add_interfaces/share/my_add_interfaces/srv/Calculator.srv
[2.423s] -- Installing: /home/cjj/Desktop/RM_work/ROS2_learning/simple_calculator_task/ws/install/my_add_interfaces/share/my_add_interfaces/srv/Calculator_Request.msg
[2.423s] -- Up-to-date: /home/cjj/Desktop/RM_work/ROS2_learning/simple_calculator_task/ws/install/my_add_interfaces/share/my_add_interfaces/srv/Calculator_Response.msg
[2.424s] -- Up-to-date: /home/cjj/Desktop/RM_work/ROS2_learning/simple_calculator_task/ws/install/my_add_interfaces/share/ament_index/resource_index/package_run_dependencies/my_add_interfaces
[2.424s] -- Installing: /home/cjj/Desktop/RM_work/ROS2_learning/simple_calculator_task/ws/install/my_add_interfaces/share/ament_index/resource_index/parent_prefix_path/my_add_interfaces
[2.424s] -- Up-to-date: /home/cjj/Desktop/RM_work/ROS2_learning/simple_calculator_task/ws/install/my_add_interfaces/share/my_add_interfaces/environment/ament_prefix_path.sh
[2.424s] -- Installing: /home/cjj/Desktop/RM_work/ROS2_learning/simple_calculator_task/ws/install/my_add_interfaces/share/my_add_interfaces/environment/ament_prefix_path.dsv
[2.424s] -- Up-to-date: /home/cjj/Desktop/RM_work/ROS2_learning/simple_calculator_task/ws/install/my_add_interfaces/share/my_add_interfaces/environment/path.sh
[2.424s] -- Installing: /home/cjj/Desktop/RM_work/ROS2_learning/simple_calculator_task/ws/install/my_add_interfaces/share/my_add_interfaces/environment/path.dsv
[2.424s] -- Up-to-date: /home/cjj/Desktop/RM_work/ROS2_learning/simple_calculator_task/ws/install/my_add_interfaces/share/my_add_interfaces/local_setup.bash
[2.424s] -- Up-to-date: /home/cjj/Desktop/RM_work/ROS2_learning/simple_calculator_task/ws/install/my_add_interfaces/share/my_add_interfaces/local_setup.sh
[2.424s] -- Up-to-date: /home/cjj/Desktop/RM_work/ROS2_learning/simple_calculator_task/ws/install/my_add_interfaces/share/my_add_interfaces/local_setup.zsh
[2.424s] -- Installing: /home/cjj/Desktop/RM_work/ROS2_learning/simple_calculator_task/ws/install/my_add_interfaces/share/my_add_interfaces/local_setup.dsv
[2.424s] -- Installing: /home/cjj/Desktop/RM_work/ROS2_learning/simple_calculator_task/ws/install/my_add_interfaces/share/my_add_interfaces/package.dsv
[2.425s] -- Up-to-date: /home/cjj/Desktop/RM_work/ROS2_learning/simple_calculator_task/ws/install/my_add_interfaces/share/ament_index/resource_index/packages/my_add_interfaces
[2.425s] -- Up-to-date: /home/cjj/Desktop/RM_work/ROS2_learning/simple_calculator_task/ws/install/my_add_interfaces/share/my_add_interfaces/cmake/export_my_add_interfaces__rosidl_generator_cExport.cmake
[2.425s] -- Up-to-date: /home/cjj/Desktop/RM_work/ROS2_learning/simple_calculator_task/ws/install/my_add_interfaces/share/my_add_interfaces/cmake/export_my_add_interfaces__rosidl_generator_cExport-noconfig.cmake
[2.425s] -- Up-to-date: /home/cjj/Desktop/RM_work/ROS2_learning/simple_calculator_task/ws/install/my_add_interfaces/share/my_add_interfaces/cmake/export_my_add_interfaces__rosidl_typesupport_fastrtps_cExport.cmake
[2.425s] -- Up-to-date: /home/cjj/Desktop/RM_work/ROS2_learning/simple_calculator_task/ws/install/my_add_interfaces/share/my_add_interfaces/cmake/export_my_add_interfaces__rosidl_typesupport_fastrtps_cExport-noconfig.cmake
[2.425s] -- Up-to-date: /home/cjj/Desktop/RM_work/ROS2_learning/simple_calculator_task/ws/install/my_add_interfaces/share/my_add_interfaces/cmake/my_add_interfaces__rosidl_typesupport_introspection_cExport.cmake
[2.425s] -- Up-to-date: /home/cjj/Desktop/RM_work/ROS2_learning/simple_calculator_task/ws/install/my_add_interfaces/share/my_add_interfaces/cmake/my_add_interfaces__rosidl_typesupport_introspection_cExport-noconfig.cmake
[2.425s] -- Up-to-date: /home/cjj/Desktop/RM_work/ROS2_learning/simple_calculator_task/ws/install/my_add_interfaces/share/my_add_interfaces/cmake/my_add_interfaces__rosidl_typesupport_cExport.cmake
[2.425s] -- Up-to-date: /home/cjj/Desktop/RM_work/ROS2_learning/simple_calculator_task/ws/install/my_add_interfaces/share/my_add_interfaces/cmake/my_add_interfaces__rosidl_typesupport_cExport-noconfig.cmake
[2.425s] -- Up-to-date: /home/cjj/Desktop/RM_work/ROS2_learning/simple_calculator_task/ws/install/my_add_interfaces/share/my_add_interfaces/cmake/export_my_add_interfaces__rosidl_generator_cppExport.cmake
[2.425s] -- Up-to-date: /home/cjj/Desktop/RM_work/ROS2_learning/simple_calculator_task/ws/install/my_add_interfaces/share/my_add_interfaces/cmake/export_my_add_interfaces__rosidl_typesupport_fastrtps_cppExport.cmake
[2.425s] -- Up-to-date: /home/cjj/Desktop/RM_work/ROS2_learning/simple_calculator_task/ws/install/my_add_interfaces/share/my_add_interfaces/cmake/export_my_add_interfaces__rosidl_typesupport_fastrtps_cppExport-noconfig.cmake
[2.425s] -- Up-to-date: /home/cjj/Desktop/RM_work/ROS2_learning/simple_calculator_task/ws/install/my_add_interfaces/share/my_add_interfaces/cmake/my_add_interfaces__rosidl_typesupport_introspection_cppExport.cmake
[2.425s] -- Up-to-date: /home/cjj/Desktop/RM_work/ROS2_learning/simple_calculator_task/ws/install/my_add_interfaces/share/my_add_interfaces/cmake/my_add_interfaces__rosidl_typesupport_introspection_cppExport-noconfig.cmake
[2.425s] -- Up-to-date: /home/cjj/Desktop/RM_work/ROS2_learning/simple_calculator_task/ws/install/my_add_interfaces/share/my_add_interfaces/cmake/my_add_interfaces__rosidl_typesupport_cppExport.cmake
[2.425s] -- Up-to-date: /home/cjj/Desktop/RM_work/ROS2_learning/simple_calculator_task/ws/install/my_add_interfaces/share/my_add_interfaces/cmake/my_add_interfaces__rosidl_typesupport_cppExport-noconfig.cmake
[2.425s] -- Up-to-date: /home/cjj/Desktop/RM_work/ROS2_learning/simple_calculator_task/ws/install/my_add_interfaces/share/my_add_interfaces/cmake/export_my_add_interfaces__rosidl_generator_pyExport.cmake
[2.426s] -- Up-to-date: /home/cjj/Desktop/RM_work/ROS2_learning/simple_calculator_task/ws/install/my_add_interfaces/share/my_add_interfaces/cmake/export_my_add_interfaces__rosidl_generator_pyExport-noconfig.cmake
[2.426s] -- Up-to-date: /home/cjj/Desktop/RM_work/ROS2_learning/simple_calculator_task/ws/install/my_add_interfaces/share/my_add_interfaces/cmake/rosidl_cmake-extras.cmake
[2.426s] -- Up-to-date: /home/cjj/Desktop/RM_work/ROS2_learning/simple_calculator_task/ws/install/my_add_interfaces/share/my_add_interfaces/cmake/ament_cmake_export_dependencies-extras.cmake
[2.426s] -- Up-to-date: /home/cjj/Desktop/RM_work/ROS2_learning/simple_calculator_task/ws/install/my_add_interfaces/share/my_add_interfaces/cmake/ament_cmake_export_include_directories-extras.cmake
[2.426s] -- Up-to-date: /home/cjj/Desktop/RM_work/ROS2_learning/simple_calculator_task/ws/install/my_add_interfaces/share/my_add_interfaces/cmake/ament_cmake_export_libraries-extras.cmake
[2.426s] -- Up-to-date: /home/cjj/Desktop/RM_work/ROS2_learning/simple_calculator_task/ws/install/my_add_interfaces/share/my_add_interfaces/cmake/ament_cmake_export_targets-extras.cmake
[2.426s] -- Up-to-date: /home/cjj/Desktop/RM_work/ROS2_learning/simple_calculator_task/ws/install/my_add_interfaces/share/my_add_interfaces/cmake/rosidl_cmake_export_typesupport_targets-extras.cmake
[2.426s] -- Up-to-date: /home/cjj/Desktop/RM_work/ROS2_learning/simple_calculator_task/ws/install/my_add_interfaces/share/my_add_interfaces/cmake/rosidl_cmake_export_typesupport_libraries-extras.cmake
[2.426s] -- Up-to-date: /home/cjj/Desktop/RM_work/ROS2_learning/simple_calculator_task/ws/install/my_add_interfaces/share/my_add_interfaces/cmake/my_add_interfacesConfig.cmake
[2.426s] -- Up-to-date: /home/cjj/Desktop/RM_work/ROS2_learning/simple_calculator_task/ws/install/my_add_interfaces/share/my_add_interfaces/cmake/my_add_interfacesConfig-version.cmake
[2.426s] -- Up-to-date: /home/cjj/Desktop/RM_work/ROS2_learning/simple_calculator_task/ws/install/my_add_interfaces/share/my_add_interfaces/package.xml
[2.428s] Invoked command in '/home/cjj/Desktop/RM_work/ROS2_learning/simple_calculator_task/ws/build/my_add_interfaces' returned '0': CMAKE_PREFIX_PATH=${CMAKE_PREFIX_PATH}:/opt/ros/humble /usr/bin/cmake --install /home/cjj/Desktop/RM_work/ROS2_learning/simple_calculator_task/ws/build/my_add_interfaces
