[0.007s] Invoking command in '/home/cjj/Desktop/RM_work/ROS2_learning/chapter_4/chapt4_ws/build/my_action_rclcpp': AMENT_PREFIX_PATH=/home/cjj/Desktop/RM_work/ROS2_learning/chapter_4/chapt4_ws/install/robot_control_interfaces:${AMENT_PREFIX_PATH} CMAKE_PREFIX_PATH=/home/cjj/Desktop/RM_work/ROS2_learning/chapter_4/chapt4_ws/install/robot_control_interfaces:/home/cjj/Desktop/RM_work/ROS2_learning/chapter_4/chapt4_ws/install/my_parameters_rclcpp:/opt/ros/humble LD_LIBRARY_PATH=/home/cjj/Desktop/RM_work/ROS2_learning/chapter_4/chapt4_ws/install/robot_control_interfaces/lib:/opt/ros/humble/opt/rviz_ogre_vendor/lib:/opt/ros/humble/lib/x86_64-linux-gnu:/opt/ros/humble/lib:/opt/MVS/lib/64:/opt/MVS/lib/32:/opt/intel/openvino/runtime/lib/intel64:/usr/local/lib:/opt/MVS/lib/64:/opt/MVS/lib/32:/opt/MVS/lib/64:/opt/MVS/lib/32 PYTHONPATH=/home/cjj/Desktop/RM_work/ROS2_learning/chapter_4/chapt4_ws/install/robot_control_interfaces/local/lib/python3.10/dist-packages:${PYTHONPATH} /usr/bin/cmake --build /home/cjj/Desktop/RM_work/ROS2_learning/chapter_4/chapt4_ws/build/my_action_rclcpp -- -j20 -l20
[0.040s] [35m[1mConsolidate compiler generated dependencies of target action_robot_01[0m
[0.041s] [35m[1mConsolidate compiler generated dependencies of target action_control_01[0m
[0.058s] [ 20%] [32mBuilding CXX object CMakeFiles/action_robot_01.dir/src/action_robot_01.cpp.o[0m
[0.058s] [ 60%] Built target action_control_01
[2.381s] [ 80%] [32m[1mLinking CXX executable action_robot_01[0m
[2.494s] [100%] Built target action_robot_01
[2.502s] Invoked command in '/home/cjj/Desktop/RM_work/ROS2_learning/chapter_4/chapt4_ws/build/my_action_rclcpp' returned '0': AMENT_PREFIX_PATH=/home/cjj/Desktop/RM_work/ROS2_learning/chapter_4/chapt4_ws/install/robot_control_interfaces:${AMENT_PREFIX_PATH} CMAKE_PREFIX_PATH=/home/cjj/Desktop/RM_work/ROS2_learning/chapter_4/chapt4_ws/install/robot_control_interfaces:/home/cjj/Desktop/RM_work/ROS2_learning/chapter_4/chapt4_ws/install/my_parameters_rclcpp:/opt/ros/humble LD_LIBRARY_PATH=/home/cjj/Desktop/RM_work/ROS2_learning/chapter_4/chapt4_ws/install/robot_control_interfaces/lib:/opt/ros/humble/opt/rviz_ogre_vendor/lib:/opt/ros/humble/lib/x86_64-linux-gnu:/opt/ros/humble/lib:/opt/MVS/lib/64:/opt/MVS/lib/32:/opt/intel/openvino/runtime/lib/intel64:/usr/local/lib:/opt/MVS/lib/64:/opt/MVS/lib/32:/opt/MVS/lib/64:/opt/MVS/lib/32 PYTHONPATH=/home/cjj/Desktop/RM_work/ROS2_learning/chapter_4/chapt4_ws/install/robot_control_interfaces/local/lib/python3.10/dist-packages:${PYTHONPATH} /usr/bin/cmake --build /home/cjj/Desktop/RM_work/ROS2_learning/chapter_4/chapt4_ws/build/my_action_rclcpp -- -j20 -l20
[2.528s] Invoking command in '/home/cjj/Desktop/RM_work/ROS2_learning/chapter_4/chapt4_ws/build/my_action_rclcpp': AMENT_PREFIX_PATH=/home/cjj/Desktop/RM_work/ROS2_learning/chapter_4/chapt4_ws/install/robot_control_interfaces:${AMENT_PREFIX_PATH} CMAKE_PREFIX_PATH=/home/cjj/Desktop/RM_work/ROS2_learning/chapter_4/chapt4_ws/install/robot_control_interfaces:/home/cjj/Desktop/RM_work/ROS2_learning/chapter_4/chapt4_ws/install/my_parameters_rclcpp:/opt/ros/humble LD_LIBRARY_PATH=/home/cjj/Desktop/RM_work/ROS2_learning/chapter_4/chapt4_ws/install/robot_control_interfaces/lib:/opt/ros/humble/opt/rviz_ogre_vendor/lib:/opt/ros/humble/lib/x86_64-linux-gnu:/opt/ros/humble/lib:/opt/MVS/lib/64:/opt/MVS/lib/32:/opt/intel/openvino/runtime/lib/intel64:/usr/local/lib:/opt/MVS/lib/64:/opt/MVS/lib/32:/opt/MVS/lib/64:/opt/MVS/lib/32 PYTHONPATH=/home/cjj/Desktop/RM_work/ROS2_learning/chapter_4/chapt4_ws/install/robot_control_interfaces/local/lib/python3.10/dist-packages:${PYTHONPATH} /usr/bin/cmake --install /home/cjj/Desktop/RM_work/ROS2_learning/chapter_4/chapt4_ws/build/my_action_rclcpp
[2.534s] -- Install configuration: ""
[2.534s] -- Installing: /home/cjj/Desktop/RM_work/ROS2_learning/chapter_4/chapt4_ws/install/my_action_rclcpp/lib/my_action_rclcpp/action_robot_01
[2.534s] -- Set runtime path of "/home/cjj/Desktop/RM_work/ROS2_learning/chapter_4/chapt4_ws/install/my_action_rclcpp/lib/my_action_rclcpp/action_robot_01" to ""
[2.534s] -- Installing: /home/cjj/Desktop/RM_work/ROS2_learning/chapter_4/chapt4_ws/install/my_action_rclcpp/lib/my_action_rclcpp/action_control_01
[2.535s] -- Set runtime path of "/home/cjj/Desktop/RM_work/ROS2_learning/chapter_4/chapt4_ws/install/my_action_rclcpp/lib/my_action_rclcpp/action_control_01" to ""
[2.535s] -- Installing: /home/cjj/Desktop/RM_work/ROS2_learning/chapter_4/chapt4_ws/install/my_action_rclcpp/share/ament_index/resource_index/package_run_dependencies/my_action_rclcpp
[2.535s] -- Installing: /home/cjj/Desktop/RM_work/ROS2_learning/chapter_4/chapt4_ws/install/my_action_rclcpp/share/ament_index/resource_index/parent_prefix_path/my_action_rclcpp
[2.535s] -- Installing: /home/cjj/Desktop/RM_work/ROS2_learning/chapter_4/chapt4_ws/install/my_action_rclcpp/share/my_action_rclcpp/environment/ament_prefix_path.sh
[2.535s] -- Installing: /home/cjj/Desktop/RM_work/ROS2_learning/chapter_4/chapt4_ws/install/my_action_rclcpp/share/my_action_rclcpp/environment/ament_prefix_path.dsv
[2.535s] -- Installing: /home/cjj/Desktop/RM_work/ROS2_learning/chapter_4/chapt4_ws/install/my_action_rclcpp/share/my_action_rclcpp/environment/path.sh
[2.535s] -- Installing: /home/cjj/Desktop/RM_work/ROS2_learning/chapter_4/chapt4_ws/install/my_action_rclcpp/share/my_action_rclcpp/environment/path.dsv
[2.535s] -- Installing: /home/cjj/Desktop/RM_work/ROS2_learning/chapter_4/chapt4_ws/install/my_action_rclcpp/share/my_action_rclcpp/local_setup.bash
[2.535s] -- Installing: /home/cjj/Desktop/RM_work/ROS2_learning/chapter_4/chapt4_ws/install/my_action_rclcpp/share/my_action_rclcpp/local_setup.sh
[2.535s] -- Installing: /home/cjj/Desktop/RM_work/ROS2_learning/chapter_4/chapt4_ws/install/my_action_rclcpp/share/my_action_rclcpp/local_setup.zsh
[2.535s] -- Installing: /home/cjj/Desktop/RM_work/ROS2_learning/chapter_4/chapt4_ws/install/my_action_rclcpp/share/my_action_rclcpp/local_setup.dsv
[2.536s] -- Installing: /home/cjj/Desktop/RM_work/ROS2_learning/chapter_4/chapt4_ws/install/my_action_rclcpp/share/my_action_rclcpp/package.dsv
[2.536s] -- Installing: /home/cjj/Desktop/RM_work/ROS2_learning/chapter_4/chapt4_ws/install/my_action_rclcpp/share/ament_index/resource_index/packages/my_action_rclcpp
[2.536s] -- Installing: /home/cjj/Desktop/RM_work/ROS2_learning/chapter_4/chapt4_ws/install/my_action_rclcpp/share/my_action_rclcpp/cmake/my_action_rclcppConfig.cmake
[2.536s] -- Installing: /home/cjj/Desktop/RM_work/ROS2_learning/chapter_4/chapt4_ws/install/my_action_rclcpp/share/my_action_rclcpp/cmake/my_action_rclcppConfig-version.cmake
[2.536s] -- Installing: /home/cjj/Desktop/RM_work/ROS2_learning/chapter_4/chapt4_ws/install/my_action_rclcpp/share/my_action_rclcpp/package.xml
[2.537s] Invoked command in '/home/cjj/Desktop/RM_work/ROS2_learning/chapter_4/chapt4_ws/build/my_action_rclcpp' returned '0': AMENT_PREFIX_PATH=/home/cjj/Desktop/RM_work/ROS2_learning/chapter_4/chapt4_ws/install/robot_control_interfaces:${AMENT_PREFIX_PATH} CMAKE_PREFIX_PATH=/home/cjj/Desktop/RM_work/ROS2_learning/chapter_4/chapt4_ws/install/robot_control_interfaces:/home/cjj/Desktop/RM_work/ROS2_learning/chapter_4/chapt4_ws/install/my_parameters_rclcpp:/opt/ros/humble LD_LIBRARY_PATH=/home/cjj/Desktop/RM_work/ROS2_learning/chapter_4/chapt4_ws/install/robot_control_interfaces/lib:/opt/ros/humble/opt/rviz_ogre_vendor/lib:/opt/ros/humble/lib/x86_64-linux-gnu:/opt/ros/humble/lib:/opt/MVS/lib/64:/opt/MVS/lib/32:/opt/intel/openvino/runtime/lib/intel64:/usr/local/lib:/opt/MVS/lib/64:/opt/MVS/lib/32:/opt/MVS/lib/64:/opt/MVS/lib/32 PYTHONPATH=/home/cjj/Desktop/RM_work/ROS2_learning/chapter_4/chapt4_ws/install/robot_control_interfaces/local/lib/python3.10/dist-packages:${PYTHONPATH} /usr/bin/cmake --install /home/cjj/Desktop/RM_work/ROS2_learning/chapter_4/chapt4_ws/build/my_action_rclcpp
