[0.006s] Invoking command in '/home/cjj/Desktop/RM_work/ROS2_learning/chapter_3/chapt3_ws/build/my_ros2_interfaces': CMAKE_PREFIX_PATH=${CMAKE_PREFIX_PATH}:/opt/ros/humble /usr/bin/cmake /home/cjj/Desktop/RM_work/ROS2_learning/chapter_3/chapt3_ws/src/my_ros2_interfaces -DCMAKE_INSTALL_PREFIX=/home/cjj/Desktop/RM_work/ROS2_learning/chapter_3/chapt3_ws/install/my_ros2_interfaces
[0.048s] -- The C compiler identification is GNU 11.4.0
[0.083s] -- The CXX compiler identification is GNU 11.4.0
[0.088s] -- Detecting C compiler ABI info
[0.140s] -- Detecting C compiler ABI info - done
[0.144s] -- Check for working C compiler: /usr/bin/cc - skipped
[0.144s] -- Detecting C compile features
[0.144s] -- Detecting C compile features - done
[0.146s] -- Detecting CXX compiler ABI info
[0.200s] -- Detecting CXX compiler ABI info - done
[0.205s] -- Check for working CXX compiler: /usr/bin/c++ - skipped
[0.205s] -- Detecting CXX compile features
[0.205s] -- Detecting CXX compile features - done
[0.207s] -- Found ament_cmake: 1.3.10 (/opt/ros/humble/share/ament_cmake/cmake)
[0.308s] -- Found Python3: /usr/bin/python3 (found version "3.10.12") found components: Interpreter 
[0.361s] -- Found rosidl_default_generators: 1.2.0 (/opt/ros/humble/share/rosidl_default_generators/cmake)
[0.362s] -- Using all available rosidl_typesupport_c: rosidl_typesupport_fastrtps_c;rosidl_typesupport_introspection_c
[0.365s] -- Found rosidl_adapter: 3.1.5 (/opt/ros/humble/share/rosidl_adapter/cmake)
[0.386s] -- Using all available rosidl_typesupport_cpp: rosidl_typesupport_fastrtps_cpp;rosidl_typesupport_introspection_cpp
[0.404s] -- Found geometry_msgs: 4.2.4 (/opt/ros/humble/share/geometry_msgs/cmake)
[0.609s] -- Found ament_cmake_ros: 0.10.0 (/opt/ros/humble/share/ament_cmake_ros/cmake)
[0.776s] -- Using all available rosidl_typesupport_c: rosidl_typesupport_fastrtps_c;rosidl_typesupport_introspection_c
[0.981s] -- Using all available rosidl_typesupport_cpp: rosidl_typesupport_fastrtps_cpp;rosidl_typesupport_introspection_cpp
[1.000s] -- Found PythonInterp: /usr/bin/python3 (found suitable version "3.10.12", minimum required is "3.6") 
[1.000s] -- Found python_cmake_module: 0.10.0 (/opt/ros/humble/share/python_cmake_module/cmake)
[1.017s] -- Found PythonLibs: /usr/lib/x86_64-linux-gnu/libpython3.10.so (found suitable version "3.10.12", minimum required is "3.5") 
[1.017s] -- Using PYTHON_EXECUTABLE: /usr/bin/python3
[1.017s] -- Using PYTHON_INCLUDE_DIRS: /usr/include/python3.10
[1.017s] -- Using PYTHON_LIBRARIES: /usr/lib/x86_64-linux-gnu/libpython3.10.so
[1.031s] -- Found PythonExtra: .so  
[1.072s] -- Found ament_lint_auto: 0.12.11 (/opt/ros/humble/share/ament_lint_auto/cmake)
[1.081s] -- Added test 'lint_cmake' to check CMake code style
[1.082s] -- Added test 'xmllint' to check XML markup files
[1.083s] -- Configuring done
[1.102s] -- Generating done
[1.104s] -- Build files have been written to: /home/cjj/Desktop/RM_work/ROS2_learning/chapter_3/chapt3_ws/build/my_ros2_interfaces
[1.110s] Invoked command in '/home/cjj/Desktop/RM_work/ROS2_learning/chapter_3/chapt3_ws/build/my_ros2_interfaces' returned '0': CMAKE_PREFIX_PATH=${CMAKE_PREFIX_PATH}:/opt/ros/humble /usr/bin/cmake /home/cjj/Desktop/RM_work/ROS2_learning/chapter_3/chapt3_ws/src/my_ros2_interfaces -DCMAKE_INSTALL_PREFIX=/home/cjj/Desktop/RM_work/ROS2_learning/chapter_3/chapt3_ws/install/my_ros2_interfaces
[1.111s] Invoking command in '/home/cjj/Desktop/RM_work/ROS2_learning/chapter_3/chapt3_ws/build/my_ros2_interfaces': CMAKE_PREFIX_PATH=${CMAKE_PREFIX_PATH}:/opt/ros/humble /usr/bin/cmake --build /home/cjj/Desktop/RM_work/ROS2_learning/chapter_3/chapt3_ws/build/my_ros2_interfaces -- -j20 -l20
[1.140s] [  2%] [34m[1mGenerating C code for ROS interfaces[0m
[1.147s] [  4%] [34m[1mGenerating C++ code for ROS interfaces[0m
[1.152s] [  4%] Built target ament_cmake_python_copy_my_ros2_interfaces
[1.288s] running egg_info
[1.288s] creating my_ros2_interfaces.egg-info
[1.288s] writing my_ros2_interfaces.egg-info/PKG-INFO
[1.288s] writing dependency_links to my_ros2_interfaces.egg-info/dependency_links.txt
[1.288s] writing top-level names to my_ros2_interfaces.egg-info/top_level.txt
[1.288s] writing manifest file 'my_ros2_interfaces.egg-info/SOURCES.txt'
[1.290s] reading manifest file 'my_ros2_interfaces.egg-info/SOURCES.txt'
[1.290s] writing manifest file 'my_ros2_interfaces.egg-info/SOURCES.txt'
[1.308s] [  4%] Built target ament_cmake_python_build_my_ros2_interfaces_egg
[1.370s] [  4%] Built target my_ros2_interfaces__cpp
[1.377s] [ 10%] [34m[1mGenerating C++ type support dispatch for ROS interfaces[0m
[1.377s] [ 10%] [34m[1mGenerating C++ type support for eProsima Fast-RTPS[0m
[1.377s] [ 10%] [32mBuilding C object CMakeFiles/my_ros2_interfaces__rosidl_generator_c.dir/rosidl_generator_c/my_ros2_interfaces/srv/detail/move_robot__functions.c.o[0m
[1.378s] [ 12%] [34m[1mGenerating C++ introspection for ROS interfaces[0m
[1.378s] [ 14%] [32mBuilding C object CMakeFiles/my_ros2_interfaces__rosidl_generator_c.dir/rosidl_generator_c/my_ros2_interfaces/msg/detail/robot_pose__functions.c.o[0m
[1.378s] [ 17%] [32mBuilding C object CMakeFiles/my_ros2_interfaces__rosidl_generator_c.dir/rosidl_generator_c/my_ros2_interfaces/msg/detail/robot_status__functions.c.o[0m
[1.418s] [ 19%] [32m[1mLinking C shared library libmy_ros2_interfaces__rosidl_generator_c.so[0m
[1.449s] [ 19%] Built target my_ros2_interfaces__rosidl_generator_c
[1.458s] [ 25%] [34m[1mGenerating C type support dispatch for ROS interfaces[0m
[1.458s] [ 25%] [34m[1mGenerating C introspection for ROS interfaces[0m
[1.458s] [ 25%] [34m[1mGenerating C type support for eProsima Fast-RTPS[0m
[1.567s] [ 27%] [32mBuilding CXX object CMakeFiles/my_ros2_interfaces__rosidl_typesupport_cpp.dir/rosidl_typesupport_cpp/my_ros2_interfaces/msg/robot_pose__type_support.cpp.o[0m
[1.567s] [ 29%] [32mBuilding CXX object CMakeFiles/my_ros2_interfaces__rosidl_typesupport_cpp.dir/rosidl_typesupport_cpp/my_ros2_interfaces/msg/robot_status__type_support.cpp.o[0m
[1.567s] [ 31%] [32mBuilding CXX object CMakeFiles/my_ros2_interfaces__rosidl_typesupport_cpp.dir/rosidl_typesupport_cpp/my_ros2_interfaces/srv/move_robot__type_support.cpp.o[0m
[1.582s] [ 34%] [32mBuilding CXX object CMakeFiles/my_ros2_interfaces__rosidl_typesupport_introspection_cpp.dir/rosidl_typesupport_introspection_cpp/my_ros2_interfaces/srv/detail/move_robot__type_support.cpp.o[0m
[1.583s] [ 36%] [32mBuilding CXX object CMakeFiles/my_ros2_interfaces__rosidl_typesupport_introspection_cpp.dir/rosidl_typesupport_introspection_cpp/my_ros2_interfaces/msg/detail/robot_pose__type_support.cpp.o[0m
[1.583s] [ 38%] [32mBuilding CXX object CMakeFiles/my_ros2_interfaces__rosidl_typesupport_introspection_cpp.dir/rosidl_typesupport_introspection_cpp/my_ros2_interfaces/msg/detail/robot_status__type_support.cpp.o[0m
[1.608s] [ 44%] [32mBuilding CXX object CMakeFiles/my_ros2_interfaces__rosidl_typesupport_fastrtps_cpp.dir/rosidl_typesupport_fastrtps_cpp/my_ros2_interfaces/msg/detail/dds_fastrtps/robot_status__type_support.cpp.o[0m
[1.608s] [ 44%] [32mBuilding CXX object CMakeFiles/my_ros2_interfaces__rosidl_typesupport_fastrtps_cpp.dir/rosidl_typesupport_fastrtps_cpp/my_ros2_interfaces/srv/detail/dds_fastrtps/move_robot__type_support.cpp.o[0m
[1.608s] [ 44%] [32mBuilding CXX object CMakeFiles/my_ros2_interfaces__rosidl_typesupport_fastrtps_cpp.dir/rosidl_typesupport_fastrtps_cpp/my_ros2_interfaces/msg/detail/dds_fastrtps/robot_pose__type_support.cpp.o[0m
[1.660s] [ 48%] [32mBuilding CXX object CMakeFiles/my_ros2_interfaces__rosidl_typesupport_c.dir/rosidl_typesupport_c/my_ros2_interfaces/srv/move_robot__type_support.cpp.o[0m
[1.660s] [ 48%] [32mBuilding CXX object CMakeFiles/my_ros2_interfaces__rosidl_typesupport_c.dir/rosidl_typesupport_c/my_ros2_interfaces/msg/robot_status__type_support.cpp.o[0m
[1.662s] [ 51%] [32mBuilding CXX object CMakeFiles/my_ros2_interfaces__rosidl_typesupport_c.dir/rosidl_typesupport_c/my_ros2_interfaces/msg/robot_pose__type_support.cpp.o[0m
[1.690s] [ 53%] [32m[1mLinking CXX shared library libmy_ros2_interfaces__rosidl_typesupport_c.so[0m
[1.720s] [ 55%] [32mBuilding CXX object CMakeFiles/my_ros2_interfaces__rosidl_typesupport_fastrtps_c.dir/rosidl_typesupport_fastrtps_c/my_ros2_interfaces/msg/detail/robot_pose__type_support_c.cpp.o[0m
[1.725s] [ 57%] [32mBuilding CXX object CMakeFiles/my_ros2_interfaces__rosidl_typesupport_fastrtps_c.dir/rosidl_typesupport_fastrtps_c/my_ros2_interfaces/srv/detail/move_robot__type_support_c.cpp.o[0m
[1.725s] [ 59%] [32mBuilding CXX object CMakeFiles/my_ros2_interfaces__rosidl_typesupport_fastrtps_c.dir/rosidl_typesupport_fastrtps_c/my_ros2_interfaces/msg/detail/robot_status__type_support_c.cpp.o[0m
[1.755s] [ 65%] [32mBuilding C object CMakeFiles/my_ros2_interfaces__rosidl_typesupport_introspection_c.dir/rosidl_typesupport_introspection_c/my_ros2_interfaces/msg/detail/robot_pose__type_support.c.o[0m
[1.755s] [ 65%] [32mBuilding C object CMakeFiles/my_ros2_interfaces__rosidl_typesupport_introspection_c.dir/rosidl_typesupport_introspection_c/my_ros2_interfaces/srv/detail/move_robot__type_support.c.o[0m
[1.755s] [ 65%] [32mBuilding C object CMakeFiles/my_ros2_interfaces__rosidl_typesupport_introspection_c.dir/rosidl_typesupport_introspection_c/my_ros2_interfaces/msg/detail/robot_status__type_support.c.o[0m
[1.755s] [ 65%] Built target my_ros2_interfaces__rosidl_typesupport_c
[1.791s] [ 68%] [32m[1mLinking C shared library libmy_ros2_interfaces__rosidl_typesupport_introspection_c.so[0m
[1.819s] [ 68%] Built target my_ros2_interfaces__rosidl_typesupport_introspection_c
[1.915s] [ 70%] [32m[1mLinking CXX shared library libmy_ros2_interfaces__rosidl_typesupport_cpp.so[0m
[1.949s] [ 70%] Built target my_ros2_interfaces__rosidl_typesupport_cpp
[1.988s] [ 72%] [32m[1mLinking CXX shared library libmy_ros2_interfaces__rosidl_typesupport_introspection_cpp.so[0m
[1.996s] [ 74%] [32m[1mLinking CXX shared library libmy_ros2_interfaces__rosidl_typesupport_fastrtps_cpp.so[0m
[1.997s] [ 76%] [32m[1mLinking CXX shared library libmy_ros2_interfaces__rosidl_typesupport_fastrtps_c.so[0m
[2.039s] [ 76%] Built target my_ros2_interfaces__rosidl_typesupport_introspection_cpp
[2.054s] [ 76%] Built target my_ros2_interfaces__rosidl_typesupport_fastrtps_cpp
[2.054s] [ 76%] Built target my_ros2_interfaces__rosidl_typesupport_fastrtps_c
[2.071s] [ 76%] Built target my_ros2_interfaces
[2.085s] [ 78%] [34m[1mGenerating Python code for ROS interfaces[0m
[2.379s] [ 78%] Built target my_ros2_interfaces__py
[2.392s] [ 85%] [32mBuilding C object CMakeFiles/my_ros2_interfaces__rosidl_generator_py.dir/rosidl_generator_py/my_ros2_interfaces/srv/_move_robot_s.c.o[0m
[2.392s] [ 85%] [32mBuilding C object CMakeFiles/my_ros2_interfaces__rosidl_generator_py.dir/rosidl_generator_py/my_ros2_interfaces/msg/_robot_status_s.c.o[0m
[2.392s] [ 85%] [32mBuilding C object CMakeFiles/my_ros2_interfaces__rosidl_generator_py.dir/rosidl_generator_py/my_ros2_interfaces/msg/_robot_pose_s.c.o[0m
[2.457s] [ 87%] [32m[1mLinking C shared library rosidl_generator_py/my_ros2_interfaces/libmy_ros2_interfaces__rosidl_generator_py.so[0m
[2.485s] [ 87%] Built target my_ros2_interfaces__rosidl_generator_py
[2.499s] [ 89%] [32mBuilding C object CMakeFiles/my_ros2_interfaces__rosidl_typesupport_c__pyext.dir/rosidl_generator_py/my_ros2_interfaces/_my_ros2_interfaces_s.ep.rosidl_typesupport_c.c.o[0m
[2.500s] [ 93%] [32mBuilding C object CMakeFiles/my_ros2_interfaces__rosidl_typesupport_introspection_c__pyext.dir/rosidl_generator_py/my_ros2_interfaces/_my_ros2_interfaces_s.ep.rosidl_typesupport_introspection_c.c.o[0m
[2.500s] [ 93%] [32mBuilding C object CMakeFiles/my_ros2_interfaces__rosidl_typesupport_fastrtps_c__pyext.dir/rosidl_generator_py/my_ros2_interfaces/_my_ros2_interfaces_s.ep.rosidl_typesupport_fastrtps_c.c.o[0m
[2.565s] [100%] [32m[1mLinking C shared library rosidl_generator_py/my_ros2_interfaces/my_ros2_interfaces_s__rosidl_typesupport_fastrtps_c.cpython-310-x86_64-linux-gnu.so[0m
[2.565s] [100%] [32m[1mLinking C shared library rosidl_generator_py/my_ros2_interfaces/my_ros2_interfaces_s__rosidl_typesupport_c.cpython-310-x86_64-linux-gnu.so[0m
[2.565s] [100%] [32m[1mLinking C shared library rosidl_generator_py/my_ros2_interfaces/my_ros2_interfaces_s__rosidl_typesupport_introspection_c.cpython-310-x86_64-linux-gnu.so[0m
[2.593s] [100%] Built target my_ros2_interfaces__rosidl_typesupport_introspection_c__pyext
[2.595s] [100%] Built target my_ros2_interfaces__rosidl_typesupport_c__pyext
[2.596s] [100%] Built target my_ros2_interfaces__rosidl_typesupport_fastrtps_c__pyext
[2.603s] Invoked command in '/home/cjj/Desktop/RM_work/ROS2_learning/chapter_3/chapt3_ws/build/my_ros2_interfaces' returned '0': CMAKE_PREFIX_PATH=${CMAKE_PREFIX_PATH}:/opt/ros/humble /usr/bin/cmake --build /home/cjj/Desktop/RM_work/ROS2_learning/chapter_3/chapt3_ws/build/my_ros2_interfaces -- -j20 -l20
[2.687s] Invoking command in '/home/cjj/Desktop/RM_work/ROS2_learning/chapter_3/chapt3_ws/build/my_ros2_interfaces': CMAKE_PREFIX_PATH=${CMAKE_PREFIX_PATH}:/opt/ros/humble /usr/bin/cmake --install /home/cjj/Desktop/RM_work/ROS2_learning/chapter_3/chapt3_ws/build/my_ros2_interfaces
[2.691s] -- Install configuration: ""
[2.691s] -- Installing: /home/cjj/Desktop/RM_work/ROS2_learning/chapter_3/chapt3_ws/install/my_ros2_interfaces/share/ament_index/resource_index/rosidl_interfaces/my_ros2_interfaces
[2.692s] -- Installing: /home/cjj/Desktop/RM_work/ROS2_learning/chapter_3/chapt3_ws/install/my_ros2_interfaces/include/my_ros2_interfaces/my_ros2_interfaces
[2.692s] -- Installing: /home/cjj/Desktop/RM_work/ROS2_learning/chapter_3/chapt3_ws/install/my_ros2_interfaces/include/my_ros2_interfaces/my_ros2_interfaces/srv
[2.692s] -- Installing: /home/cjj/Desktop/RM_work/ROS2_learning/chapter_3/chapt3_ws/install/my_ros2_interfaces/include/my_ros2_interfaces/my_ros2_interfaces/srv/detail
[2.692s] -- Installing: /home/cjj/Desktop/RM_work/ROS2_learning/chapter_3/chapt3_ws/install/my_ros2_interfaces/include/my_ros2_interfaces/my_ros2_interfaces/srv/detail/move_robot__functions.c
[2.692s] -- Installing: /home/cjj/Desktop/RM_work/ROS2_learning/chapter_3/chapt3_ws/install/my_ros2_interfaces/include/my_ros2_interfaces/my_ros2_interfaces/srv/detail/move_robot__functions.h
[2.692s] -- Installing: /home/cjj/Desktop/RM_work/ROS2_learning/chapter_3/chapt3_ws/install/my_ros2_interfaces/include/my_ros2_interfaces/my_ros2_interfaces/srv/detail/move_robot__type_support.h
[2.692s] -- Installing: /home/cjj/Desktop/RM_work/ROS2_learning/chapter_3/chapt3_ws/install/my_ros2_interfaces/include/my_ros2_interfaces/my_ros2_interfaces/srv/detail/move_robot__struct.h
[2.692s] -- Installing: /home/cjj/Desktop/RM_work/ROS2_learning/chapter_3/chapt3_ws/install/my_ros2_interfaces/include/my_ros2_interfaces/my_ros2_interfaces/srv/move_robot.h
[2.692s] -- Installing: /home/cjj/Desktop/RM_work/ROS2_learning/chapter_3/chapt3_ws/install/my_ros2_interfaces/include/my_ros2_interfaces/my_ros2_interfaces/msg
[2.692s] -- Installing: /home/cjj/Desktop/RM_work/ROS2_learning/chapter_3/chapt3_ws/install/my_ros2_interfaces/include/my_ros2_interfaces/my_ros2_interfaces/msg/detail
[2.693s] -- Installing: /home/cjj/Desktop/RM_work/ROS2_learning/chapter_3/chapt3_ws/install/my_ros2_interfaces/include/my_ros2_interfaces/my_ros2_interfaces/msg/detail/robot_status__functions.c
[2.693s] -- Installing: /home/cjj/Desktop/RM_work/ROS2_learning/chapter_3/chapt3_ws/install/my_ros2_interfaces/include/my_ros2_interfaces/my_ros2_interfaces/msg/detail/robot_pose__functions.c
[2.693s] -- Installing: /home/cjj/Desktop/RM_work/ROS2_learning/chapter_3/chapt3_ws/install/my_ros2_interfaces/include/my_ros2_interfaces/my_ros2_interfaces/msg/detail/robot_status__functions.h
[2.693s] -- Installing: /home/cjj/Desktop/RM_work/ROS2_learning/chapter_3/chapt3_ws/install/my_ros2_interfaces/include/my_ros2_interfaces/my_ros2_interfaces/msg/detail/robot_status__type_support.h
[2.693s] -- Installing: /home/cjj/Desktop/RM_work/ROS2_learning/chapter_3/chapt3_ws/install/my_ros2_interfaces/include/my_ros2_interfaces/my_ros2_interfaces/msg/detail/robot_pose__functions.h
[2.693s] -- Installing: /home/cjj/Desktop/RM_work/ROS2_learning/chapter_3/chapt3_ws/install/my_ros2_interfaces/include/my_ros2_interfaces/my_ros2_interfaces/msg/detail/robot_status__struct.h
[2.693s] -- Installing: /home/cjj/Desktop/RM_work/ROS2_learning/chapter_3/chapt3_ws/install/my_ros2_interfaces/include/my_ros2_interfaces/my_ros2_interfaces/msg/detail/robot_pose__type_support.h
[2.693s] -- Installing: /home/cjj/Desktop/RM_work/ROS2_learning/chapter_3/chapt3_ws/install/my_ros2_interfaces/include/my_ros2_interfaces/my_ros2_interfaces/msg/detail/robot_pose__struct.h
[2.693s] -- Installing: /home/cjj/Desktop/RM_work/ROS2_learning/chapter_3/chapt3_ws/install/my_ros2_interfaces/include/my_ros2_interfaces/my_ros2_interfaces/msg/robot_pose.h
[2.693s] -- Installing: /home/cjj/Desktop/RM_work/ROS2_learning/chapter_3/chapt3_ws/install/my_ros2_interfaces/include/my_ros2_interfaces/my_ros2_interfaces/msg/robot_status.h
[2.693s] -- Installing: /home/cjj/Desktop/RM_work/ROS2_learning/chapter_3/chapt3_ws/install/my_ros2_interfaces/include/my_ros2_interfaces/my_ros2_interfaces/msg/rosidl_generator_c__visibility_control.h
[2.693s] -- Installing: /home/cjj/Desktop/RM_work/ROS2_learning/chapter_3/chapt3_ws/install/my_ros2_interfaces/share/my_ros2_interfaces/environment/library_path.sh
[2.694s] -- Installing: /home/cjj/Desktop/RM_work/ROS2_learning/chapter_3/chapt3_ws/install/my_ros2_interfaces/share/my_ros2_interfaces/environment/library_path.dsv
[2.694s] -- Installing: /home/cjj/Desktop/RM_work/ROS2_learning/chapter_3/chapt3_ws/install/my_ros2_interfaces/lib/libmy_ros2_interfaces__rosidl_generator_c.so
[2.694s] -- Set runtime path of "/home/cjj/Desktop/RM_work/ROS2_learning/chapter_3/chapt3_ws/install/my_ros2_interfaces/lib/libmy_ros2_interfaces__rosidl_generator_c.so" to ""
[2.694s] -- Up-to-date: /home/cjj/Desktop/RM_work/ROS2_learning/chapter_3/chapt3_ws/install/my_ros2_interfaces/include/my_ros2_interfaces/my_ros2_interfaces
[2.694s] -- Up-to-date: /home/cjj/Desktop/RM_work/ROS2_learning/chapter_3/chapt3_ws/install/my_ros2_interfaces/include/my_ros2_interfaces/my_ros2_interfaces/srv
[2.694s] -- Up-to-date: /home/cjj/Desktop/RM_work/ROS2_learning/chapter_3/chapt3_ws/install/my_ros2_interfaces/include/my_ros2_interfaces/my_ros2_interfaces/srv/detail
[2.694s] -- Installing: /home/cjj/Desktop/RM_work/ROS2_learning/chapter_3/chapt3_ws/install/my_ros2_interfaces/include/my_ros2_interfaces/my_ros2_interfaces/srv/detail/move_robot__rosidl_typesupport_fastrtps_c.h
[2.694s] -- Up-to-date: /home/cjj/Desktop/RM_work/ROS2_learning/chapter_3/chapt3_ws/install/my_ros2_interfaces/include/my_ros2_interfaces/my_ros2_interfaces/msg
[2.694s] -- Installing: /home/cjj/Desktop/RM_work/ROS2_learning/chapter_3/chapt3_ws/install/my_ros2_interfaces/include/my_ros2_interfaces/my_ros2_interfaces/msg/rosidl_typesupport_fastrtps_c__visibility_control.h
[2.694s] -- Up-to-date: /home/cjj/Desktop/RM_work/ROS2_learning/chapter_3/chapt3_ws/install/my_ros2_interfaces/include/my_ros2_interfaces/my_ros2_interfaces/msg/detail
[2.694s] -- Installing: /home/cjj/Desktop/RM_work/ROS2_learning/chapter_3/chapt3_ws/install/my_ros2_interfaces/include/my_ros2_interfaces/my_ros2_interfaces/msg/detail/robot_pose__rosidl_typesupport_fastrtps_c.h
[2.695s] -- Installing: /home/cjj/Desktop/RM_work/ROS2_learning/chapter_3/chapt3_ws/install/my_ros2_interfaces/include/my_ros2_interfaces/my_ros2_interfaces/msg/detail/robot_status__rosidl_typesupport_fastrtps_c.h
[2.695s] -- Installing: /home/cjj/Desktop/RM_work/ROS2_learning/chapter_3/chapt3_ws/install/my_ros2_interfaces/lib/libmy_ros2_interfaces__rosidl_typesupport_fastrtps_c.so
[2.695s] -- Set runtime path of "/home/cjj/Desktop/RM_work/ROS2_learning/chapter_3/chapt3_ws/install/my_ros2_interfaces/lib/libmy_ros2_interfaces__rosidl_typesupport_fastrtps_c.so" to ""
[2.695s] -- Up-to-date: /home/cjj/Desktop/RM_work/ROS2_learning/chapter_3/chapt3_ws/install/my_ros2_interfaces/include/my_ros2_interfaces/my_ros2_interfaces
[2.695s] -- Up-to-date: /home/cjj/Desktop/RM_work/ROS2_learning/chapter_3/chapt3_ws/install/my_ros2_interfaces/include/my_ros2_interfaces/my_ros2_interfaces/srv
[2.695s] -- Up-to-date: /home/cjj/Desktop/RM_work/ROS2_learning/chapter_3/chapt3_ws/install/my_ros2_interfaces/include/my_ros2_interfaces/my_ros2_interfaces/srv/detail
[2.695s] -- Installing: /home/cjj/Desktop/RM_work/ROS2_learning/chapter_3/chapt3_ws/install/my_ros2_interfaces/include/my_ros2_interfaces/my_ros2_interfaces/srv/detail/move_robot__type_support.c
[2.695s] -- Installing: /home/cjj/Desktop/RM_work/ROS2_learning/chapter_3/chapt3_ws/install/my_ros2_interfaces/include/my_ros2_interfaces/my_ros2_interfaces/srv/detail/move_robot__rosidl_typesupport_introspection_c.h
[2.695s] -- Up-to-date: /home/cjj/Desktop/RM_work/ROS2_learning/chapter_3/chapt3_ws/install/my_ros2_interfaces/include/my_ros2_interfaces/my_ros2_interfaces/msg
[2.695s] -- Installing: /home/cjj/Desktop/RM_work/ROS2_learning/chapter_3/chapt3_ws/install/my_ros2_interfaces/include/my_ros2_interfaces/my_ros2_interfaces/msg/rosidl_typesupport_introspection_c__visibility_control.h
[2.695s] -- Up-to-date: /home/cjj/Desktop/RM_work/ROS2_learning/chapter_3/chapt3_ws/install/my_ros2_interfaces/include/my_ros2_interfaces/my_ros2_interfaces/msg/detail
[2.695s] -- Installing: /home/cjj/Desktop/RM_work/ROS2_learning/chapter_3/chapt3_ws/install/my_ros2_interfaces/include/my_ros2_interfaces/my_ros2_interfaces/msg/detail/robot_status__type_support.c
[2.696s] -- Installing: /home/cjj/Desktop/RM_work/ROS2_learning/chapter_3/chapt3_ws/install/my_ros2_interfaces/include/my_ros2_interfaces/my_ros2_interfaces/msg/detail/robot_pose__type_support.c
[2.696s] -- Installing: /home/cjj/Desktop/RM_work/ROS2_learning/chapter_3/chapt3_ws/install/my_ros2_interfaces/include/my_ros2_interfaces/my_ros2_interfaces/msg/detail/robot_status__rosidl_typesupport_introspection_c.h
[2.696s] -- Installing: /home/cjj/Desktop/RM_work/ROS2_learning/chapter_3/chapt3_ws/install/my_ros2_interfaces/include/my_ros2_interfaces/my_ros2_interfaces/msg/detail/robot_pose__rosidl_typesupport_introspection_c.h
[2.696s] -- Installing: /home/cjj/Desktop/RM_work/ROS2_learning/chapter_3/chapt3_ws/install/my_ros2_interfaces/lib/libmy_ros2_interfaces__rosidl_typesupport_introspection_c.so
[2.696s] -- Set runtime path of "/home/cjj/Desktop/RM_work/ROS2_learning/chapter_3/chapt3_ws/install/my_ros2_interfaces/lib/libmy_ros2_interfaces__rosidl_typesupport_introspection_c.so" to ""
[2.696s] -- Installing: /home/cjj/Desktop/RM_work/ROS2_learning/chapter_3/chapt3_ws/install/my_ros2_interfaces/lib/libmy_ros2_interfaces__rosidl_typesupport_c.so
[2.696s] -- Set runtime path of "/home/cjj/Desktop/RM_work/ROS2_learning/chapter_3/chapt3_ws/install/my_ros2_interfaces/lib/libmy_ros2_interfaces__rosidl_typesupport_c.so" to ""
[2.696s] -- Up-to-date: /home/cjj/Desktop/RM_work/ROS2_learning/chapter_3/chapt3_ws/install/my_ros2_interfaces/include/my_ros2_interfaces/my_ros2_interfaces
[2.696s] -- Up-to-date: /home/cjj/Desktop/RM_work/ROS2_learning/chapter_3/chapt3_ws/install/my_ros2_interfaces/include/my_ros2_interfaces/my_ros2_interfaces/srv
[2.696s] -- Installing: /home/cjj/Desktop/RM_work/ROS2_learning/chapter_3/chapt3_ws/install/my_ros2_interfaces/include/my_ros2_interfaces/my_ros2_interfaces/srv/move_robot.hpp
[2.696s] -- Up-to-date: /home/cjj/Desktop/RM_work/ROS2_learning/chapter_3/chapt3_ws/install/my_ros2_interfaces/include/my_ros2_interfaces/my_ros2_interfaces/srv/detail
[2.696s] -- Installing: /home/cjj/Desktop/RM_work/ROS2_learning/chapter_3/chapt3_ws/install/my_ros2_interfaces/include/my_ros2_interfaces/my_ros2_interfaces/srv/detail/move_robot__struct.hpp
[2.696s] -- Installing: /home/cjj/Desktop/RM_work/ROS2_learning/chapter_3/chapt3_ws/install/my_ros2_interfaces/include/my_ros2_interfaces/my_ros2_interfaces/srv/detail/move_robot__builder.hpp
[2.697s] -- Installing: /home/cjj/Desktop/RM_work/ROS2_learning/chapter_3/chapt3_ws/install/my_ros2_interfaces/include/my_ros2_interfaces/my_ros2_interfaces/srv/detail/move_robot__traits.hpp
[2.697s] -- Up-to-date: /home/cjj/Desktop/RM_work/ROS2_learning/chapter_3/chapt3_ws/install/my_ros2_interfaces/include/my_ros2_interfaces/my_ros2_interfaces/msg
[2.697s] -- Installing: /home/cjj/Desktop/RM_work/ROS2_learning/chapter_3/chapt3_ws/install/my_ros2_interfaces/include/my_ros2_interfaces/my_ros2_interfaces/msg/robot_pose.hpp
[2.697s] -- Installing: /home/cjj/Desktop/RM_work/ROS2_learning/chapter_3/chapt3_ws/install/my_ros2_interfaces/include/my_ros2_interfaces/my_ros2_interfaces/msg/robot_status.hpp
[2.697s] -- Up-to-date: /home/cjj/Desktop/RM_work/ROS2_learning/chapter_3/chapt3_ws/install/my_ros2_interfaces/include/my_ros2_interfaces/my_ros2_interfaces/msg/detail
[2.697s] -- Installing: /home/cjj/Desktop/RM_work/ROS2_learning/chapter_3/chapt3_ws/install/my_ros2_interfaces/include/my_ros2_interfaces/my_ros2_interfaces/msg/detail/robot_status__builder.hpp
[2.697s] -- Installing: /home/cjj/Desktop/RM_work/ROS2_learning/chapter_3/chapt3_ws/install/my_ros2_interfaces/include/my_ros2_interfaces/my_ros2_interfaces/msg/detail/robot_pose__traits.hpp
[2.697s] -- Installing: /home/cjj/Desktop/RM_work/ROS2_learning/chapter_3/chapt3_ws/install/my_ros2_interfaces/include/my_ros2_interfaces/my_ros2_interfaces/msg/detail/robot_pose__struct.hpp
[2.697s] -- Installing: /home/cjj/Desktop/RM_work/ROS2_learning/chapter_3/chapt3_ws/install/my_ros2_interfaces/include/my_ros2_interfaces/my_ros2_interfaces/msg/detail/robot_pose__builder.hpp
[2.697s] -- Installing: /home/cjj/Desktop/RM_work/ROS2_learning/chapter_3/chapt3_ws/install/my_ros2_interfaces/include/my_ros2_interfaces/my_ros2_interfaces/msg/detail/robot_status__traits.hpp
[2.697s] -- Installing: /home/cjj/Desktop/RM_work/ROS2_learning/chapter_3/chapt3_ws/install/my_ros2_interfaces/include/my_ros2_interfaces/my_ros2_interfaces/msg/detail/robot_status__struct.hpp
[2.697s] -- Up-to-date: /home/cjj/Desktop/RM_work/ROS2_learning/chapter_3/chapt3_ws/install/my_ros2_interfaces/include/my_ros2_interfaces/my_ros2_interfaces
[2.697s] -- Up-to-date: /home/cjj/Desktop/RM_work/ROS2_learning/chapter_3/chapt3_ws/install/my_ros2_interfaces/include/my_ros2_interfaces/my_ros2_interfaces/srv
[2.697s] -- Up-to-date: /home/cjj/Desktop/RM_work/ROS2_learning/chapter_3/chapt3_ws/install/my_ros2_interfaces/include/my_ros2_interfaces/my_ros2_interfaces/srv/detail
[2.697s] -- Installing: /home/cjj/Desktop/RM_work/ROS2_learning/chapter_3/chapt3_ws/install/my_ros2_interfaces/include/my_ros2_interfaces/my_ros2_interfaces/srv/detail/dds_fastrtps
[2.697s] -- Installing: /home/cjj/Desktop/RM_work/ROS2_learning/chapter_3/chapt3_ws/install/my_ros2_interfaces/include/my_ros2_interfaces/my_ros2_interfaces/srv/detail/move_robot__rosidl_typesupport_fastrtps_cpp.hpp
[2.698s] -- Up-to-date: /home/cjj/Desktop/RM_work/ROS2_learning/chapter_3/chapt3_ws/install/my_ros2_interfaces/include/my_ros2_interfaces/my_ros2_interfaces/msg
[2.698s] -- Up-to-date: /home/cjj/Desktop/RM_work/ROS2_learning/chapter_3/chapt3_ws/install/my_ros2_interfaces/include/my_ros2_interfaces/my_ros2_interfaces/msg/detail
[2.698s] -- Installing: /home/cjj/Desktop/RM_work/ROS2_learning/chapter_3/chapt3_ws/install/my_ros2_interfaces/include/my_ros2_interfaces/my_ros2_interfaces/msg/detail/robot_status__rosidl_typesupport_fastrtps_cpp.hpp
[2.698s] -- Installing: /home/cjj/Desktop/RM_work/ROS2_learning/chapter_3/chapt3_ws/install/my_ros2_interfaces/include/my_ros2_interfaces/my_ros2_interfaces/msg/detail/dds_fastrtps
[2.698s] -- Installing: /home/cjj/Desktop/RM_work/ROS2_learning/chapter_3/chapt3_ws/install/my_ros2_interfaces/include/my_ros2_interfaces/my_ros2_interfaces/msg/detail/robot_pose__rosidl_typesupport_fastrtps_cpp.hpp
[2.698s] -- Installing: /home/cjj/Desktop/RM_work/ROS2_learning/chapter_3/chapt3_ws/install/my_ros2_interfaces/include/my_ros2_interfaces/my_ros2_interfaces/msg/rosidl_typesupport_fastrtps_cpp__visibility_control.h
[2.698s] -- Installing: /home/cjj/Desktop/RM_work/ROS2_learning/chapter_3/chapt3_ws/install/my_ros2_interfaces/lib/libmy_ros2_interfaces__rosidl_typesupport_fastrtps_cpp.so
[2.698s] -- Set runtime path of "/home/cjj/Desktop/RM_work/ROS2_learning/chapter_3/chapt3_ws/install/my_ros2_interfaces/lib/libmy_ros2_interfaces__rosidl_typesupport_fastrtps_cpp.so" to ""
[2.698s] -- Up-to-date: /home/cjj/Desktop/RM_work/ROS2_learning/chapter_3/chapt3_ws/install/my_ros2_interfaces/include/my_ros2_interfaces/my_ros2_interfaces
[2.698s] -- Up-to-date: /home/cjj/Desktop/RM_work/ROS2_learning/chapter_3/chapt3_ws/install/my_ros2_interfaces/include/my_ros2_interfaces/my_ros2_interfaces/srv
[2.698s] -- Up-to-date: /home/cjj/Desktop/RM_work/ROS2_learning/chapter_3/chapt3_ws/install/my_ros2_interfaces/include/my_ros2_interfaces/my_ros2_interfaces/srv/detail
[2.698s] -- Installing: /home/cjj/Desktop/RM_work/ROS2_learning/chapter_3/chapt3_ws/install/my_ros2_interfaces/include/my_ros2_interfaces/my_ros2_interfaces/srv/detail/move_robot__type_support.cpp
[2.698s] -- Installing: /home/cjj/Desktop/RM_work/ROS2_learning/chapter_3/chapt3_ws/install/my_ros2_interfaces/include/my_ros2_interfaces/my_ros2_interfaces/srv/detail/move_robot__rosidl_typesupport_introspection_cpp.hpp
[2.698s] -- Up-to-date: /home/cjj/Desktop/RM_work/ROS2_learning/chapter_3/chapt3_ws/install/my_ros2_interfaces/include/my_ros2_interfaces/my_ros2_interfaces/msg
[2.699s] -- Up-to-date: /home/cjj/Desktop/RM_work/ROS2_learning/chapter_3/chapt3_ws/install/my_ros2_interfaces/include/my_ros2_interfaces/my_ros2_interfaces/msg/detail
[2.699s] -- Installing: /home/cjj/Desktop/RM_work/ROS2_learning/chapter_3/chapt3_ws/install/my_ros2_interfaces/include/my_ros2_interfaces/my_ros2_interfaces/msg/detail/robot_pose__type_support.cpp
[2.699s] -- Installing: /home/cjj/Desktop/RM_work/ROS2_learning/chapter_3/chapt3_ws/install/my_ros2_interfaces/include/my_ros2_interfaces/my_ros2_interfaces/msg/detail/robot_status__type_support.cpp
[2.699s] -- Installing: /home/cjj/Desktop/RM_work/ROS2_learning/chapter_3/chapt3_ws/install/my_ros2_interfaces/include/my_ros2_interfaces/my_ros2_interfaces/msg/detail/robot_pose__rosidl_typesupport_introspection_cpp.hpp
[2.699s] -- Installing: /home/cjj/Desktop/RM_work/ROS2_learning/chapter_3/chapt3_ws/install/my_ros2_interfaces/include/my_ros2_interfaces/my_ros2_interfaces/msg/detail/robot_status__rosidl_typesupport_introspection_cpp.hpp
[2.699s] -- Installing: /home/cjj/Desktop/RM_work/ROS2_learning/chapter_3/chapt3_ws/install/my_ros2_interfaces/lib/libmy_ros2_interfaces__rosidl_typesupport_introspection_cpp.so
[2.699s] -- Set runtime path of "/home/cjj/Desktop/RM_work/ROS2_learning/chapter_3/chapt3_ws/install/my_ros2_interfaces/lib/libmy_ros2_interfaces__rosidl_typesupport_introspection_cpp.so" to ""
[2.699s] -- Installing: /home/cjj/Desktop/RM_work/ROS2_learning/chapter_3/chapt3_ws/install/my_ros2_interfaces/lib/libmy_ros2_interfaces__rosidl_typesupport_cpp.so
[2.699s] -- Set runtime path of "/home/cjj/Desktop/RM_work/ROS2_learning/chapter_3/chapt3_ws/install/my_ros2_interfaces/lib/libmy_ros2_interfaces__rosidl_typesupport_cpp.so" to ""
[2.699s] -- Installing: /home/cjj/Desktop/RM_work/ROS2_learning/chapter_3/chapt3_ws/install/my_ros2_interfaces/share/my_ros2_interfaces/environment/pythonpath.sh
[2.699s] -- Installing: /home/cjj/Desktop/RM_work/ROS2_learning/chapter_3/chapt3_ws/install/my_ros2_interfaces/share/my_ros2_interfaces/environment/pythonpath.dsv
[2.699s] -- Installing: /home/cjj/Desktop/RM_work/ROS2_learning/chapter_3/chapt3_ws/install/my_ros2_interfaces/local/lib/python3.10/dist-packages/my_ros2_interfaces-0.0.0-py3.10.egg-info
[2.699s] -- Installing: /home/cjj/Desktop/RM_work/ROS2_learning/chapter_3/chapt3_ws/install/my_ros2_interfaces/local/lib/python3.10/dist-packages/my_ros2_interfaces-0.0.0-py3.10.egg-info/SOURCES.txt
[2.699s] -- Installing: /home/cjj/Desktop/RM_work/ROS2_learning/chapter_3/chapt3_ws/install/my_ros2_interfaces/local/lib/python3.10/dist-packages/my_ros2_interfaces-0.0.0-py3.10.egg-info/dependency_links.txt
[2.699s] -- Installing: /home/cjj/Desktop/RM_work/ROS2_learning/chapter_3/chapt3_ws/install/my_ros2_interfaces/local/lib/python3.10/dist-packages/my_ros2_interfaces-0.0.0-py3.10.egg-info/top_level.txt
[2.699s] -- Installing: /home/cjj/Desktop/RM_work/ROS2_learning/chapter_3/chapt3_ws/install/my_ros2_interfaces/local/lib/python3.10/dist-packages/my_ros2_interfaces-0.0.0-py3.10.egg-info/PKG-INFO
[2.699s] -- Installing: /home/cjj/Desktop/RM_work/ROS2_learning/chapter_3/chapt3_ws/install/my_ros2_interfaces/local/lib/python3.10/dist-packages/my_ros2_interfaces
[2.699s] -- Installing: /home/cjj/Desktop/RM_work/ROS2_learning/chapter_3/chapt3_ws/install/my_ros2_interfaces/local/lib/python3.10/dist-packages/my_ros2_interfaces/my_ros2_interfaces_s__rosidl_typesupport_introspection_c.cpython-310-x86_64-linux-gnu.so
[2.699s] -- Installing: /home/cjj/Desktop/RM_work/ROS2_learning/chapter_3/chapt3_ws/install/my_ros2_interfaces/local/lib/python3.10/dist-packages/my_ros2_interfaces/__init__.py
[2.699s] -- Installing: /home/cjj/Desktop/RM_work/ROS2_learning/chapter_3/chapt3_ws/install/my_ros2_interfaces/local/lib/python3.10/dist-packages/my_ros2_interfaces/srv
[2.699s] -- Installing: /home/cjj/Desktop/RM_work/ROS2_learning/chapter_3/chapt3_ws/install/my_ros2_interfaces/local/lib/python3.10/dist-packages/my_ros2_interfaces/srv/__init__.py
[2.699s] -- Installing: /home/cjj/Desktop/RM_work/ROS2_learning/chapter_3/chapt3_ws/install/my_ros2_interfaces/local/lib/python3.10/dist-packages/my_ros2_interfaces/srv/_move_robot.py
[2.699s] -- Installing: /home/cjj/Desktop/RM_work/ROS2_learning/chapter_3/chapt3_ws/install/my_ros2_interfaces/local/lib/python3.10/dist-packages/my_ros2_interfaces/srv/_move_robot_s.c
[2.699s] -- Installing: /home/cjj/Desktop/RM_work/ROS2_learning/chapter_3/chapt3_ws/install/my_ros2_interfaces/local/lib/python3.10/dist-packages/my_ros2_interfaces/msg
[2.699s] -- Installing: /home/cjj/Desktop/RM_work/ROS2_learning/chapter_3/chapt3_ws/install/my_ros2_interfaces/local/lib/python3.10/dist-packages/my_ros2_interfaces/msg/_robot_pose_s.c
[2.699s] -- Installing: /home/cjj/Desktop/RM_work/ROS2_learning/chapter_3/chapt3_ws/install/my_ros2_interfaces/local/lib/python3.10/dist-packages/my_ros2_interfaces/msg/__init__.py
[2.699s] -- Installing: /home/cjj/Desktop/RM_work/ROS2_learning/chapter_3/chapt3_ws/install/my_ros2_interfaces/local/lib/python3.10/dist-packages/my_ros2_interfaces/msg/_robot_pose.py
[2.699s] -- Installing: /home/cjj/Desktop/RM_work/ROS2_learning/chapter_3/chapt3_ws/install/my_ros2_interfaces/local/lib/python3.10/dist-packages/my_ros2_interfaces/msg/_robot_status_s.c
[2.699s] -- Installing: /home/cjj/Desktop/RM_work/ROS2_learning/chapter_3/chapt3_ws/install/my_ros2_interfaces/local/lib/python3.10/dist-packages/my_ros2_interfaces/msg/_robot_status.py
[2.699s] -- Installing: /home/cjj/Desktop/RM_work/ROS2_learning/chapter_3/chapt3_ws/install/my_ros2_interfaces/local/lib/python3.10/dist-packages/my_ros2_interfaces/_my_ros2_interfaces_s.ep.rosidl_typesupport_c.c
[2.699s] -- Installing: /home/cjj/Desktop/RM_work/ROS2_learning/chapter_3/chapt3_ws/install/my_ros2_interfaces/local/lib/python3.10/dist-packages/my_ros2_interfaces/_my_ros2_interfaces_s.ep.rosidl_typesupport_fastrtps_c.c
[2.699s] -- Installing: /home/cjj/Desktop/RM_work/ROS2_learning/chapter_3/chapt3_ws/install/my_ros2_interfaces/local/lib/python3.10/dist-packages/my_ros2_interfaces/_my_ros2_interfaces_s.ep.rosidl_typesupport_introspection_c.c
[2.699s] -- Installing: /home/cjj/Desktop/RM_work/ROS2_learning/chapter_3/chapt3_ws/install/my_ros2_interfaces/local/lib/python3.10/dist-packages/my_ros2_interfaces/my_ros2_interfaces_s__rosidl_typesupport_c.cpython-310-x86_64-linux-gnu.so
[2.699s] -- Installing: /home/cjj/Desktop/RM_work/ROS2_learning/chapter_3/chapt3_ws/install/my_ros2_interfaces/local/lib/python3.10/dist-packages/my_ros2_interfaces/my_ros2_interfaces_s__rosidl_typesupport_fastrtps_c.cpython-310-x86_64-linux-gnu.so
[2.699s] -- Installing: /home/cjj/Desktop/RM_work/ROS2_learning/chapter_3/chapt3_ws/install/my_ros2_interfaces/local/lib/python3.10/dist-packages/my_ros2_interfaces/libmy_ros2_interfaces__rosidl_generator_py.so
[2.717s] Listing '/home/cjj/Desktop/RM_work/ROS2_learning/chapter_3/chapt3_ws/install/my_ros2_interfaces/local/lib/python3.10/dist-packages/my_ros2_interfaces'...
[2.717s] Compiling '/home/cjj/Desktop/RM_work/ROS2_learning/chapter_3/chapt3_ws/install/my_ros2_interfaces/local/lib/python3.10/dist-packages/my_ros2_interfaces/__init__.py'...
[2.717s] Listing '/home/cjj/Desktop/RM_work/ROS2_learning/chapter_3/chapt3_ws/install/my_ros2_interfaces/local/lib/python3.10/dist-packages/my_ros2_interfaces/msg'...
[2.717s] Compiling '/home/cjj/Desktop/RM_work/ROS2_learning/chapter_3/chapt3_ws/install/my_ros2_interfaces/local/lib/python3.10/dist-packages/my_ros2_interfaces/msg/__init__.py'...
[2.717s] Compiling '/home/cjj/Desktop/RM_work/ROS2_learning/chapter_3/chapt3_ws/install/my_ros2_interfaces/local/lib/python3.10/dist-packages/my_ros2_interfaces/msg/_robot_pose.py'...
[2.717s] Compiling '/home/cjj/Desktop/RM_work/ROS2_learning/chapter_3/chapt3_ws/install/my_ros2_interfaces/local/lib/python3.10/dist-packages/my_ros2_interfaces/msg/_robot_status.py'...
[2.717s] Listing '/home/cjj/Desktop/RM_work/ROS2_learning/chapter_3/chapt3_ws/install/my_ros2_interfaces/local/lib/python3.10/dist-packages/my_ros2_interfaces/srv'...
[2.717s] Compiling '/home/cjj/Desktop/RM_work/ROS2_learning/chapter_3/chapt3_ws/install/my_ros2_interfaces/local/lib/python3.10/dist-packages/my_ros2_interfaces/srv/__init__.py'...
[2.717s] Compiling '/home/cjj/Desktop/RM_work/ROS2_learning/chapter_3/chapt3_ws/install/my_ros2_interfaces/local/lib/python3.10/dist-packages/my_ros2_interfaces/srv/_move_robot.py'...
[2.720s] -- Installing: /home/cjj/Desktop/RM_work/ROS2_learning/chapter_3/chapt3_ws/install/my_ros2_interfaces/local/lib/python3.10/dist-packages/my_ros2_interfaces/my_ros2_interfaces_s__rosidl_typesupport_fastrtps_c.cpython-310-x86_64-linux-gnu.so
[2.720s] -- Set runtime path of "/home/cjj/Desktop/RM_work/ROS2_learning/chapter_3/chapt3_ws/install/my_ros2_interfaces/local/lib/python3.10/dist-packages/my_ros2_interfaces/my_ros2_interfaces_s__rosidl_typesupport_fastrtps_c.cpython-310-x86_64-linux-gnu.so" to ""
[2.720s] -- Installing: /home/cjj/Desktop/RM_work/ROS2_learning/chapter_3/chapt3_ws/install/my_ros2_interfaces/local/lib/python3.10/dist-packages/my_ros2_interfaces/my_ros2_interfaces_s__rosidl_typesupport_introspection_c.cpython-310-x86_64-linux-gnu.so
[2.720s] -- Set runtime path of "/home/cjj/Desktop/RM_work/ROS2_learning/chapter_3/chapt3_ws/install/my_ros2_interfaces/local/lib/python3.10/dist-packages/my_ros2_interfaces/my_ros2_interfaces_s__rosidl_typesupport_introspection_c.cpython-310-x86_64-linux-gnu.so" to ""
[2.721s] -- Installing: /home/cjj/Desktop/RM_work/ROS2_learning/chapter_3/chapt3_ws/install/my_ros2_interfaces/local/lib/python3.10/dist-packages/my_ros2_interfaces/my_ros2_interfaces_s__rosidl_typesupport_c.cpython-310-x86_64-linux-gnu.so
[2.721s] -- Set runtime path of "/home/cjj/Desktop/RM_work/ROS2_learning/chapter_3/chapt3_ws/install/my_ros2_interfaces/local/lib/python3.10/dist-packages/my_ros2_interfaces/my_ros2_interfaces_s__rosidl_typesupport_c.cpython-310-x86_64-linux-gnu.so" to ""
[2.721s] -- Installing: /home/cjj/Desktop/RM_work/ROS2_learning/chapter_3/chapt3_ws/install/my_ros2_interfaces/lib/libmy_ros2_interfaces__rosidl_generator_py.so
[2.721s] -- Set runtime path of "/home/cjj/Desktop/RM_work/ROS2_learning/chapter_3/chapt3_ws/install/my_ros2_interfaces/lib/libmy_ros2_interfaces__rosidl_generator_py.so" to ""
[2.721s] -- Installing: /home/cjj/Desktop/RM_work/ROS2_learning/chapter_3/chapt3_ws/install/my_ros2_interfaces/share/my_ros2_interfaces/msg/RobotPose.idl
[2.721s] -- Installing: /home/cjj/Desktop/RM_work/ROS2_learning/chapter_3/chapt3_ws/install/my_ros2_interfaces/share/my_ros2_interfaces/msg/RobotStatus.idl
[2.722s] -- Installing: /home/cjj/Desktop/RM_work/ROS2_learning/chapter_3/chapt3_ws/install/my_ros2_interfaces/share/my_ros2_interfaces/srv/MoveRobot.idl
[2.722s] -- Installing: /home/cjj/Desktop/RM_work/ROS2_learning/chapter_3/chapt3_ws/install/my_ros2_interfaces/share/my_ros2_interfaces/msg/RobotPose.msg
[2.722s] -- Installing: /home/cjj/Desktop/RM_work/ROS2_learning/chapter_3/chapt3_ws/install/my_ros2_interfaces/share/my_ros2_interfaces/msg/RobotStatus.msg
[2.722s] -- Installing: /home/cjj/Desktop/RM_work/ROS2_learning/chapter_3/chapt3_ws/install/my_ros2_interfaces/share/my_ros2_interfaces/srv/MoveRobot.srv
[2.722s] -- Installing: /home/cjj/Desktop/RM_work/ROS2_learning/chapter_3/chapt3_ws/install/my_ros2_interfaces/share/my_ros2_interfaces/srv/MoveRobot_Request.msg
[2.722s] -- Installing: /home/cjj/Desktop/RM_work/ROS2_learning/chapter_3/chapt3_ws/install/my_ros2_interfaces/share/my_ros2_interfaces/srv/MoveRobot_Response.msg
[2.722s] -- Installing: /home/cjj/Desktop/RM_work/ROS2_learning/chapter_3/chapt3_ws/install/my_ros2_interfaces/share/ament_index/resource_index/package_run_dependencies/my_ros2_interfaces
[2.722s] -- Installing: /home/cjj/Desktop/RM_work/ROS2_learning/chapter_3/chapt3_ws/install/my_ros2_interfaces/share/ament_index/resource_index/parent_prefix_path/my_ros2_interfaces
[2.722s] -- Installing: /home/cjj/Desktop/RM_work/ROS2_learning/chapter_3/chapt3_ws/install/my_ros2_interfaces/share/my_ros2_interfaces/environment/ament_prefix_path.sh
[2.722s] -- Installing: /home/cjj/Desktop/RM_work/ROS2_learning/chapter_3/chapt3_ws/install/my_ros2_interfaces/share/my_ros2_interfaces/environment/ament_prefix_path.dsv
[2.722s] -- Installing: /home/cjj/Desktop/RM_work/ROS2_learning/chapter_3/chapt3_ws/install/my_ros2_interfaces/share/my_ros2_interfaces/environment/path.sh
[2.723s] -- Installing: /home/cjj/Desktop/RM_work/ROS2_learning/chapter_3/chapt3_ws/install/my_ros2_interfaces/share/my_ros2_interfaces/environment/path.dsv
[2.723s] -- Installing: /home/cjj/Desktop/RM_work/ROS2_learning/chapter_3/chapt3_ws/install/my_ros2_interfaces/share/my_ros2_interfaces/local_setup.bash
[2.723s] -- Installing: /home/cjj/Desktop/RM_work/ROS2_learning/chapter_3/chapt3_ws/install/my_ros2_interfaces/share/my_ros2_interfaces/local_setup.sh
[2.723s] -- Installing: /home/cjj/Desktop/RM_work/ROS2_learning/chapter_3/chapt3_ws/install/my_ros2_interfaces/share/my_ros2_interfaces/local_setup.zsh
[2.723s] -- Installing: /home/cjj/Desktop/RM_work/ROS2_learning/chapter_3/chapt3_ws/install/my_ros2_interfaces/share/my_ros2_interfaces/local_setup.dsv
[2.723s] -- Installing: /home/cjj/Desktop/RM_work/ROS2_learning/chapter_3/chapt3_ws/install/my_ros2_interfaces/share/my_ros2_interfaces/package.dsv
[2.723s] -- Installing: /home/cjj/Desktop/RM_work/ROS2_learning/chapter_3/chapt3_ws/install/my_ros2_interfaces/share/ament_index/resource_index/packages/my_ros2_interfaces
[2.723s] -- Installing: /home/cjj/Desktop/RM_work/ROS2_learning/chapter_3/chapt3_ws/install/my_ros2_interfaces/share/my_ros2_interfaces/cmake/export_my_ros2_interfaces__rosidl_generator_cExport.cmake
[2.723s] -- Installing: /home/cjj/Desktop/RM_work/ROS2_learning/chapter_3/chapt3_ws/install/my_ros2_interfaces/share/my_ros2_interfaces/cmake/export_my_ros2_interfaces__rosidl_generator_cExport-noconfig.cmake
[2.724s] -- Installing: /home/cjj/Desktop/RM_work/ROS2_learning/chapter_3/chapt3_ws/install/my_ros2_interfaces/share/my_ros2_interfaces/cmake/export_my_ros2_interfaces__rosidl_typesupport_fastrtps_cExport.cmake
[2.724s] -- Installing: /home/cjj/Desktop/RM_work/ROS2_learning/chapter_3/chapt3_ws/install/my_ros2_interfaces/share/my_ros2_interfaces/cmake/export_my_ros2_interfaces__rosidl_typesupport_fastrtps_cExport-noconfig.cmake
[2.724s] -- Installing: /home/cjj/Desktop/RM_work/ROS2_learning/chapter_3/chapt3_ws/install/my_ros2_interfaces/share/my_ros2_interfaces/cmake/my_ros2_interfaces__rosidl_typesupport_introspection_cExport.cmake
[2.724s] -- Installing: /home/cjj/Desktop/RM_work/ROS2_learning/chapter_3/chapt3_ws/install/my_ros2_interfaces/share/my_ros2_interfaces/cmake/my_ros2_interfaces__rosidl_typesupport_introspection_cExport-noconfig.cmake
[2.724s] -- Installing: /home/cjj/Desktop/RM_work/ROS2_learning/chapter_3/chapt3_ws/install/my_ros2_interfaces/share/my_ros2_interfaces/cmake/my_ros2_interfaces__rosidl_typesupport_cExport.cmake
[2.724s] -- Installing: /home/cjj/Desktop/RM_work/ROS2_learning/chapter_3/chapt3_ws/install/my_ros2_interfaces/share/my_ros2_interfaces/cmake/my_ros2_interfaces__rosidl_typesupport_cExport-noconfig.cmake
[2.724s] -- Installing: /home/cjj/Desktop/RM_work/ROS2_learning/chapter_3/chapt3_ws/install/my_ros2_interfaces/share/my_ros2_interfaces/cmake/export_my_ros2_interfaces__rosidl_generator_cppExport.cmake
[2.724s] -- Installing: /home/cjj/Desktop/RM_work/ROS2_learning/chapter_3/chapt3_ws/install/my_ros2_interfaces/share/my_ros2_interfaces/cmake/export_my_ros2_interfaces__rosidl_typesupport_fastrtps_cppExport.cmake
[2.724s] -- Installing: /home/cjj/Desktop/RM_work/ROS2_learning/chapter_3/chapt3_ws/install/my_ros2_interfaces/share/my_ros2_interfaces/cmake/export_my_ros2_interfaces__rosidl_typesupport_fastrtps_cppExport-noconfig.cmake
[2.724s] -- Installing: /home/cjj/Desktop/RM_work/ROS2_learning/chapter_3/chapt3_ws/install/my_ros2_interfaces/share/my_ros2_interfaces/cmake/my_ros2_interfaces__rosidl_typesupport_introspection_cppExport.cmake
[2.724s] -- Installing: /home/cjj/Desktop/RM_work/ROS2_learning/chapter_3/chapt3_ws/install/my_ros2_interfaces/share/my_ros2_interfaces/cmake/my_ros2_interfaces__rosidl_typesupport_introspection_cppExport-noconfig.cmake
[2.724s] -- Installing: /home/cjj/Desktop/RM_work/ROS2_learning/chapter_3/chapt3_ws/install/my_ros2_interfaces/share/my_ros2_interfaces/cmake/my_ros2_interfaces__rosidl_typesupport_cppExport.cmake
[2.724s] -- Installing: /home/cjj/Desktop/RM_work/ROS2_learning/chapter_3/chapt3_ws/install/my_ros2_interfaces/share/my_ros2_interfaces/cmake/my_ros2_interfaces__rosidl_typesupport_cppExport-noconfig.cmake
[2.724s] -- Installing: /home/cjj/Desktop/RM_work/ROS2_learning/chapter_3/chapt3_ws/install/my_ros2_interfaces/share/my_ros2_interfaces/cmake/export_my_ros2_interfaces__rosidl_generator_pyExport.cmake
[2.724s] -- Installing: /home/cjj/Desktop/RM_work/ROS2_learning/chapter_3/chapt3_ws/install/my_ros2_interfaces/share/my_ros2_interfaces/cmake/export_my_ros2_interfaces__rosidl_generator_pyExport-noconfig.cmake
[2.724s] -- Installing: /home/cjj/Desktop/RM_work/ROS2_learning/chapter_3/chapt3_ws/install/my_ros2_interfaces/share/my_ros2_interfaces/cmake/rosidl_cmake-extras.cmake
[2.724s] -- Installing: /home/cjj/Desktop/RM_work/ROS2_learning/chapter_3/chapt3_ws/install/my_ros2_interfaces/share/my_ros2_interfaces/cmake/ament_cmake_export_dependencies-extras.cmake
[2.724s] -- Installing: /home/cjj/Desktop/RM_work/ROS2_learning/chapter_3/chapt3_ws/install/my_ros2_interfaces/share/my_ros2_interfaces/cmake/ament_cmake_export_include_directories-extras.cmake
[2.725s] -- Installing: /home/cjj/Desktop/RM_work/ROS2_learning/chapter_3/chapt3_ws/install/my_ros2_interfaces/share/my_ros2_interfaces/cmake/ament_cmake_export_libraries-extras.cmake
[2.725s] -- Installing: /home/cjj/Desktop/RM_work/ROS2_learning/chapter_3/chapt3_ws/install/my_ros2_interfaces/share/my_ros2_interfaces/cmake/ament_cmake_export_targets-extras.cmake
[2.725s] -- Installing: /home/cjj/Desktop/RM_work/ROS2_learning/chapter_3/chapt3_ws/install/my_ros2_interfaces/share/my_ros2_interfaces/cmake/rosidl_cmake_export_typesupport_targets-extras.cmake
[2.725s] -- Installing: /home/cjj/Desktop/RM_work/ROS2_learning/chapter_3/chapt3_ws/install/my_ros2_interfaces/share/my_ros2_interfaces/cmake/rosidl_cmake_export_typesupport_libraries-extras.cmake
[2.725s] -- Installing: /home/cjj/Desktop/RM_work/ROS2_learning/chapter_3/chapt3_ws/install/my_ros2_interfaces/share/my_ros2_interfaces/cmake/my_ros2_interfacesConfig.cmake
[2.725s] -- Installing: /home/cjj/Desktop/RM_work/ROS2_learning/chapter_3/chapt3_ws/install/my_ros2_interfaces/share/my_ros2_interfaces/cmake/my_ros2_interfacesConfig-version.cmake
[2.725s] -- Installing: /home/cjj/Desktop/RM_work/ROS2_learning/chapter_3/chapt3_ws/install/my_ros2_interfaces/share/my_ros2_interfaces/package.xml
[2.726s] Invoked command in '/home/cjj/Desktop/RM_work/ROS2_learning/chapter_3/chapt3_ws/build/my_ros2_interfaces' returned '0': CMAKE_PREFIX_PATH=${CMAKE_PREFIX_PATH}:/opt/ros/humble /usr/bin/cmake --install /home/cjj/Desktop/RM_work/ROS2_learning/chapter_3/chapt3_ws/build/my_ros2_interfaces
