[0.049s] DEBUG:colcon:Command line arguments: ['/usr/bin/colcon', 'list', '-p', '--base-paths', '/home/cjj/Desktop/RM_work/ROS2_learning/chapter_5/chapt5_ws']
[0.049s] DEBUG:colcon:Parsed command line arguments: Namespace(log_base=None, log_level=None, verb_name='list', build_base='build', ignore_user_meta=False, metas=['./colcon.meta'], base_paths=['/home/cjj/Desktop/RM_work/ROS2_learning/chapter_5/chapt5_ws'], packages_ignore=None, packages_ignore_regex=None, paths=None, packages_up_to=None, packages_up_to_regex=None, packages_above=None, packages_above_and_dependencies=None, packages_above_depth=None, packages_select_by_dep=None, packages_skip_by_dep=None, packages_skip_up_to=None, packages_select_build_failed=False, packages_skip_build_finished=False, packages_select_test_failures=False, packages_skip_test_passed=False, packages_select=None, packages_skip=None, packages_select_regex=None, packages_skip_regex=None, packages_start=None, packages_end=None, allow_overriding=[], topological_order=False, names_only=False, paths_only=True, topological_graph=False, topological_graph_dot=False, topological_graph_density=False, topological_graph_legend=False, topological_graph_dot_cluster=False, topological_graph_dot_include_skipped=False, mixin_files=None, mixin=None, verb_parser=<colcon_mixin.mixin.mixin_argument.MixinArgumentDecorator object at 0x7145f6f4bb80>, verb_extension=<colcon_package_information.verb.list.ListVerb object at 0x7145f6f4abc0>, main=<bound method ListVerb.main of <colcon_package_information.verb.list.ListVerb object at 0x7145f6f4abc0>>, mixin_verb=('list',))
[0.134s] Level 1:colcon.colcon_core.package_discovery:discover_packages(colcon_meta) check parameters
[0.134s] Level 1:colcon.colcon_core.package_discovery:discover_packages(recursive) check parameters
[0.134s] Level 1:colcon.colcon_core.package_discovery:discover_packages(ignore) check parameters
[0.134s] Level 1:colcon.colcon_core.package_discovery:discover_packages(path) check parameters
[0.135s] Level 1:colcon.colcon_core.package_discovery:discover_packages(recursive) discover
[0.135s] INFO:colcon.colcon_core.package_discovery:Crawling recursively for packages in '/home/cjj/Desktop/RM_work/ROS2_learning/chapter_5/chapt5_ws'
[0.135s] Level 1:colcon.colcon_core.package_identification:_identify(/home/cjj/Desktop/RM_work/ROS2_learning/chapter_5/chapt5_ws) by extensions ['ignore', 'ignore_ament_install']
[0.135s] Level 1:colcon.colcon_core.package_identification:_identify(/home/cjj/Desktop/RM_work/ROS2_learning/chapter_5/chapt5_ws) by extension 'ignore'
[0.135s] Level 1:colcon.colcon_core.package_identification:_identify(/home/cjj/Desktop/RM_work/ROS2_learning/chapter_5/chapt5_ws) by extension 'ignore_ament_install'
[0.135s] Level 1:colcon.colcon_core.package_identification:_identify(/home/cjj/Desktop/RM_work/ROS2_learning/chapter_5/chapt5_ws) by extensions ['colcon_pkg']
[0.135s] Level 1:colcon.colcon_core.package_identification:_identify(/home/cjj/Desktop/RM_work/ROS2_learning/chapter_5/chapt5_ws) by extension 'colcon_pkg'
[0.135s] Level 1:colcon.colcon_core.package_identification:_identify(/home/cjj/Desktop/RM_work/ROS2_learning/chapter_5/chapt5_ws) by extensions ['colcon_meta']
[0.135s] Level 1:colcon.colcon_core.package_identification:_identify(/home/cjj/Desktop/RM_work/ROS2_learning/chapter_5/chapt5_ws) by extension 'colcon_meta'
[0.135s] Level 1:colcon.colcon_core.package_identification:_identify(/home/cjj/Desktop/RM_work/ROS2_learning/chapter_5/chapt5_ws) by extensions ['ros']
[0.135s] Level 1:colcon.colcon_core.package_identification:_identify(/home/cjj/Desktop/RM_work/ROS2_learning/chapter_5/chapt5_ws) by extension 'ros'
[0.142s] Level 1:colcon.colcon_core.package_identification:_identify(/home/cjj/Desktop/RM_work/ROS2_learning/chapter_5/chapt5_ws) by extensions ['cmake', 'python']
[0.142s] Level 1:colcon.colcon_core.package_identification:_identify(/home/cjj/Desktop/RM_work/ROS2_learning/chapter_5/chapt5_ws) by extension 'cmake'
[0.142s] Level 1:colcon.colcon_core.package_identification:_identify(/home/cjj/Desktop/RM_work/ROS2_learning/chapter_5/chapt5_ws) by extension 'python'
[0.142s] Level 1:colcon.colcon_core.package_identification:_identify(/home/cjj/Desktop/RM_work/ROS2_learning/chapter_5/chapt5_ws) by extensions ['python_setup_py']
[0.142s] Level 1:colcon.colcon_core.package_identification:_identify(/home/cjj/Desktop/RM_work/ROS2_learning/chapter_5/chapt5_ws) by extension 'python_setup_py'
[0.142s] Level 1:colcon.colcon_core.package_identification:_identify(/home/cjj/Desktop/RM_work/ROS2_learning/chapter_5/chapt5_ws/build) by extensions ['ignore', 'ignore_ament_install']
[0.143s] Level 1:colcon.colcon_core.package_identification:_identify(/home/cjj/Desktop/RM_work/ROS2_learning/chapter_5/chapt5_ws/build) by extension 'ignore'
[0.143s] Level 1:colcon.colcon_core.package_identification:_identify(/home/cjj/Desktop/RM_work/ROS2_learning/chapter_5/chapt5_ws/build) ignored
[0.143s] Level 1:colcon.colcon_core.package_identification:_identify(/home/cjj/Desktop/RM_work/ROS2_learning/chapter_5/chapt5_ws/install) by extensions ['ignore', 'ignore_ament_install']
[0.143s] Level 1:colcon.colcon_core.package_identification:_identify(/home/cjj/Desktop/RM_work/ROS2_learning/chapter_5/chapt5_ws/install) by extension 'ignore'
[0.143s] Level 1:colcon.colcon_core.package_identification:_identify(/home/cjj/Desktop/RM_work/ROS2_learning/chapter_5/chapt5_ws/install) ignored
[0.143s] Level 1:colcon.colcon_core.package_identification:_identify(/home/cjj/Desktop/RM_work/ROS2_learning/chapter_5/chapt5_ws/log) by extensions ['ignore', 'ignore_ament_install']
[0.143s] Level 1:colcon.colcon_core.package_identification:_identify(/home/cjj/Desktop/RM_work/ROS2_learning/chapter_5/chapt5_ws/log) by extension 'ignore'
[0.143s] Level 1:colcon.colcon_core.package_identification:_identify(/home/cjj/Desktop/RM_work/ROS2_learning/chapter_5/chapt5_ws/log) ignored
[0.143s] Level 1:colcon.colcon_core.package_identification:_identify(/home/cjj/Desktop/RM_work/ROS2_learning/chapter_5/chapt5_ws/src) by extensions ['ignore', 'ignore_ament_install']
[0.143s] Level 1:colcon.colcon_core.package_identification:_identify(/home/cjj/Desktop/RM_work/ROS2_learning/chapter_5/chapt5_ws/src) by extension 'ignore'
[0.143s] Level 1:colcon.colcon_core.package_identification:_identify(/home/cjj/Desktop/RM_work/ROS2_learning/chapter_5/chapt5_ws/src) by extension 'ignore_ament_install'
[0.143s] Level 1:colcon.colcon_core.package_identification:_identify(/home/cjj/Desktop/RM_work/ROS2_learning/chapter_5/chapt5_ws/src) by extensions ['colcon_pkg']
[0.143s] Level 1:colcon.colcon_core.package_identification:_identify(/home/cjj/Desktop/RM_work/ROS2_learning/chapter_5/chapt5_ws/src) by extension 'colcon_pkg'
[0.143s] Level 1:colcon.colcon_core.package_identification:_identify(/home/cjj/Desktop/RM_work/ROS2_learning/chapter_5/chapt5_ws/src) by extensions ['colcon_meta']
[0.143s] Level 1:colcon.colcon_core.package_identification:_identify(/home/cjj/Desktop/RM_work/ROS2_learning/chapter_5/chapt5_ws/src) by extension 'colcon_meta'
[0.143s] Level 1:colcon.colcon_core.package_identification:_identify(/home/cjj/Desktop/RM_work/ROS2_learning/chapter_5/chapt5_ws/src) by extensions ['ros']
[0.143s] Level 1:colcon.colcon_core.package_identification:_identify(/home/cjj/Desktop/RM_work/ROS2_learning/chapter_5/chapt5_ws/src) by extension 'ros'
[0.143s] Level 1:colcon.colcon_core.package_identification:_identify(/home/cjj/Desktop/RM_work/ROS2_learning/chapter_5/chapt5_ws/src) by extensions ['cmake', 'python']
[0.143s] Level 1:colcon.colcon_core.package_identification:_identify(/home/cjj/Desktop/RM_work/ROS2_learning/chapter_5/chapt5_ws/src) by extension 'cmake'
[0.143s] Level 1:colcon.colcon_core.package_identification:_identify(/home/cjj/Desktop/RM_work/ROS2_learning/chapter_5/chapt5_ws/src) by extension 'python'
[0.143s] Level 1:colcon.colcon_core.package_identification:_identify(/home/cjj/Desktop/RM_work/ROS2_learning/chapter_5/chapt5_ws/src) by extensions ['python_setup_py']
[0.143s] Level 1:colcon.colcon_core.package_identification:_identify(/home/cjj/Desktop/RM_work/ROS2_learning/chapter_5/chapt5_ws/src) by extension 'python_setup_py'
[0.143s] Level 1:colcon.colcon_core.package_identification:_identify(/home/cjj/Desktop/RM_work/ROS2_learning/chapter_5/chapt5_ws/src/robot_startup) by extensions ['ignore', 'ignore_ament_install']
[0.143s] Level 1:colcon.colcon_core.package_identification:_identify(/home/cjj/Desktop/RM_work/ROS2_learning/chapter_5/chapt5_ws/src/robot_startup) by extension 'ignore'
[0.143s] Level 1:colcon.colcon_core.package_identification:_identify(/home/cjj/Desktop/RM_work/ROS2_learning/chapter_5/chapt5_ws/src/robot_startup) by extension 'ignore_ament_install'
[0.143s] Level 1:colcon.colcon_core.package_identification:_identify(/home/cjj/Desktop/RM_work/ROS2_learning/chapter_5/chapt5_ws/src/robot_startup) by extensions ['colcon_pkg']
[0.143s] Level 1:colcon.colcon_core.package_identification:_identify(/home/cjj/Desktop/RM_work/ROS2_learning/chapter_5/chapt5_ws/src/robot_startup) by extension 'colcon_pkg'
[0.143s] Level 1:colcon.colcon_core.package_identification:_identify(/home/cjj/Desktop/RM_work/ROS2_learning/chapter_5/chapt5_ws/src/robot_startup) by extensions ['colcon_meta']
[0.143s] Level 1:colcon.colcon_core.package_identification:_identify(/home/cjj/Desktop/RM_work/ROS2_learning/chapter_5/chapt5_ws/src/robot_startup) by extension 'colcon_meta'
[0.143s] Level 1:colcon.colcon_core.package_identification:_identify(/home/cjj/Desktop/RM_work/ROS2_learning/chapter_5/chapt5_ws/src/robot_startup) by extensions ['ros']
[0.144s] Level 1:colcon.colcon_core.package_identification:_identify(/home/cjj/Desktop/RM_work/ROS2_learning/chapter_5/chapt5_ws/src/robot_startup) by extension 'ros'
[0.145s] DEBUG:colcon.colcon_core.package_identification:Package '/home/cjj/Desktop/RM_work/ROS2_learning/chapter_5/chapt5_ws/src/robot_startup' with type 'ros.ament_cmake' and name 'robot_startup'
[0.145s] Level 1:colcon.colcon_core.package_identification:_identify(/home/cjj/Desktop/RM_work/ROS2_learning/chapter_5/chapt5_ws/src/test_for_launch) by extensions ['ignore', 'ignore_ament_install']
[0.145s] Level 1:colcon.colcon_core.package_identification:_identify(/home/cjj/Desktop/RM_work/ROS2_learning/chapter_5/chapt5_ws/src/test_for_launch) by extension 'ignore'
[0.145s] Level 1:colcon.colcon_core.package_identification:_identify(/home/cjj/Desktop/RM_work/ROS2_learning/chapter_5/chapt5_ws/src/test_for_launch) by extension 'ignore_ament_install'
[0.145s] Level 1:colcon.colcon_core.package_identification:_identify(/home/cjj/Desktop/RM_work/ROS2_learning/chapter_5/chapt5_ws/src/test_for_launch) by extensions ['colcon_pkg']
[0.145s] Level 1:colcon.colcon_core.package_identification:_identify(/home/cjj/Desktop/RM_work/ROS2_learning/chapter_5/chapt5_ws/src/test_for_launch) by extension 'colcon_pkg'
[0.145s] Level 1:colcon.colcon_core.package_identification:_identify(/home/cjj/Desktop/RM_work/ROS2_learning/chapter_5/chapt5_ws/src/test_for_launch) by extensions ['colcon_meta']
[0.145s] Level 1:colcon.colcon_core.package_identification:_identify(/home/cjj/Desktop/RM_work/ROS2_learning/chapter_5/chapt5_ws/src/test_for_launch) by extension 'colcon_meta'
[0.145s] Level 1:colcon.colcon_core.package_identification:_identify(/home/cjj/Desktop/RM_work/ROS2_learning/chapter_5/chapt5_ws/src/test_for_launch) by extensions ['ros']
[0.145s] Level 1:colcon.colcon_core.package_identification:_identify(/home/cjj/Desktop/RM_work/ROS2_learning/chapter_5/chapt5_ws/src/test_for_launch) by extension 'ros'
[0.146s] DEBUG:colcon.colcon_core.package_identification:Package '/home/cjj/Desktop/RM_work/ROS2_learning/chapter_5/chapt5_ws/src/test_for_launch' with type 'ros.ament_cmake' and name 'test_for_launch'
[0.146s] Level 1:colcon.colcon_core.package_discovery:discover_packages(recursive) using defaults
