[0.007s] Invoking command in '/home/cjj/Desktop/RM_work/ROS2_learning/rviz2_tasks/build/image_detector': CMAKE_PREFIX_PATH=/home/cjj/Desktop/RM_work/ROS2_learning/rviz2_tasks/install/rm_interfaces:/home/cjj/Desktop/RM_work/ROS2_learning/rviz2_tasks/install/image_detector:/opt/ros/humble LD_LIBRARY_PATH=/home/cjj/Desktop/RM_work/ROS2_learning/rviz2_tasks/install/rm_interfaces/lib:/opt/ros/humble/opt/rviz_ogre_vendor/lib:/opt/ros/humble/lib/x86_64-linux-gnu:/opt/ros/humble/lib:/opt/MVS/lib/64:/opt/MVS/lib/32:/opt/intel/openvino/runtime/lib/intel64:/usr/local/lib:/opt/MVS/lib/64:/opt/MVS/lib/32:/opt/MVS/lib/64:/opt/MVS/lib/32 /usr/bin/cmake --build /home/cjj/Desktop/RM_work/ROS2_learning/rviz2_tasks/build/image_detector -- -j20 -l20
[0.043s] [35m[1mConsolidate compiler generated dependencies of target image_detector[0m
[0.056s] [ 50%] [32mBuilding CXX object CMakeFiles/image_detector.dir/src/image_detector_node.cpp.o[0m
[1.709s] [100%] [32m[1mLinking CXX executable image_detector[0m
[1.801s] [100%] Built target image_detector
[1.809s] Invoked command in '/home/cjj/Desktop/RM_work/ROS2_learning/rviz2_tasks/build/image_detector' returned '0': CMAKE_PREFIX_PATH=/home/cjj/Desktop/RM_work/ROS2_learning/rviz2_tasks/install/rm_interfaces:/home/cjj/Desktop/RM_work/ROS2_learning/rviz2_tasks/install/image_detector:/opt/ros/humble LD_LIBRARY_PATH=/home/cjj/Desktop/RM_work/ROS2_learning/rviz2_tasks/install/rm_interfaces/lib:/opt/ros/humble/opt/rviz_ogre_vendor/lib:/opt/ros/humble/lib/x86_64-linux-gnu:/opt/ros/humble/lib:/opt/MVS/lib/64:/opt/MVS/lib/32:/opt/intel/openvino/runtime/lib/intel64:/usr/local/lib:/opt/MVS/lib/64:/opt/MVS/lib/32:/opt/MVS/lib/64:/opt/MVS/lib/32 /usr/bin/cmake --build /home/cjj/Desktop/RM_work/ROS2_learning/rviz2_tasks/build/image_detector -- -j20 -l20
[1.829s] Invoking command in '/home/cjj/Desktop/RM_work/ROS2_learning/rviz2_tasks/build/image_detector': CMAKE_PREFIX_PATH=/home/cjj/Desktop/RM_work/ROS2_learning/rviz2_tasks/install/rm_interfaces:/home/cjj/Desktop/RM_work/ROS2_learning/rviz2_tasks/install/image_detector:/opt/ros/humble LD_LIBRARY_PATH=/home/cjj/Desktop/RM_work/ROS2_learning/rviz2_tasks/install/rm_interfaces/lib:/opt/ros/humble/opt/rviz_ogre_vendor/lib:/opt/ros/humble/lib/x86_64-linux-gnu:/opt/ros/humble/lib:/opt/MVS/lib/64:/opt/MVS/lib/32:/opt/intel/openvino/runtime/lib/intel64:/usr/local/lib:/opt/MVS/lib/64:/opt/MVS/lib/32:/opt/MVS/lib/64:/opt/MVS/lib/32 /usr/bin/cmake --install /home/cjj/Desktop/RM_work/ROS2_learning/rviz2_tasks/build/image_detector
[1.834s] -- Install configuration: ""
[1.834s] -- Execute custom install script
[1.834s] -- Up-to-date symlink: /home/cjj/Desktop/RM_work/ROS2_learning/rviz2_tasks/install/image_detector/share/ament_index/resource_index/package_run_dependencies/image_detector
[1.834s] -- Up-to-date symlink: /home/cjj/Desktop/RM_work/ROS2_learning/rviz2_tasks/install/image_detector/share/ament_index/resource_index/parent_prefix_path/image_detector
[1.834s] -- Up-to-date symlink: /home/cjj/Desktop/RM_work/ROS2_learning/rviz2_tasks/install/image_detector/share/image_detector/environment/ament_prefix_path.sh
[1.834s] -- Up-to-date symlink: /home/cjj/Desktop/RM_work/ROS2_learning/rviz2_tasks/install/image_detector/share/image_detector/environment/ament_prefix_path.dsv
[1.834s] -- Up-to-date symlink: /home/cjj/Desktop/RM_work/ROS2_learning/rviz2_tasks/install/image_detector/share/image_detector/environment/path.sh
[1.834s] -- Up-to-date symlink: /home/cjj/Desktop/RM_work/ROS2_learning/rviz2_tasks/install/image_detector/share/image_detector/environment/path.dsv
[1.835s] -- Up-to-date symlink: /home/cjj/Desktop/RM_work/ROS2_learning/rviz2_tasks/install/image_detector/share/image_detector/local_setup.bash
[1.835s] -- Up-to-date symlink: /home/cjj/Desktop/RM_work/ROS2_learning/rviz2_tasks/install/image_detector/share/image_detector/local_setup.sh
[1.835s] -- Up-to-date symlink: /home/cjj/Desktop/RM_work/ROS2_learning/rviz2_tasks/install/image_detector/share/image_detector/local_setup.zsh
[1.835s] -- Up-to-date symlink: /home/cjj/Desktop/RM_work/ROS2_learning/rviz2_tasks/install/image_detector/share/image_detector/local_setup.dsv
[1.835s] -- Symlinking: /home/cjj/Desktop/RM_work/ROS2_learning/rviz2_tasks/install/image_detector/share/image_detector/package.dsv
[1.839s] -- Up-to-date symlink: /home/cjj/Desktop/RM_work/ROS2_learning/rviz2_tasks/install/image_detector/share/ament_index/resource_index/packages/image_detector
[1.839s] -- Up-to-date symlink: /home/cjj/Desktop/RM_work/ROS2_learning/rviz2_tasks/install/image_detector/share/image_detector/cmake/image_detectorConfig.cmake
[1.839s] -- Up-to-date symlink: /home/cjj/Desktop/RM_work/ROS2_learning/rviz2_tasks/install/image_detector/share/image_detector/cmake/image_detectorConfig-version.cmake
[1.839s] -- Up-to-date symlink: /home/cjj/Desktop/RM_work/ROS2_learning/rviz2_tasks/install/image_detector/share/image_detector/package.xml
[1.841s] Invoked command in '/home/cjj/Desktop/RM_work/ROS2_learning/rviz2_tasks/build/image_detector' returned '0': CMAKE_PREFIX_PATH=/home/cjj/Desktop/RM_work/ROS2_learning/rviz2_tasks/install/rm_interfaces:/home/cjj/Desktop/RM_work/ROS2_learning/rviz2_tasks/install/image_detector:/opt/ros/humble LD_LIBRARY_PATH=/home/cjj/Desktop/RM_work/ROS2_learning/rviz2_tasks/install/rm_interfaces/lib:/opt/ros/humble/opt/rviz_ogre_vendor/lib:/opt/ros/humble/lib/x86_64-linux-gnu:/opt/ros/humble/lib:/opt/MVS/lib/64:/opt/MVS/lib/32:/opt/intel/openvino/runtime/lib/intel64:/usr/local/lib:/opt/MVS/lib/64:/opt/MVS/lib/32:/opt/MVS/lib/64:/opt/MVS/lib/32 /usr/bin/cmake --install /home/cjj/Desktop/RM_work/ROS2_learning/rviz2_tasks/build/image_detector
