[0.006s] Invoking command in '/home/cjj/Desktop/RM_work/ROS2_learning/chapter_5/chapt5_ws/build/robot_startup': CMAKE_PREFIX_PATH=/opt/ros/humble /usr/bin/cmake /home/cjj/Desktop/RM_work/ROS2_learning/chapter_5/chapt5_ws/src/robot_startup -DCMAKE_INSTALL_PREFIX=/home/cjj/Desktop/RM_work/ROS2_learning/chapter_5/chapt5_ws/install/robot_startup
[0.048s] -- The C compiler identification is GNU 11.4.0
[0.085s] -- The CXX compiler identification is GNU 11.4.0
[0.089s] -- Detecting C compiler ABI info
[0.140s] -- Detecting C compiler ABI info - done
[0.144s] -- Check for working C compiler: /usr/bin/cc - skipped
[0.144s] -- Detecting C compile features
[0.144s] -- Detecting C compile features - done
[0.146s] -- Detecting CXX compiler ABI info
[0.200s] -- Detecting CXX compiler ABI info - done
[0.205s] -- Check for working CXX compiler: /usr/bin/c++ - skipped
[0.205s] -- Detecting CXX compile features
[0.205s] -- Detecting CXX compile features - done
[0.206s] -- Found ament_cmake: 1.3.10 (/opt/ros/humble/share/ament_cmake/cmake)
[0.302s] -- Found Python3: /usr/bin/python3 (found version "3.10.12") found components: Interpreter 
[0.350s] -- Found ament_lint_auto: 0.12.11 (/opt/ros/humble/share/ament_lint_auto/cmake)
[0.393s] -- Added test 'flake8' to check Python code syntax and style conventions
[0.393s] -- Added test 'lint_cmake' to check CMake code style
[0.393s] -- Added test 'pep257' to check Python code against some of the docstring style conventions in PEP 257
[0.394s] -- Added test 'xmllint' to check XML markup files
[0.394s] -- Configuring done
[0.396s] -- Generating done
[0.396s] -- Build files have been written to: /home/cjj/Desktop/RM_work/ROS2_learning/chapter_5/chapt5_ws/build/robot_startup
[0.400s] Invoked command in '/home/cjj/Desktop/RM_work/ROS2_learning/chapter_5/chapt5_ws/build/robot_startup' returned '0': CMAKE_PREFIX_PATH=/opt/ros/humble /usr/bin/cmake /home/cjj/Desktop/RM_work/ROS2_learning/chapter_5/chapt5_ws/src/robot_startup -DCMAKE_INSTALL_PREFIX=/home/cjj/Desktop/RM_work/ROS2_learning/chapter_5/chapt5_ws/install/robot_startup
[0.400s] Invoking command in '/home/cjj/Desktop/RM_work/ROS2_learning/chapter_5/chapt5_ws/build/robot_startup': CMAKE_PREFIX_PATH=/opt/ros/humble /usr/bin/cmake --build /home/cjj/Desktop/RM_work/ROS2_learning/chapter_5/chapt5_ws/build/robot_startup -- -j20 -l20
[0.423s] Invoked command in '/home/cjj/Desktop/RM_work/ROS2_learning/chapter_5/chapt5_ws/build/robot_startup' returned '0': CMAKE_PREFIX_PATH=/opt/ros/humble /usr/bin/cmake --build /home/cjj/Desktop/RM_work/ROS2_learning/chapter_5/chapt5_ws/build/robot_startup -- -j20 -l20
[0.449s] Invoking command in '/home/cjj/Desktop/RM_work/ROS2_learning/chapter_5/chapt5_ws/build/robot_startup': CMAKE_PREFIX_PATH=/opt/ros/humble /usr/bin/cmake --install /home/cjj/Desktop/RM_work/ROS2_learning/chapter_5/chapt5_ws/build/robot_startup
[0.453s] -- Install configuration: ""
[0.453s] -- Installing: /home/cjj/Desktop/RM_work/ROS2_learning/chapter_5/chapt5_ws/install/robot_startup/share/robot_startup/launch
[0.453s] -- Installing: /home/cjj/Desktop/RM_work/ROS2_learning/chapter_5/chapt5_ws/install/robot_startup/share/robot_startup/launch/my_action.launch.py
[0.453s] -- Installing: /home/cjj/Desktop/RM_work/ROS2_learning/chapter_5/chapt5_ws/install/robot_startup/share/ament_index/resource_index/package_run_dependencies/robot_startup
[0.453s] -- Installing: /home/cjj/Desktop/RM_work/ROS2_learning/chapter_5/chapt5_ws/install/robot_startup/share/ament_index/resource_index/parent_prefix_path/robot_startup
[0.453s] -- Installing: /home/cjj/Desktop/RM_work/ROS2_learning/chapter_5/chapt5_ws/install/robot_startup/share/robot_startup/environment/ament_prefix_path.sh
[0.453s] -- Installing: /home/cjj/Desktop/RM_work/ROS2_learning/chapter_5/chapt5_ws/install/robot_startup/share/robot_startup/environment/ament_prefix_path.dsv
[0.453s] -- Installing: /home/cjj/Desktop/RM_work/ROS2_learning/chapter_5/chapt5_ws/install/robot_startup/share/robot_startup/environment/path.sh
[0.453s] -- Installing: /home/cjj/Desktop/RM_work/ROS2_learning/chapter_5/chapt5_ws/install/robot_startup/share/robot_startup/environment/path.dsv
[0.454s] -- Installing: /home/cjj/Desktop/RM_work/ROS2_learning/chapter_5/chapt5_ws/install/robot_startup/share/robot_startup/local_setup.bash
[0.454s] -- Installing: /home/cjj/Desktop/RM_work/ROS2_learning/chapter_5/chapt5_ws/install/robot_startup/share/robot_startup/local_setup.sh
[0.454s] -- Installing: /home/cjj/Desktop/RM_work/ROS2_learning/chapter_5/chapt5_ws/install/robot_startup/share/robot_startup/local_setup.zsh
[0.454s] -- Installing: /home/cjj/Desktop/RM_work/ROS2_learning/chapter_5/chapt5_ws/install/robot_startup/share/robot_startup/local_setup.dsv
[0.454s] -- Installing: /home/cjj/Desktop/RM_work/ROS2_learning/chapter_5/chapt5_ws/install/robot_startup/share/robot_startup/package.dsv
[0.454s] -- Installing: /home/cjj/Desktop/RM_work/ROS2_learning/chapter_5/chapt5_ws/install/robot_startup/share/ament_index/resource_index/packages/robot_startup
[0.454s] -- Installing: /home/cjj/Desktop/RM_work/ROS2_learning/chapter_5/chapt5_ws/install/robot_startup/share/robot_startup/cmake/robot_startupConfig.cmake
[0.454s] -- Installing: /home/cjj/Desktop/RM_work/ROS2_learning/chapter_5/chapt5_ws/install/robot_startup/share/robot_startup/cmake/robot_startupConfig-version.cmake
[0.454s] -- Installing: /home/cjj/Desktop/RM_work/ROS2_learning/chapter_5/chapt5_ws/install/robot_startup/share/robot_startup/package.xml
[0.455s] Invoked command in '/home/cjj/Desktop/RM_work/ROS2_learning/chapter_5/chapt5_ws/build/robot_startup' returned '0': CMAKE_PREFIX_PATH=/opt/ros/humble /usr/bin/cmake --install /home/cjj/Desktop/RM_work/ROS2_learning/chapter_5/chapt5_ws/build/robot_startup
