In file included from [01m[K/home/cjj/Desktop/RM_work/ROS2_learning/rviz2_tasks/build/rm_interfaces/rosidl_generator_c/rm_interfaces/msg/detail/image_info__functions.h:19[m[K,
                 from [01m[K/home/cjj/Desktop/RM_work/ROS2_learning/rviz2_tasks/build/rm_interfaces/rosidl_generator_c/rm_interfaces/msg/detail/image_info__functions.c:4[m[K:
[01m[K/home/cjj/Desktop/RM_work/ROS2_learning/rviz2_tasks/build/rm_interfaces/rosidl_generator_c/rm_interfaces/msg/detail/image_info__struct.h:24:10:[m[K [01;31m[Kfatal error: [m[Ksensor_msgs/msg/detail/image__struct.h: æ²¡æœ‰é‚£ä¸ªæ–‡ä»¶æˆ–ç›®å½•
   24 | #include [01;31m[K"sensor_msgs/msg/detail/image__struct.h"[m[K
      |          [01;31m[K^~~~~~~~~~~~~~~~~~~~~~~~~~~~~~~~~~~~~~~~[m[K
compilation terminated.
gmake[2]: *** [CMakeFiles/rm_interfaces__rosidl_generator_c.dir/build.make:183ï¼šCMakeFiles/rm_interfaces__rosidl_generator_c.dir/rosidl_generator_c/rm_interfaces/msg/detail/image_info__functions.c.o] é”™è¯¯ 1
gmake[2]: *** æ­£åœ¨ç­‰å¾…æœªå®Œæˆçš„ä»»åŠ¡....
gmake[1]: *** [CMakeFiles/Makefile2:213ï¼šCMakeFiles/rm_interfaces__rosidl_generator_c.dir/all] é”™è¯¯ 2
gmake[1]: *** æ­£åœ¨ç­‰å¾…æœªå®Œæˆçš„ä»»åŠ¡....
In file included from [01m[K/home/cjj/Desktop/RM_work/ROS2_learning/rviz2_tasks/build/rm_interfaces/rosidl_typesupport_cpp/rm_interfaces/msg/image_info__type_support.cpp:7[m[K:
[01m[K/home/cjj/Desktop/RM_work/ROS2_learning/rviz2_tasks/build/rm_interfaces/rosidl_generator_cpp/rm_interfaces/msg/detail/image_info__struct.hpp:22:10:[m[K [01;31m[Kfatal error: [m[Ksensor_msgs/msg/detail/image__struct.hpp: æ²¡æœ‰é‚£ä¸ªæ–‡ä»¶æˆ–ç›®å½•
   22 | #include [01;31m[K"sensor_msgs/msg/detail/image__struct.hpp"[m[K
      |          [01;31m[K^~~~~~~~~~~~~~~~~~~~~~~~~~~~~~~~~~~~~~~~~~[m[K
compilation terminated.
gmake[2]: *** [CMakeFiles/rm_interfaces__rosidl_typesupport_cpp.dir/build.make:152ï¼šCMakeFiles/rm_interfaces__rosidl_typesupport_cpp.dir/rosidl_typesupport_cpp/rm_interfaces/msg/image_info__type_support.cpp.o] é”™è¯¯ 1
gmake[2]: *** æ­£åœ¨ç­‰å¾…æœªå®Œæˆçš„ä»»åŠ¡....
In file included from [01m[K/home/cjj/Desktop/RM_work/ROS2_learning/rviz2_tasks/build/rm_interfaces/rosidl_typesupport_introspection_cpp/rm_interfaces/msg/detail/image_info__type_support.cpp:12[m[K:
[01m[K/home/cjj/Desktop/RM_work/ROS2_learning/rviz2_tasks/build/rm_interfaces/rosidl_generator_cpp/rm_interfaces/msg/detail/image_info__struct.hpp:22:10:[m[K [01;31m[Kfatal error: [m[Ksensor_msgs/msg/detail/image__struct.hpp: æ²¡æœ‰é‚£ä¸ªæ–‡ä»¶æˆ–ç›®å½•
   22 | #include [01;31m[K"sensor_msgs/msg/detail/image__struct.hpp"[m[K
      |          [01;31m[K^~~~~~~~~~~~~~~~~~~~~~~~~~~~~~~~~~~~~~~~~~[m[K
compilation terminated.
gmake[2]: *** [CMakeFiles/rm_interfaces__rosidl_typesupport_introspection_cpp.dir/build.make:160ï¼šCMakeFiles/rm_interfaces__rosidl_typesupport_introspection_cpp.dir/rosidl_typesupport_introspection_cpp/rm_interfaces/msg/detail/image_info__type_support.cpp.o] é”™è¯¯ 1
gmake[2]: *** æ­£åœ¨ç­‰å¾…æœªå®Œæˆçš„ä»»åŠ¡....
In file included from [01m[K/home/cjj/Desktop/RM_work/ROS2_learning/rviz2_tasks/build/rm_interfaces/rosidl_typesupport_fastrtps_cpp/rm_interfaces/msg/detail/image_info__rosidl_typesupport_fastrtps_cpp.hpp:11[m[K,
                 from [01m[K/home/cjj/Desktop/RM_work/ROS2_learning/rviz2_tasks/build/rm_interfaces/rosidl_typesupport_fastrtps_cpp/rm_interfaces/msg/detail/dds_fastrtps/image_info__type_support.cpp:4[m[K:
[01m[K/home/cjj/Desktop/RM_work/ROS2_learning/rviz2_tasks/build/rm_interfaces/rosidl_generator_cpp/rm_interfaces/msg/detail/image_info__struct.hpp:22:10:[m[K [01;31m[Kfatal error: [m[Ksensor_msgs/msg/detail/image__struct.hpp: æ²¡æœ‰é‚£ä¸ªæ–‡ä»¶æˆ–ç›®å½•
   22 | #include [01;31m[K"sensor_msgs/msg/detail/image__struct.hpp"[m[K
      |          [01;31m[K^~~~~~~~~~~~~~~~~~~~~~~~~~~~~~~~~~~~~~~~~~[m[K
compilation terminated.
gmake[2]: *** [CMakeFiles/rm_interfaces__rosidl_typesupport_fastrtps_cpp.dir/build.make:160ï¼šCMakeFiles/rm_interfaces__rosidl_typesupport_fastrtps_cpp.dir/rosidl_typesupport_fastrtps_cpp/rm_interfaces/msg/detail/dds_fastrtps/image_info__type_support.cpp.o] é”™è¯¯ 1
gmake[2]: *** æ­£åœ¨ç­‰å¾…æœªå®Œæˆçš„ä»»åŠ¡....
gmake[1]: *** [CMakeFiles/Makefile2:395ï¼šCMakeFiles/rm_interfaces__rosidl_typesupport_cpp.dir/all] é”™è¯¯ 2
gmake[1]: *** [CMakeFiles/Makefile2:369ï¼šCMakeFiles/rm_interfaces__rosidl_typesupport_introspection_cpp.dir/all] é”™è¯¯ 2
gmake[1]: *** [CMakeFiles/Makefile2:343ï¼šCMakeFiles/rm_interfaces__rosidl_typesupport_fastrtps_cpp.dir/all] é”™è¯¯ 2
gmake: *** [Makefile:146ï¼šall] é”™è¯¯ 2
