[0.008s] Invoking command in '/home/cjj/Desktop/RM_work/ROS2_learning/rviz2_tasks/build/rm_interfaces': CMAKE_PREFIX_PATH=/opt/ros/humble /usr/bin/cmake /home/cjj/Desktop/RM_work/ROS2_learning/rviz2_tasks/src/rm_interfaces -DAMENT_CMAKE_SYMLINK_INSTALL=1 -DCMAKE_INSTALL_PREFIX=/home/cjj/Desktop/RM_work/ROS2_learning/rviz2_tasks/install/rm_interfaces
[0.019s] -- Found ament_cmake: 1.3.10 (/opt/ros/humble/share/ament_cmake/cmake)
[0.100s] -- Override CMake install command with custom implementation using symlinks instead of copying resources
[0.105s] -- Found rosidl_default_generators: 1.2.0 (/opt/ros/humble/share/rosidl_default_generators/cmake)
[0.106s] -- Using all available rosidl_typesupport_c: rosidl_typesupport_fastrtps_c;rosidl_typesupport_introspection_c
[0.107s] -- Found rosidl_adapter: 3.1.5 (/opt/ros/humble/share/rosidl_adapter/cmake)
[0.125s] -- Using all available rosidl_typesupport_cpp: rosidl_typesupport_fastrtps_cpp;rosidl_typesupport_introspection_cpp
[0.140s] -- Found geometry_msgs: 4.2.4 (/opt/ros/humble/share/geometry_msgs/cmake)
[0.161s] -- Found sensor_msgs: 4.2.4 (/opt/ros/humble/share/sensor_msgs/cmake)
[0.374s] -- Found ament_cmake_ros: 0.10.0 (/opt/ros/humble/share/ament_cmake_ros/cmake)
[0.555s] -- Using all available rosidl_typesupport_c: rosidl_typesupport_fastrtps_c;rosidl_typesupport_introspection_c
[0.797s] -- Using all available rosidl_typesupport_cpp: rosidl_typesupport_fastrtps_cpp;rosidl_typesupport_introspection_cpp
[0.813s] -- Found python_cmake_module: 0.10.0 (/opt/ros/humble/share/python_cmake_module/cmake)
[0.829s] -- Using PYTHON_EXECUTABLE: /usr/bin/python3
[0.829s] -- Using PYTHON_INCLUDE_DIRS: /usr/include/python3.10
[0.829s] -- Using PYTHON_LIBRARIES: /usr/lib/x86_64-linux-gnu/libpython3.10.so
[0.858s] -- Found ament_lint_auto: 0.12.11 (/opt/ros/humble/share/ament_lint_auto/cmake)
[0.863s] -- Added test 'lint_cmake' to check CMake code style
[0.863s] -- Added test 'xmllint' to check XML markup files
[0.865s] -- Configuring done
[0.885s] -- Generating done
[0.886s] -- Build files have been written to: /home/cjj/Desktop/RM_work/ROS2_learning/rviz2_tasks/build/rm_interfaces
[0.891s] Invoked command in '/home/cjj/Desktop/RM_work/ROS2_learning/rviz2_tasks/build/rm_interfaces' returned '0': CMAKE_PREFIX_PATH=/opt/ros/humble /usr/bin/cmake /home/cjj/Desktop/RM_work/ROS2_learning/rviz2_tasks/src/rm_interfaces -DAMENT_CMAKE_SYMLINK_INSTALL=1 -DCMAKE_INSTALL_PREFIX=/home/cjj/Desktop/RM_work/ROS2_learning/rviz2_tasks/install/rm_interfaces
[0.892s] Invoking command in '/home/cjj/Desktop/RM_work/ROS2_learning/rviz2_tasks/build/rm_interfaces': CMAKE_PREFIX_PATH=/opt/ros/humble /usr/bin/cmake --build /home/cjj/Desktop/RM_work/ROS2_learning/rviz2_tasks/build/rm_interfaces -- -j20 -l20
[0.920s] [35m[1mConsolidate compiler generated dependencies of target rm_interfaces__rosidl_generator_c[0m
[0.926s] [  2%] Built target rm_interfaces__cpp
[0.928s] [ 12%] Built target rm_interfaces__rosidl_generator_c
[0.933s] [ 12%] Built target ament_cmake_python_symlink_rm_interfaces
[0.934s] [35m[1mConsolidate compiler generated dependencies of target rm_interfaces__rosidl_typesupport_introspection_cpp[0m
[0.936s] [35m[1mConsolidate compiler generated dependencies of target rm_interfaces__rosidl_typesupport_c[0m
[0.936s] [35m[1mConsolidate compiler generated dependencies of target rm_interfaces__rosidl_typesupport_cpp[0m
[0.936s] [35m[1mConsolidate compiler generated dependencies of target rm_interfaces__rosidl_typesupport_introspection_c[0m
[0.936s] [35m[1mConsolidate compiler generated dependencies of target rm_interfaces__rosidl_typesupport_fastrtps_cpp[0m
[0.937s] [35m[1mConsolidate compiler generated dependencies of target rm_interfaces__rosidl_typesupport_fastrtps_c[0m
[0.945s] [ 23%] Built target rm_interfaces__rosidl_typesupport_c
[0.945s] [ 33%] Built target rm_interfaces__rosidl_typesupport_introspection_c
[0.947s] [ 43%] Built target rm_interfaces__rosidl_typesupport_cpp
[0.947s] [ 53%] Built target rm_interfaces__rosidl_typesupport_introspection_cpp
[0.947s] [ 64%] Built target rm_interfaces__rosidl_typesupport_fastrtps_cpp
[0.949s] [ 74%] Built target rm_interfaces__rosidl_typesupport_fastrtps_c
[0.964s] [ 74%] Built target rm_interfaces
[0.981s] [ 76%] Built target rm_interfaces__py
[0.989s] [35m[1mConsolidate compiler generated dependencies of target rm_interfaces__rosidl_generator_py[0m
[1.000s] [ 84%] Built target rm_interfaces__rosidl_generator_py
[1.008s] [35m[1mConsolidate compiler generated dependencies of target rm_interfaces__rosidl_typesupport_introspection_c__pyext[0m
[1.009s] [35m[1mConsolidate compiler generated dependencies of target rm_interfaces__rosidl_typesupport_fastrtps_c__pyext[0m
[1.009s] [35m[1mConsolidate compiler generated dependencies of target rm_interfaces__rosidl_typesupport_c__pyext[0m
[1.017s] [ 89%] Built target rm_interfaces__rosidl_typesupport_introspection_c__pyext
[1.019s] [ 94%] Built target rm_interfaces__rosidl_typesupport_c__pyext
[1.019s] [100%] Built target rm_interfaces__rosidl_typesupport_fastrtps_c__pyext
[1.071s] running egg_info
[1.071s] writing rm_interfaces.egg-info/PKG-INFO
[1.071s] writing dependency_links to rm_interfaces.egg-info/dependency_links.txt
[1.071s] writing top-level names to rm_interfaces.egg-info/top_level.txt
[1.073s] reading manifest file 'rm_interfaces.egg-info/SOURCES.txt'
[1.073s] writing manifest file 'rm_interfaces.egg-info/SOURCES.txt'
[1.097s] [100%] Built target ament_cmake_python_build_rm_interfaces_egg
[1.106s] Invoked command in '/home/cjj/Desktop/RM_work/ROS2_learning/rviz2_tasks/build/rm_interfaces' returned '0': CMAKE_PREFIX_PATH=/opt/ros/humble /usr/bin/cmake --build /home/cjj/Desktop/RM_work/ROS2_learning/rviz2_tasks/build/rm_interfaces -- -j20 -l20
[1.178s] Invoking command in '/home/cjj/Desktop/RM_work/ROS2_learning/rviz2_tasks/build/rm_interfaces': CMAKE_PREFIX_PATH=/opt/ros/humble /usr/bin/cmake --install /home/cjj/Desktop/RM_work/ROS2_learning/rviz2_tasks/build/rm_interfaces
[1.184s] -- Install configuration: ""
[1.184s] -- Execute custom install script
[1.185s] -- Up-to-date symlink: /home/cjj/Desktop/RM_work/ROS2_learning/rviz2_tasks/install/rm_interfaces/share/ament_index/resource_index/rosidl_interfaces/rm_interfaces
[1.185s] -- Up-to-date symlink: /home/cjj/Desktop/RM_work/ROS2_learning/rviz2_tasks/install/rm_interfaces/include/rm_interfaces/rm_interfaces/msg/detail/image_info__functions.h
[1.185s] -- Up-to-date symlink: /home/cjj/Desktop/RM_work/ROS2_learning/rviz2_tasks/install/rm_interfaces/include/rm_interfaces/rm_interfaces/msg/detail/image_info__struct.h
[1.185s] -- Up-to-date symlink: /home/cjj/Desktop/RM_work/ROS2_learning/rviz2_tasks/install/rm_interfaces/include/rm_interfaces/rm_interfaces/msg/detail/image_info__type_support.h
[1.185s] -- Up-to-date symlink: /home/cjj/Desktop/RM_work/ROS2_learning/rviz2_tasks/install/rm_interfaces/include/rm_interfaces/rm_interfaces/msg/detail/objective__functions.h
[1.185s] -- Up-to-date symlink: /home/cjj/Desktop/RM_work/ROS2_learning/rviz2_tasks/install/rm_interfaces/include/rm_interfaces/rm_interfaces/msg/detail/objective__struct.h
[1.185s] -- Up-to-date symlink: /home/cjj/Desktop/RM_work/ROS2_learning/rviz2_tasks/install/rm_interfaces/include/rm_interfaces/rm_interfaces/msg/detail/objective__type_support.h
[1.185s] -- Up-to-date symlink: /home/cjj/Desktop/RM_work/ROS2_learning/rviz2_tasks/install/rm_interfaces/include/rm_interfaces/rm_interfaces/msg/image_info.h
[1.186s] -- Up-to-date symlink: /home/cjj/Desktop/RM_work/ROS2_learning/rviz2_tasks/install/rm_interfaces/include/rm_interfaces/rm_interfaces/msg/objective.h
[1.186s] -- Up-to-date symlink: /home/cjj/Desktop/RM_work/ROS2_learning/rviz2_tasks/install/rm_interfaces/include/rm_interfaces/rm_interfaces/msg/rosidl_generator_c__visibility_control.h
[1.186s] -- Up-to-date symlink: /home/cjj/Desktop/RM_work/ROS2_learning/rviz2_tasks/install/rm_interfaces/share/rm_interfaces/environment/library_path.sh
[1.186s] -- Up-to-date symlink: /home/cjj/Desktop/RM_work/ROS2_learning/rviz2_tasks/install/rm_interfaces/share/rm_interfaces/environment/library_path.dsv
[1.186s] -- Up-to-date symlink: /home/cjj/Desktop/RM_work/ROS2_learning/rviz2_tasks/install/rm_interfaces/include/rm_interfaces/rm_interfaces/msg/detail/image_info__rosidl_typesupport_fastrtps_c.h
[1.186s] -- Up-to-date symlink: /home/cjj/Desktop/RM_work/ROS2_learning/rviz2_tasks/install/rm_interfaces/include/rm_interfaces/rm_interfaces/msg/detail/objective__rosidl_typesupport_fastrtps_c.h
[1.186s] -- Up-to-date symlink: /home/cjj/Desktop/RM_work/ROS2_learning/rviz2_tasks/install/rm_interfaces/include/rm_interfaces/rm_interfaces/msg/rosidl_typesupport_fastrtps_c__visibility_control.h
[1.186s] -- Up-to-date symlink: /home/cjj/Desktop/RM_work/ROS2_learning/rviz2_tasks/install/rm_interfaces/include/rm_interfaces/rm_interfaces/msg/detail/image_info__rosidl_typesupport_introspection_c.h
[1.186s] -- Up-to-date symlink: /home/cjj/Desktop/RM_work/ROS2_learning/rviz2_tasks/install/rm_interfaces/include/rm_interfaces/rm_interfaces/msg/detail/objective__rosidl_typesupport_introspection_c.h
[1.186s] -- Up-to-date symlink: /home/cjj/Desktop/RM_work/ROS2_learning/rviz2_tasks/install/rm_interfaces/include/rm_interfaces/rm_interfaces/msg/rosidl_typesupport_introspection_c__visibility_control.h
[1.186s] -- Up-to-date symlink: /home/cjj/Desktop/RM_work/ROS2_learning/rviz2_tasks/install/rm_interfaces/include/rm_interfaces/rm_interfaces/msg/detail/image_info__builder.hpp
[1.186s] -- Up-to-date symlink: /home/cjj/Desktop/RM_work/ROS2_learning/rviz2_tasks/install/rm_interfaces/include/rm_interfaces/rm_interfaces/msg/detail/image_info__struct.hpp
[1.186s] -- Up-to-date symlink: /home/cjj/Desktop/RM_work/ROS2_learning/rviz2_tasks/install/rm_interfaces/include/rm_interfaces/rm_interfaces/msg/detail/image_info__traits.hpp
[1.187s] -- Up-to-date symlink: /home/cjj/Desktop/RM_work/ROS2_learning/rviz2_tasks/install/rm_interfaces/include/rm_interfaces/rm_interfaces/msg/detail/objective__builder.hpp
[1.187s] -- Up-to-date symlink: /home/cjj/Desktop/RM_work/ROS2_learning/rviz2_tasks/install/rm_interfaces/include/rm_interfaces/rm_interfaces/msg/detail/objective__struct.hpp
[1.187s] -- Up-to-date symlink: /home/cjj/Desktop/RM_work/ROS2_learning/rviz2_tasks/install/rm_interfaces/include/rm_interfaces/rm_interfaces/msg/detail/objective__traits.hpp
[1.187s] -- Up-to-date symlink: /home/cjj/Desktop/RM_work/ROS2_learning/rviz2_tasks/install/rm_interfaces/include/rm_interfaces/rm_interfaces/msg/image_info.hpp
[1.187s] -- Up-to-date symlink: /home/cjj/Desktop/RM_work/ROS2_learning/rviz2_tasks/install/rm_interfaces/include/rm_interfaces/rm_interfaces/msg/objective.hpp
[1.187s] -- Up-to-date symlink: /home/cjj/Desktop/RM_work/ROS2_learning/rviz2_tasks/install/rm_interfaces/include/rm_interfaces/rm_interfaces/msg/detail/image_info__rosidl_typesupport_fastrtps_cpp.hpp
[1.187s] -- Up-to-date symlink: /home/cjj/Desktop/RM_work/ROS2_learning/rviz2_tasks/install/rm_interfaces/include/rm_interfaces/rm_interfaces/msg/detail/objective__rosidl_typesupport_fastrtps_cpp.hpp
[1.187s] -- Up-to-date symlink: /home/cjj/Desktop/RM_work/ROS2_learning/rviz2_tasks/install/rm_interfaces/include/rm_interfaces/rm_interfaces/msg/rosidl_typesupport_fastrtps_cpp__visibility_control.h
[1.187s] -- Up-to-date symlink: /home/cjj/Desktop/RM_work/ROS2_learning/rviz2_tasks/install/rm_interfaces/include/rm_interfaces/rm_interfaces/msg/detail/image_info__rosidl_typesupport_introspection_cpp.hpp
[1.187s] -- Up-to-date symlink: /home/cjj/Desktop/RM_work/ROS2_learning/rviz2_tasks/install/rm_interfaces/include/rm_interfaces/rm_interfaces/msg/detail/objective__rosidl_typesupport_introspection_cpp.hpp
[1.187s] -- Up-to-date symlink: /home/cjj/Desktop/RM_work/ROS2_learning/rviz2_tasks/install/rm_interfaces/share/rm_interfaces/environment/pythonpath.sh
[1.187s] -- Up-to-date symlink: /home/cjj/Desktop/RM_work/ROS2_learning/rviz2_tasks/install/rm_interfaces/share/rm_interfaces/environment/pythonpath.dsv
[1.188s] -- Up-to-date symlink: /home/cjj/Desktop/RM_work/ROS2_learning/rviz2_tasks/install/rm_interfaces/local/lib/python3.10/dist-packages/rm_interfaces-0.0.0-py3.10.egg-info/PKG-INFO
[1.188s] -- Up-to-date symlink: /home/cjj/Desktop/RM_work/ROS2_learning/rviz2_tasks/install/rm_interfaces/local/lib/python3.10/dist-packages/rm_interfaces-0.0.0-py3.10.egg-info/SOURCES.txt
[1.188s] -- Up-to-date symlink: /home/cjj/Desktop/RM_work/ROS2_learning/rviz2_tasks/install/rm_interfaces/local/lib/python3.10/dist-packages/rm_interfaces-0.0.0-py3.10.egg-info/dependency_links.txt
[1.188s] -- Up-to-date symlink: /home/cjj/Desktop/RM_work/ROS2_learning/rviz2_tasks/install/rm_interfaces/local/lib/python3.10/dist-packages/rm_interfaces-0.0.0-py3.10.egg-info/top_level.txt
[1.188s] -- Up-to-date symlink: /home/cjj/Desktop/RM_work/ROS2_learning/rviz2_tasks/install/rm_interfaces/local/lib/python3.10/dist-packages/rm_interfaces/__init__.py
[1.188s] -- Up-to-date symlink: /home/cjj/Desktop/RM_work/ROS2_learning/rviz2_tasks/install/rm_interfaces/local/lib/python3.10/dist-packages/rm_interfaces/_rm_interfaces_s.ep.rosidl_typesupport_c.c
[1.188s] -- Up-to-date symlink: /home/cjj/Desktop/RM_work/ROS2_learning/rviz2_tasks/install/rm_interfaces/local/lib/python3.10/dist-packages/rm_interfaces/_rm_interfaces_s.ep.rosidl_typesupport_fastrtps_c.c
[1.188s] -- Up-to-date symlink: /home/cjj/Desktop/RM_work/ROS2_learning/rviz2_tasks/install/rm_interfaces/local/lib/python3.10/dist-packages/rm_interfaces/_rm_interfaces_s.ep.rosidl_typesupport_introspection_c.c
[1.188s] -- Up-to-date symlink: /home/cjj/Desktop/RM_work/ROS2_learning/rviz2_tasks/install/rm_interfaces/local/lib/python3.10/dist-packages/rm_interfaces/librm_interfaces__rosidl_generator_py.so
[1.188s] -- Up-to-date symlink: /home/cjj/Desktop/RM_work/ROS2_learning/rviz2_tasks/install/rm_interfaces/local/lib/python3.10/dist-packages/rm_interfaces/msg/__init__.py
[1.188s] -- Up-to-date symlink: /home/cjj/Desktop/RM_work/ROS2_learning/rviz2_tasks/install/rm_interfaces/local/lib/python3.10/dist-packages/rm_interfaces/msg/_image_info.py
[1.188s] -- Up-to-date symlink: /home/cjj/Desktop/RM_work/ROS2_learning/rviz2_tasks/install/rm_interfaces/local/lib/python3.10/dist-packages/rm_interfaces/msg/_image_info_s.c
[1.189s] -- Up-to-date symlink: /home/cjj/Desktop/RM_work/ROS2_learning/rviz2_tasks/install/rm_interfaces/local/lib/python3.10/dist-packages/rm_interfaces/msg/_objective.py
[1.189s] -- Up-to-date symlink: /home/cjj/Desktop/RM_work/ROS2_learning/rviz2_tasks/install/rm_interfaces/local/lib/python3.10/dist-packages/rm_interfaces/msg/_objective_s.c
[1.189s] -- Up-to-date symlink: /home/cjj/Desktop/RM_work/ROS2_learning/rviz2_tasks/install/rm_interfaces/local/lib/python3.10/dist-packages/rm_interfaces/rm_interfaces_s__rosidl_typesupport_c.cpython-310-x86_64-linux-gnu.so
[1.189s] -- Up-to-date symlink: /home/cjj/Desktop/RM_work/ROS2_learning/rviz2_tasks/install/rm_interfaces/local/lib/python3.10/dist-packages/rm_interfaces/rm_interfaces_s__rosidl_typesupport_fastrtps_c.cpython-310-x86_64-linux-gnu.so
[1.189s] -- Up-to-date symlink: /home/cjj/Desktop/RM_work/ROS2_learning/rviz2_tasks/install/rm_interfaces/local/lib/python3.10/dist-packages/rm_interfaces/rm_interfaces_s__rosidl_typesupport_introspection_c.cpython-310-x86_64-linux-gnu.so
[1.189s] -- Up-to-date symlink: /home/cjj/Desktop/RM_work/ROS2_learning/rviz2_tasks/install/rm_interfaces/local/lib/python3.10/dist-packages/rm_interfaces/rm_interfaces_s__rosidl_typesupport_fastrtps_c.cpython-310-x86_64-linux-gnu.so
[1.189s] -- Up-to-date symlink: /home/cjj/Desktop/RM_work/ROS2_learning/rviz2_tasks/install/rm_interfaces/local/lib/python3.10/dist-packages/rm_interfaces/rm_interfaces_s__rosidl_typesupport_introspection_c.cpython-310-x86_64-linux-gnu.so
[1.189s] -- Up-to-date symlink: /home/cjj/Desktop/RM_work/ROS2_learning/rviz2_tasks/install/rm_interfaces/local/lib/python3.10/dist-packages/rm_interfaces/rm_interfaces_s__rosidl_typesupport_c.cpython-310-x86_64-linux-gnu.so
[1.189s] -- Up-to-date symlink: /home/cjj/Desktop/RM_work/ROS2_learning/rviz2_tasks/install/rm_interfaces/share/rm_interfaces/msg/ImageInfo.idl
[1.189s] -- Up-to-date symlink: /home/cjj/Desktop/RM_work/ROS2_learning/rviz2_tasks/install/rm_interfaces/share/rm_interfaces/msg/Objective.idl
[1.189s] -- Up-to-date symlink: /home/cjj/Desktop/RM_work/ROS2_learning/rviz2_tasks/install/rm_interfaces/share/rm_interfaces/msg/ImageInfo.msg
[1.189s] -- Up-to-date symlink: /home/cjj/Desktop/RM_work/ROS2_learning/rviz2_tasks/install/rm_interfaces/share/rm_interfaces/msg/Objective.msg
[1.190s] -- Up-to-date symlink: /home/cjj/Desktop/RM_work/ROS2_learning/rviz2_tasks/install/rm_interfaces/share/ament_index/resource_index/package_run_dependencies/rm_interfaces
[1.190s] -- Up-to-date symlink: /home/cjj/Desktop/RM_work/ROS2_learning/rviz2_tasks/install/rm_interfaces/share/ament_index/resource_index/parent_prefix_path/rm_interfaces
[1.190s] -- Up-to-date symlink: /home/cjj/Desktop/RM_work/ROS2_learning/rviz2_tasks/install/rm_interfaces/share/rm_interfaces/environment/ament_prefix_path.sh
[1.190s] -- Up-to-date symlink: /home/cjj/Desktop/RM_work/ROS2_learning/rviz2_tasks/install/rm_interfaces/share/rm_interfaces/environment/ament_prefix_path.dsv
[1.190s] -- Up-to-date symlink: /home/cjj/Desktop/RM_work/ROS2_learning/rviz2_tasks/install/rm_interfaces/share/rm_interfaces/environment/path.sh
[1.190s] -- Up-to-date symlink: /home/cjj/Desktop/RM_work/ROS2_learning/rviz2_tasks/install/rm_interfaces/share/rm_interfaces/environment/path.dsv
[1.190s] -- Up-to-date symlink: /home/cjj/Desktop/RM_work/ROS2_learning/rviz2_tasks/install/rm_interfaces/share/rm_interfaces/local_setup.bash
[1.190s] -- Up-to-date symlink: /home/cjj/Desktop/RM_work/ROS2_learning/rviz2_tasks/install/rm_interfaces/share/rm_interfaces/local_setup.sh
[1.190s] -- Up-to-date symlink: /home/cjj/Desktop/RM_work/ROS2_learning/rviz2_tasks/install/rm_interfaces/share/rm_interfaces/local_setup.zsh
[1.190s] -- Up-to-date symlink: /home/cjj/Desktop/RM_work/ROS2_learning/rviz2_tasks/install/rm_interfaces/share/rm_interfaces/local_setup.dsv
[1.190s] -- Symlinking: /home/cjj/Desktop/RM_work/ROS2_learning/rviz2_tasks/install/rm_interfaces/share/rm_interfaces/package.dsv
[1.198s] -- Up-to-date symlink: /home/cjj/Desktop/RM_work/ROS2_learning/rviz2_tasks/install/rm_interfaces/share/ament_index/resource_index/packages/rm_interfaces
[1.198s] -- Up-to-date symlink: /home/cjj/Desktop/RM_work/ROS2_learning/rviz2_tasks/install/rm_interfaces/share/rm_interfaces/cmake/rosidl_cmake-extras.cmake
[1.198s] -- Up-to-date symlink: /home/cjj/Desktop/RM_work/ROS2_learning/rviz2_tasks/install/rm_interfaces/share/rm_interfaces/cmake/ament_cmake_export_dependencies-extras.cmake
[1.198s] -- Up-to-date symlink: /home/cjj/Desktop/RM_work/ROS2_learning/rviz2_tasks/install/rm_interfaces/share/rm_interfaces/cmake/ament_cmake_export_include_directories-extras.cmake
[1.198s] -- Up-to-date symlink: /home/cjj/Desktop/RM_work/ROS2_learning/rviz2_tasks/install/rm_interfaces/share/rm_interfaces/cmake/ament_cmake_export_libraries-extras.cmake
[1.198s] -- Up-to-date symlink: /home/cjj/Desktop/RM_work/ROS2_learning/rviz2_tasks/install/rm_interfaces/share/rm_interfaces/cmake/ament_cmake_export_targets-extras.cmake
[1.198s] -- Up-to-date symlink: /home/cjj/Desktop/RM_work/ROS2_learning/rviz2_tasks/install/rm_interfaces/share/rm_interfaces/cmake/rosidl_cmake_export_typesupport_targets-extras.cmake
[1.198s] -- Up-to-date symlink: /home/cjj/Desktop/RM_work/ROS2_learning/rviz2_tasks/install/rm_interfaces/share/rm_interfaces/cmake/rosidl_cmake_export_typesupport_libraries-extras.cmake
[1.198s] -- Up-to-date symlink: /home/cjj/Desktop/RM_work/ROS2_learning/rviz2_tasks/install/rm_interfaces/share/rm_interfaces/cmake/rm_interfacesConfig.cmake
[1.198s] -- Up-to-date symlink: /home/cjj/Desktop/RM_work/ROS2_learning/rviz2_tasks/install/rm_interfaces/share/rm_interfaces/cmake/rm_interfacesConfig-version.cmake
[1.198s] -- Up-to-date symlink: /home/cjj/Desktop/RM_work/ROS2_learning/rviz2_tasks/install/rm_interfaces/share/rm_interfaces/package.xml
[1.198s] -- Up-to-date: /home/cjj/Desktop/RM_work/ROS2_learning/rviz2_tasks/install/rm_interfaces/lib/librm_interfaces__rosidl_generator_c.so
[1.198s] -- Up-to-date: /home/cjj/Desktop/RM_work/ROS2_learning/rviz2_tasks/install/rm_interfaces/lib/librm_interfaces__rosidl_typesupport_fastrtps_c.so
[1.199s] -- Up-to-date: /home/cjj/Desktop/RM_work/ROS2_learning/rviz2_tasks/install/rm_interfaces/lib/librm_interfaces__rosidl_typesupport_introspection_c.so
[1.199s] -- Up-to-date: /home/cjj/Desktop/RM_work/ROS2_learning/rviz2_tasks/install/rm_interfaces/lib/librm_interfaces__rosidl_typesupport_c.so
[1.199s] -- Up-to-date: /home/cjj/Desktop/RM_work/ROS2_learning/rviz2_tasks/install/rm_interfaces/lib/librm_interfaces__rosidl_typesupport_fastrtps_cpp.so
[1.199s] -- Up-to-date: /home/cjj/Desktop/RM_work/ROS2_learning/rviz2_tasks/install/rm_interfaces/lib/librm_interfaces__rosidl_typesupport_introspection_cpp.so
[1.199s] -- Up-to-date: /home/cjj/Desktop/RM_work/ROS2_learning/rviz2_tasks/install/rm_interfaces/lib/librm_interfaces__rosidl_typesupport_cpp.so
[1.221s] Listing '/home/cjj/Desktop/RM_work/ROS2_learning/rviz2_tasks/install/rm_interfaces/local/lib/python3.10/dist-packages/rm_interfaces'...
[1.221s] Compiling '/home/cjj/Desktop/RM_work/ROS2_learning/rviz2_tasks/install/rm_interfaces/local/lib/python3.10/dist-packages/rm_interfaces/__init__.py'...
[1.221s] Listing '/home/cjj/Desktop/RM_work/ROS2_learning/rviz2_tasks/install/rm_interfaces/local/lib/python3.10/dist-packages/rm_interfaces/msg'...
[1.224s] -- Up-to-date: /home/cjj/Desktop/RM_work/ROS2_learning/rviz2_tasks/install/rm_interfaces/lib/librm_interfaces__rosidl_generator_py.so
[1.225s] -- Up-to-date: /home/cjj/Desktop/RM_work/ROS2_learning/rviz2_tasks/install/rm_interfaces/share/rm_interfaces/cmake/export_rm_interfaces__rosidl_generator_cExport.cmake
[1.225s] -- Up-to-date: /home/cjj/Desktop/RM_work/ROS2_learning/rviz2_tasks/install/rm_interfaces/share/rm_interfaces/cmake/export_rm_interfaces__rosidl_generator_cExport-noconfig.cmake
[1.225s] -- Up-to-date: /home/cjj/Desktop/RM_work/ROS2_learning/rviz2_tasks/install/rm_interfaces/share/rm_interfaces/cmake/export_rm_interfaces__rosidl_typesupport_fastrtps_cExport.cmake
[1.225s] -- Up-to-date: /home/cjj/Desktop/RM_work/ROS2_learning/rviz2_tasks/install/rm_interfaces/share/rm_interfaces/cmake/export_rm_interfaces__rosidl_typesupport_fastrtps_cExport-noconfig.cmake
[1.225s] -- Up-to-date: /home/cjj/Desktop/RM_work/ROS2_learning/rviz2_tasks/install/rm_interfaces/share/rm_interfaces/cmake/rm_interfaces__rosidl_typesupport_introspection_cExport.cmake
[1.225s] -- Up-to-date: /home/cjj/Desktop/RM_work/ROS2_learning/rviz2_tasks/install/rm_interfaces/share/rm_interfaces/cmake/rm_interfaces__rosidl_typesupport_introspection_cExport-noconfig.cmake
[1.225s] -- Up-to-date: /home/cjj/Desktop/RM_work/ROS2_learning/rviz2_tasks/install/rm_interfaces/share/rm_interfaces/cmake/rm_interfaces__rosidl_typesupport_cExport.cmake
[1.225s] -- Up-to-date: /home/cjj/Desktop/RM_work/ROS2_learning/rviz2_tasks/install/rm_interfaces/share/rm_interfaces/cmake/rm_interfaces__rosidl_typesupport_cExport-noconfig.cmake
[1.225s] -- Up-to-date: /home/cjj/Desktop/RM_work/ROS2_learning/rviz2_tasks/install/rm_interfaces/share/rm_interfaces/cmake/export_rm_interfaces__rosidl_generator_cppExport.cmake
[1.225s] -- Up-to-date: /home/cjj/Desktop/RM_work/ROS2_learning/rviz2_tasks/install/rm_interfaces/share/rm_interfaces/cmake/export_rm_interfaces__rosidl_typesupport_fastrtps_cppExport.cmake
[1.226s] -- Up-to-date: /home/cjj/Desktop/RM_work/ROS2_learning/rviz2_tasks/install/rm_interfaces/share/rm_interfaces/cmake/export_rm_interfaces__rosidl_typesupport_fastrtps_cppExport-noconfig.cmake
[1.226s] -- Up-to-date: /home/cjj/Desktop/RM_work/ROS2_learning/rviz2_tasks/install/rm_interfaces/share/rm_interfaces/cmake/rm_interfaces__rosidl_typesupport_introspection_cppExport.cmake
[1.226s] -- Up-to-date: /home/cjj/Desktop/RM_work/ROS2_learning/rviz2_tasks/install/rm_interfaces/share/rm_interfaces/cmake/rm_interfaces__rosidl_typesupport_introspection_cppExport-noconfig.cmake
[1.226s] -- Up-to-date: /home/cjj/Desktop/RM_work/ROS2_learning/rviz2_tasks/install/rm_interfaces/share/rm_interfaces/cmake/rm_interfaces__rosidl_typesupport_cppExport.cmake
[1.226s] -- Up-to-date: /home/cjj/Desktop/RM_work/ROS2_learning/rviz2_tasks/install/rm_interfaces/share/rm_interfaces/cmake/rm_interfaces__rosidl_typesupport_cppExport-noconfig.cmake
[1.226s] -- Up-to-date: /home/cjj/Desktop/RM_work/ROS2_learning/rviz2_tasks/install/rm_interfaces/share/rm_interfaces/cmake/export_rm_interfaces__rosidl_generator_pyExport.cmake
[1.226s] -- Up-to-date: /home/cjj/Desktop/RM_work/ROS2_learning/rviz2_tasks/install/rm_interfaces/share/rm_interfaces/cmake/export_rm_interfaces__rosidl_generator_pyExport-noconfig.cmake
[1.228s] Invoked command in '/home/cjj/Desktop/RM_work/ROS2_learning/rviz2_tasks/build/rm_interfaces' returned '0': CMAKE_PREFIX_PATH=/opt/ros/humble /usr/bin/cmake --install /home/cjj/Desktop/RM_work/ROS2_learning/rviz2_tasks/build/rm_interfaces
