[0.006s] Invoking command in '/home/cjj/Desktop/RM_work/ROS2_learning/simple_calculator_task/ws/build/my_add_interfaces': CMAKE_PREFIX_PATH=/opt/ros/humble /usr/bin/cmake /home/cjj/Desktop/RM_work/ROS2_learning/simple_calculator_task/ws/src/my_add_interfaces -DCMAKE_INSTALL_PREFIX=/home/cjj/Desktop/RM_work/ROS2_learning/simple_calculator_task/ws/install/my_add_interfaces
[0.069s] -- The C compiler identification is GNU 11.4.0
[0.120s] -- The CXX compiler identification is GNU 11.4.0
[0.127s] -- Detecting C compiler ABI info
[0.180s] -- Detecting C compiler ABI info - done
[0.185s] -- Check for working C compiler: /usr/bin/cc - skipped
[0.185s] -- Detecting C compile features
[0.185s] -- Detecting C compile features - done
[0.188s] -- Detecting CXX compiler ABI info
[0.242s] -- Detecting CXX compiler ABI info - done
[0.246s] -- Check for working CXX compiler: /usr/bin/c++ - skipped
[0.246s] -- Detecting CXX compile features
[0.247s] -- Detecting CXX compile features - done
[0.250s] -- Found ament_cmake: 1.3.10 (/opt/ros/humble/share/ament_cmake/cmake)
[0.345s] -- Found Python3: /usr/bin/python3 (found version "3.10.12") found components: Interpreter 
[0.401s] -- Found rosidl_default_generators: 1.2.0 (/opt/ros/humble/share/rosidl_default_generators/cmake)
[0.403s] -- Using all available rosidl_typesupport_c: rosidl_typesupport_fastrtps_c;rosidl_typesupport_introspection_c
[0.407s] -- Found rosidl_adapter: 3.1.5 (/opt/ros/humble/share/rosidl_adapter/cmake)
[0.436s] -- Using all available rosidl_typesupport_cpp: rosidl_typesupport_fastrtps_cpp;rosidl_typesupport_introspection_cpp
[0.457s] -- Found geometry_msgs: 4.2.4 (/opt/ros/humble/share/geometry_msgs/cmake)
[0.589s] [31mCMake Error at /opt/ros/humble/share/rosidl_adapter/cmake/rosidl_adapt_interfaces.cmake:59 (message):
[0.589s]   execute_process(/usr/bin/python3 -m rosidl_adapter --package-name
[0.589s]   my_add_interfaces --arguments-file
[0.590s]   /home/cjj/Desktop/RM_work/ROS2_learning/simple_calculator_task/ws/build/my_add_interfaces/rosidl_adapter__arguments__my_add_interfaces.json
[0.590s]   --output-dir
[0.590s]   /home/cjj/Desktop/RM_work/ROS2_learning/simple_calculator_task/ws/build/my_add_interfaces/rosidl_adapter/my_add_interfaces
[0.590s]   --output-file
[0.590s]   /home/cjj/Desktop/RM_work/ROS2_learning/simple_calculator_task/ws/build/my_add_interfaces/rosidl_adapter/my_add_interfaces.idls)
[0.590s]   returned error code 1:
[0.590s] 
[0.590s]   Traceback (most recent call last):
[0.590s] 
[0.590s]     File "/usr/lib/python3.10/runpy.py", line 196, in _run_module_as_main
[0.590s]       return _run_code(code, main_globals, None,
[0.590s]     File "/usr/lib/python3.10/runpy.py", line 86, in _run_code
[0.590s]       exec(code, run_globals)
[0.590s]     File "/opt/ros/humble/local/lib/python3.10/dist-packages/rosidl_adapter/__main__.py", line 19, in <module>
[0.590s]       sys.exit(main())
[0.590s]     File "/opt/ros/humble/local/lib/python3.10/dist-packages/rosidl_adapter/main.py", line 53, in main
[0.590s]       abs_idl_file = convert_to_idl(
[0.590s]     File "/opt/ros/humble/local/lib/python3.10/dist-packages/rosidl_adapter/__init__.py", line 19, in convert_to_idl
[0.590s]       return convert_msg_to_idl(
[0.590s]     File "/opt/ros/humble/local/lib/python3.10/dist-packages/rosidl_adapter/msg/__init__.py", line 28, in convert_msg_to_idl
[0.590s]       msg = parse_message_string(package_name, input_file.stem, content)
[0.590s]     File "/opt/ros/humble/local/lib/python3.10/dist-packages/rosidl_adapter/parser.py", line 544, in parse_message_string
[0.590s]       msg = MessageSpecification(pkg_name, msg_name, fields, constants)
[0.590s]     File "/opt/ros/humble/local/lib/python3.10/dist-packages/rosidl_adapter/parser.py", line 388, in __init__
[0.590s]       self.base_type = BaseType(
[0.590s]     File "/opt/ros/humble/local/lib/python3.10/dist-packages/rosidl_adapter/parser.py", line 205, in __init__
[0.590s]       raise InvalidResourceName(
[0.590s] 
[0.590s]   rosidl_adapter.parser.InvalidResourceName: 'my_add' is an invalid message
[0.590s]   name.  It should have the pattern '^[A-Z][A-Za-z0-9]*$'
[0.590s] 
[0.590s] Call Stack (most recent call first):
[0.590s]   /opt/ros/humble/share/rosidl_cmake/cmake/rosidl_generate_interfaces.cmake:130 (rosidl_adapt_interfaces)
[0.590s]   CMakeLists.txt:13 (rosidl_generate_interfaces)
[0.590s] 
[0.590s] [0m
[0.590s] -- Configuring incomplete, errors occurred!
[0.590s] See also "/home/cjj/Desktop/RM_work/ROS2_learning/simple_calculator_task/ws/build/my_add_interfaces/CMakeFiles/CMakeOutput.log".
[0.594s] Invoked command in '/home/cjj/Desktop/RM_work/ROS2_learning/simple_calculator_task/ws/build/my_add_interfaces' returned '1': CMAKE_PREFIX_PATH=/opt/ros/humble /usr/bin/cmake /home/cjj/Desktop/RM_work/ROS2_learning/simple_calculator_task/ws/src/my_add_interfaces -DCMAKE_INSTALL_PREFIX=/home/cjj/Desktop/RM_work/ROS2_learning/simple_calculator_task/ws/install/my_add_interfaces
