[0.007s] Invoking command in '/home/cjj/Desktop/RM_work/ROS2_learning/chapter_4/chapt4_ws/build/robot_control_interfaces': CMAKE_PREFIX_PATH=${CMAKE_PREFIX_PATH}:/opt/ros/humble /usr/bin/cmake --build /home/cjj/Desktop/RM_work/ROS2_learning/chapter_4/chapt4_ws/build/robot_control_interfaces -- -j20 -l20
[0.041s] [35m[1mConsolidate compiler generated dependencies of target robot_control_interfaces__rosidl_generator_c[0m
[0.049s] [  6%] Built target robot_control_interfaces__cpp
[0.049s] [ 12%] Built target robot_control_interfaces__rosidl_generator_c
[0.056s] [ 12%] Built target ament_cmake_python_copy_robot_control_interfaces
[0.057s] [35m[1mConsolidate compiler generated dependencies of target robot_control_interfaces__rosidl_typesupport_fastrtps_c[0m
[0.057s] [35m[1mConsolidate compiler generated dependencies of target robot_control_interfaces__rosidl_typesupport_fastrtps_cpp[0m
[0.057s] [35m[1mConsolidate compiler generated dependencies of target robot_control_interfaces__rosidl_typesupport_c[0m
[0.058s] [35m[1mConsolidate compiler generated dependencies of target robot_control_interfaces__rosidl_typesupport_cpp[0m
[0.058s] [35m[1mConsolidate compiler generated dependencies of target robot_control_interfaces__rosidl_typesupport_introspection_c[0m
[0.060s] [35m[1mConsolidate compiler generated dependencies of target robot_control_interfaces__rosidl_typesupport_introspection_cpp[0m
[0.066s] [ 22%] Built target robot_control_interfaces__rosidl_typesupport_introspection_c
[0.067s] [ 32%] Built target robot_control_interfaces__rosidl_typesupport_fastrtps_c
[0.068s] [ 41%] Built target robot_control_interfaces__rosidl_typesupport_c
[0.068s] [ 51%] Built target robot_control_interfaces__rosidl_typesupport_cpp
[0.069s] [ 61%] Built target robot_control_interfaces__rosidl_typesupport_fastrtps_cpp
[0.070s] [ 70%] Built target robot_control_interfaces__rosidl_typesupport_introspection_cpp
[0.088s] [ 70%] Built target robot_control_interfaces
[0.104s] [ 74%] Built target robot_control_interfaces__py
[0.114s] [35m[1mConsolidate compiler generated dependencies of target robot_control_interfaces__rosidl_generator_py[0m
[0.125s] [ 80%] Built target robot_control_interfaces__rosidl_generator_py
[0.133s] [35m[1mConsolidate compiler generated dependencies of target robot_control_interfaces__rosidl_typesupport_fastrtps_c__pyext[0m
[0.133s] [35m[1mConsolidate compiler generated dependencies of target robot_control_interfaces__rosidl_typesupport_c__pyext[0m
[0.135s] [35m[1mConsolidate compiler generated dependencies of target robot_control_interfaces__rosidl_typesupport_introspection_c__pyext[0m
[0.144s] [ 87%] Built target robot_control_interfaces__rosidl_typesupport_fastrtps_c__pyext
[0.146s] [ 93%] Built target robot_control_interfaces__rosidl_typesupport_c__pyext
[0.146s] [100%] Built target robot_control_interfaces__rosidl_typesupport_introspection_c__pyext
[0.200s] running egg_info
[0.201s] writing robot_control_interfaces.egg-info/PKG-INFO
[0.201s] writing dependency_links to robot_control_interfaces.egg-info/dependency_links.txt
[0.201s] writing top-level names to robot_control_interfaces.egg-info/top_level.txt
[0.202s] reading manifest file 'robot_control_interfaces.egg-info/SOURCES.txt'
[0.202s] writing manifest file 'robot_control_interfaces.egg-info/SOURCES.txt'
[0.221s] [100%] Built target ament_cmake_python_build_robot_control_interfaces_egg
[0.229s] Invoked command in '/home/cjj/Desktop/RM_work/ROS2_learning/chapter_4/chapt4_ws/build/robot_control_interfaces' returned '0': CMAKE_PREFIX_PATH=${CMAKE_PREFIX_PATH}:/opt/ros/humble /usr/bin/cmake --build /home/cjj/Desktop/RM_work/ROS2_learning/chapter_4/chapt4_ws/build/robot_control_interfaces -- -j20 -l20
[0.284s] Invoking command in '/home/cjj/Desktop/RM_work/ROS2_learning/chapter_4/chapt4_ws/build/robot_control_interfaces': CMAKE_PREFIX_PATH=${CMAKE_PREFIX_PATH}:/opt/ros/humble /usr/bin/cmake --install /home/cjj/Desktop/RM_work/ROS2_learning/chapter_4/chapt4_ws/build/robot_control_interfaces
[0.289s] -- Install configuration: ""
[0.289s] -- Up-to-date: /home/cjj/Desktop/RM_work/ROS2_learning/chapter_4/chapt4_ws/install/robot_control_interfaces/share/ament_index/resource_index/rosidl_interfaces/robot_control_interfaces
[0.289s] -- Up-to-date: /home/cjj/Desktop/RM_work/ROS2_learning/chapter_4/chapt4_ws/install/robot_control_interfaces/include/robot_control_interfaces/robot_control_interfaces
[0.289s] -- Up-to-date: /home/cjj/Desktop/RM_work/ROS2_learning/chapter_4/chapt4_ws/install/robot_control_interfaces/include/robot_control_interfaces/robot_control_interfaces/action
[0.289s] -- Up-to-date: /home/cjj/Desktop/RM_work/ROS2_learning/chapter_4/chapt4_ws/install/robot_control_interfaces/include/robot_control_interfaces/robot_control_interfaces/action/detail
[0.290s] -- Up-to-date: /home/cjj/Desktop/RM_work/ROS2_learning/chapter_4/chapt4_ws/install/robot_control_interfaces/include/robot_control_interfaces/robot_control_interfaces/action/detail/move_robot__functions.c
[0.290s] -- Up-to-date: /home/cjj/Desktop/RM_work/ROS2_learning/chapter_4/chapt4_ws/install/robot_control_interfaces/include/robot_control_interfaces/robot_control_interfaces/action/detail/move_robot__functions.h
[0.290s] -- Up-to-date: /home/cjj/Desktop/RM_work/ROS2_learning/chapter_4/chapt4_ws/install/robot_control_interfaces/include/robot_control_interfaces/robot_control_interfaces/action/detail/move_robot__type_support.h
[0.290s] -- Up-to-date: /home/cjj/Desktop/RM_work/ROS2_learning/chapter_4/chapt4_ws/install/robot_control_interfaces/include/robot_control_interfaces/robot_control_interfaces/action/detail/move_robot__struct.h
[0.290s] -- Up-to-date: /home/cjj/Desktop/RM_work/ROS2_learning/chapter_4/chapt4_ws/install/robot_control_interfaces/include/robot_control_interfaces/robot_control_interfaces/action/move_robot.h
[0.290s] -- Up-to-date: /home/cjj/Desktop/RM_work/ROS2_learning/chapter_4/chapt4_ws/install/robot_control_interfaces/include/robot_control_interfaces/robot_control_interfaces/msg
[0.290s] -- Up-to-date: /home/cjj/Desktop/RM_work/ROS2_learning/chapter_4/chapt4_ws/install/robot_control_interfaces/include/robot_control_interfaces/robot_control_interfaces/msg/rosidl_generator_c__visibility_control.h
[0.290s] -- Up-to-date: /home/cjj/Desktop/RM_work/ROS2_learning/chapter_4/chapt4_ws/install/robot_control_interfaces/share/robot_control_interfaces/environment/library_path.sh
[0.290s] -- Up-to-date: /home/cjj/Desktop/RM_work/ROS2_learning/chapter_4/chapt4_ws/install/robot_control_interfaces/share/robot_control_interfaces/environment/library_path.dsv
[0.290s] -- Up-to-date: /home/cjj/Desktop/RM_work/ROS2_learning/chapter_4/chapt4_ws/install/robot_control_interfaces/lib/librobot_control_interfaces__rosidl_generator_c.so
[0.290s] -- Up-to-date: /home/cjj/Desktop/RM_work/ROS2_learning/chapter_4/chapt4_ws/install/robot_control_interfaces/include/robot_control_interfaces/robot_control_interfaces
[0.291s] -- Up-to-date: /home/cjj/Desktop/RM_work/ROS2_learning/chapter_4/chapt4_ws/install/robot_control_interfaces/include/robot_control_interfaces/robot_control_interfaces/action
[0.291s] -- Up-to-date: /home/cjj/Desktop/RM_work/ROS2_learning/chapter_4/chapt4_ws/install/robot_control_interfaces/include/robot_control_interfaces/robot_control_interfaces/action/detail
[0.291s] -- Up-to-date: /home/cjj/Desktop/RM_work/ROS2_learning/chapter_4/chapt4_ws/install/robot_control_interfaces/include/robot_control_interfaces/robot_control_interfaces/action/detail/move_robot__rosidl_typesupport_fastrtps_c.h
[0.291s] -- Up-to-date: /home/cjj/Desktop/RM_work/ROS2_learning/chapter_4/chapt4_ws/install/robot_control_interfaces/include/robot_control_interfaces/robot_control_interfaces/msg
[0.291s] -- Up-to-date: /home/cjj/Desktop/RM_work/ROS2_learning/chapter_4/chapt4_ws/install/robot_control_interfaces/include/robot_control_interfaces/robot_control_interfaces/msg/rosidl_typesupport_fastrtps_c__visibility_control.h
[0.291s] -- Up-to-date: /home/cjj/Desktop/RM_work/ROS2_learning/chapter_4/chapt4_ws/install/robot_control_interfaces/lib/librobot_control_interfaces__rosidl_typesupport_fastrtps_c.so
[0.291s] -- Up-to-date: /home/cjj/Desktop/RM_work/ROS2_learning/chapter_4/chapt4_ws/install/robot_control_interfaces/include/robot_control_interfaces/robot_control_interfaces
[0.291s] -- Up-to-date: /home/cjj/Desktop/RM_work/ROS2_learning/chapter_4/chapt4_ws/install/robot_control_interfaces/include/robot_control_interfaces/robot_control_interfaces/action
[0.291s] -- Up-to-date: /home/cjj/Desktop/RM_work/ROS2_learning/chapter_4/chapt4_ws/install/robot_control_interfaces/include/robot_control_interfaces/robot_control_interfaces/action/detail
[0.291s] -- Up-to-date: /home/cjj/Desktop/RM_work/ROS2_learning/chapter_4/chapt4_ws/install/robot_control_interfaces/include/robot_control_interfaces/robot_control_interfaces/action/detail/move_robot__type_support.c
[0.291s] -- Up-to-date: /home/cjj/Desktop/RM_work/ROS2_learning/chapter_4/chapt4_ws/install/robot_control_interfaces/include/robot_control_interfaces/robot_control_interfaces/action/detail/move_robot__rosidl_typesupport_introspection_c.h
[0.291s] -- Up-to-date: /home/cjj/Desktop/RM_work/ROS2_learning/chapter_4/chapt4_ws/install/robot_control_interfaces/include/robot_control_interfaces/robot_control_interfaces/msg
[0.291s] -- Up-to-date: /home/cjj/Desktop/RM_work/ROS2_learning/chapter_4/chapt4_ws/install/robot_control_interfaces/include/robot_control_interfaces/robot_control_interfaces/msg/rosidl_typesupport_introspection_c__visibility_control.h
[0.292s] -- Up-to-date: /home/cjj/Desktop/RM_work/ROS2_learning/chapter_4/chapt4_ws/install/robot_control_interfaces/lib/librobot_control_interfaces__rosidl_typesupport_introspection_c.so
[0.292s] -- Up-to-date: /home/cjj/Desktop/RM_work/ROS2_learning/chapter_4/chapt4_ws/install/robot_control_interfaces/lib/librobot_control_interfaces__rosidl_typesupport_c.so
[0.292s] -- Up-to-date: /home/cjj/Desktop/RM_work/ROS2_learning/chapter_4/chapt4_ws/install/robot_control_interfaces/include/robot_control_interfaces/robot_control_interfaces
[0.292s] -- Up-to-date: /home/cjj/Desktop/RM_work/ROS2_learning/chapter_4/chapt4_ws/install/robot_control_interfaces/include/robot_control_interfaces/robot_control_interfaces/action
[0.292s] -- Up-to-date: /home/cjj/Desktop/RM_work/ROS2_learning/chapter_4/chapt4_ws/install/robot_control_interfaces/include/robot_control_interfaces/robot_control_interfaces/action/move_robot.hpp
[0.292s] -- Up-to-date: /home/cjj/Desktop/RM_work/ROS2_learning/chapter_4/chapt4_ws/install/robot_control_interfaces/include/robot_control_interfaces/robot_control_interfaces/action/detail
[0.292s] -- Up-to-date: /home/cjj/Desktop/RM_work/ROS2_learning/chapter_4/chapt4_ws/install/robot_control_interfaces/include/robot_control_interfaces/robot_control_interfaces/action/detail/move_robot__struct.hpp
[0.292s] -- Up-to-date: /home/cjj/Desktop/RM_work/ROS2_learning/chapter_4/chapt4_ws/install/robot_control_interfaces/include/robot_control_interfaces/robot_control_interfaces/action/detail/move_robot__builder.hpp
[0.292s] -- Up-to-date: /home/cjj/Desktop/RM_work/ROS2_learning/chapter_4/chapt4_ws/install/robot_control_interfaces/include/robot_control_interfaces/robot_control_interfaces/action/detail/move_robot__traits.hpp
[0.292s] -- Up-to-date: /home/cjj/Desktop/RM_work/ROS2_learning/chapter_4/chapt4_ws/install/robot_control_interfaces/include/robot_control_interfaces/robot_control_interfaces
[0.292s] -- Up-to-date: /home/cjj/Desktop/RM_work/ROS2_learning/chapter_4/chapt4_ws/install/robot_control_interfaces/include/robot_control_interfaces/robot_control_interfaces/action
[0.292s] -- Up-to-date: /home/cjj/Desktop/RM_work/ROS2_learning/chapter_4/chapt4_ws/install/robot_control_interfaces/include/robot_control_interfaces/robot_control_interfaces/action/detail
[0.292s] -- Up-to-date: /home/cjj/Desktop/RM_work/ROS2_learning/chapter_4/chapt4_ws/install/robot_control_interfaces/include/robot_control_interfaces/robot_control_interfaces/action/detail/dds_fastrtps
[0.292s] -- Up-to-date: /home/cjj/Desktop/RM_work/ROS2_learning/chapter_4/chapt4_ws/install/robot_control_interfaces/include/robot_control_interfaces/robot_control_interfaces/action/detail/move_robot__rosidl_typesupport_fastrtps_cpp.hpp
[0.292s] -- Up-to-date: /home/cjj/Desktop/RM_work/ROS2_learning/chapter_4/chapt4_ws/install/robot_control_interfaces/include/robot_control_interfaces/robot_control_interfaces/msg
[0.292s] -- Up-to-date: /home/cjj/Desktop/RM_work/ROS2_learning/chapter_4/chapt4_ws/install/robot_control_interfaces/include/robot_control_interfaces/robot_control_interfaces/msg/rosidl_typesupport_fastrtps_cpp__visibility_control.h
[0.292s] -- Up-to-date: /home/cjj/Desktop/RM_work/ROS2_learning/chapter_4/chapt4_ws/install/robot_control_interfaces/lib/librobot_control_interfaces__rosidl_typesupport_fastrtps_cpp.so
[0.292s] -- Up-to-date: /home/cjj/Desktop/RM_work/ROS2_learning/chapter_4/chapt4_ws/install/robot_control_interfaces/include/robot_control_interfaces/robot_control_interfaces
[0.292s] -- Up-to-date: /home/cjj/Desktop/RM_work/ROS2_learning/chapter_4/chapt4_ws/install/robot_control_interfaces/include/robot_control_interfaces/robot_control_interfaces/action
[0.292s] -- Up-to-date: /home/cjj/Desktop/RM_work/ROS2_learning/chapter_4/chapt4_ws/install/robot_control_interfaces/include/robot_control_interfaces/robot_control_interfaces/action/detail
[0.292s] -- Up-to-date: /home/cjj/Desktop/RM_work/ROS2_learning/chapter_4/chapt4_ws/install/robot_control_interfaces/include/robot_control_interfaces/robot_control_interfaces/action/detail/move_robot__type_support.cpp
[0.292s] -- Up-to-date: /home/cjj/Desktop/RM_work/ROS2_learning/chapter_4/chapt4_ws/install/robot_control_interfaces/include/robot_control_interfaces/robot_control_interfaces/action/detail/move_robot__rosidl_typesupport_introspection_cpp.hpp
[0.292s] -- Up-to-date: /home/cjj/Desktop/RM_work/ROS2_learning/chapter_4/chapt4_ws/install/robot_control_interfaces/lib/librobot_control_interfaces__rosidl_typesupport_introspection_cpp.so
[0.292s] -- Up-to-date: /home/cjj/Desktop/RM_work/ROS2_learning/chapter_4/chapt4_ws/install/robot_control_interfaces/lib/librobot_control_interfaces__rosidl_typesupport_cpp.so
[0.292s] -- Up-to-date: /home/cjj/Desktop/RM_work/ROS2_learning/chapter_4/chapt4_ws/install/robot_control_interfaces/share/robot_control_interfaces/environment/pythonpath.sh
[0.292s] -- Up-to-date: /home/cjj/Desktop/RM_work/ROS2_learning/chapter_4/chapt4_ws/install/robot_control_interfaces/share/robot_control_interfaces/environment/pythonpath.dsv
[0.292s] -- Up-to-date: /home/cjj/Desktop/RM_work/ROS2_learning/chapter_4/chapt4_ws/install/robot_control_interfaces/local/lib/python3.10/dist-packages/robot_control_interfaces-0.0.0-py3.10.egg-info
[0.292s] -- Installing: /home/cjj/Desktop/RM_work/ROS2_learning/chapter_4/chapt4_ws/install/robot_control_interfaces/local/lib/python3.10/dist-packages/robot_control_interfaces-0.0.0-py3.10.egg-info/SOURCES.txt
[0.292s] -- Installing: /home/cjj/Desktop/RM_work/ROS2_learning/chapter_4/chapt4_ws/install/robot_control_interfaces/local/lib/python3.10/dist-packages/robot_control_interfaces-0.0.0-py3.10.egg-info/dependency_links.txt
[0.292s] -- Installing: /home/cjj/Desktop/RM_work/ROS2_learning/chapter_4/chapt4_ws/install/robot_control_interfaces/local/lib/python3.10/dist-packages/robot_control_interfaces-0.0.0-py3.10.egg-info/top_level.txt
[0.292s] -- Installing: /home/cjj/Desktop/RM_work/ROS2_learning/chapter_4/chapt4_ws/install/robot_control_interfaces/local/lib/python3.10/dist-packages/robot_control_interfaces-0.0.0-py3.10.egg-info/PKG-INFO
[0.292s] -- Up-to-date: /home/cjj/Desktop/RM_work/ROS2_learning/chapter_4/chapt4_ws/install/robot_control_interfaces/local/lib/python3.10/dist-packages/robot_control_interfaces
[0.292s] -- Up-to-date: /home/cjj/Desktop/RM_work/ROS2_learning/chapter_4/chapt4_ws/install/robot_control_interfaces/local/lib/python3.10/dist-packages/robot_control_interfaces/_robot_control_interfaces_s.ep.rosidl_typesupport_c.c
[0.293s] -- Up-to-date: /home/cjj/Desktop/RM_work/ROS2_learning/chapter_4/chapt4_ws/install/robot_control_interfaces/local/lib/python3.10/dist-packages/robot_control_interfaces/__init__.py
[0.293s] -- Up-to-date: /home/cjj/Desktop/RM_work/ROS2_learning/chapter_4/chapt4_ws/install/robot_control_interfaces/local/lib/python3.10/dist-packages/robot_control_interfaces/robot_control_interfaces_s__rosidl_typesupport_fastrtps_c.cpython-310-x86_64-linux-gnu.so
[0.293s] -- Up-to-date: /home/cjj/Desktop/RM_work/ROS2_learning/chapter_4/chapt4_ws/install/robot_control_interfaces/local/lib/python3.10/dist-packages/robot_control_interfaces/_robot_control_interfaces_s.ep.rosidl_typesupport_introspection_c.c
[0.293s] -- Up-to-date: /home/cjj/Desktop/RM_work/ROS2_learning/chapter_4/chapt4_ws/install/robot_control_interfaces/local/lib/python3.10/dist-packages/robot_control_interfaces/action
[0.293s] -- Up-to-date: /home/cjj/Desktop/RM_work/ROS2_learning/chapter_4/chapt4_ws/install/robot_control_interfaces/local/lib/python3.10/dist-packages/robot_control_interfaces/action/__init__.py
[0.293s] -- Up-to-date: /home/cjj/Desktop/RM_work/ROS2_learning/chapter_4/chapt4_ws/install/robot_control_interfaces/local/lib/python3.10/dist-packages/robot_control_interfaces/action/_move_robot.py
[0.293s] -- Up-to-date: /home/cjj/Desktop/RM_work/ROS2_learning/chapter_4/chapt4_ws/install/robot_control_interfaces/local/lib/python3.10/dist-packages/robot_control_interfaces/action/_move_robot_s.c
[0.293s] -- Up-to-date: /home/cjj/Desktop/RM_work/ROS2_learning/chapter_4/chapt4_ws/install/robot_control_interfaces/local/lib/python3.10/dist-packages/robot_control_interfaces/robot_control_interfaces_s__rosidl_typesupport_c.cpython-310-x86_64-linux-gnu.so
[0.293s] -- Up-to-date: /home/cjj/Desktop/RM_work/ROS2_learning/chapter_4/chapt4_ws/install/robot_control_interfaces/local/lib/python3.10/dist-packages/robot_control_interfaces/librobot_control_interfaces__rosidl_generator_py.so
[0.293s] -- Up-to-date: /home/cjj/Desktop/RM_work/ROS2_learning/chapter_4/chapt4_ws/install/robot_control_interfaces/local/lib/python3.10/dist-packages/robot_control_interfaces/_robot_control_interfaces_s.ep.rosidl_typesupport_fastrtps_c.c
[0.293s] -- Up-to-date: /home/cjj/Desktop/RM_work/ROS2_learning/chapter_4/chapt4_ws/install/robot_control_interfaces/local/lib/python3.10/dist-packages/robot_control_interfaces/robot_control_interfaces_s__rosidl_typesupport_introspection_c.cpython-310-x86_64-linux-gnu.so
[0.311s] Listing '/home/cjj/Desktop/RM_work/ROS2_learning/chapter_4/chapt4_ws/install/robot_control_interfaces/local/lib/python3.10/dist-packages/robot_control_interfaces'...
[0.311s] Listing '/home/cjj/Desktop/RM_work/ROS2_learning/chapter_4/chapt4_ws/install/robot_control_interfaces/local/lib/python3.10/dist-packages/robot_control_interfaces/action'...
[0.314s] -- Up-to-date: /home/cjj/Desktop/RM_work/ROS2_learning/chapter_4/chapt4_ws/install/robot_control_interfaces/local/lib/python3.10/dist-packages/robot_control_interfaces/robot_control_interfaces_s__rosidl_typesupport_fastrtps_c.cpython-310-x86_64-linux-gnu.so
[0.314s] -- Up-to-date: /home/cjj/Desktop/RM_work/ROS2_learning/chapter_4/chapt4_ws/install/robot_control_interfaces/local/lib/python3.10/dist-packages/robot_control_interfaces/robot_control_interfaces_s__rosidl_typesupport_introspection_c.cpython-310-x86_64-linux-gnu.so
[0.314s] -- Up-to-date: /home/cjj/Desktop/RM_work/ROS2_learning/chapter_4/chapt4_ws/install/robot_control_interfaces/local/lib/python3.10/dist-packages/robot_control_interfaces/robot_control_interfaces_s__rosidl_typesupport_c.cpython-310-x86_64-linux-gnu.so
[0.314s] -- Up-to-date: /home/cjj/Desktop/RM_work/ROS2_learning/chapter_4/chapt4_ws/install/robot_control_interfaces/lib/librobot_control_interfaces__rosidl_generator_py.so
[0.315s] -- Up-to-date: /home/cjj/Desktop/RM_work/ROS2_learning/chapter_4/chapt4_ws/install/robot_control_interfaces/share/robot_control_interfaces/action/MoveRobot.idl
[0.315s] -- Up-to-date: /home/cjj/Desktop/RM_work/ROS2_learning/chapter_4/chapt4_ws/install/robot_control_interfaces/share/robot_control_interfaces/action/MoveRobot.action
[0.315s] -- Up-to-date: /home/cjj/Desktop/RM_work/ROS2_learning/chapter_4/chapt4_ws/install/robot_control_interfaces/share/ament_index/resource_index/package_run_dependencies/robot_control_interfaces
[0.315s] -- Up-to-date: /home/cjj/Desktop/RM_work/ROS2_learning/chapter_4/chapt4_ws/install/robot_control_interfaces/share/ament_index/resource_index/parent_prefix_path/robot_control_interfaces
[0.315s] -- Up-to-date: /home/cjj/Desktop/RM_work/ROS2_learning/chapter_4/chapt4_ws/install/robot_control_interfaces/share/robot_control_interfaces/environment/ament_prefix_path.sh
[0.315s] -- Up-to-date: /home/cjj/Desktop/RM_work/ROS2_learning/chapter_4/chapt4_ws/install/robot_control_interfaces/share/robot_control_interfaces/environment/ament_prefix_path.dsv
[0.315s] -- Up-to-date: /home/cjj/Desktop/RM_work/ROS2_learning/chapter_4/chapt4_ws/install/robot_control_interfaces/share/robot_control_interfaces/environment/path.sh
[0.315s] -- Up-to-date: /home/cjj/Desktop/RM_work/ROS2_learning/chapter_4/chapt4_ws/install/robot_control_interfaces/share/robot_control_interfaces/environment/path.dsv
[0.315s] -- Up-to-date: /home/cjj/Desktop/RM_work/ROS2_learning/chapter_4/chapt4_ws/install/robot_control_interfaces/share/robot_control_interfaces/local_setup.bash
[0.315s] -- Up-to-date: /home/cjj/Desktop/RM_work/ROS2_learning/chapter_4/chapt4_ws/install/robot_control_interfaces/share/robot_control_interfaces/local_setup.sh
[0.315s] -- Up-to-date: /home/cjj/Desktop/RM_work/ROS2_learning/chapter_4/chapt4_ws/install/robot_control_interfaces/share/robot_control_interfaces/local_setup.zsh
[0.315s] -- Up-to-date: /home/cjj/Desktop/RM_work/ROS2_learning/chapter_4/chapt4_ws/install/robot_control_interfaces/share/robot_control_interfaces/local_setup.dsv
[0.315s] -- Installing: /home/cjj/Desktop/RM_work/ROS2_learning/chapter_4/chapt4_ws/install/robot_control_interfaces/share/robot_control_interfaces/package.dsv
[0.315s] -- Up-to-date: /home/cjj/Desktop/RM_work/ROS2_learning/chapter_4/chapt4_ws/install/robot_control_interfaces/share/ament_index/resource_index/packages/robot_control_interfaces
[0.315s] -- Up-to-date: /home/cjj/Desktop/RM_work/ROS2_learning/chapter_4/chapt4_ws/install/robot_control_interfaces/share/robot_control_interfaces/cmake/export_robot_control_interfaces__rosidl_generator_cExport.cmake
[0.315s] -- Up-to-date: /home/cjj/Desktop/RM_work/ROS2_learning/chapter_4/chapt4_ws/install/robot_control_interfaces/share/robot_control_interfaces/cmake/export_robot_control_interfaces__rosidl_generator_cExport-noconfig.cmake
[0.315s] -- Up-to-date: /home/cjj/Desktop/RM_work/ROS2_learning/chapter_4/chapt4_ws/install/robot_control_interfaces/share/robot_control_interfaces/cmake/export_robot_control_interfaces__rosidl_typesupport_fastrtps_cExport.cmake
[0.315s] -- Up-to-date: /home/cjj/Desktop/RM_work/ROS2_learning/chapter_4/chapt4_ws/install/robot_control_interfaces/share/robot_control_interfaces/cmake/export_robot_control_interfaces__rosidl_typesupport_fastrtps_cExport-noconfig.cmake
[0.315s] -- Up-to-date: /home/cjj/Desktop/RM_work/ROS2_learning/chapter_4/chapt4_ws/install/robot_control_interfaces/share/robot_control_interfaces/cmake/robot_control_interfaces__rosidl_typesupport_introspection_cExport.cmake
[0.315s] -- Up-to-date: /home/cjj/Desktop/RM_work/ROS2_learning/chapter_4/chapt4_ws/install/robot_control_interfaces/share/robot_control_interfaces/cmake/robot_control_interfaces__rosidl_typesupport_introspection_cExport-noconfig.cmake
[0.315s] -- Up-to-date: /home/cjj/Desktop/RM_work/ROS2_learning/chapter_4/chapt4_ws/install/robot_control_interfaces/share/robot_control_interfaces/cmake/robot_control_interfaces__rosidl_typesupport_cExport.cmake
[0.315s] -- Up-to-date: /home/cjj/Desktop/RM_work/ROS2_learning/chapter_4/chapt4_ws/install/robot_control_interfaces/share/robot_control_interfaces/cmake/robot_control_interfaces__rosidl_typesupport_cExport-noconfig.cmake
[0.315s] -- Up-to-date: /home/cjj/Desktop/RM_work/ROS2_learning/chapter_4/chapt4_ws/install/robot_control_interfaces/share/robot_control_interfaces/cmake/export_robot_control_interfaces__rosidl_generator_cppExport.cmake
[0.315s] -- Up-to-date: /home/cjj/Desktop/RM_work/ROS2_learning/chapter_4/chapt4_ws/install/robot_control_interfaces/share/robot_control_interfaces/cmake/export_robot_control_interfaces__rosidl_typesupport_fastrtps_cppExport.cmake
[0.315s] -- Up-to-date: /home/cjj/Desktop/RM_work/ROS2_learning/chapter_4/chapt4_ws/install/robot_control_interfaces/share/robot_control_interfaces/cmake/export_robot_control_interfaces__rosidl_typesupport_fastrtps_cppExport-noconfig.cmake
[0.316s] -- Up-to-date: /home/cjj/Desktop/RM_work/ROS2_learning/chapter_4/chapt4_ws/install/robot_control_interfaces/share/robot_control_interfaces/cmake/robot_control_interfaces__rosidl_typesupport_introspection_cppExport.cmake
[0.316s] -- Up-to-date: /home/cjj/Desktop/RM_work/ROS2_learning/chapter_4/chapt4_ws/install/robot_control_interfaces/share/robot_control_interfaces/cmake/robot_control_interfaces__rosidl_typesupport_introspection_cppExport-noconfig.cmake
[0.316s] -- Up-to-date: /home/cjj/Desktop/RM_work/ROS2_learning/chapter_4/chapt4_ws/install/robot_control_interfaces/share/robot_control_interfaces/cmake/robot_control_interfaces__rosidl_typesupport_cppExport.cmake
[0.316s] -- Up-to-date: /home/cjj/Desktop/RM_work/ROS2_learning/chapter_4/chapt4_ws/install/robot_control_interfaces/share/robot_control_interfaces/cmake/robot_control_interfaces__rosidl_typesupport_cppExport-noconfig.cmake
[0.316s] -- Up-to-date: /home/cjj/Desktop/RM_work/ROS2_learning/chapter_4/chapt4_ws/install/robot_control_interfaces/share/robot_control_interfaces/cmake/export_robot_control_interfaces__rosidl_generator_pyExport.cmake
[0.316s] -- Up-to-date: /home/cjj/Desktop/RM_work/ROS2_learning/chapter_4/chapt4_ws/install/robot_control_interfaces/share/robot_control_interfaces/cmake/export_robot_control_interfaces__rosidl_generator_pyExport-noconfig.cmake
[0.316s] -- Up-to-date: /home/cjj/Desktop/RM_work/ROS2_learning/chapter_4/chapt4_ws/install/robot_control_interfaces/share/robot_control_interfaces/cmake/rosidl_cmake-extras.cmake
[0.316s] -- Up-to-date: /home/cjj/Desktop/RM_work/ROS2_learning/chapter_4/chapt4_ws/install/robot_control_interfaces/share/robot_control_interfaces/cmake/ament_cmake_export_dependencies-extras.cmake
[0.316s] -- Up-to-date: /home/cjj/Desktop/RM_work/ROS2_learning/chapter_4/chapt4_ws/install/robot_control_interfaces/share/robot_control_interfaces/cmake/ament_cmake_export_include_directories-extras.cmake
[0.316s] -- Up-to-date: /home/cjj/Desktop/RM_work/ROS2_learning/chapter_4/chapt4_ws/install/robot_control_interfaces/share/robot_control_interfaces/cmake/ament_cmake_export_libraries-extras.cmake
[0.316s] -- Up-to-date: /home/cjj/Desktop/RM_work/ROS2_learning/chapter_4/chapt4_ws/install/robot_control_interfaces/share/robot_control_interfaces/cmake/ament_cmake_export_targets-extras.cmake
[0.316s] -- Up-to-date: /home/cjj/Desktop/RM_work/ROS2_learning/chapter_4/chapt4_ws/install/robot_control_interfaces/share/robot_control_interfaces/cmake/rosidl_cmake_export_typesupport_targets-extras.cmake
[0.316s] -- Up-to-date: /home/cjj/Desktop/RM_work/ROS2_learning/chapter_4/chapt4_ws/install/robot_control_interfaces/share/robot_control_interfaces/cmake/rosidl_cmake_export_typesupport_libraries-extras.cmake
[0.316s] -- Up-to-date: /home/cjj/Desktop/RM_work/ROS2_learning/chapter_4/chapt4_ws/install/robot_control_interfaces/share/robot_control_interfaces/cmake/robot_control_interfacesConfig.cmake
[0.316s] -- Up-to-date: /home/cjj/Desktop/RM_work/ROS2_learning/chapter_4/chapt4_ws/install/robot_control_interfaces/share/robot_control_interfaces/cmake/robot_control_interfacesConfig-version.cmake
[0.316s] -- Up-to-date: /home/cjj/Desktop/RM_work/ROS2_learning/chapter_4/chapt4_ws/install/robot_control_interfaces/share/robot_control_interfaces/package.xml
[0.318s] Invoked command in '/home/cjj/Desktop/RM_work/ROS2_learning/chapter_4/chapt4_ws/build/robot_control_interfaces' returned '0': CMAKE_PREFIX_PATH=${CMAKE_PREFIX_PATH}:/opt/ros/humble /usr/bin/cmake --install /home/cjj/Desktop/RM_work/ROS2_learning/chapter_4/chapt4_ws/build/robot_control_interfaces
