[0.006s] Invoking command in '/home/cjj/Desktop/RM_work/ROS2_learning/chapter_2/chapt2_ws/build/example_cpp': CMAKE_PREFIX_PATH=/opt/ros/humble /usr/bin/cmake /home/cjj/Desktop/RM_work/ROS2_learning/chapter_2/chapt2_ws/src/example_cpp -DCMAKE_INSTALL_PREFIX=/home/cjj/Desktop/RM_work/ROS2_learning/chapter_2/chapt2_ws/install/example_cpp
[0.068s] -- The C compiler identification is GNU 11.4.0
[0.116s] -- The CXX compiler identification is GNU 11.4.0
[0.123s] -- Detecting C compiler ABI info
[0.175s] -- Detecting C compiler ABI info - done
[0.179s] -- Check for working C compiler: /usr/bin/cc - skipped
[0.179s] -- Detecting C compile features
[0.179s] -- Detecting C compile features - done
[0.182s] -- Detecting CXX compiler ABI info
[0.237s] -- Detecting CXX compiler ABI info - done
[0.241s] -- Check for working CXX compiler: /usr/bin/c++ - skipped
[0.241s] -- Detecting CXX compile features
[0.242s] -- Detecting CXX compile features - done
[0.244s] -- Found ament_cmake: 1.3.10 (/opt/ros/humble/share/ament_cmake/cmake)
[0.340s] -- Found Python3: /usr/bin/python3 (found version "3.10.12") found components: Interpreter 
[0.396s] -- Found rclcpp: 16.0.10 (/opt/ros/humble/share/rclcpp/cmake)
[0.429s] -- Found rosidl_generator_c: 3.1.5 (/opt/ros/humble/share/rosidl_generator_c/cmake)
[0.432s] -- Found rosidl_adapter: 3.1.5 (/opt/ros/humble/share/rosidl_adapter/cmake)
[0.438s] -- Found rosidl_generator_cpp: 3.1.5 (/opt/ros/humble/share/rosidl_generator_cpp/cmake)
[0.447s] -- Using all available rosidl_typesupport_c: rosidl_typesupport_fastrtps_c;rosidl_typesupport_introspection_c
[0.457s] -- Using all available rosidl_typesupport_cpp: rosidl_typesupport_fastrtps_cpp;rosidl_typesupport_introspection_cpp
[0.484s] -- Found rmw_implementation_cmake: 6.1.2 (/opt/ros/humble/share/rmw_implementation_cmake/cmake)
[0.486s] -- Found rmw_fastrtps_cpp: 6.2.7 (/opt/ros/humble/share/rmw_fastrtps_cpp/cmake)
[0.546s] -- Found OpenSSL: /usr/lib/x86_64-linux-gnu/libcrypto.so (found version "3.0.2")  
[0.557s] -- Found FastRTPS: /opt/ros/humble/include  
[0.571s] -- Using RMW implementation 'rmw_fastrtps_cpp' as default
[0.576s] -- Looking for pthread.h
[0.629s] -- Looking for pthread.h - found
[0.629s] -- Performing Test CMAKE_HAVE_LIBC_PTHREAD
[0.680s] -- Performing Test CMAKE_HAVE_LIBC_PTHREAD - Success
[0.681s] -- Found Threads: TRUE  
[0.711s] -- Found ament_lint_auto: 0.12.11 (/opt/ros/humble/share/ament_lint_auto/cmake)
[0.765s] -- Added test 'cppcheck' to perform static code analysis on C / C++ code
[0.765s] -- Configured cppcheck include dirs: 
[0.765s] -- Configured cppcheck exclude dirs and/or files: 
[0.765s] -- Added test 'lint_cmake' to check CMake code style
[0.766s] -- Added test 'uncrustify' to check C / C++ code style
[0.766s] -- Configured uncrustify additional arguments: 
[0.766s] -- Added test 'xmllint' to check XML markup files
[0.767s] -- Configuring done
[0.771s] -- Generating done
[0.772s] -- Build files have been written to: /home/cjj/Desktop/RM_work/ROS2_learning/chapter_2/chapt2_ws/build/example_cpp
[0.778s] Invoked command in '/home/cjj/Desktop/RM_work/ROS2_learning/chapter_2/chapt2_ws/build/example_cpp' returned '0': CMAKE_PREFIX_PATH=/opt/ros/humble /usr/bin/cmake /home/cjj/Desktop/RM_work/ROS2_learning/chapter_2/chapt2_ws/src/example_cpp -DCMAKE_INSTALL_PREFIX=/home/cjj/Desktop/RM_work/ROS2_learning/chapter_2/chapt2_ws/install/example_cpp
[0.778s] Invoking command in '/home/cjj/Desktop/RM_work/ROS2_learning/chapter_2/chapt2_ws/build/example_cpp': CMAKE_PREFIX_PATH=/opt/ros/humble /usr/bin/cmake --build /home/cjj/Desktop/RM_work/ROS2_learning/chapter_2/chapt2_ws/build/example_cpp -- -j20 -l20
[0.813s] [ 50%] [32mBuilding CXX object CMakeFiles/node_01.dir/src/node_01.cpp.o[0m
[2.361s] [100%] [32m[1mLinking CXX executable node_01[0m
[2.433s] [100%] Built target node_01
[2.442s] Invoked command in '/home/cjj/Desktop/RM_work/ROS2_learning/chapter_2/chapt2_ws/build/example_cpp' returned '0': CMAKE_PREFIX_PATH=/opt/ros/humble /usr/bin/cmake --build /home/cjj/Desktop/RM_work/ROS2_learning/chapter_2/chapt2_ws/build/example_cpp -- -j20 -l20
[2.468s] Invoking command in '/home/cjj/Desktop/RM_work/ROS2_learning/chapter_2/chapt2_ws/build/example_cpp': CMAKE_PREFIX_PATH=/opt/ros/humble /usr/bin/cmake --install /home/cjj/Desktop/RM_work/ROS2_learning/chapter_2/chapt2_ws/build/example_cpp
[2.473s] -- Install configuration: ""
[2.473s] -- Installing: /home/cjj/Desktop/RM_work/ROS2_learning/chapter_2/chapt2_ws/install/example_cpp/share/ament_index/resource_index/package_run_dependencies/example_cpp
[2.473s] -- Installing: /home/cjj/Desktop/RM_work/ROS2_learning/chapter_2/chapt2_ws/install/example_cpp/share/ament_index/resource_index/parent_prefix_path/example_cpp
[2.473s] -- Installing: /home/cjj/Desktop/RM_work/ROS2_learning/chapter_2/chapt2_ws/install/example_cpp/share/example_cpp/environment/ament_prefix_path.sh
[2.473s] -- Installing: /home/cjj/Desktop/RM_work/ROS2_learning/chapter_2/chapt2_ws/install/example_cpp/share/example_cpp/environment/ament_prefix_path.dsv
[2.473s] -- Installing: /home/cjj/Desktop/RM_work/ROS2_learning/chapter_2/chapt2_ws/install/example_cpp/share/example_cpp/environment/path.sh
[2.473s] -- Installing: /home/cjj/Desktop/RM_work/ROS2_learning/chapter_2/chapt2_ws/install/example_cpp/share/example_cpp/environment/path.dsv
[2.473s] -- Installing: /home/cjj/Desktop/RM_work/ROS2_learning/chapter_2/chapt2_ws/install/example_cpp/share/example_cpp/local_setup.bash
[2.473s] -- Installing: /home/cjj/Desktop/RM_work/ROS2_learning/chapter_2/chapt2_ws/install/example_cpp/share/example_cpp/local_setup.sh
[2.473s] -- Installing: /home/cjj/Desktop/RM_work/ROS2_learning/chapter_2/chapt2_ws/install/example_cpp/share/example_cpp/local_setup.zsh
[2.473s] -- Installing: /home/cjj/Desktop/RM_work/ROS2_learning/chapter_2/chapt2_ws/install/example_cpp/share/example_cpp/local_setup.dsv
[2.473s] -- Installing: /home/cjj/Desktop/RM_work/ROS2_learning/chapter_2/chapt2_ws/install/example_cpp/share/example_cpp/package.dsv
[2.473s] -- Installing: /home/cjj/Desktop/RM_work/ROS2_learning/chapter_2/chapt2_ws/install/example_cpp/share/ament_index/resource_index/packages/example_cpp
[2.473s] -- Installing: /home/cjj/Desktop/RM_work/ROS2_learning/chapter_2/chapt2_ws/install/example_cpp/share/example_cpp/cmake/example_cppConfig.cmake
[2.473s] -- Installing: /home/cjj/Desktop/RM_work/ROS2_learning/chapter_2/chapt2_ws/install/example_cpp/share/example_cpp/cmake/example_cppConfig-version.cmake
[2.473s] -- Installing: /home/cjj/Desktop/RM_work/ROS2_learning/chapter_2/chapt2_ws/install/example_cpp/share/example_cpp/package.xml
[2.473s] -- Installing: /home/cjj/Desktop/RM_work/ROS2_learning/chapter_2/chapt2_ws/install/example_cpp/lib/example_cpp/node_01
[2.474s] -- Set runtime path of "/home/cjj/Desktop/RM_work/ROS2_learning/chapter_2/chapt2_ws/install/example_cpp/lib/example_cpp/node_01" to ""
[2.475s] Invoked command in '/home/cjj/Desktop/RM_work/ROS2_learning/chapter_2/chapt2_ws/build/example_cpp' returned '0': CMAKE_PREFIX_PATH=/opt/ros/humble /usr/bin/cmake --install /home/cjj/Desktop/RM_work/ROS2_learning/chapter_2/chapt2_ws/build/example_cpp
