[0.057s] DEBUG:colcon:Command line arguments: ['/usr/bin/colcon', 'build']
[0.058s] DEBUG:colcon:Parsed command line arguments: Namespace(log_base=None, log_level=None, verb_name='build', build_base='build', install_base='install', merge_install=False, symlink_install=False, test_result_base=None, continue_on_error=False, executor='parallel', parallel_workers=20, event_handlers=None, ignore_user_meta=False, metas=['./colcon.meta'], base_paths=['.'], packages_ignore=None, packages_ignore_regex=None, paths=None, packages_up_to=None, packages_up_to_regex=None, packages_above=None, packages_above_and_dependencies=None, packages_above_depth=None, packages_select_by_dep=None, packages_skip_by_dep=None, packages_skip_up_to=None, packages_select_build_failed=False, packages_skip_build_finished=False, packages_select_test_failures=False, packages_skip_test_passed=False, packages_select=None, packages_skip=None, packages_select_regex=None, packages_skip_regex=None, packages_start=None, packages_end=None, allow_overriding=[], cmake_args=None, cmake_target=None, cmake_target_skip_unavailable=False, cmake_clean_cache=False, cmake_clean_first=False, cmake_force_configure=False, ament_cmake_args=None, catkin_cmake_args=None, catkin_skip_building_tests=False, mixin_files=None, mixin=None, verb_parser=<colcon_mixin.mixin.mixin_argument.MixinArgumentDecorator object at 0x71e6b31f6e00>, verb_extension=<colcon_core.verb.build.BuildVerb object at 0x71e6b31f6680>, main=<bound method BuildVerb.main of <colcon_core.verb.build.BuildVerb object at 0x71e6b31f6680>>, mixin_verb=('build',))
[0.141s] Level 1:colcon.colcon_core.package_discovery:discover_packages(colcon_meta) check parameters
[0.142s] Level 1:colcon.colcon_core.package_discovery:discover_packages(recursive) check parameters
[0.142s] Level 1:colcon.colcon_core.package_discovery:discover_packages(ignore) check parameters
[0.142s] Level 1:colcon.colcon_core.package_discovery:discover_packages(path) check parameters
[0.142s] Level 1:colcon.colcon_core.package_discovery:discover_packages(colcon_meta) discover
[0.142s] Level 1:colcon.colcon_core.package_discovery:discover_packages(recursive) discover
[0.142s] INFO:colcon.colcon_core.package_discovery:Crawling recursively for packages in '/home/cjj/Desktop/RM_work/ROS2_learning/chapter_3/chapt3_ws'
[0.142s] Level 1:colcon.colcon_core.package_identification:_identify(.) by extensions ['ignore', 'ignore_ament_install']
[0.142s] Level 1:colcon.colcon_core.package_identification:_identify(.) by extension 'ignore'
[0.142s] Level 1:colcon.colcon_core.package_identification:_identify(.) by extension 'ignore_ament_install'
[0.142s] Level 1:colcon.colcon_core.package_identification:_identify(.) by extensions ['colcon_pkg']
[0.142s] Level 1:colcon.colcon_core.package_identification:_identify(.) by extension 'colcon_pkg'
[0.142s] Level 1:colcon.colcon_core.package_identification:_identify(.) by extensions ['colcon_meta']
[0.142s] Level 1:colcon.colcon_core.package_identification:_identify(.) by extension 'colcon_meta'
[0.142s] Level 1:colcon.colcon_core.package_identification:_identify(.) by extensions ['ros']
[0.142s] Level 1:colcon.colcon_core.package_identification:_identify(.) by extension 'ros'
[0.149s] Level 1:colcon.colcon_core.package_identification:_identify(.) by extensions ['cmake', 'python']
[0.149s] Level 1:colcon.colcon_core.package_identification:_identify(.) by extension 'cmake'
[0.149s] Level 1:colcon.colcon_core.package_identification:_identify(.) by extension 'python'
[0.149s] Level 1:colcon.colcon_core.package_identification:_identify(.) by extensions ['python_setup_py']
[0.149s] Level 1:colcon.colcon_core.package_identification:_identify(.) by extension 'python_setup_py'
[0.149s] Level 1:colcon.colcon_core.package_identification:_identify(build) by extensions ['ignore', 'ignore_ament_install']
[0.149s] Level 1:colcon.colcon_core.package_identification:_identify(build) by extension 'ignore'
[0.149s] Level 1:colcon.colcon_core.package_identification:_identify(build) ignored
[0.149s] Level 1:colcon.colcon_core.package_identification:_identify(install) by extensions ['ignore', 'ignore_ament_install']
[0.149s] Level 1:colcon.colcon_core.package_identification:_identify(install) by extension 'ignore'
[0.149s] Level 1:colcon.colcon_core.package_identification:_identify(install) ignored
[0.149s] Level 1:colcon.colcon_core.package_identification:_identify(log) by extensions ['ignore', 'ignore_ament_install']
[0.149s] Level 1:colcon.colcon_core.package_identification:_identify(log) by extension 'ignore'
[0.149s] Level 1:colcon.colcon_core.package_identification:_identify(log) ignored
[0.149s] Level 1:colcon.colcon_core.package_identification:_identify(src) by extensions ['ignore', 'ignore_ament_install']
[0.149s] Level 1:colcon.colcon_core.package_identification:_identify(src) by extension 'ignore'
[0.149s] Level 1:colcon.colcon_core.package_identification:_identify(src) by extension 'ignore_ament_install'
[0.149s] Level 1:colcon.colcon_core.package_identification:_identify(src) by extensions ['colcon_pkg']
[0.149s] Level 1:colcon.colcon_core.package_identification:_identify(src) by extension 'colcon_pkg'
[0.150s] Level 1:colcon.colcon_core.package_identification:_identify(src) by extensions ['colcon_meta']
[0.150s] Level 1:colcon.colcon_core.package_identification:_identify(src) by extension 'colcon_meta'
[0.150s] Level 1:colcon.colcon_core.package_identification:_identify(src) by extensions ['ros']
[0.150s] Level 1:colcon.colcon_core.package_identification:_identify(src) by extension 'ros'
[0.150s] Level 1:colcon.colcon_core.package_identification:_identify(src) by extensions ['cmake', 'python']
[0.150s] Level 1:colcon.colcon_core.package_identification:_identify(src) by extension 'cmake'
[0.150s] Level 1:colcon.colcon_core.package_identification:_identify(src) by extension 'python'
[0.150s] Level 1:colcon.colcon_core.package_identification:_identify(src) by extensions ['python_setup_py']
[0.150s] Level 1:colcon.colcon_core.package_identification:_identify(src) by extension 'python_setup_py'
[0.150s] Level 1:colcon.colcon_core.package_identification:_identify(src/my_interfaces_rclcpp) by extensions ['ignore', 'ignore_ament_install']
[0.150s] Level 1:colcon.colcon_core.package_identification:_identify(src/my_interfaces_rclcpp) by extension 'ignore'
[0.150s] Level 1:colcon.colcon_core.package_identification:_identify(src/my_interfaces_rclcpp) by extension 'ignore_ament_install'
[0.150s] Level 1:colcon.colcon_core.package_identification:_identify(src/my_interfaces_rclcpp) by extensions ['colcon_pkg']
[0.150s] Level 1:colcon.colcon_core.package_identification:_identify(src/my_interfaces_rclcpp) by extension 'colcon_pkg'
[0.150s] Level 1:colcon.colcon_core.package_identification:_identify(src/my_interfaces_rclcpp) by extensions ['colcon_meta']
[0.150s] Level 1:colcon.colcon_core.package_identification:_identify(src/my_interfaces_rclcpp) by extension 'colcon_meta'
[0.150s] Level 1:colcon.colcon_core.package_identification:_identify(src/my_interfaces_rclcpp) by extensions ['ros']
[0.150s] Level 1:colcon.colcon_core.package_identification:_identify(src/my_interfaces_rclcpp) by extension 'ros'
[0.151s] DEBUG:colcon.colcon_core.package_identification:Package 'src/my_interfaces_rclcpp' with type 'ros.ament_cmake' and name 'my_interfaces_rclcpp'
[0.151s] Level 1:colcon.colcon_core.package_identification:_identify(src/my_ros2_interfaces) by extensions ['ignore', 'ignore_ament_install']
[0.152s] Level 1:colcon.colcon_core.package_identification:_identify(src/my_ros2_interfaces) by extension 'ignore'
[0.152s] Level 1:colcon.colcon_core.package_identification:_identify(src/my_ros2_interfaces) by extension 'ignore_ament_install'
[0.152s] Level 1:colcon.colcon_core.package_identification:_identify(src/my_ros2_interfaces) by extensions ['colcon_pkg']
[0.152s] Level 1:colcon.colcon_core.package_identification:_identify(src/my_ros2_interfaces) by extension 'colcon_pkg'
[0.152s] Level 1:colcon.colcon_core.package_identification:_identify(src/my_ros2_interfaces) by extensions ['colcon_meta']
[0.152s] Level 1:colcon.colcon_core.package_identification:_identify(src/my_ros2_interfaces) by extension 'colcon_meta'
[0.152s] Level 1:colcon.colcon_core.package_identification:_identify(src/my_ros2_interfaces) by extensions ['ros']
[0.152s] Level 1:colcon.colcon_core.package_identification:_identify(src/my_ros2_interfaces) by extension 'ros'
[0.152s] DEBUG:colcon.colcon_core.package_identification:Package 'src/my_ros2_interfaces' with type 'ros.ament_cmake' and name 'my_ros2_interfaces'
[0.152s] Level 1:colcon.colcon_core.package_identification:_identify(src/my_service_rclcpp) by extensions ['ignore', 'ignore_ament_install']
[0.152s] Level 1:colcon.colcon_core.package_identification:_identify(src/my_service_rclcpp) by extension 'ignore'
[0.152s] Level 1:colcon.colcon_core.package_identification:_identify(src/my_service_rclcpp) by extension 'ignore_ament_install'
[0.152s] Level 1:colcon.colcon_core.package_identification:_identify(src/my_service_rclcpp) by extensions ['colcon_pkg']
[0.152s] Level 1:colcon.colcon_core.package_identification:_identify(src/my_service_rclcpp) by extension 'colcon_pkg'
[0.152s] Level 1:colcon.colcon_core.package_identification:_identify(src/my_service_rclcpp) by extensions ['colcon_meta']
[0.152s] Level 1:colcon.colcon_core.package_identification:_identify(src/my_service_rclcpp) by extension 'colcon_meta'
[0.152s] Level 1:colcon.colcon_core.package_identification:_identify(src/my_service_rclcpp) by extensions ['ros']
[0.152s] Level 1:colcon.colcon_core.package_identification:_identify(src/my_service_rclcpp) by extension 'ros'
[0.153s] DEBUG:colcon.colcon_core.package_identification:Package 'src/my_service_rclcpp' with type 'ros.ament_cmake' and name 'my_service_rclcpp'
[0.153s] Level 1:colcon.colcon_core.package_identification:_identify(src/my_topic_rclcpp) by extensions ['ignore', 'ignore_ament_install']
[0.153s] Level 1:colcon.colcon_core.package_identification:_identify(src/my_topic_rclcpp) by extension 'ignore'
[0.153s] Level 1:colcon.colcon_core.package_identification:_identify(src/my_topic_rclcpp) by extension 'ignore_ament_install'
[0.153s] Level 1:colcon.colcon_core.package_identification:_identify(src/my_topic_rclcpp) by extensions ['colcon_pkg']
[0.153s] Level 1:colcon.colcon_core.package_identification:_identify(src/my_topic_rclcpp) by extension 'colcon_pkg'
[0.153s] Level 1:colcon.colcon_core.package_identification:_identify(src/my_topic_rclcpp) by extensions ['colcon_meta']
[0.153s] Level 1:colcon.colcon_core.package_identification:_identify(src/my_topic_rclcpp) by extension 'colcon_meta'
[0.153s] Level 1:colcon.colcon_core.package_identification:_identify(src/my_topic_rclcpp) by extensions ['ros']
[0.153s] Level 1:colcon.colcon_core.package_identification:_identify(src/my_topic_rclcpp) by extension 'ros'
[0.153s] DEBUG:colcon.colcon_core.package_identification:Package 'src/my_topic_rclcpp' with type 'ros.ament_cmake' and name 'my_topic_rclcpp'
[0.153s] Level 1:colcon.colcon_core.package_discovery:discover_packages(recursive) using defaults
[0.153s] Level 1:colcon.colcon_core.package_discovery:discover_packages(ignore) discover
[0.153s] Level 1:colcon.colcon_core.package_discovery:discover_packages(ignore) using defaults
[0.153s] Level 1:colcon.colcon_core.package_discovery:discover_packages(path) discover
[0.153s] Level 1:colcon.colcon_core.package_discovery:discover_packages(path) using defaults
[0.173s] Level 1:colcon.colcon_core.package_discovery:discover_packages(prefix_path) check parameters
[0.173s] Level 1:colcon.colcon_core.package_discovery:discover_packages(prefix_path) discover
[0.174s] DEBUG:colcon.colcon_installed_package_information.package_discovery:Found 3 installed packages in /home/cjj/Desktop/RM_work/ROS2_learning/chapter_3/chapt3_ws/install
[0.175s] DEBUG:colcon.colcon_installed_package_information.package_discovery:Found 270 installed packages in /opt/ros/humble
[0.176s] Level 1:colcon.colcon_core.package_discovery:discover_packages(prefix_path) using defaults
[0.195s] Level 5:colcon.colcon_core.verb:set package 'my_ros2_interfaces' build argument 'cmake_args' from command line to 'None'
[0.195s] Level 5:colcon.colcon_core.verb:set package 'my_ros2_interfaces' build argument 'cmake_target' from command line to 'None'
[0.195s] Level 5:colcon.colcon_core.verb:set package 'my_ros2_interfaces' build argument 'cmake_target_skip_unavailable' from command line to 'False'
[0.195s] Level 5:colcon.colcon_core.verb:set package 'my_ros2_interfaces' build argument 'cmake_clean_cache' from command line to 'False'
[0.195s] Level 5:colcon.colcon_core.verb:set package 'my_ros2_interfaces' build argument 'cmake_clean_first' from command line to 'False'
[0.195s] Level 5:colcon.colcon_core.verb:set package 'my_ros2_interfaces' build argument 'cmake_force_configure' from command line to 'False'
[0.195s] Level 5:colcon.colcon_core.verb:set package 'my_ros2_interfaces' build argument 'ament_cmake_args' from command line to 'None'
[0.195s] Level 5:colcon.colcon_core.verb:set package 'my_ros2_interfaces' build argument 'catkin_cmake_args' from command line to 'None'
[0.195s] Level 5:colcon.colcon_core.verb:set package 'my_ros2_interfaces' build argument 'catkin_skip_building_tests' from command line to 'False'
[0.195s] DEBUG:colcon.colcon_core.verb:Building package 'my_ros2_interfaces' with the following arguments: {'ament_cmake_args': None, 'build_base': '/home/cjj/Desktop/RM_work/ROS2_learning/chapter_3/chapt3_ws/build/my_ros2_interfaces', 'catkin_cmake_args': None, 'catkin_skip_building_tests': False, 'cmake_args': None, 'cmake_clean_cache': False, 'cmake_clean_first': False, 'cmake_force_configure': False, 'cmake_target': None, 'cmake_target_skip_unavailable': False, 'install_base': '/home/cjj/Desktop/RM_work/ROS2_learning/chapter_3/chapt3_ws/install/my_ros2_interfaces', 'merge_install': False, 'path': '/home/cjj/Desktop/RM_work/ROS2_learning/chapter_3/chapt3_ws/src/my_ros2_interfaces', 'symlink_install': False, 'test_result_base': None}
[0.195s] Level 5:colcon.colcon_core.verb:set package 'my_service_rclcpp' build argument 'cmake_args' from command line to 'None'
[0.195s] Level 5:colcon.colcon_core.verb:set package 'my_service_rclcpp' build argument 'cmake_target' from command line to 'None'
[0.195s] Level 5:colcon.colcon_core.verb:set package 'my_service_rclcpp' build argument 'cmake_target_skip_unavailable' from command line to 'False'
[0.195s] Level 5:colcon.colcon_core.verb:set package 'my_service_rclcpp' build argument 'cmake_clean_cache' from command line to 'False'
[0.196s] Level 5:colcon.colcon_core.verb:set package 'my_service_rclcpp' build argument 'cmake_clean_first' from command line to 'False'
[0.196s] Level 5:colcon.colcon_core.verb:set package 'my_service_rclcpp' build argument 'cmake_force_configure' from command line to 'False'
[0.196s] Level 5:colcon.colcon_core.verb:set package 'my_service_rclcpp' build argument 'ament_cmake_args' from command line to 'None'
[0.196s] Level 5:colcon.colcon_core.verb:set package 'my_service_rclcpp' build argument 'catkin_cmake_args' from command line to 'None'
[0.196s] Level 5:colcon.colcon_core.verb:set package 'my_service_rclcpp' build argument 'catkin_skip_building_tests' from command line to 'False'
[0.196s] DEBUG:colcon.colcon_core.verb:Building package 'my_service_rclcpp' with the following arguments: {'ament_cmake_args': None, 'build_base': '/home/cjj/Desktop/RM_work/ROS2_learning/chapter_3/chapt3_ws/build/my_service_rclcpp', 'catkin_cmake_args': None, 'catkin_skip_building_tests': False, 'cmake_args': None, 'cmake_clean_cache': False, 'cmake_clean_first': False, 'cmake_force_configure': False, 'cmake_target': None, 'cmake_target_skip_unavailable': False, 'install_base': '/home/cjj/Desktop/RM_work/ROS2_learning/chapter_3/chapt3_ws/install/my_service_rclcpp', 'merge_install': False, 'path': '/home/cjj/Desktop/RM_work/ROS2_learning/chapter_3/chapt3_ws/src/my_service_rclcpp', 'symlink_install': False, 'test_result_base': None}
[0.196s] Level 5:colcon.colcon_core.verb:set package 'my_topic_rclcpp' build argument 'cmake_args' from command line to 'None'
[0.196s] Level 5:colcon.colcon_core.verb:set package 'my_topic_rclcpp' build argument 'cmake_target' from command line to 'None'
[0.196s] Level 5:colcon.colcon_core.verb:set package 'my_topic_rclcpp' build argument 'cmake_target_skip_unavailable' from command line to 'False'
[0.196s] Level 5:colcon.colcon_core.verb:set package 'my_topic_rclcpp' build argument 'cmake_clean_cache' from command line to 'False'
[0.196s] Level 5:colcon.colcon_core.verb:set package 'my_topic_rclcpp' build argument 'cmake_clean_first' from command line to 'False'
[0.196s] Level 5:colcon.colcon_core.verb:set package 'my_topic_rclcpp' build argument 'cmake_force_configure' from command line to 'False'
[0.196s] Level 5:colcon.colcon_core.verb:set package 'my_topic_rclcpp' build argument 'ament_cmake_args' from command line to 'None'
[0.196s] Level 5:colcon.colcon_core.verb:set package 'my_topic_rclcpp' build argument 'catkin_cmake_args' from command line to 'None'
[0.196s] Level 5:colcon.colcon_core.verb:set package 'my_topic_rclcpp' build argument 'catkin_skip_building_tests' from command line to 'False'
[0.196s] DEBUG:colcon.colcon_core.verb:Building package 'my_topic_rclcpp' with the following arguments: {'ament_cmake_args': None, 'build_base': '/home/cjj/Desktop/RM_work/ROS2_learning/chapter_3/chapt3_ws/build/my_topic_rclcpp', 'catkin_cmake_args': None, 'catkin_skip_building_tests': False, 'cmake_args': None, 'cmake_clean_cache': False, 'cmake_clean_first': False, 'cmake_force_configure': False, 'cmake_target': None, 'cmake_target_skip_unavailable': False, 'install_base': '/home/cjj/Desktop/RM_work/ROS2_learning/chapter_3/chapt3_ws/install/my_topic_rclcpp', 'merge_install': False, 'path': '/home/cjj/Desktop/RM_work/ROS2_learning/chapter_3/chapt3_ws/src/my_topic_rclcpp', 'symlink_install': False, 'test_result_base': None}
[0.196s] Level 5:colcon.colcon_core.verb:set package 'my_interfaces_rclcpp' build argument 'cmake_args' from command line to 'None'
[0.196s] Level 5:colcon.colcon_core.verb:set package 'my_interfaces_rclcpp' build argument 'cmake_target' from command line to 'None'
[0.196s] Level 5:colcon.colcon_core.verb:set package 'my_interfaces_rclcpp' build argument 'cmake_target_skip_unavailable' from command line to 'False'
[0.196s] Level 5:colcon.colcon_core.verb:set package 'my_interfaces_rclcpp' build argument 'cmake_clean_cache' from command line to 'False'
[0.196s] Level 5:colcon.colcon_core.verb:set package 'my_interfaces_rclcpp' build argument 'cmake_clean_first' from command line to 'False'
[0.196s] Level 5:colcon.colcon_core.verb:set package 'my_interfaces_rclcpp' build argument 'cmake_force_configure' from command line to 'False'
[0.196s] Level 5:colcon.colcon_core.verb:set package 'my_interfaces_rclcpp' build argument 'ament_cmake_args' from command line to 'None'
[0.196s] Level 5:colcon.colcon_core.verb:set package 'my_interfaces_rclcpp' build argument 'catkin_cmake_args' from command line to 'None'
[0.196s] Level 5:colcon.colcon_core.verb:set package 'my_interfaces_rclcpp' build argument 'catkin_skip_building_tests' from command line to 'False'
[0.196s] DEBUG:colcon.colcon_core.verb:Building package 'my_interfaces_rclcpp' with the following arguments: {'ament_cmake_args': None, 'build_base': '/home/cjj/Desktop/RM_work/ROS2_learning/chapter_3/chapt3_ws/build/my_interfaces_rclcpp', 'catkin_cmake_args': None, 'catkin_skip_building_tests': False, 'cmake_args': None, 'cmake_clean_cache': False, 'cmake_clean_first': False, 'cmake_force_configure': False, 'cmake_target': None, 'cmake_target_skip_unavailable': False, 'install_base': '/home/cjj/Desktop/RM_work/ROS2_learning/chapter_3/chapt3_ws/install/my_interfaces_rclcpp', 'merge_install': False, 'path': '/home/cjj/Desktop/RM_work/ROS2_learning/chapter_3/chapt3_ws/src/my_interfaces_rclcpp', 'symlink_install': False, 'test_result_base': None}
[0.196s] INFO:colcon.colcon_core.executor:Executing jobs using 'parallel' executor
[0.197s] DEBUG:colcon.colcon_parallel_executor.executor.parallel:run_until_complete
[0.197s] INFO:colcon.colcon_ros.task.ament_cmake.build:Building ROS package in '/home/cjj/Desktop/RM_work/ROS2_learning/chapter_3/chapt3_ws/src/my_ros2_interfaces' with build type 'ament_cmake'
[0.198s] INFO:colcon.colcon_cmake.task.cmake.build:Building CMake package in '/home/cjj/Desktop/RM_work/ROS2_learning/chapter_3/chapt3_ws/src/my_ros2_interfaces'
[0.199s] INFO:colcon.colcon_core.plugin_system:Skipping extension 'colcon_core.shell.bat': Not used on non-Windows systems
[0.199s] INFO:colcon.colcon_core.shell:Skip shell extension 'powershell' for command environment: Not usable outside of PowerShell
[0.199s] DEBUG:colcon.colcon_core.shell:Skip shell extension 'dsv' for command environment
[0.201s] INFO:colcon.colcon_ros.task.ament_cmake.build:Building ROS package in '/home/cjj/Desktop/RM_work/ROS2_learning/chapter_3/chapt3_ws/src/my_service_rclcpp' with build type 'ament_cmake'
[0.201s] INFO:colcon.colcon_cmake.task.cmake.build:Building CMake package in '/home/cjj/Desktop/RM_work/ROS2_learning/chapter_3/chapt3_ws/src/my_service_rclcpp'
[0.201s] INFO:colcon.colcon_core.shell:Skip shell extension 'powershell' for command environment: Not usable outside of PowerShell
[0.201s] DEBUG:colcon.colcon_core.shell:Skip shell extension 'dsv' for command environment
[0.203s] INFO:colcon.colcon_ros.task.ament_cmake.build:Building ROS package in '/home/cjj/Desktop/RM_work/ROS2_learning/chapter_3/chapt3_ws/src/my_topic_rclcpp' with build type 'ament_cmake'
[0.203s] INFO:colcon.colcon_cmake.task.cmake.build:Building CMake package in '/home/cjj/Desktop/RM_work/ROS2_learning/chapter_3/chapt3_ws/src/my_topic_rclcpp'
[0.204s] INFO:colcon.colcon_core.shell:Skip shell extension 'powershell' for command environment: Not usable outside of PowerShell
[0.204s] DEBUG:colcon.colcon_core.shell:Skip shell extension 'dsv' for command environment
[0.209s] DEBUG:colcon.colcon_core.event_handler.log_command:Invoking command in '/home/cjj/Desktop/RM_work/ROS2_learning/chapter_3/chapt3_ws/build/my_ros2_interfaces': CMAKE_PREFIX_PATH=${CMAKE_PREFIX_PATH}:/opt/ros/humble /usr/bin/cmake --build /home/cjj/Desktop/RM_work/ROS2_learning/chapter_3/chapt3_ws/build/my_ros2_interfaces -- -j20 -l20
[0.212s] DEBUG:colcon.colcon_core.event_handler.log_command:Invoking command in '/home/cjj/Desktop/RM_work/ROS2_learning/chapter_3/chapt3_ws/build/my_service_rclcpp': CMAKE_PREFIX_PATH=${CMAKE_PREFIX_PATH}:/opt/ros/humble /usr/bin/cmake --build /home/cjj/Desktop/RM_work/ROS2_learning/chapter_3/chapt3_ws/build/my_service_rclcpp -- -j20 -l20
[0.215s] DEBUG:colcon.colcon_core.event_handler.log_command:Invoking command in '/home/cjj/Desktop/RM_work/ROS2_learning/chapter_3/chapt3_ws/build/my_topic_rclcpp': CMAKE_PREFIX_PATH=${CMAKE_PREFIX_PATH}:/opt/ros/humble /usr/bin/cmake --build /home/cjj/Desktop/RM_work/ROS2_learning/chapter_3/chapt3_ws/build/my_topic_rclcpp -- -j20 -l20
[0.271s] DEBUG:colcon.colcon_core.event_handler.log_command:Invoked command in '/home/cjj/Desktop/RM_work/ROS2_learning/chapter_3/chapt3_ws/build/my_topic_rclcpp' returned '0': CMAKE_PREFIX_PATH=${CMAKE_PREFIX_PATH}:/opt/ros/humble /usr/bin/cmake --build /home/cjj/Desktop/RM_work/ROS2_learning/chapter_3/chapt3_ws/build/my_topic_rclcpp -- -j20 -l20
[0.273s] DEBUG:colcon.colcon_core.event_handler.log_command:Invoked command in '/home/cjj/Desktop/RM_work/ROS2_learning/chapter_3/chapt3_ws/build/my_service_rclcpp' returned '0': CMAKE_PREFIX_PATH=${CMAKE_PREFIX_PATH}:/opt/ros/humble /usr/bin/cmake --build /home/cjj/Desktop/RM_work/ROS2_learning/chapter_3/chapt3_ws/build/my_service_rclcpp -- -j20 -l20
[0.302s] DEBUG:colcon.colcon_core.event_handler.log_command:Invoking command in '/home/cjj/Desktop/RM_work/ROS2_learning/chapter_3/chapt3_ws/build/my_topic_rclcpp': CMAKE_PREFIX_PATH=${CMAKE_PREFIX_PATH}:/opt/ros/humble /usr/bin/cmake --install /home/cjj/Desktop/RM_work/ROS2_learning/chapter_3/chapt3_ws/build/my_topic_rclcpp
[0.304s] DEBUG:colcon.colcon_core.event_handler.log_command:Invoking command in '/home/cjj/Desktop/RM_work/ROS2_learning/chapter_3/chapt3_ws/build/my_service_rclcpp': CMAKE_PREFIX_PATH=${CMAKE_PREFIX_PATH}:/opt/ros/humble /usr/bin/cmake --install /home/cjj/Desktop/RM_work/ROS2_learning/chapter_3/chapt3_ws/build/my_service_rclcpp
[0.311s] Level 1:colcon.colcon_core.environment:create_environment_scripts_only(my_topic_rclcpp)
[0.312s] DEBUG:colcon.colcon_core.event_handler.log_command:Invoked command in '/home/cjj/Desktop/RM_work/ROS2_learning/chapter_3/chapt3_ws/build/my_topic_rclcpp' returned '0': CMAKE_PREFIX_PATH=${CMAKE_PREFIX_PATH}:/opt/ros/humble /usr/bin/cmake --install /home/cjj/Desktop/RM_work/ROS2_learning/chapter_3/chapt3_ws/build/my_topic_rclcpp
[0.314s] Level 1:colcon.colcon_core.environment:checking '/home/cjj/Desktop/RM_work/ROS2_learning/chapter_3/chapt3_ws/install/my_topic_rclcpp' for CMake module files
[0.315s] Level 1:colcon.colcon_core.environment:checking '/home/cjj/Desktop/RM_work/ROS2_learning/chapter_3/chapt3_ws/install/my_topic_rclcpp' for CMake config files
[0.315s] Level 1:colcon.colcon_core.shell:create_environment_hook('my_topic_rclcpp', 'cmake_prefix_path')
[0.315s] INFO:colcon.colcon_core.shell:Creating environment hook '/home/cjj/Desktop/RM_work/ROS2_learning/chapter_3/chapt3_ws/install/my_topic_rclcpp/share/my_topic_rclcpp/hook/cmake_prefix_path.ps1'
[0.316s] INFO:colcon.colcon_core.shell:Creating environment descriptor '/home/cjj/Desktop/RM_work/ROS2_learning/chapter_3/chapt3_ws/install/my_topic_rclcpp/share/my_topic_rclcpp/hook/cmake_prefix_path.dsv'
[0.316s] INFO:colcon.colcon_core.shell:Creating environment hook '/home/cjj/Desktop/RM_work/ROS2_learning/chapter_3/chapt3_ws/install/my_topic_rclcpp/share/my_topic_rclcpp/hook/cmake_prefix_path.sh'
[0.317s] Level 1:colcon.colcon_core.environment:checking '/home/cjj/Desktop/RM_work/ROS2_learning/chapter_3/chapt3_ws/install/my_topic_rclcpp/lib'
[0.317s] Level 1:colcon.colcon_core.environment:checking '/home/cjj/Desktop/RM_work/ROS2_learning/chapter_3/chapt3_ws/install/my_topic_rclcpp/bin'
[0.317s] Level 1:colcon.colcon_core.environment:checking '/home/cjj/Desktop/RM_work/ROS2_learning/chapter_3/chapt3_ws/install/my_topic_rclcpp/lib/pkgconfig/my_topic_rclcpp.pc'
[0.317s] Level 1:colcon.colcon_core.environment:checking '/home/cjj/Desktop/RM_work/ROS2_learning/chapter_3/chapt3_ws/install/my_topic_rclcpp/lib/python3.10/site-packages'
[0.317s] Level 1:colcon.colcon_core.environment:checking '/home/cjj/Desktop/RM_work/ROS2_learning/chapter_3/chapt3_ws/install/my_topic_rclcpp/bin'
[0.318s] INFO:colcon.colcon_core.shell:Creating package script '/home/cjj/Desktop/RM_work/ROS2_learning/chapter_3/chapt3_ws/install/my_topic_rclcpp/share/my_topic_rclcpp/package.ps1'
[0.318s] INFO:colcon.colcon_core.shell:Creating package descriptor '/home/cjj/Desktop/RM_work/ROS2_learning/chapter_3/chapt3_ws/install/my_topic_rclcpp/share/my_topic_rclcpp/package.dsv'
[0.319s] INFO:colcon.colcon_core.shell:Creating package script '/home/cjj/Desktop/RM_work/ROS2_learning/chapter_3/chapt3_ws/install/my_topic_rclcpp/share/my_topic_rclcpp/package.sh'
[0.319s] INFO:colcon.colcon_core.shell:Creating package script '/home/cjj/Desktop/RM_work/ROS2_learning/chapter_3/chapt3_ws/install/my_topic_rclcpp/share/my_topic_rclcpp/package.bash'
[0.319s] INFO:colcon.colcon_core.shell:Creating package script '/home/cjj/Desktop/RM_work/ROS2_learning/chapter_3/chapt3_ws/install/my_topic_rclcpp/share/my_topic_rclcpp/package.zsh'
[0.320s] Level 1:colcon.colcon_core.environment:create_file_with_runtime_dependencies(/home/cjj/Desktop/RM_work/ROS2_learning/chapter_3/chapt3_ws/install/my_topic_rclcpp/share/colcon-core/packages/my_topic_rclcpp)
[0.321s] Level 1:colcon.colcon_core.environment:create_environment_scripts_only(my_service_rclcpp)
[0.321s] Level 1:colcon.colcon_core.environment:checking '/home/cjj/Desktop/RM_work/ROS2_learning/chapter_3/chapt3_ws/install/my_service_rclcpp' for CMake module files
[0.321s] DEBUG:colcon.colcon_core.event_handler.log_command:Invoked command in '/home/cjj/Desktop/RM_work/ROS2_learning/chapter_3/chapt3_ws/build/my_service_rclcpp' returned '0': CMAKE_PREFIX_PATH=${CMAKE_PREFIX_PATH}:/opt/ros/humble /usr/bin/cmake --install /home/cjj/Desktop/RM_work/ROS2_learning/chapter_3/chapt3_ws/build/my_service_rclcpp
[0.322s] Level 1:colcon.colcon_core.environment:checking '/home/cjj/Desktop/RM_work/ROS2_learning/chapter_3/chapt3_ws/install/my_service_rclcpp' for CMake config files
[0.322s] Level 1:colcon.colcon_core.shell:create_environment_hook('my_service_rclcpp', 'cmake_prefix_path')
[0.322s] INFO:colcon.colcon_core.shell:Creating environment hook '/home/cjj/Desktop/RM_work/ROS2_learning/chapter_3/chapt3_ws/install/my_service_rclcpp/share/my_service_rclcpp/hook/cmake_prefix_path.ps1'
[0.322s] INFO:colcon.colcon_core.shell:Creating environment descriptor '/home/cjj/Desktop/RM_work/ROS2_learning/chapter_3/chapt3_ws/install/my_service_rclcpp/share/my_service_rclcpp/hook/cmake_prefix_path.dsv'
[0.322s] INFO:colcon.colcon_core.shell:Creating environment hook '/home/cjj/Desktop/RM_work/ROS2_learning/chapter_3/chapt3_ws/install/my_service_rclcpp/share/my_service_rclcpp/hook/cmake_prefix_path.sh'
[0.323s] Level 1:colcon.colcon_core.environment:checking '/home/cjj/Desktop/RM_work/ROS2_learning/chapter_3/chapt3_ws/install/my_service_rclcpp/lib'
[0.323s] Level 1:colcon.colcon_core.environment:checking '/home/cjj/Desktop/RM_work/ROS2_learning/chapter_3/chapt3_ws/install/my_service_rclcpp/bin'
[0.323s] Level 1:colcon.colcon_core.environment:checking '/home/cjj/Desktop/RM_work/ROS2_learning/chapter_3/chapt3_ws/install/my_service_rclcpp/lib/pkgconfig/my_service_rclcpp.pc'
[0.323s] Level 1:colcon.colcon_core.environment:checking '/home/cjj/Desktop/RM_work/ROS2_learning/chapter_3/chapt3_ws/install/my_service_rclcpp/lib/python3.10/site-packages'
[0.323s] Level 1:colcon.colcon_core.environment:checking '/home/cjj/Desktop/RM_work/ROS2_learning/chapter_3/chapt3_ws/install/my_service_rclcpp/bin'
[0.323s] INFO:colcon.colcon_core.shell:Creating package script '/home/cjj/Desktop/RM_work/ROS2_learning/chapter_3/chapt3_ws/install/my_service_rclcpp/share/my_service_rclcpp/package.ps1'
[0.324s] INFO:colcon.colcon_core.shell:Creating package descriptor '/home/cjj/Desktop/RM_work/ROS2_learning/chapter_3/chapt3_ws/install/my_service_rclcpp/share/my_service_rclcpp/package.dsv'
[0.324s] INFO:colcon.colcon_core.shell:Creating package script '/home/cjj/Desktop/RM_work/ROS2_learning/chapter_3/chapt3_ws/install/my_service_rclcpp/share/my_service_rclcpp/package.sh'
[0.324s] INFO:colcon.colcon_core.shell:Creating package script '/home/cjj/Desktop/RM_work/ROS2_learning/chapter_3/chapt3_ws/install/my_service_rclcpp/share/my_service_rclcpp/package.bash'
[0.324s] INFO:colcon.colcon_core.shell:Creating package script '/home/cjj/Desktop/RM_work/ROS2_learning/chapter_3/chapt3_ws/install/my_service_rclcpp/share/my_service_rclcpp/package.zsh'
[0.324s] Level 1:colcon.colcon_core.environment:create_file_with_runtime_dependencies(/home/cjj/Desktop/RM_work/ROS2_learning/chapter_3/chapt3_ws/install/my_service_rclcpp/share/colcon-core/packages/my_service_rclcpp)
[0.346s] Level 1:colcon.colcon_core.environment:create_environment_scripts_only(my_topic_rclcpp)
[0.347s] Level 1:colcon.colcon_core.environment:checking '/home/cjj/Desktop/RM_work/ROS2_learning/chapter_3/chapt3_ws/install/my_topic_rclcpp' for CMake module files
[0.347s] Level 1:colcon.colcon_core.environment:checking '/home/cjj/Desktop/RM_work/ROS2_learning/chapter_3/chapt3_ws/install/my_topic_rclcpp' for CMake config files
[0.347s] Level 1:colcon.colcon_core.shell:create_environment_hook('my_topic_rclcpp', 'cmake_prefix_path')
[0.347s] INFO:colcon.colcon_core.shell:Creating environment hook '/home/cjj/Desktop/RM_work/ROS2_learning/chapter_3/chapt3_ws/install/my_topic_rclcpp/share/my_topic_rclcpp/hook/cmake_prefix_path.ps1'
[0.348s] INFO:colcon.colcon_core.shell:Creating environment descriptor '/home/cjj/Desktop/RM_work/ROS2_learning/chapter_3/chapt3_ws/install/my_topic_rclcpp/share/my_topic_rclcpp/hook/cmake_prefix_path.dsv'
[0.348s] INFO:colcon.colcon_core.shell:Creating environment hook '/home/cjj/Desktop/RM_work/ROS2_learning/chapter_3/chapt3_ws/install/my_topic_rclcpp/share/my_topic_rclcpp/hook/cmake_prefix_path.sh'
[0.348s] Level 1:colcon.colcon_core.environment:checking '/home/cjj/Desktop/RM_work/ROS2_learning/chapter_3/chapt3_ws/install/my_topic_rclcpp/lib'
[0.348s] Level 1:colcon.colcon_core.environment:checking '/home/cjj/Desktop/RM_work/ROS2_learning/chapter_3/chapt3_ws/install/my_topic_rclcpp/bin'
[0.348s] Level 1:colcon.colcon_core.environment:checking '/home/cjj/Desktop/RM_work/ROS2_learning/chapter_3/chapt3_ws/install/my_topic_rclcpp/lib/pkgconfig/my_topic_rclcpp.pc'
[0.349s] Level 1:colcon.colcon_core.environment:checking '/home/cjj/Desktop/RM_work/ROS2_learning/chapter_3/chapt3_ws/install/my_topic_rclcpp/lib/python3.10/site-packages'
[0.349s] Level 1:colcon.colcon_core.environment:checking '/home/cjj/Desktop/RM_work/ROS2_learning/chapter_3/chapt3_ws/install/my_topic_rclcpp/bin'
[0.349s] INFO:colcon.colcon_core.shell:Creating package script '/home/cjj/Desktop/RM_work/ROS2_learning/chapter_3/chapt3_ws/install/my_topic_rclcpp/share/my_topic_rclcpp/package.ps1'
[0.349s] INFO:colcon.colcon_core.shell:Creating package descriptor '/home/cjj/Desktop/RM_work/ROS2_learning/chapter_3/chapt3_ws/install/my_topic_rclcpp/share/my_topic_rclcpp/package.dsv'
[0.350s] INFO:colcon.colcon_core.shell:Creating package script '/home/cjj/Desktop/RM_work/ROS2_learning/chapter_3/chapt3_ws/install/my_topic_rclcpp/share/my_topic_rclcpp/package.sh'
[0.350s] INFO:colcon.colcon_core.shell:Creating package script '/home/cjj/Desktop/RM_work/ROS2_learning/chapter_3/chapt3_ws/install/my_topic_rclcpp/share/my_topic_rclcpp/package.bash'
[0.350s] INFO:colcon.colcon_core.shell:Creating package script '/home/cjj/Desktop/RM_work/ROS2_learning/chapter_3/chapt3_ws/install/my_topic_rclcpp/share/my_topic_rclcpp/package.zsh'
[0.350s] Level 1:colcon.colcon_core.environment:create_file_with_runtime_dependencies(/home/cjj/Desktop/RM_work/ROS2_learning/chapter_3/chapt3_ws/install/my_topic_rclcpp/share/colcon-core/packages/my_topic_rclcpp)
[0.351s] Level 1:colcon.colcon_core.environment:create_environment_scripts_only(my_service_rclcpp)
[0.351s] Level 1:colcon.colcon_core.environment:checking '/home/cjj/Desktop/RM_work/ROS2_learning/chapter_3/chapt3_ws/install/my_service_rclcpp' for CMake module files
[0.352s] Level 1:colcon.colcon_core.environment:checking '/home/cjj/Desktop/RM_work/ROS2_learning/chapter_3/chapt3_ws/install/my_service_rclcpp' for CMake config files
[0.352s] Level 1:colcon.colcon_core.shell:create_environment_hook('my_service_rclcpp', 'cmake_prefix_path')
[0.352s] INFO:colcon.colcon_core.shell:Creating environment hook '/home/cjj/Desktop/RM_work/ROS2_learning/chapter_3/chapt3_ws/install/my_service_rclcpp/share/my_service_rclcpp/hook/cmake_prefix_path.ps1'
[0.352s] INFO:colcon.colcon_core.shell:Creating environment descriptor '/home/cjj/Desktop/RM_work/ROS2_learning/chapter_3/chapt3_ws/install/my_service_rclcpp/share/my_service_rclcpp/hook/cmake_prefix_path.dsv'
[0.353s] INFO:colcon.colcon_core.shell:Creating environment hook '/home/cjj/Desktop/RM_work/ROS2_learning/chapter_3/chapt3_ws/install/my_service_rclcpp/share/my_service_rclcpp/hook/cmake_prefix_path.sh'
[0.353s] Level 1:colcon.colcon_core.environment:checking '/home/cjj/Desktop/RM_work/ROS2_learning/chapter_3/chapt3_ws/install/my_service_rclcpp/lib'
[0.353s] Level 1:colcon.colcon_core.environment:checking '/home/cjj/Desktop/RM_work/ROS2_learning/chapter_3/chapt3_ws/install/my_service_rclcpp/bin'
[0.353s] Level 1:colcon.colcon_core.environment:checking '/home/cjj/Desktop/RM_work/ROS2_learning/chapter_3/chapt3_ws/install/my_service_rclcpp/lib/pkgconfig/my_service_rclcpp.pc'
[0.353s] Level 1:colcon.colcon_core.environment:checking '/home/cjj/Desktop/RM_work/ROS2_learning/chapter_3/chapt3_ws/install/my_service_rclcpp/lib/python3.10/site-packages'
[0.353s] Level 1:colcon.colcon_core.environment:checking '/home/cjj/Desktop/RM_work/ROS2_learning/chapter_3/chapt3_ws/install/my_service_rclcpp/bin'
[0.354s] INFO:colcon.colcon_core.shell:Creating package script '/home/cjj/Desktop/RM_work/ROS2_learning/chapter_3/chapt3_ws/install/my_service_rclcpp/share/my_service_rclcpp/package.ps1'
[0.354s] INFO:colcon.colcon_core.shell:Creating package descriptor '/home/cjj/Desktop/RM_work/ROS2_learning/chapter_3/chapt3_ws/install/my_service_rclcpp/share/my_service_rclcpp/package.dsv'
[0.354s] INFO:colcon.colcon_core.shell:Creating package script '/home/cjj/Desktop/RM_work/ROS2_learning/chapter_3/chapt3_ws/install/my_service_rclcpp/share/my_service_rclcpp/package.sh'
[0.354s] INFO:colcon.colcon_core.shell:Creating package script '/home/cjj/Desktop/RM_work/ROS2_learning/chapter_3/chapt3_ws/install/my_service_rclcpp/share/my_service_rclcpp/package.bash'
[0.355s] INFO:colcon.colcon_core.shell:Creating package script '/home/cjj/Desktop/RM_work/ROS2_learning/chapter_3/chapt3_ws/install/my_service_rclcpp/share/my_service_rclcpp/package.zsh'
[0.355s] Level 1:colcon.colcon_core.environment:create_file_with_runtime_dependencies(/home/cjj/Desktop/RM_work/ROS2_learning/chapter_3/chapt3_ws/install/my_service_rclcpp/share/colcon-core/packages/my_service_rclcpp)
[1.252s] DEBUG:colcon.colcon_core.event_handler.log_command:Invoked command in '/home/cjj/Desktop/RM_work/ROS2_learning/chapter_3/chapt3_ws/build/my_ros2_interfaces' returned '0': CMAKE_PREFIX_PATH=${CMAKE_PREFIX_PATH}:/opt/ros/humble /usr/bin/cmake --build /home/cjj/Desktop/RM_work/ROS2_learning/chapter_3/chapt3_ws/build/my_ros2_interfaces -- -j20 -l20
[1.329s] DEBUG:colcon.colcon_core.event_handler.log_command:Invoking command in '/home/cjj/Desktop/RM_work/ROS2_learning/chapter_3/chapt3_ws/build/my_ros2_interfaces': CMAKE_PREFIX_PATH=${CMAKE_PREFIX_PATH}:/opt/ros/humble /usr/bin/cmake --install /home/cjj/Desktop/RM_work/ROS2_learning/chapter_3/chapt3_ws/build/my_ros2_interfaces
[1.368s] Level 1:colcon.colcon_core.environment:create_environment_scripts_only(my_ros2_interfaces)
[1.368s] Level 1:colcon.colcon_core.environment:checking '/home/cjj/Desktop/RM_work/ROS2_learning/chapter_3/chapt3_ws/install/my_ros2_interfaces' for CMake module files
[1.369s] Level 1:colcon.colcon_core.environment:checking '/home/cjj/Desktop/RM_work/ROS2_learning/chapter_3/chapt3_ws/install/my_ros2_interfaces' for CMake config files
[1.370s] Level 1:colcon.colcon_core.shell:create_environment_hook('my_ros2_interfaces', 'cmake_prefix_path')
[1.370s] INFO:colcon.colcon_core.shell:Creating environment hook '/home/cjj/Desktop/RM_work/ROS2_learning/chapter_3/chapt3_ws/install/my_ros2_interfaces/share/my_ros2_interfaces/hook/cmake_prefix_path.ps1'
[1.371s] DEBUG:colcon.colcon_core.event_handler.log_command:Invoked command in '/home/cjj/Desktop/RM_work/ROS2_learning/chapter_3/chapt3_ws/build/my_ros2_interfaces' returned '0': CMAKE_PREFIX_PATH=${CMAKE_PREFIX_PATH}:/opt/ros/humble /usr/bin/cmake --install /home/cjj/Desktop/RM_work/ROS2_learning/chapter_3/chapt3_ws/build/my_ros2_interfaces
[1.371s] INFO:colcon.colcon_core.shell:Creating environment descriptor '/home/cjj/Desktop/RM_work/ROS2_learning/chapter_3/chapt3_ws/install/my_ros2_interfaces/share/my_ros2_interfaces/hook/cmake_prefix_path.dsv'
[1.372s] INFO:colcon.colcon_core.shell:Creating environment hook '/home/cjj/Desktop/RM_work/ROS2_learning/chapter_3/chapt3_ws/install/my_ros2_interfaces/share/my_ros2_interfaces/hook/cmake_prefix_path.sh'
[1.372s] Level 1:colcon.colcon_core.environment:checking '/home/cjj/Desktop/RM_work/ROS2_learning/chapter_3/chapt3_ws/install/my_ros2_interfaces/lib'
[1.372s] Level 1:colcon.colcon_core.shell:create_environment_hook('my_ros2_interfaces', 'ld_library_path_lib')
[1.372s] INFO:colcon.colcon_core.shell:Creating environment hook '/home/cjj/Desktop/RM_work/ROS2_learning/chapter_3/chapt3_ws/install/my_ros2_interfaces/share/my_ros2_interfaces/hook/ld_library_path_lib.ps1'
[1.373s] INFO:colcon.colcon_core.shell:Creating environment descriptor '/home/cjj/Desktop/RM_work/ROS2_learning/chapter_3/chapt3_ws/install/my_ros2_interfaces/share/my_ros2_interfaces/hook/ld_library_path_lib.dsv'
[1.373s] INFO:colcon.colcon_core.shell:Creating environment hook '/home/cjj/Desktop/RM_work/ROS2_learning/chapter_3/chapt3_ws/install/my_ros2_interfaces/share/my_ros2_interfaces/hook/ld_library_path_lib.sh'
[1.373s] Level 1:colcon.colcon_core.environment:checking '/home/cjj/Desktop/RM_work/ROS2_learning/chapter_3/chapt3_ws/install/my_ros2_interfaces/bin'
[1.373s] Level 1:colcon.colcon_core.environment:checking '/home/cjj/Desktop/RM_work/ROS2_learning/chapter_3/chapt3_ws/install/my_ros2_interfaces/lib/pkgconfig/my_ros2_interfaces.pc'
[1.373s] Level 1:colcon.colcon_core.environment:checking '/home/cjj/Desktop/RM_work/ROS2_learning/chapter_3/chapt3_ws/install/my_ros2_interfaces/lib/python3.10/site-packages'
[1.373s] Level 1:colcon.colcon_core.environment:checking '/home/cjj/Desktop/RM_work/ROS2_learning/chapter_3/chapt3_ws/install/my_ros2_interfaces/bin'
[1.374s] INFO:colcon.colcon_core.shell:Creating package script '/home/cjj/Desktop/RM_work/ROS2_learning/chapter_3/chapt3_ws/install/my_ros2_interfaces/share/my_ros2_interfaces/package.ps1'
[1.374s] INFO:colcon.colcon_core.shell:Creating package descriptor '/home/cjj/Desktop/RM_work/ROS2_learning/chapter_3/chapt3_ws/install/my_ros2_interfaces/share/my_ros2_interfaces/package.dsv'
[1.374s] INFO:colcon.colcon_core.shell:Creating package script '/home/cjj/Desktop/RM_work/ROS2_learning/chapter_3/chapt3_ws/install/my_ros2_interfaces/share/my_ros2_interfaces/package.sh'
[1.375s] INFO:colcon.colcon_core.shell:Creating package script '/home/cjj/Desktop/RM_work/ROS2_learning/chapter_3/chapt3_ws/install/my_ros2_interfaces/share/my_ros2_interfaces/package.bash'
[1.375s] INFO:colcon.colcon_core.shell:Creating package script '/home/cjj/Desktop/RM_work/ROS2_learning/chapter_3/chapt3_ws/install/my_ros2_interfaces/share/my_ros2_interfaces/package.zsh'
[1.375s] Level 1:colcon.colcon_core.environment:create_file_with_runtime_dependencies(/home/cjj/Desktop/RM_work/ROS2_learning/chapter_3/chapt3_ws/install/my_ros2_interfaces/share/colcon-core/packages/my_ros2_interfaces)
[1.455s] Level 1:colcon.colcon_core.environment:create_environment_scripts_only(my_ros2_interfaces)
[1.455s] Level 1:colcon.colcon_core.environment:checking '/home/cjj/Desktop/RM_work/ROS2_learning/chapter_3/chapt3_ws/install/my_ros2_interfaces' for CMake module files
[1.455s] Level 1:colcon.colcon_core.environment:checking '/home/cjj/Desktop/RM_work/ROS2_learning/chapter_3/chapt3_ws/install/my_ros2_interfaces' for CMake config files
[1.456s] Level 1:colcon.colcon_core.shell:create_environment_hook('my_ros2_interfaces', 'cmake_prefix_path')
[1.456s] INFO:colcon.colcon_core.shell:Creating environment hook '/home/cjj/Desktop/RM_work/ROS2_learning/chapter_3/chapt3_ws/install/my_ros2_interfaces/share/my_ros2_interfaces/hook/cmake_prefix_path.ps1'
[1.456s] INFO:colcon.colcon_core.shell:Creating environment descriptor '/home/cjj/Desktop/RM_work/ROS2_learning/chapter_3/chapt3_ws/install/my_ros2_interfaces/share/my_ros2_interfaces/hook/cmake_prefix_path.dsv'
[1.456s] INFO:colcon.colcon_core.shell:Creating environment hook '/home/cjj/Desktop/RM_work/ROS2_learning/chapter_3/chapt3_ws/install/my_ros2_interfaces/share/my_ros2_interfaces/hook/cmake_prefix_path.sh'
[1.457s] Level 1:colcon.colcon_core.environment:checking '/home/cjj/Desktop/RM_work/ROS2_learning/chapter_3/chapt3_ws/install/my_ros2_interfaces/lib'
[1.457s] Level 1:colcon.colcon_core.shell:create_environment_hook('my_ros2_interfaces', 'ld_library_path_lib')
[1.457s] INFO:colcon.colcon_core.shell:Creating environment hook '/home/cjj/Desktop/RM_work/ROS2_learning/chapter_3/chapt3_ws/install/my_ros2_interfaces/share/my_ros2_interfaces/hook/ld_library_path_lib.ps1'
[1.457s] INFO:colcon.colcon_core.shell:Creating environment descriptor '/home/cjj/Desktop/RM_work/ROS2_learning/chapter_3/chapt3_ws/install/my_ros2_interfaces/share/my_ros2_interfaces/hook/ld_library_path_lib.dsv'
[1.457s] INFO:colcon.colcon_core.shell:Creating environment hook '/home/cjj/Desktop/RM_work/ROS2_learning/chapter_3/chapt3_ws/install/my_ros2_interfaces/share/my_ros2_interfaces/hook/ld_library_path_lib.sh'
[1.457s] Level 1:colcon.colcon_core.environment:checking '/home/cjj/Desktop/RM_work/ROS2_learning/chapter_3/chapt3_ws/install/my_ros2_interfaces/bin'
[1.457s] Level 1:colcon.colcon_core.environment:checking '/home/cjj/Desktop/RM_work/ROS2_learning/chapter_3/chapt3_ws/install/my_ros2_interfaces/lib/pkgconfig/my_ros2_interfaces.pc'
[1.458s] Level 1:colcon.colcon_core.environment:checking '/home/cjj/Desktop/RM_work/ROS2_learning/chapter_3/chapt3_ws/install/my_ros2_interfaces/lib/python3.10/site-packages'
[1.458s] Level 1:colcon.colcon_core.environment:checking '/home/cjj/Desktop/RM_work/ROS2_learning/chapter_3/chapt3_ws/install/my_ros2_interfaces/bin'
[1.458s] INFO:colcon.colcon_core.shell:Creating package script '/home/cjj/Desktop/RM_work/ROS2_learning/chapter_3/chapt3_ws/install/my_ros2_interfaces/share/my_ros2_interfaces/package.ps1'
[1.458s] INFO:colcon.colcon_core.shell:Creating package descriptor '/home/cjj/Desktop/RM_work/ROS2_learning/chapter_3/chapt3_ws/install/my_ros2_interfaces/share/my_ros2_interfaces/package.dsv'
[1.458s] INFO:colcon.colcon_core.shell:Creating package script '/home/cjj/Desktop/RM_work/ROS2_learning/chapter_3/chapt3_ws/install/my_ros2_interfaces/share/my_ros2_interfaces/package.sh'
[1.459s] INFO:colcon.colcon_core.shell:Creating package script '/home/cjj/Desktop/RM_work/ROS2_learning/chapter_3/chapt3_ws/install/my_ros2_interfaces/share/my_ros2_interfaces/package.bash'
[1.459s] INFO:colcon.colcon_core.shell:Creating package script '/home/cjj/Desktop/RM_work/ROS2_learning/chapter_3/chapt3_ws/install/my_ros2_interfaces/share/my_ros2_interfaces/package.zsh'
[1.459s] Level 1:colcon.colcon_core.environment:create_file_with_runtime_dependencies(/home/cjj/Desktop/RM_work/ROS2_learning/chapter_3/chapt3_ws/install/my_ros2_interfaces/share/colcon-core/packages/my_ros2_interfaces)
[1.459s] INFO:colcon.colcon_ros.task.ament_cmake.build:Building ROS package in '/home/cjj/Desktop/RM_work/ROS2_learning/chapter_3/chapt3_ws/src/my_interfaces_rclcpp' with build type 'ament_cmake'
[1.459s] INFO:colcon.colcon_cmake.task.cmake.build:Building CMake package in '/home/cjj/Desktop/RM_work/ROS2_learning/chapter_3/chapt3_ws/src/my_interfaces_rclcpp'
[1.459s] INFO:colcon.colcon_core.shell:Skip shell extension 'powershell' for command environment: Not usable outside of PowerShell
[1.459s] DEBUG:colcon.colcon_core.shell:Skip shell extension 'dsv' for command environment
[1.467s] DEBUG:colcon.colcon_core.event_handler.log_command:Invoking command in '/home/cjj/Desktop/RM_work/ROS2_learning/chapter_3/chapt3_ws/build/my_interfaces_rclcpp': AMENT_PREFIX_PATH=/home/cjj/Desktop/RM_work/ROS2_learning/chapter_3/chapt3_ws/install/my_ros2_interfaces:${AMENT_PREFIX_PATH} CMAKE_PREFIX_PATH=/home/cjj/Desktop/RM_work/ROS2_learning/chapter_3/chapt3_ws/install/my_ros2_interfaces:/home/cjj/Desktop/RM_work/ROS2_learning/chapter_3/chapt3_ws/install/my_topic_rclcpp:/home/cjj/Desktop/RM_work/ROS2_learning/chapter_3/chapt3_ws/install/my_service_rclcpp:/opt/ros/humble LD_LIBRARY_PATH=/home/cjj/Desktop/RM_work/ROS2_learning/chapter_3/chapt3_ws/install/my_ros2_interfaces/lib:/opt/ros/humble/opt/rviz_ogre_vendor/lib:/opt/ros/humble/lib/x86_64-linux-gnu:/opt/ros/humble/lib:/opt/MVS/lib/64:/opt/MVS/lib/32:/opt/intel/openvino/runtime/lib/intel64:/usr/local/lib:/opt/MVS/lib/64:/opt/MVS/lib/32:/opt/MVS/lib/64:/opt/MVS/lib/32 PYTHONPATH=/home/cjj/Desktop/RM_work/ROS2_learning/chapter_3/chapt3_ws/install/my_ros2_interfaces/local/lib/python3.10/dist-packages:${PYTHONPATH} /usr/bin/cmake /home/cjj/Desktop/RM_work/ROS2_learning/chapter_3/chapt3_ws/src/my_interfaces_rclcpp -DCMAKE_INSTALL_PREFIX=/home/cjj/Desktop/RM_work/ROS2_learning/chapter_3/chapt3_ws/install/my_interfaces_rclcpp
[2.248s] DEBUG:colcon.colcon_core.event_handler.log_command:Invoked command in '/home/cjj/Desktop/RM_work/ROS2_learning/chapter_3/chapt3_ws/build/my_interfaces_rclcpp' returned '1': AMENT_PREFIX_PATH=/home/cjj/Desktop/RM_work/ROS2_learning/chapter_3/chapt3_ws/install/my_ros2_interfaces:${AMENT_PREFIX_PATH} CMAKE_PREFIX_PATH=/home/cjj/Desktop/RM_work/ROS2_learning/chapter_3/chapt3_ws/install/my_ros2_interfaces:/home/cjj/Desktop/RM_work/ROS2_learning/chapter_3/chapt3_ws/install/my_topic_rclcpp:/home/cjj/Desktop/RM_work/ROS2_learning/chapter_3/chapt3_ws/install/my_service_rclcpp:/opt/ros/humble LD_LIBRARY_PATH=/home/cjj/Desktop/RM_work/ROS2_learning/chapter_3/chapt3_ws/install/my_ros2_interfaces/lib:/opt/ros/humble/opt/rviz_ogre_vendor/lib:/opt/ros/humble/lib/x86_64-linux-gnu:/opt/ros/humble/lib:/opt/MVS/lib/64:/opt/MVS/lib/32:/opt/intel/openvino/runtime/lib/intel64:/usr/local/lib:/opt/MVS/lib/64:/opt/MVS/lib/32:/opt/MVS/lib/64:/opt/MVS/lib/32 PYTHONPATH=/home/cjj/Desktop/RM_work/ROS2_learning/chapter_3/chapt3_ws/install/my_ros2_interfaces/local/lib/python3.10/dist-packages:${PYTHONPATH} /usr/bin/cmake /home/cjj/Desktop/RM_work/ROS2_learning/chapter_3/chapt3_ws/src/my_interfaces_rclcpp -DCMAKE_INSTALL_PREFIX=/home/cjj/Desktop/RM_work/ROS2_learning/chapter_3/chapt3_ws/install/my_interfaces_rclcpp
[2.258s] Level 1:colcon.colcon_core.environment:create_environment_scripts_only(my_interfaces_rclcpp)
[2.258s] Level 1:colcon.colcon_core.environment:checking '/home/cjj/Desktop/RM_work/ROS2_learning/chapter_3/chapt3_ws/install/my_interfaces_rclcpp' for CMake module files
[2.258s] Level 1:colcon.colcon_core.environment:checking '/home/cjj/Desktop/RM_work/ROS2_learning/chapter_3/chapt3_ws/install/my_interfaces_rclcpp' for CMake config files
[2.258s] Level 1:colcon.colcon_core.environment:checking '/home/cjj/Desktop/RM_work/ROS2_learning/chapter_3/chapt3_ws/install/my_interfaces_rclcpp/bin'
[2.258s] Level 1:colcon.colcon_core.environment:checking '/home/cjj/Desktop/RM_work/ROS2_learning/chapter_3/chapt3_ws/install/my_interfaces_rclcpp/lib/pkgconfig/my_interfaces_rclcpp.pc'
[2.258s] Level 1:colcon.colcon_core.environment:checking '/home/cjj/Desktop/RM_work/ROS2_learning/chapter_3/chapt3_ws/install/my_interfaces_rclcpp/lib/python3.10/site-packages'
[2.258s] Level 1:colcon.colcon_core.environment:checking '/home/cjj/Desktop/RM_work/ROS2_learning/chapter_3/chapt3_ws/install/my_interfaces_rclcpp/bin'
[2.259s] INFO:colcon.colcon_core.shell:Creating package script '/home/cjj/Desktop/RM_work/ROS2_learning/chapter_3/chapt3_ws/install/my_interfaces_rclcpp/share/my_interfaces_rclcpp/package.ps1'
[2.259s] INFO:colcon.colcon_core.shell:Creating package descriptor '/home/cjj/Desktop/RM_work/ROS2_learning/chapter_3/chapt3_ws/install/my_interfaces_rclcpp/share/my_interfaces_rclcpp/package.dsv'
[2.259s] INFO:colcon.colcon_core.shell:Creating package script '/home/cjj/Desktop/RM_work/ROS2_learning/chapter_3/chapt3_ws/install/my_interfaces_rclcpp/share/my_interfaces_rclcpp/package.sh'
[2.259s] INFO:colcon.colcon_core.shell:Creating package script '/home/cjj/Desktop/RM_work/ROS2_learning/chapter_3/chapt3_ws/install/my_interfaces_rclcpp/share/my_interfaces_rclcpp/package.bash'
[2.259s] INFO:colcon.colcon_core.shell:Creating package script '/home/cjj/Desktop/RM_work/ROS2_learning/chapter_3/chapt3_ws/install/my_interfaces_rclcpp/share/my_interfaces_rclcpp/package.zsh'
[2.260s] Level 1:colcon.colcon_core.environment:create_file_with_runtime_dependencies(/home/cjj/Desktop/RM_work/ROS2_learning/chapter_3/chapt3_ws/install/my_interfaces_rclcpp/share/colcon-core/packages/my_interfaces_rclcpp)
[2.270s] DEBUG:colcon.colcon_parallel_executor.executor.parallel:closing loop
[2.270s] DEBUG:colcon.colcon_parallel_executor.executor.parallel:loop closed
[2.270s] DEBUG:colcon.colcon_parallel_executor.executor.parallel:run_until_complete finished with '1'
[2.270s] DEBUG:colcon.colcon_core.event_reactor:joining thread
[2.275s] INFO:colcon.colcon_core.plugin_system:Skipping extension 'colcon_notification.desktop_notification.terminal_notifier': Not used on non-Darwin systems
[2.275s] INFO:colcon.colcon_core.plugin_system:Skipping extension 'colcon_notification.desktop_notification.win32': Not used on non-Windows systems
[2.275s] INFO:colcon.colcon_notification.desktop_notification:Sending desktop notification using 'notify2'
[2.283s] DEBUG:colcon.colcon_core.event_reactor:joined thread
[2.284s] INFO:colcon.colcon_core.shell:Creating prefix script '/home/cjj/Desktop/RM_work/ROS2_learning/chapter_3/chapt3_ws/install/local_setup.ps1'
[2.285s] INFO:colcon.colcon_core.shell:Creating prefix util module '/home/cjj/Desktop/RM_work/ROS2_learning/chapter_3/chapt3_ws/install/_local_setup_util_ps1.py'
[2.286s] INFO:colcon.colcon_core.shell:Creating prefix chain script '/home/cjj/Desktop/RM_work/ROS2_learning/chapter_3/chapt3_ws/install/setup.ps1'
[2.287s] INFO:colcon.colcon_core.shell:Creating prefix script '/home/cjj/Desktop/RM_work/ROS2_learning/chapter_3/chapt3_ws/install/local_setup.sh'
[2.287s] INFO:colcon.colcon_core.shell:Creating prefix util module '/home/cjj/Desktop/RM_work/ROS2_learning/chapter_3/chapt3_ws/install/_local_setup_util_sh.py'
[2.288s] INFO:colcon.colcon_core.shell:Creating prefix chain script '/home/cjj/Desktop/RM_work/ROS2_learning/chapter_3/chapt3_ws/install/setup.sh'
[2.288s] INFO:colcon.colcon_core.shell:Creating prefix script '/home/cjj/Desktop/RM_work/ROS2_learning/chapter_3/chapt3_ws/install/local_setup.bash'
[2.289s] INFO:colcon.colcon_core.shell:Creating prefix chain script '/home/cjj/Desktop/RM_work/ROS2_learning/chapter_3/chapt3_ws/install/setup.bash'
[2.289s] INFO:colcon.colcon_core.shell:Creating prefix script '/home/cjj/Desktop/RM_work/ROS2_learning/chapter_3/chapt3_ws/install/local_setup.zsh'
[2.289s] INFO:colcon.colcon_core.shell:Creating prefix chain script '/home/cjj/Desktop/RM_work/ROS2_learning/chapter_3/chapt3_ws/install/setup.zsh'
