[0.007s] Invoking command in '/home/cjj/Desktop/RM_work/ROS2_learning/rviz2_tasks/build/rm_interfaces': CMAKE_PREFIX_PATH=/opt/ros/humble /usr/bin/cmake /home/cjj/Desktop/RM_work/ROS2_learning/rviz2_tasks/src/rm_interfaces -DAMENT_CMAKE_SYMLINK_INSTALL=1 -DCMAKE_INSTALL_PREFIX=/home/cjj/Desktop/RM_work/ROS2_learning/rviz2_tasks/install/rm_interfaces
[0.017s] -- Found ament_cmake: 1.3.10 (/opt/ros/humble/share/ament_cmake/cmake)
[0.091s] -- Override CMake install command with custom implementation using symlinks instead of copying resources
[0.095s] -- Found rosidl_default_generators: 1.2.0 (/opt/ros/humble/share/rosidl_default_generators/cmake)
[0.096s] -- Using all available rosidl_typesupport_c: rosidl_typesupport_fastrtps_c;rosidl_typesupport_introspection_c
[0.097s] -- Found rosidl_adapter: 3.1.5 (/opt/ros/humble/share/rosidl_adapter/cmake)
[0.115s] -- Using all available rosidl_typesupport_cpp: rosidl_typesupport_fastrtps_cpp;rosidl_typesupport_introspection_cpp
[0.129s] -- Found geometry_msgs: 4.2.4 (/opt/ros/humble/share/geometry_msgs/cmake)
[0.263s] [31mCMake Error at /opt/ros/humble/share/rosidl_adapter/cmake/rosidl_adapt_interfaces.cmake:59 (message):
[0.263s]   execute_process(/usr/bin/python3 -m rosidl_adapter --package-name
[0.263s]   rm_interfaces --arguments-file
[0.263s]   /home/cjj/Desktop/RM_work/ROS2_learning/rviz2_tasks/build/rm_interfaces/rosidl_adapter__arguments__rm_interfaces.json
[0.263s]   --output-dir
[0.263s]   /home/cjj/Desktop/RM_work/ROS2_learning/rviz2_tasks/build/rm_interfaces/rosidl_adapter/rm_interfaces
[0.263s]   --output-file
[0.263s]   /home/cjj/Desktop/RM_work/ROS2_learning/rviz2_tasks/build/rm_interfaces/rosidl_adapter/rm_interfaces.idls)
[0.263s]   returned error code 1:
[0.263s] 
[0.263s]   Error processing 'geometry_msgs/msg/Point[5] pts' of
[0.263s]   'rm_interfaces/Objective': 'geometry_msgs/msg/Point'
[0.263s] 
[0.263s]   Traceback (most recent call last):
[0.263s] 
[0.263s]     File "/usr/lib/python3.10/runpy.py", line 196, in _run_module_as_main
[0.263s]       return _run_code(code, main_globals, None,
[0.263s]     File "/usr/lib/python3.10/runpy.py", line 86, in _run_code
[0.263s]       exec(code, run_globals)
[0.263s]     File "/opt/ros/humble/local/lib/python3.10/dist-packages/rosidl_adapter/__main__.py", line 19, in <module>
[0.264s]       sys.exit(main())
[0.264s]     File "/opt/ros/humble/local/lib/python3.10/dist-packages/rosidl_adapter/main.py", line 53, in main
[0.264s]       abs_idl_file = convert_to_idl(
[0.264s]     File "/opt/ros/humble/local/lib/python3.10/dist-packages/rosidl_adapter/__init__.py", line 19, in convert_to_idl
[0.264s]       return convert_msg_to_idl(
[0.264s]     File "/opt/ros/humble/local/lib/python3.10/dist-packages/rosidl_adapter/msg/__init__.py", line 28, in convert_msg_to_idl
[0.264s]       msg = parse_message_string(package_name, input_file.stem, content)
[0.264s]     File "/opt/ros/humble/local/lib/python3.10/dist-packages/rosidl_adapter/parser.py", line 520, in parse_message_string
[0.264s]       Type(type_string, context_package_name=pkg_name),
[0.264s]     File "/opt/ros/humble/local/lib/python3.10/dist-packages/rosidl_adapter/parser.py", line 277, in __init__
[0.264s]       super(Type, self).__init__(
[0.264s]     File "/opt/ros/humble/local/lib/python3.10/dist-packages/rosidl_adapter/parser.py", line 190, in __init__
[0.264s]       raise InvalidResourceName(type_string)
[0.264s] 
[0.264s]   rosidl_adapter.parser.InvalidResourceName: geometry_msgs/msg/Point
[0.264s] 
[0.264s] Call Stack (most recent call first):
[0.264s]   /opt/ros/humble/share/rosidl_cmake/cmake/rosidl_generate_interfaces.cmake:130 (rosidl_adapt_interfaces)
[0.264s]   CMakeLists.txt:15 (rosidl_generate_interfaces)
[0.264s] 
[0.264s] [0m
[0.264s] -- Configuring incomplete, errors occurred!
[0.264s] See also "/home/cjj/Desktop/RM_work/ROS2_learning/rviz2_tasks/build/rm_interfaces/CMakeFiles/CMakeOutput.log".
[0.267s] Invoked command in '/home/cjj/Desktop/RM_work/ROS2_learning/rviz2_tasks/build/rm_interfaces' returned '1': CMAKE_PREFIX_PATH=/opt/ros/humble /usr/bin/cmake /home/cjj/Desktop/RM_work/ROS2_learning/rviz2_tasks/src/rm_interfaces -DAMENT_CMAKE_SYMLINK_INSTALL=1 -DCMAKE_INSTALL_PREFIX=/home/cjj/Desktop/RM_work/ROS2_learning/rviz2_tasks/install/rm_interfaces
