[0.010s] Invoking command in '/home/cjj/Desktop/RM_work/ROS2_learning/simple_calculator_task/ws/build/add_task': CMAKE_PREFIX_PATH=/home/cjj/Desktop/RM_work/ROS2_learning/simple_calculator_task/ws/install/my_add_interfaces:/home/cjj/Desktop/RM_work/ROS2_learning/simple_calculator_task/ws/install/add_task:/opt/ros/humble LD_LIBRARY_PATH=/home/cjj/Desktop/RM_work/ROS2_learning/simple_calculator_task/ws/install/my_add_interfaces/lib:/opt/ros/humble/opt/rviz_ogre_vendor/lib:/opt/ros/humble/lib/x86_64-linux-gnu:/opt/ros/humble/lib:/opt/MVS/lib/64:/opt/MVS/lib/32:/opt/intel/openvino/runtime/lib/intel64:/usr/local/lib:/opt/MVS/lib/64:/opt/MVS/lib/32:/opt/MVS/lib/64:/opt/MVS/lib/32 /usr/bin/cmake --build /home/cjj/Desktop/RM_work/ROS2_learning/simple_calculator_task/ws/build/add_task -- -j20 -l20
[0.056s] [ 25%] [32mBuilding CXX object CMakeFiles/task_pub_ser.dir/src/task_pub_ser.cpp.o[0m
[0.056s] [ 50%] [32mBuilding CXX object CMakeFiles/task_sub_cli.dir/src/task_sub_cli.cpp.o[0m
[3.131s] [ 75%] [32m[1mLinking CXX executable task_pub_ser[0m
[3.278s] [ 75%] Built target task_pub_ser
[5.408s] [100%] [32m[1mLinking CXX executable task_sub_cli[0m
[5.670s] [100%] Built target task_sub_cli
[5.681s] Invoked command in '/home/cjj/Desktop/RM_work/ROS2_learning/simple_calculator_task/ws/build/add_task' returned '0': CMAKE_PREFIX_PATH=/home/cjj/Desktop/RM_work/ROS2_learning/simple_calculator_task/ws/install/my_add_interfaces:/home/cjj/Desktop/RM_work/ROS2_learning/simple_calculator_task/ws/install/add_task:/opt/ros/humble LD_LIBRARY_PATH=/home/cjj/Desktop/RM_work/ROS2_learning/simple_calculator_task/ws/install/my_add_interfaces/lib:/opt/ros/humble/opt/rviz_ogre_vendor/lib:/opt/ros/humble/lib/x86_64-linux-gnu:/opt/ros/humble/lib:/opt/MVS/lib/64:/opt/MVS/lib/32:/opt/intel/openvino/runtime/lib/intel64:/usr/local/lib:/opt/MVS/lib/64:/opt/MVS/lib/32:/opt/MVS/lib/64:/opt/MVS/lib/32 /usr/bin/cmake --build /home/cjj/Desktop/RM_work/ROS2_learning/simple_calculator_task/ws/build/add_task -- -j20 -l20
[5.712s] Invoking command in '/home/cjj/Desktop/RM_work/ROS2_learning/simple_calculator_task/ws/build/add_task': CMAKE_PREFIX_PATH=/home/cjj/Desktop/RM_work/ROS2_learning/simple_calculator_task/ws/install/my_add_interfaces:/home/cjj/Desktop/RM_work/ROS2_learning/simple_calculator_task/ws/install/add_task:/opt/ros/humble LD_LIBRARY_PATH=/home/cjj/Desktop/RM_work/ROS2_learning/simple_calculator_task/ws/install/my_add_interfaces/lib:/opt/ros/humble/opt/rviz_ogre_vendor/lib:/opt/ros/humble/lib/x86_64-linux-gnu:/opt/ros/humble/lib:/opt/MVS/lib/64:/opt/MVS/lib/32:/opt/intel/openvino/runtime/lib/intel64:/usr/local/lib:/opt/MVS/lib/64:/opt/MVS/lib/32:/opt/MVS/lib/64:/opt/MVS/lib/32 /usr/bin/cmake --install /home/cjj/Desktop/RM_work/ROS2_learning/simple_calculator_task/ws/build/add_task
[5.717s] -- Install configuration: ""
[5.717s] -- Installing: /home/cjj/Desktop/RM_work/ROS2_learning/simple_calculator_task/ws/install/add_task/lib/add_task/task_pub_ser
[5.718s] -- Set runtime path of "/home/cjj/Desktop/RM_work/ROS2_learning/simple_calculator_task/ws/install/add_task/lib/add_task/task_pub_ser" to ""
[5.718s] -- Installing: /home/cjj/Desktop/RM_work/ROS2_learning/simple_calculator_task/ws/install/add_task/lib/add_task/task_sub_cli
[5.722s] -- Set runtime path of "/home/cjj/Desktop/RM_work/ROS2_learning/simple_calculator_task/ws/install/add_task/lib/add_task/task_sub_cli" to ""
[5.722s] -- Up-to-date: /home/cjj/Desktop/RM_work/ROS2_learning/simple_calculator_task/ws/install/add_task/share/ament_index/resource_index/package_run_dependencies/add_task
[5.722s] -- Up-to-date: /home/cjj/Desktop/RM_work/ROS2_learning/simple_calculator_task/ws/install/add_task/share/ament_index/resource_index/parent_prefix_path/add_task
[5.722s] -- Up-to-date: /home/cjj/Desktop/RM_work/ROS2_learning/simple_calculator_task/ws/install/add_task/share/add_task/environment/ament_prefix_path.sh
[5.722s] -- Up-to-date: /home/cjj/Desktop/RM_work/ROS2_learning/simple_calculator_task/ws/install/add_task/share/add_task/environment/ament_prefix_path.dsv
[5.722s] -- Up-to-date: /home/cjj/Desktop/RM_work/ROS2_learning/simple_calculator_task/ws/install/add_task/share/add_task/environment/path.sh
[5.722s] -- Up-to-date: /home/cjj/Desktop/RM_work/ROS2_learning/simple_calculator_task/ws/install/add_task/share/add_task/environment/path.dsv
[5.722s] -- Up-to-date: /home/cjj/Desktop/RM_work/ROS2_learning/simple_calculator_task/ws/install/add_task/share/add_task/local_setup.bash
[5.722s] -- Up-to-date: /home/cjj/Desktop/RM_work/ROS2_learning/simple_calculator_task/ws/install/add_task/share/add_task/local_setup.sh
[5.722s] -- Up-to-date: /home/cjj/Desktop/RM_work/ROS2_learning/simple_calculator_task/ws/install/add_task/share/add_task/local_setup.zsh
[5.722s] -- Up-to-date: /home/cjj/Desktop/RM_work/ROS2_learning/simple_calculator_task/ws/install/add_task/share/add_task/local_setup.dsv
[5.722s] -- Installing: /home/cjj/Desktop/RM_work/ROS2_learning/simple_calculator_task/ws/install/add_task/share/add_task/package.dsv
[5.722s] -- Up-to-date: /home/cjj/Desktop/RM_work/ROS2_learning/simple_calculator_task/ws/install/add_task/share/ament_index/resource_index/packages/add_task
[5.722s] -- Up-to-date: /home/cjj/Desktop/RM_work/ROS2_learning/simple_calculator_task/ws/install/add_task/share/add_task/cmake/add_taskConfig.cmake
[5.722s] -- Up-to-date: /home/cjj/Desktop/RM_work/ROS2_learning/simple_calculator_task/ws/install/add_task/share/add_task/cmake/add_taskConfig-version.cmake
[5.722s] -- Up-to-date: /home/cjj/Desktop/RM_work/ROS2_learning/simple_calculator_task/ws/install/add_task/share/add_task/package.xml
[5.724s] Invoked command in '/home/cjj/Desktop/RM_work/ROS2_learning/simple_calculator_task/ws/build/add_task' returned '0': CMAKE_PREFIX_PATH=/home/cjj/Desktop/RM_work/ROS2_learning/simple_calculator_task/ws/install/my_add_interfaces:/home/cjj/Desktop/RM_work/ROS2_learning/simple_calculator_task/ws/install/add_task:/opt/ros/humble LD_LIBRARY_PATH=/home/cjj/Desktop/RM_work/ROS2_learning/simple_calculator_task/ws/install/my_add_interfaces/lib:/opt/ros/humble/opt/rviz_ogre_vendor/lib:/opt/ros/humble/lib/x86_64-linux-gnu:/opt/ros/humble/lib:/opt/MVS/lib/64:/opt/MVS/lib/32:/opt/intel/openvino/runtime/lib/intel64:/usr/local/lib:/opt/MVS/lib/64:/opt/MVS/lib/32:/opt/MVS/lib/64:/opt/MVS/lib/32 /usr/bin/cmake --install /home/cjj/Desktop/RM_work/ROS2_learning/simple_calculator_task/ws/build/add_task
