[0.006s] Invoking command in '/home/cjj/Desktop/RM_work/ROS2_learning/chapter_4/chapt4_ws/build/startup': CMAKE_PREFIX_PATH=${CMAKE_PREFIX_PATH}:/opt/ros/humble /usr/bin/cmake /home/cjj/Desktop/RM_work/ROS2_learning/chapter_4/chapt4_ws/src/startup -DCMAKE_INSTALL_PREFIX=/home/cjj/Desktop/RM_work/ROS2_learning/chapter_4/chapt4_ws/install/startup
[0.049s] -- The C compiler identification is GNU 11.4.0
[0.084s] -- The CXX compiler identification is GNU 11.4.0
[0.089s] -- Detecting C compiler ABI info
[0.144s] -- Detecting C compiler ABI info - done
[0.148s] -- Check for working C compiler: /usr/bin/cc - skipped
[0.148s] -- Detecting C compile features
[0.148s] -- Detecting C compile features - done
[0.151s] -- Detecting CXX compiler ABI info
[0.206s] -- Detecting CXX compiler ABI info - done
[0.210s] -- Check for working CXX compiler: /usr/bin/c++ - skipped
[0.210s] -- Detecting CXX compile features
[0.211s] -- Detecting CXX compile features - done
[0.212s] -- Found ament_cmake: 1.3.10 (/opt/ros/humble/share/ament_cmake/cmake)
[0.313s] -- Found Python3: /usr/bin/python3 (found version "3.10.12") found components: Interpreter 
[0.367s] -- Found ament_lint_auto: 0.12.11 (/opt/ros/humble/share/ament_lint_auto/cmake)
[0.413s] -- Added test 'flake8' to check Python code syntax and style conventions
[0.413s] -- Added test 'lint_cmake' to check CMake code style
[0.413s] -- Added test 'pep257' to check Python code against some of the docstring style conventions in PEP 257
[0.414s] -- Added test 'xmllint' to check XML markup files
[0.414s] -- Configuring done
[0.416s] -- Generating done
[0.416s] -- Build files have been written to: /home/cjj/Desktop/RM_work/ROS2_learning/chapter_4/chapt4_ws/build/startup
[0.422s] Invoked command in '/home/cjj/Desktop/RM_work/ROS2_learning/chapter_4/chapt4_ws/build/startup' returned '0': CMAKE_PREFIX_PATH=${CMAKE_PREFIX_PATH}:/opt/ros/humble /usr/bin/cmake /home/cjj/Desktop/RM_work/ROS2_learning/chapter_4/chapt4_ws/src/startup -DCMAKE_INSTALL_PREFIX=/home/cjj/Desktop/RM_work/ROS2_learning/chapter_4/chapt4_ws/install/startup
[0.422s] Invoking command in '/home/cjj/Desktop/RM_work/ROS2_learning/chapter_4/chapt4_ws/build/startup': CMAKE_PREFIX_PATH=${CMAKE_PREFIX_PATH}:/opt/ros/humble /usr/bin/cmake --build /home/cjj/Desktop/RM_work/ROS2_learning/chapter_4/chapt4_ws/build/startup -- -j20 -l20
[0.452s] Invoked command in '/home/cjj/Desktop/RM_work/ROS2_learning/chapter_4/chapt4_ws/build/startup' returned '0': CMAKE_PREFIX_PATH=${CMAKE_PREFIX_PATH}:/opt/ros/humble /usr/bin/cmake --build /home/cjj/Desktop/RM_work/ROS2_learning/chapter_4/chapt4_ws/build/startup -- -j20 -l20
[0.478s] Invoking command in '/home/cjj/Desktop/RM_work/ROS2_learning/chapter_4/chapt4_ws/build/startup': CMAKE_PREFIX_PATH=${CMAKE_PREFIX_PATH}:/opt/ros/humble /usr/bin/cmake --install /home/cjj/Desktop/RM_work/ROS2_learning/chapter_4/chapt4_ws/build/startup
[0.482s] -- Install configuration: ""
[0.482s] -- Installing: /home/cjj/Desktop/RM_work/ROS2_learning/chapter_4/chapt4_ws/install/startup/share/startup/launch
[0.482s] -- Installing: /home/cjj/Desktop/RM_work/ROS2_learning/chapter_4/chapt4_ws/install/startup/share/startup/launch/no_hardware_launch.py
[0.483s] -- Installing: /home/cjj/Desktop/RM_work/ROS2_learning/chapter_4/chapt4_ws/install/startup/share/ament_index/resource_index/package_run_dependencies/startup
[0.483s] -- Installing: /home/cjj/Desktop/RM_work/ROS2_learning/chapter_4/chapt4_ws/install/startup/share/ament_index/resource_index/parent_prefix_path/startup
[0.483s] -- Installing: /home/cjj/Desktop/RM_work/ROS2_learning/chapter_4/chapt4_ws/install/startup/share/startup/environment/ament_prefix_path.sh
[0.483s] -- Installing: /home/cjj/Desktop/RM_work/ROS2_learning/chapter_4/chapt4_ws/install/startup/share/startup/environment/ament_prefix_path.dsv
[0.483s] -- Installing: /home/cjj/Desktop/RM_work/ROS2_learning/chapter_4/chapt4_ws/install/startup/share/startup/environment/path.sh
[0.483s] -- Installing: /home/cjj/Desktop/RM_work/ROS2_learning/chapter_4/chapt4_ws/install/startup/share/startup/environment/path.dsv
[0.483s] -- Installing: /home/cjj/Desktop/RM_work/ROS2_learning/chapter_4/chapt4_ws/install/startup/share/startup/local_setup.bash
[0.483s] -- Installing: /home/cjj/Desktop/RM_work/ROS2_learning/chapter_4/chapt4_ws/install/startup/share/startup/local_setup.sh
[0.483s] -- Installing: /home/cjj/Desktop/RM_work/ROS2_learning/chapter_4/chapt4_ws/install/startup/share/startup/local_setup.zsh
[0.483s] -- Installing: /home/cjj/Desktop/RM_work/ROS2_learning/chapter_4/chapt4_ws/install/startup/share/startup/local_setup.dsv
[0.483s] -- Installing: /home/cjj/Desktop/RM_work/ROS2_learning/chapter_4/chapt4_ws/install/startup/share/startup/package.dsv
[0.483s] -- Installing: /home/cjj/Desktop/RM_work/ROS2_learning/chapter_4/chapt4_ws/install/startup/share/ament_index/resource_index/packages/startup
[0.483s] -- Installing: /home/cjj/Desktop/RM_work/ROS2_learning/chapter_4/chapt4_ws/install/startup/share/startup/cmake/startupConfig.cmake
[0.484s] -- Installing: /home/cjj/Desktop/RM_work/ROS2_learning/chapter_4/chapt4_ws/install/startup/share/startup/cmake/startupConfig-version.cmake
[0.484s] -- Installing: /home/cjj/Desktop/RM_work/ROS2_learning/chapter_4/chapt4_ws/install/startup/share/startup/package.xml
[0.484s] Invoked command in '/home/cjj/Desktop/RM_work/ROS2_learning/chapter_4/chapt4_ws/build/startup' returned '0': CMAKE_PREFIX_PATH=${CMAKE_PREFIX_PATH}:/opt/ros/humble /usr/bin/cmake --install /home/cjj/Desktop/RM_work/ROS2_learning/chapter_4/chapt4_ws/build/startup
