[0.011s] Invoking command in '/home/cjj/Desktop/RM_work/ROS2_learning/chapter_3/chapt3_ws/build/my_ros2_interfaces': CMAKE_PREFIX_PATH=${CMAKE_PREFIX_PATH}:/opt/ros/humble /usr/bin/cmake --build /home/cjj/Desktop/RM_work/ROS2_learning/chapter_3/chapt3_ws/build/my_ros2_interfaces -- -j20 -l20
[0.032s] -- Found ament_cmake: 1.3.10 (/opt/ros/humble/share/ament_cmake/cmake)
[0.133s] -- Found rosidl_default_generators: 1.2.0 (/opt/ros/humble/share/rosidl_default_generators/cmake)
[0.134s] -- Using all available rosidl_typesupport_c: rosidl_typesupport_fastrtps_c;rosidl_typesupport_introspection_c
[0.135s] -- Found rosidl_adapter: 3.1.5 (/opt/ros/humble/share/rosidl_adapter/cmake)
[0.154s] -- Using all available rosidl_typesupport_cpp: rosidl_typesupport_fastrtps_cpp;rosidl_typesupport_introspection_cpp
[0.170s] -- Found geometry_msgs: 4.2.4 (/opt/ros/humble/share/geometry_msgs/cmake)
[0.379s] -- Found ament_cmake_ros: 0.10.0 (/opt/ros/humble/share/ament_cmake_ros/cmake)
[0.538s] -- Using all available rosidl_typesupport_c: rosidl_typesupport_fastrtps_c;rosidl_typesupport_introspection_c
[0.751s] -- Using all available rosidl_typesupport_cpp: rosidl_typesupport_fastrtps_cpp;rosidl_typesupport_introspection_cpp
[0.768s] -- Found python_cmake_module: 0.10.0 (/opt/ros/humble/share/python_cmake_module/cmake)
[0.784s] -- Using PYTHON_EXECUTABLE: /usr/bin/python3
[0.784s] -- Using PYTHON_INCLUDE_DIRS: /usr/include/python3.10
[0.784s] -- Using PYTHON_LIBRARIES: /usr/lib/x86_64-linux-gnu/libpython3.10.so
[0.804s] -- Found ament_lint_auto: 0.12.11 (/opt/ros/humble/share/ament_lint_auto/cmake)
[0.809s] -- Added test 'lint_cmake' to check CMake code style
[0.809s] -- Added test 'xmllint' to check XML markup files
[0.810s] -- Configuring done
[0.834s] -- Generating done
[0.835s] -- Build files have been written to: /home/cjj/Desktop/RM_work/ROS2_learning/chapter_3/chapt3_ws/build/my_ros2_interfaces
[0.860s] [35m[1mConsolidate compiler generated dependencies of target my_ros2_interfaces__rosidl_generator_c[0m
[0.867s] [  2%] Built target my_ros2_interfaces__cpp
[0.869s] [ 12%] Built target my_ros2_interfaces__rosidl_generator_c
[0.874s] [ 12%] Built target ament_cmake_python_copy_my_ros2_interfaces
[0.875s] [35m[1mConsolidate compiler generated dependencies of target my_ros2_interfaces__rosidl_typesupport_introspection_cpp[0m
[0.875s] [35m[1mConsolidate compiler generated dependencies of target my_ros2_interfaces__rosidl_typesupport_fastrtps_cpp[0m
[0.876s] [35m[1mConsolidate compiler generated dependencies of target my_ros2_interfaces__rosidl_typesupport_cpp[0m
[0.876s] [35m[1mConsolidate compiler generated dependencies of target my_ros2_interfaces__rosidl_typesupport_fastrtps_c[0m
[0.877s] [35m[1mConsolidate compiler generated dependencies of target my_ros2_interfaces__rosidl_typesupport_c[0m
[0.878s] [35m[1mConsolidate compiler generated dependencies of target my_ros2_interfaces__rosidl_typesupport_introspection_c[0m
[0.887s] [ 23%] Built target my_ros2_interfaces__rosidl_typesupport_c
[0.888s] [ 34%] Built target my_ros2_interfaces__rosidl_typesupport_introspection_c
[0.889s] [ 44%] Built target my_ros2_interfaces__rosidl_typesupport_cpp
[0.889s] [ 55%] Built target my_ros2_interfaces__rosidl_typesupport_fastrtps_cpp
[0.890s] [ 65%] Built target my_ros2_interfaces__rosidl_typesupport_introspection_cpp
[0.890s] [ 76%] Built target my_ros2_interfaces__rosidl_typesupport_fastrtps_c
[0.904s] [ 76%] Built target my_ros2_interfaces
[0.923s] [ 78%] Built target my_ros2_interfaces__py
[0.934s] [35m[1mConsolidate compiler generated dependencies of target my_ros2_interfaces__rosidl_generator_py[0m
[0.946s] [ 87%] Built target my_ros2_interfaces__rosidl_generator_py
[0.955s] [35m[1mConsolidate compiler generated dependencies of target my_ros2_interfaces__rosidl_typesupport_introspection_c__pyext[0m
[0.955s] [35m[1mConsolidate compiler generated dependencies of target my_ros2_interfaces__rosidl_typesupport_c__pyext[0m
[0.956s] [35m[1mConsolidate compiler generated dependencies of target my_ros2_interfaces__rosidl_typesupport_fastrtps_c__pyext[0m
[0.967s] [ 91%] Built target my_ros2_interfaces__rosidl_typesupport_fastrtps_c__pyext
[0.969s] [ 97%] Built target my_ros2_interfaces__rosidl_typesupport_introspection_c__pyext
[0.969s] [100%] Built target my_ros2_interfaces__rosidl_typesupport_c__pyext
[1.019s] running egg_info
[1.019s] writing my_ros2_interfaces.egg-info/PKG-INFO
[1.019s] writing dependency_links to my_ros2_interfaces.egg-info/dependency_links.txt
[1.019s] writing top-level names to my_ros2_interfaces.egg-info/top_level.txt
[1.021s] reading manifest file 'my_ros2_interfaces.egg-info/SOURCES.txt'
[1.021s] writing manifest file 'my_ros2_interfaces.egg-info/SOURCES.txt'
[1.042s] [100%] Built target ament_cmake_python_build_my_ros2_interfaces_egg
[1.054s] Invoked command in '/home/cjj/Desktop/RM_work/ROS2_learning/chapter_3/chapt3_ws/build/my_ros2_interfaces' returned '0': CMAKE_PREFIX_PATH=${CMAKE_PREFIX_PATH}:/opt/ros/humble /usr/bin/cmake --build /home/cjj/Desktop/RM_work/ROS2_learning/chapter_3/chapt3_ws/build/my_ros2_interfaces -- -j20 -l20
[1.131s] Invoking command in '/home/cjj/Desktop/RM_work/ROS2_learning/chapter_3/chapt3_ws/build/my_ros2_interfaces': CMAKE_PREFIX_PATH=${CMAKE_PREFIX_PATH}:/opt/ros/humble /usr/bin/cmake --install /home/cjj/Desktop/RM_work/ROS2_learning/chapter_3/chapt3_ws/build/my_ros2_interfaces
[1.137s] -- Install configuration: ""
[1.137s] -- Up-to-date: /home/cjj/Desktop/RM_work/ROS2_learning/chapter_3/chapt3_ws/install/my_ros2_interfaces/share/ament_index/resource_index/rosidl_interfaces/my_ros2_interfaces
[1.138s] -- Up-to-date: /home/cjj/Desktop/RM_work/ROS2_learning/chapter_3/chapt3_ws/install/my_ros2_interfaces/include/my_ros2_interfaces/my_ros2_interfaces
[1.138s] -- Up-to-date: /home/cjj/Desktop/RM_work/ROS2_learning/chapter_3/chapt3_ws/install/my_ros2_interfaces/include/my_ros2_interfaces/my_ros2_interfaces/srv
[1.138s] -- Up-to-date: /home/cjj/Desktop/RM_work/ROS2_learning/chapter_3/chapt3_ws/install/my_ros2_interfaces/include/my_ros2_interfaces/my_ros2_interfaces/srv/detail
[1.138s] -- Up-to-date: /home/cjj/Desktop/RM_work/ROS2_learning/chapter_3/chapt3_ws/install/my_ros2_interfaces/include/my_ros2_interfaces/my_ros2_interfaces/srv/detail/move_robot__functions.c
[1.138s] -- Up-to-date: /home/cjj/Desktop/RM_work/ROS2_learning/chapter_3/chapt3_ws/install/my_ros2_interfaces/include/my_ros2_interfaces/my_ros2_interfaces/srv/detail/move_robot__functions.h
[1.138s] -- Up-to-date: /home/cjj/Desktop/RM_work/ROS2_learning/chapter_3/chapt3_ws/install/my_ros2_interfaces/include/my_ros2_interfaces/my_ros2_interfaces/srv/detail/move_robot__type_support.h
[1.138s] -- Up-to-date: /home/cjj/Desktop/RM_work/ROS2_learning/chapter_3/chapt3_ws/install/my_ros2_interfaces/include/my_ros2_interfaces/my_ros2_interfaces/srv/detail/move_robot__struct.h
[1.138s] -- Up-to-date: /home/cjj/Desktop/RM_work/ROS2_learning/chapter_3/chapt3_ws/install/my_ros2_interfaces/include/my_ros2_interfaces/my_ros2_interfaces/srv/move_robot.h
[1.138s] -- Up-to-date: /home/cjj/Desktop/RM_work/ROS2_learning/chapter_3/chapt3_ws/install/my_ros2_interfaces/include/my_ros2_interfaces/my_ros2_interfaces/msg
[1.138s] -- Up-to-date: /home/cjj/Desktop/RM_work/ROS2_learning/chapter_3/chapt3_ws/install/my_ros2_interfaces/include/my_ros2_interfaces/my_ros2_interfaces/msg/detail
[1.138s] -- Up-to-date: /home/cjj/Desktop/RM_work/ROS2_learning/chapter_3/chapt3_ws/install/my_ros2_interfaces/include/my_ros2_interfaces/my_ros2_interfaces/msg/detail/robot_status__functions.c
[1.138s] -- Up-to-date: /home/cjj/Desktop/RM_work/ROS2_learning/chapter_3/chapt3_ws/install/my_ros2_interfaces/include/my_ros2_interfaces/my_ros2_interfaces/msg/detail/robot_pose__functions.c
[1.138s] -- Up-to-date: /home/cjj/Desktop/RM_work/ROS2_learning/chapter_3/chapt3_ws/install/my_ros2_interfaces/include/my_ros2_interfaces/my_ros2_interfaces/msg/detail/robot_status__functions.h
[1.138s] -- Up-to-date: /home/cjj/Desktop/RM_work/ROS2_learning/chapter_3/chapt3_ws/install/my_ros2_interfaces/include/my_ros2_interfaces/my_ros2_interfaces/msg/detail/robot_status__type_support.h
[1.138s] -- Up-to-date: /home/cjj/Desktop/RM_work/ROS2_learning/chapter_3/chapt3_ws/install/my_ros2_interfaces/include/my_ros2_interfaces/my_ros2_interfaces/msg/detail/robot_pose__functions.h
[1.138s] -- Up-to-date: /home/cjj/Desktop/RM_work/ROS2_learning/chapter_3/chapt3_ws/install/my_ros2_interfaces/include/my_ros2_interfaces/my_ros2_interfaces/msg/detail/robot_status__struct.h
[1.138s] -- Up-to-date: /home/cjj/Desktop/RM_work/ROS2_learning/chapter_3/chapt3_ws/install/my_ros2_interfaces/include/my_ros2_interfaces/my_ros2_interfaces/msg/detail/robot_pose__type_support.h
[1.138s] -- Up-to-date: /home/cjj/Desktop/RM_work/ROS2_learning/chapter_3/chapt3_ws/install/my_ros2_interfaces/include/my_ros2_interfaces/my_ros2_interfaces/msg/detail/robot_pose__struct.h
[1.138s] -- Up-to-date: /home/cjj/Desktop/RM_work/ROS2_learning/chapter_3/chapt3_ws/install/my_ros2_interfaces/include/my_ros2_interfaces/my_ros2_interfaces/msg/robot_pose.h
[1.138s] -- Up-to-date: /home/cjj/Desktop/RM_work/ROS2_learning/chapter_3/chapt3_ws/install/my_ros2_interfaces/include/my_ros2_interfaces/my_ros2_interfaces/msg/robot_status.h
[1.139s] -- Up-to-date: /home/cjj/Desktop/RM_work/ROS2_learning/chapter_3/chapt3_ws/install/my_ros2_interfaces/include/my_ros2_interfaces/my_ros2_interfaces/msg/rosidl_generator_c__visibility_control.h
[1.139s] -- Up-to-date: /home/cjj/Desktop/RM_work/ROS2_learning/chapter_3/chapt3_ws/install/my_ros2_interfaces/share/my_ros2_interfaces/environment/library_path.sh
[1.139s] -- Installing: /home/cjj/Desktop/RM_work/ROS2_learning/chapter_3/chapt3_ws/install/my_ros2_interfaces/share/my_ros2_interfaces/environment/library_path.dsv
[1.139s] -- Up-to-date: /home/cjj/Desktop/RM_work/ROS2_learning/chapter_3/chapt3_ws/install/my_ros2_interfaces/lib/libmy_ros2_interfaces__rosidl_generator_c.so
[1.139s] -- Up-to-date: /home/cjj/Desktop/RM_work/ROS2_learning/chapter_3/chapt3_ws/install/my_ros2_interfaces/include/my_ros2_interfaces/my_ros2_interfaces
[1.139s] -- Up-to-date: /home/cjj/Desktop/RM_work/ROS2_learning/chapter_3/chapt3_ws/install/my_ros2_interfaces/include/my_ros2_interfaces/my_ros2_interfaces/srv
[1.139s] -- Up-to-date: /home/cjj/Desktop/RM_work/ROS2_learning/chapter_3/chapt3_ws/install/my_ros2_interfaces/include/my_ros2_interfaces/my_ros2_interfaces/srv/detail
[1.139s] -- Up-to-date: /home/cjj/Desktop/RM_work/ROS2_learning/chapter_3/chapt3_ws/install/my_ros2_interfaces/include/my_ros2_interfaces/my_ros2_interfaces/srv/detail/move_robot__rosidl_typesupport_fastrtps_c.h
[1.139s] -- Up-to-date: /home/cjj/Desktop/RM_work/ROS2_learning/chapter_3/chapt3_ws/install/my_ros2_interfaces/include/my_ros2_interfaces/my_ros2_interfaces/msg
[1.139s] -- Up-to-date: /home/cjj/Desktop/RM_work/ROS2_learning/chapter_3/chapt3_ws/install/my_ros2_interfaces/include/my_ros2_interfaces/my_ros2_interfaces/msg/rosidl_typesupport_fastrtps_c__visibility_control.h
[1.139s] -- Up-to-date: /home/cjj/Desktop/RM_work/ROS2_learning/chapter_3/chapt3_ws/install/my_ros2_interfaces/include/my_ros2_interfaces/my_ros2_interfaces/msg/detail
[1.139s] -- Up-to-date: /home/cjj/Desktop/RM_work/ROS2_learning/chapter_3/chapt3_ws/install/my_ros2_interfaces/include/my_ros2_interfaces/my_ros2_interfaces/msg/detail/robot_pose__rosidl_typesupport_fastrtps_c.h
[1.139s] -- Up-to-date: /home/cjj/Desktop/RM_work/ROS2_learning/chapter_3/chapt3_ws/install/my_ros2_interfaces/include/my_ros2_interfaces/my_ros2_interfaces/msg/detail/robot_status__rosidl_typesupport_fastrtps_c.h
[1.139s] -- Up-to-date: /home/cjj/Desktop/RM_work/ROS2_learning/chapter_3/chapt3_ws/install/my_ros2_interfaces/lib/libmy_ros2_interfaces__rosidl_typesupport_fastrtps_c.so
[1.139s] -- Up-to-date: /home/cjj/Desktop/RM_work/ROS2_learning/chapter_3/chapt3_ws/install/my_ros2_interfaces/include/my_ros2_interfaces/my_ros2_interfaces
[1.139s] -- Up-to-date: /home/cjj/Desktop/RM_work/ROS2_learning/chapter_3/chapt3_ws/install/my_ros2_interfaces/include/my_ros2_interfaces/my_ros2_interfaces/srv
[1.139s] -- Up-to-date: /home/cjj/Desktop/RM_work/ROS2_learning/chapter_3/chapt3_ws/install/my_ros2_interfaces/include/my_ros2_interfaces/my_ros2_interfaces/srv/detail
[1.139s] -- Up-to-date: /home/cjj/Desktop/RM_work/ROS2_learning/chapter_3/chapt3_ws/install/my_ros2_interfaces/include/my_ros2_interfaces/my_ros2_interfaces/srv/detail/move_robot__type_support.c
[1.139s] -- Up-to-date: /home/cjj/Desktop/RM_work/ROS2_learning/chapter_3/chapt3_ws/install/my_ros2_interfaces/include/my_ros2_interfaces/my_ros2_interfaces/srv/detail/move_robot__rosidl_typesupport_introspection_c.h
[1.139s] -- Up-to-date: /home/cjj/Desktop/RM_work/ROS2_learning/chapter_3/chapt3_ws/install/my_ros2_interfaces/include/my_ros2_interfaces/my_ros2_interfaces/msg
[1.140s] -- Up-to-date: /home/cjj/Desktop/RM_work/ROS2_learning/chapter_3/chapt3_ws/install/my_ros2_interfaces/include/my_ros2_interfaces/my_ros2_interfaces/msg/rosidl_typesupport_introspection_c__visibility_control.h
[1.140s] -- Up-to-date: /home/cjj/Desktop/RM_work/ROS2_learning/chapter_3/chapt3_ws/install/my_ros2_interfaces/include/my_ros2_interfaces/my_ros2_interfaces/msg/detail
[1.140s] -- Up-to-date: /home/cjj/Desktop/RM_work/ROS2_learning/chapter_3/chapt3_ws/install/my_ros2_interfaces/include/my_ros2_interfaces/my_ros2_interfaces/msg/detail/robot_status__type_support.c
[1.140s] -- Up-to-date: /home/cjj/Desktop/RM_work/ROS2_learning/chapter_3/chapt3_ws/install/my_ros2_interfaces/include/my_ros2_interfaces/my_ros2_interfaces/msg/detail/robot_pose__type_support.c
[1.140s] -- Up-to-date: /home/cjj/Desktop/RM_work/ROS2_learning/chapter_3/chapt3_ws/install/my_ros2_interfaces/include/my_ros2_interfaces/my_ros2_interfaces/msg/detail/robot_status__rosidl_typesupport_introspection_c.h
[1.140s] -- Up-to-date: /home/cjj/Desktop/RM_work/ROS2_learning/chapter_3/chapt3_ws/install/my_ros2_interfaces/include/my_ros2_interfaces/my_ros2_interfaces/msg/detail/robot_pose__rosidl_typesupport_introspection_c.h
[1.140s] -- Up-to-date: /home/cjj/Desktop/RM_work/ROS2_learning/chapter_3/chapt3_ws/install/my_ros2_interfaces/lib/libmy_ros2_interfaces__rosidl_typesupport_introspection_c.so
[1.140s] -- Up-to-date: /home/cjj/Desktop/RM_work/ROS2_learning/chapter_3/chapt3_ws/install/my_ros2_interfaces/lib/libmy_ros2_interfaces__rosidl_typesupport_c.so
[1.140s] -- Up-to-date: /home/cjj/Desktop/RM_work/ROS2_learning/chapter_3/chapt3_ws/install/my_ros2_interfaces/include/my_ros2_interfaces/my_ros2_interfaces
[1.140s] -- Up-to-date: /home/cjj/Desktop/RM_work/ROS2_learning/chapter_3/chapt3_ws/install/my_ros2_interfaces/include/my_ros2_interfaces/my_ros2_interfaces/srv
[1.140s] -- Up-to-date: /home/cjj/Desktop/RM_work/ROS2_learning/chapter_3/chapt3_ws/install/my_ros2_interfaces/include/my_ros2_interfaces/my_ros2_interfaces/srv/move_robot.hpp
[1.140s] -- Up-to-date: /home/cjj/Desktop/RM_work/ROS2_learning/chapter_3/chapt3_ws/install/my_ros2_interfaces/include/my_ros2_interfaces/my_ros2_interfaces/srv/detail
[1.140s] -- Up-to-date: /home/cjj/Desktop/RM_work/ROS2_learning/chapter_3/chapt3_ws/install/my_ros2_interfaces/include/my_ros2_interfaces/my_ros2_interfaces/srv/detail/move_robot__struct.hpp
[1.140s] -- Up-to-date: /home/cjj/Desktop/RM_work/ROS2_learning/chapter_3/chapt3_ws/install/my_ros2_interfaces/include/my_ros2_interfaces/my_ros2_interfaces/srv/detail/move_robot__builder.hpp
[1.140s] -- Up-to-date: /home/cjj/Desktop/RM_work/ROS2_learning/chapter_3/chapt3_ws/install/my_ros2_interfaces/include/my_ros2_interfaces/my_ros2_interfaces/srv/detail/move_robot__traits.hpp
[1.140s] -- Up-to-date: /home/cjj/Desktop/RM_work/ROS2_learning/chapter_3/chapt3_ws/install/my_ros2_interfaces/include/my_ros2_interfaces/my_ros2_interfaces/msg
[1.140s] -- Up-to-date: /home/cjj/Desktop/RM_work/ROS2_learning/chapter_3/chapt3_ws/install/my_ros2_interfaces/include/my_ros2_interfaces/my_ros2_interfaces/msg/robot_pose.hpp
[1.141s] -- Up-to-date: /home/cjj/Desktop/RM_work/ROS2_learning/chapter_3/chapt3_ws/install/my_ros2_interfaces/include/my_ros2_interfaces/my_ros2_interfaces/msg/robot_status.hpp
[1.141s] -- Up-to-date: /home/cjj/Desktop/RM_work/ROS2_learning/chapter_3/chapt3_ws/install/my_ros2_interfaces/include/my_ros2_interfaces/my_ros2_interfaces/msg/detail
[1.141s] -- Up-to-date: /home/cjj/Desktop/RM_work/ROS2_learning/chapter_3/chapt3_ws/install/my_ros2_interfaces/include/my_ros2_interfaces/my_ros2_interfaces/msg/detail/robot_status__builder.hpp
[1.141s] -- Up-to-date: /home/cjj/Desktop/RM_work/ROS2_learning/chapter_3/chapt3_ws/install/my_ros2_interfaces/include/my_ros2_interfaces/my_ros2_interfaces/msg/detail/robot_pose__traits.hpp
[1.141s] -- Up-to-date: /home/cjj/Desktop/RM_work/ROS2_learning/chapter_3/chapt3_ws/install/my_ros2_interfaces/include/my_ros2_interfaces/my_ros2_interfaces/msg/detail/robot_pose__struct.hpp
[1.141s] -- Up-to-date: /home/cjj/Desktop/RM_work/ROS2_learning/chapter_3/chapt3_ws/install/my_ros2_interfaces/include/my_ros2_interfaces/my_ros2_interfaces/msg/detail/robot_pose__builder.hpp
[1.141s] -- Up-to-date: /home/cjj/Desktop/RM_work/ROS2_learning/chapter_3/chapt3_ws/install/my_ros2_interfaces/include/my_ros2_interfaces/my_ros2_interfaces/msg/detail/robot_status__traits.hpp
[1.141s] -- Up-to-date: /home/cjj/Desktop/RM_work/ROS2_learning/chapter_3/chapt3_ws/install/my_ros2_interfaces/include/my_ros2_interfaces/my_ros2_interfaces/msg/detail/robot_status__struct.hpp
[1.141s] -- Up-to-date: /home/cjj/Desktop/RM_work/ROS2_learning/chapter_3/chapt3_ws/install/my_ros2_interfaces/include/my_ros2_interfaces/my_ros2_interfaces
[1.141s] -- Up-to-date: /home/cjj/Desktop/RM_work/ROS2_learning/chapter_3/chapt3_ws/install/my_ros2_interfaces/include/my_ros2_interfaces/my_ros2_interfaces/srv
[1.141s] -- Up-to-date: /home/cjj/Desktop/RM_work/ROS2_learning/chapter_3/chapt3_ws/install/my_ros2_interfaces/include/my_ros2_interfaces/my_ros2_interfaces/srv/detail
[1.141s] -- Up-to-date: /home/cjj/Desktop/RM_work/ROS2_learning/chapter_3/chapt3_ws/install/my_ros2_interfaces/include/my_ros2_interfaces/my_ros2_interfaces/srv/detail/dds_fastrtps
[1.141s] -- Up-to-date: /home/cjj/Desktop/RM_work/ROS2_learning/chapter_3/chapt3_ws/install/my_ros2_interfaces/include/my_ros2_interfaces/my_ros2_interfaces/srv/detail/move_robot__rosidl_typesupport_fastrtps_cpp.hpp
[1.141s] -- Up-to-date: /home/cjj/Desktop/RM_work/ROS2_learning/chapter_3/chapt3_ws/install/my_ros2_interfaces/include/my_ros2_interfaces/my_ros2_interfaces/msg
[1.141s] -- Up-to-date: /home/cjj/Desktop/RM_work/ROS2_learning/chapter_3/chapt3_ws/install/my_ros2_interfaces/include/my_ros2_interfaces/my_ros2_interfaces/msg/detail
[1.141s] -- Up-to-date: /home/cjj/Desktop/RM_work/ROS2_learning/chapter_3/chapt3_ws/install/my_ros2_interfaces/include/my_ros2_interfaces/my_ros2_interfaces/msg/detail/robot_status__rosidl_typesupport_fastrtps_cpp.hpp
[1.141s] -- Up-to-date: /home/cjj/Desktop/RM_work/ROS2_learning/chapter_3/chapt3_ws/install/my_ros2_interfaces/include/my_ros2_interfaces/my_ros2_interfaces/msg/detail/dds_fastrtps
[1.141s] -- Up-to-date: /home/cjj/Desktop/RM_work/ROS2_learning/chapter_3/chapt3_ws/install/my_ros2_interfaces/include/my_ros2_interfaces/my_ros2_interfaces/msg/detail/robot_pose__rosidl_typesupport_fastrtps_cpp.hpp
[1.141s] -- Up-to-date: /home/cjj/Desktop/RM_work/ROS2_learning/chapter_3/chapt3_ws/install/my_ros2_interfaces/include/my_ros2_interfaces/my_ros2_interfaces/msg/rosidl_typesupport_fastrtps_cpp__visibility_control.h
[1.141s] -- Up-to-date: /home/cjj/Desktop/RM_work/ROS2_learning/chapter_3/chapt3_ws/install/my_ros2_interfaces/lib/libmy_ros2_interfaces__rosidl_typesupport_fastrtps_cpp.so
[1.141s] -- Up-to-date: /home/cjj/Desktop/RM_work/ROS2_learning/chapter_3/chapt3_ws/install/my_ros2_interfaces/include/my_ros2_interfaces/my_ros2_interfaces
[1.141s] -- Up-to-date: /home/cjj/Desktop/RM_work/ROS2_learning/chapter_3/chapt3_ws/install/my_ros2_interfaces/include/my_ros2_interfaces/my_ros2_interfaces/srv
[1.141s] -- Up-to-date: /home/cjj/Desktop/RM_work/ROS2_learning/chapter_3/chapt3_ws/install/my_ros2_interfaces/include/my_ros2_interfaces/my_ros2_interfaces/srv/detail
[1.141s] -- Up-to-date: /home/cjj/Desktop/RM_work/ROS2_learning/chapter_3/chapt3_ws/install/my_ros2_interfaces/include/my_ros2_interfaces/my_ros2_interfaces/srv/detail/move_robot__type_support.cpp
[1.141s] -- Up-to-date: /home/cjj/Desktop/RM_work/ROS2_learning/chapter_3/chapt3_ws/install/my_ros2_interfaces/include/my_ros2_interfaces/my_ros2_interfaces/srv/detail/move_robot__rosidl_typesupport_introspection_cpp.hpp
[1.141s] -- Up-to-date: /home/cjj/Desktop/RM_work/ROS2_learning/chapter_3/chapt3_ws/install/my_ros2_interfaces/include/my_ros2_interfaces/my_ros2_interfaces/msg
[1.141s] -- Up-to-date: /home/cjj/Desktop/RM_work/ROS2_learning/chapter_3/chapt3_ws/install/my_ros2_interfaces/include/my_ros2_interfaces/my_ros2_interfaces/msg/detail
[1.142s] -- Up-to-date: /home/cjj/Desktop/RM_work/ROS2_learning/chapter_3/chapt3_ws/install/my_ros2_interfaces/include/my_ros2_interfaces/my_ros2_interfaces/msg/detail/robot_pose__type_support.cpp
[1.142s] -- Up-to-date: /home/cjj/Desktop/RM_work/ROS2_learning/chapter_3/chapt3_ws/install/my_ros2_interfaces/include/my_ros2_interfaces/my_ros2_interfaces/msg/detail/robot_status__type_support.cpp
[1.142s] -- Up-to-date: /home/cjj/Desktop/RM_work/ROS2_learning/chapter_3/chapt3_ws/install/my_ros2_interfaces/include/my_ros2_interfaces/my_ros2_interfaces/msg/detail/robot_pose__rosidl_typesupport_introspection_cpp.hpp
[1.142s] -- Up-to-date: /home/cjj/Desktop/RM_work/ROS2_learning/chapter_3/chapt3_ws/install/my_ros2_interfaces/include/my_ros2_interfaces/my_ros2_interfaces/msg/detail/robot_status__rosidl_typesupport_introspection_cpp.hpp
[1.142s] -- Up-to-date: /home/cjj/Desktop/RM_work/ROS2_learning/chapter_3/chapt3_ws/install/my_ros2_interfaces/lib/libmy_ros2_interfaces__rosidl_typesupport_introspection_cpp.so
[1.142s] -- Up-to-date: /home/cjj/Desktop/RM_work/ROS2_learning/chapter_3/chapt3_ws/install/my_ros2_interfaces/lib/libmy_ros2_interfaces__rosidl_typesupport_cpp.so
[1.142s] -- Up-to-date: /home/cjj/Desktop/RM_work/ROS2_learning/chapter_3/chapt3_ws/install/my_ros2_interfaces/share/my_ros2_interfaces/environment/pythonpath.sh
[1.142s] -- Installing: /home/cjj/Desktop/RM_work/ROS2_learning/chapter_3/chapt3_ws/install/my_ros2_interfaces/share/my_ros2_interfaces/environment/pythonpath.dsv
[1.142s] -- Up-to-date: /home/cjj/Desktop/RM_work/ROS2_learning/chapter_3/chapt3_ws/install/my_ros2_interfaces/local/lib/python3.10/dist-packages/my_ros2_interfaces-0.0.0-py3.10.egg-info
[1.142s] -- Installing: /home/cjj/Desktop/RM_work/ROS2_learning/chapter_3/chapt3_ws/install/my_ros2_interfaces/local/lib/python3.10/dist-packages/my_ros2_interfaces-0.0.0-py3.10.egg-info/SOURCES.txt
[1.142s] -- Installing: /home/cjj/Desktop/RM_work/ROS2_learning/chapter_3/chapt3_ws/install/my_ros2_interfaces/local/lib/python3.10/dist-packages/my_ros2_interfaces-0.0.0-py3.10.egg-info/dependency_links.txt
[1.142s] -- Installing: /home/cjj/Desktop/RM_work/ROS2_learning/chapter_3/chapt3_ws/install/my_ros2_interfaces/local/lib/python3.10/dist-packages/my_ros2_interfaces-0.0.0-py3.10.egg-info/top_level.txt
[1.142s] -- Installing: /home/cjj/Desktop/RM_work/ROS2_learning/chapter_3/chapt3_ws/install/my_ros2_interfaces/local/lib/python3.10/dist-packages/my_ros2_interfaces-0.0.0-py3.10.egg-info/PKG-INFO
[1.142s] -- Up-to-date: /home/cjj/Desktop/RM_work/ROS2_learning/chapter_3/chapt3_ws/install/my_ros2_interfaces/local/lib/python3.10/dist-packages/my_ros2_interfaces
[1.142s] -- Up-to-date: /home/cjj/Desktop/RM_work/ROS2_learning/chapter_3/chapt3_ws/install/my_ros2_interfaces/local/lib/python3.10/dist-packages/my_ros2_interfaces/my_ros2_interfaces_s__rosidl_typesupport_introspection_c.cpython-310-x86_64-linux-gnu.so
[1.142s] -- Installing: /home/cjj/Desktop/RM_work/ROS2_learning/chapter_3/chapt3_ws/install/my_ros2_interfaces/local/lib/python3.10/dist-packages/my_ros2_interfaces/__init__.py
[1.142s] -- Up-to-date: /home/cjj/Desktop/RM_work/ROS2_learning/chapter_3/chapt3_ws/install/my_ros2_interfaces/local/lib/python3.10/dist-packages/my_ros2_interfaces/srv
[1.142s] -- Up-to-date: /home/cjj/Desktop/RM_work/ROS2_learning/chapter_3/chapt3_ws/install/my_ros2_interfaces/local/lib/python3.10/dist-packages/my_ros2_interfaces/srv/__init__.py
[1.142s] -- Up-to-date: /home/cjj/Desktop/RM_work/ROS2_learning/chapter_3/chapt3_ws/install/my_ros2_interfaces/local/lib/python3.10/dist-packages/my_ros2_interfaces/srv/_move_robot.py
[1.142s] -- Up-to-date: /home/cjj/Desktop/RM_work/ROS2_learning/chapter_3/chapt3_ws/install/my_ros2_interfaces/local/lib/python3.10/dist-packages/my_ros2_interfaces/srv/_move_robot_s.c
[1.142s] -- Up-to-date: /home/cjj/Desktop/RM_work/ROS2_learning/chapter_3/chapt3_ws/install/my_ros2_interfaces/local/lib/python3.10/dist-packages/my_ros2_interfaces/msg
[1.142s] -- Up-to-date: /home/cjj/Desktop/RM_work/ROS2_learning/chapter_3/chapt3_ws/install/my_ros2_interfaces/local/lib/python3.10/dist-packages/my_ros2_interfaces/msg/_robot_pose_s.c
[1.142s] -- Up-to-date: /home/cjj/Desktop/RM_work/ROS2_learning/chapter_3/chapt3_ws/install/my_ros2_interfaces/local/lib/python3.10/dist-packages/my_ros2_interfaces/msg/__init__.py
[1.142s] -- Up-to-date: /home/cjj/Desktop/RM_work/ROS2_learning/chapter_3/chapt3_ws/install/my_ros2_interfaces/local/lib/python3.10/dist-packages/my_ros2_interfaces/msg/_robot_pose.py
[1.142s] -- Up-to-date: /home/cjj/Desktop/RM_work/ROS2_learning/chapter_3/chapt3_ws/install/my_ros2_interfaces/local/lib/python3.10/dist-packages/my_ros2_interfaces/msg/_robot_status_s.c
[1.142s] -- Up-to-date: /home/cjj/Desktop/RM_work/ROS2_learning/chapter_3/chapt3_ws/install/my_ros2_interfaces/local/lib/python3.10/dist-packages/my_ros2_interfaces/msg/_robot_status.py
[1.142s] -- Up-to-date: /home/cjj/Desktop/RM_work/ROS2_learning/chapter_3/chapt3_ws/install/my_ros2_interfaces/local/lib/python3.10/dist-packages/my_ros2_interfaces/_my_ros2_interfaces_s.ep.rosidl_typesupport_c.c
[1.142s] -- Up-to-date: /home/cjj/Desktop/RM_work/ROS2_learning/chapter_3/chapt3_ws/install/my_ros2_interfaces/local/lib/python3.10/dist-packages/my_ros2_interfaces/_my_ros2_interfaces_s.ep.rosidl_typesupport_fastrtps_c.c
[1.142s] -- Up-to-date: /home/cjj/Desktop/RM_work/ROS2_learning/chapter_3/chapt3_ws/install/my_ros2_interfaces/local/lib/python3.10/dist-packages/my_ros2_interfaces/_my_ros2_interfaces_s.ep.rosidl_typesupport_introspection_c.c
[1.142s] -- Up-to-date: /home/cjj/Desktop/RM_work/ROS2_learning/chapter_3/chapt3_ws/install/my_ros2_interfaces/local/lib/python3.10/dist-packages/my_ros2_interfaces/my_ros2_interfaces_s__rosidl_typesupport_c.cpython-310-x86_64-linux-gnu.so
[1.143s] -- Up-to-date: /home/cjj/Desktop/RM_work/ROS2_learning/chapter_3/chapt3_ws/install/my_ros2_interfaces/local/lib/python3.10/dist-packages/my_ros2_interfaces/my_ros2_interfaces_s__rosidl_typesupport_fastrtps_c.cpython-310-x86_64-linux-gnu.so
[1.143s] -- Up-to-date: /home/cjj/Desktop/RM_work/ROS2_learning/chapter_3/chapt3_ws/install/my_ros2_interfaces/local/lib/python3.10/dist-packages/my_ros2_interfaces/libmy_ros2_interfaces__rosidl_generator_py.so
[1.163s] Listing '/home/cjj/Desktop/RM_work/ROS2_learning/chapter_3/chapt3_ws/install/my_ros2_interfaces/local/lib/python3.10/dist-packages/my_ros2_interfaces'...
[1.164s] Compiling '/home/cjj/Desktop/RM_work/ROS2_learning/chapter_3/chapt3_ws/install/my_ros2_interfaces/local/lib/python3.10/dist-packages/my_ros2_interfaces/__init__.py'...
[1.164s] Listing '/home/cjj/Desktop/RM_work/ROS2_learning/chapter_3/chapt3_ws/install/my_ros2_interfaces/local/lib/python3.10/dist-packages/my_ros2_interfaces/msg'...
[1.164s] Listing '/home/cjj/Desktop/RM_work/ROS2_learning/chapter_3/chapt3_ws/install/my_ros2_interfaces/local/lib/python3.10/dist-packages/my_ros2_interfaces/srv'...
[1.167s] -- Up-to-date: /home/cjj/Desktop/RM_work/ROS2_learning/chapter_3/chapt3_ws/install/my_ros2_interfaces/local/lib/python3.10/dist-packages/my_ros2_interfaces/my_ros2_interfaces_s__rosidl_typesupport_fastrtps_c.cpython-310-x86_64-linux-gnu.so
[1.167s] -- Up-to-date: /home/cjj/Desktop/RM_work/ROS2_learning/chapter_3/chapt3_ws/install/my_ros2_interfaces/local/lib/python3.10/dist-packages/my_ros2_interfaces/my_ros2_interfaces_s__rosidl_typesupport_introspection_c.cpython-310-x86_64-linux-gnu.so
[1.167s] -- Up-to-date: /home/cjj/Desktop/RM_work/ROS2_learning/chapter_3/chapt3_ws/install/my_ros2_interfaces/local/lib/python3.10/dist-packages/my_ros2_interfaces/my_ros2_interfaces_s__rosidl_typesupport_c.cpython-310-x86_64-linux-gnu.so
[1.168s] -- Up-to-date: /home/cjj/Desktop/RM_work/ROS2_learning/chapter_3/chapt3_ws/install/my_ros2_interfaces/lib/libmy_ros2_interfaces__rosidl_generator_py.so
[1.168s] -- Up-to-date: /home/cjj/Desktop/RM_work/ROS2_learning/chapter_3/chapt3_ws/install/my_ros2_interfaces/share/my_ros2_interfaces/msg/RobotPose.idl
[1.168s] -- Up-to-date: /home/cjj/Desktop/RM_work/ROS2_learning/chapter_3/chapt3_ws/install/my_ros2_interfaces/share/my_ros2_interfaces/msg/RobotStatus.idl
[1.168s] -- Up-to-date: /home/cjj/Desktop/RM_work/ROS2_learning/chapter_3/chapt3_ws/install/my_ros2_interfaces/share/my_ros2_interfaces/srv/MoveRobot.idl
[1.168s] -- Up-to-date: /home/cjj/Desktop/RM_work/ROS2_learning/chapter_3/chapt3_ws/install/my_ros2_interfaces/share/my_ros2_interfaces/msg/RobotPose.msg
[1.168s] -- Up-to-date: /home/cjj/Desktop/RM_work/ROS2_learning/chapter_3/chapt3_ws/install/my_ros2_interfaces/share/my_ros2_interfaces/msg/RobotStatus.msg
[1.168s] -- Up-to-date: /home/cjj/Desktop/RM_work/ROS2_learning/chapter_3/chapt3_ws/install/my_ros2_interfaces/share/my_ros2_interfaces/srv/MoveRobot.srv
[1.168s] -- Up-to-date: /home/cjj/Desktop/RM_work/ROS2_learning/chapter_3/chapt3_ws/install/my_ros2_interfaces/share/my_ros2_interfaces/srv/MoveRobot_Request.msg
[1.168s] -- Up-to-date: /home/cjj/Desktop/RM_work/ROS2_learning/chapter_3/chapt3_ws/install/my_ros2_interfaces/share/my_ros2_interfaces/srv/MoveRobot_Response.msg
[1.168s] -- Up-to-date: /home/cjj/Desktop/RM_work/ROS2_learning/chapter_3/chapt3_ws/install/my_ros2_interfaces/share/ament_index/resource_index/package_run_dependencies/my_ros2_interfaces
[1.168s] -- Up-to-date: /home/cjj/Desktop/RM_work/ROS2_learning/chapter_3/chapt3_ws/install/my_ros2_interfaces/share/ament_index/resource_index/parent_prefix_path/my_ros2_interfaces
[1.169s] -- Up-to-date: /home/cjj/Desktop/RM_work/ROS2_learning/chapter_3/chapt3_ws/install/my_ros2_interfaces/share/my_ros2_interfaces/environment/ament_prefix_path.sh
[1.169s] -- Installing: /home/cjj/Desktop/RM_work/ROS2_learning/chapter_3/chapt3_ws/install/my_ros2_interfaces/share/my_ros2_interfaces/environment/ament_prefix_path.dsv
[1.169s] -- Up-to-date: /home/cjj/Desktop/RM_work/ROS2_learning/chapter_3/chapt3_ws/install/my_ros2_interfaces/share/my_ros2_interfaces/environment/path.sh
[1.169s] -- Installing: /home/cjj/Desktop/RM_work/ROS2_learning/chapter_3/chapt3_ws/install/my_ros2_interfaces/share/my_ros2_interfaces/environment/path.dsv
[1.169s] -- Up-to-date: /home/cjj/Desktop/RM_work/ROS2_learning/chapter_3/chapt3_ws/install/my_ros2_interfaces/share/my_ros2_interfaces/local_setup.bash
[1.169s] -- Up-to-date: /home/cjj/Desktop/RM_work/ROS2_learning/chapter_3/chapt3_ws/install/my_ros2_interfaces/share/my_ros2_interfaces/local_setup.sh
[1.169s] -- Up-to-date: /home/cjj/Desktop/RM_work/ROS2_learning/chapter_3/chapt3_ws/install/my_ros2_interfaces/share/my_ros2_interfaces/local_setup.zsh
[1.169s] -- Installing: /home/cjj/Desktop/RM_work/ROS2_learning/chapter_3/chapt3_ws/install/my_ros2_interfaces/share/my_ros2_interfaces/local_setup.dsv
[1.169s] -- Installing: /home/cjj/Desktop/RM_work/ROS2_learning/chapter_3/chapt3_ws/install/my_ros2_interfaces/share/my_ros2_interfaces/package.dsv
[1.169s] -- Up-to-date: /home/cjj/Desktop/RM_work/ROS2_learning/chapter_3/chapt3_ws/install/my_ros2_interfaces/share/ament_index/resource_index/packages/my_ros2_interfaces
[1.169s] -- Up-to-date: /home/cjj/Desktop/RM_work/ROS2_learning/chapter_3/chapt3_ws/install/my_ros2_interfaces/share/my_ros2_interfaces/cmake/export_my_ros2_interfaces__rosidl_generator_cExport.cmake
[1.170s] -- Up-to-date: /home/cjj/Desktop/RM_work/ROS2_learning/chapter_3/chapt3_ws/install/my_ros2_interfaces/share/my_ros2_interfaces/cmake/export_my_ros2_interfaces__rosidl_generator_cExport-noconfig.cmake
[1.170s] -- Up-to-date: /home/cjj/Desktop/RM_work/ROS2_learning/chapter_3/chapt3_ws/install/my_ros2_interfaces/share/my_ros2_interfaces/cmake/export_my_ros2_interfaces__rosidl_typesupport_fastrtps_cExport.cmake
[1.170s] -- Up-to-date: /home/cjj/Desktop/RM_work/ROS2_learning/chapter_3/chapt3_ws/install/my_ros2_interfaces/share/my_ros2_interfaces/cmake/export_my_ros2_interfaces__rosidl_typesupport_fastrtps_cExport-noconfig.cmake
[1.170s] -- Up-to-date: /home/cjj/Desktop/RM_work/ROS2_learning/chapter_3/chapt3_ws/install/my_ros2_interfaces/share/my_ros2_interfaces/cmake/my_ros2_interfaces__rosidl_typesupport_introspection_cExport.cmake
[1.170s] -- Up-to-date: /home/cjj/Desktop/RM_work/ROS2_learning/chapter_3/chapt3_ws/install/my_ros2_interfaces/share/my_ros2_interfaces/cmake/my_ros2_interfaces__rosidl_typesupport_introspection_cExport-noconfig.cmake
[1.170s] -- Up-to-date: /home/cjj/Desktop/RM_work/ROS2_learning/chapter_3/chapt3_ws/install/my_ros2_interfaces/share/my_ros2_interfaces/cmake/my_ros2_interfaces__rosidl_typesupport_cExport.cmake
[1.170s] -- Up-to-date: /home/cjj/Desktop/RM_work/ROS2_learning/chapter_3/chapt3_ws/install/my_ros2_interfaces/share/my_ros2_interfaces/cmake/my_ros2_interfaces__rosidl_typesupport_cExport-noconfig.cmake
[1.170s] -- Up-to-date: /home/cjj/Desktop/RM_work/ROS2_learning/chapter_3/chapt3_ws/install/my_ros2_interfaces/share/my_ros2_interfaces/cmake/export_my_ros2_interfaces__rosidl_generator_cppExport.cmake
[1.170s] -- Up-to-date: /home/cjj/Desktop/RM_work/ROS2_learning/chapter_3/chapt3_ws/install/my_ros2_interfaces/share/my_ros2_interfaces/cmake/export_my_ros2_interfaces__rosidl_typesupport_fastrtps_cppExport.cmake
[1.170s] -- Up-to-date: /home/cjj/Desktop/RM_work/ROS2_learning/chapter_3/chapt3_ws/install/my_ros2_interfaces/share/my_ros2_interfaces/cmake/export_my_ros2_interfaces__rosidl_typesupport_fastrtps_cppExport-noconfig.cmake
[1.170s] -- Up-to-date: /home/cjj/Desktop/RM_work/ROS2_learning/chapter_3/chapt3_ws/install/my_ros2_interfaces/share/my_ros2_interfaces/cmake/my_ros2_interfaces__rosidl_typesupport_introspection_cppExport.cmake
[1.171s] -- Up-to-date: /home/cjj/Desktop/RM_work/ROS2_learning/chapter_3/chapt3_ws/install/my_ros2_interfaces/share/my_ros2_interfaces/cmake/my_ros2_interfaces__rosidl_typesupport_introspection_cppExport-noconfig.cmake
[1.171s] -- Up-to-date: /home/cjj/Desktop/RM_work/ROS2_learning/chapter_3/chapt3_ws/install/my_ros2_interfaces/share/my_ros2_interfaces/cmake/my_ros2_interfaces__rosidl_typesupport_cppExport.cmake
[1.171s] -- Up-to-date: /home/cjj/Desktop/RM_work/ROS2_learning/chapter_3/chapt3_ws/install/my_ros2_interfaces/share/my_ros2_interfaces/cmake/my_ros2_interfaces__rosidl_typesupport_cppExport-noconfig.cmake
[1.172s] -- Up-to-date: /home/cjj/Desktop/RM_work/ROS2_learning/chapter_3/chapt3_ws/install/my_ros2_interfaces/share/my_ros2_interfaces/cmake/export_my_ros2_interfaces__rosidl_generator_pyExport.cmake
[1.172s] -- Up-to-date: /home/cjj/Desktop/RM_work/ROS2_learning/chapter_3/chapt3_ws/install/my_ros2_interfaces/share/my_ros2_interfaces/cmake/export_my_ros2_interfaces__rosidl_generator_pyExport-noconfig.cmake
[1.172s] -- Up-to-date: /home/cjj/Desktop/RM_work/ROS2_learning/chapter_3/chapt3_ws/install/my_ros2_interfaces/share/my_ros2_interfaces/cmake/rosidl_cmake-extras.cmake
[1.172s] -- Up-to-date: /home/cjj/Desktop/RM_work/ROS2_learning/chapter_3/chapt3_ws/install/my_ros2_interfaces/share/my_ros2_interfaces/cmake/ament_cmake_export_dependencies-extras.cmake
[1.172s] -- Up-to-date: /home/cjj/Desktop/RM_work/ROS2_learning/chapter_3/chapt3_ws/install/my_ros2_interfaces/share/my_ros2_interfaces/cmake/ament_cmake_export_include_directories-extras.cmake
[1.172s] -- Up-to-date: /home/cjj/Desktop/RM_work/ROS2_learning/chapter_3/chapt3_ws/install/my_ros2_interfaces/share/my_ros2_interfaces/cmake/ament_cmake_export_libraries-extras.cmake
[1.172s] -- Up-to-date: /home/cjj/Desktop/RM_work/ROS2_learning/chapter_3/chapt3_ws/install/my_ros2_interfaces/share/my_ros2_interfaces/cmake/ament_cmake_export_targets-extras.cmake
[1.172s] -- Up-to-date: /home/cjj/Desktop/RM_work/ROS2_learning/chapter_3/chapt3_ws/install/my_ros2_interfaces/share/my_ros2_interfaces/cmake/rosidl_cmake_export_typesupport_targets-extras.cmake
[1.172s] -- Up-to-date: /home/cjj/Desktop/RM_work/ROS2_learning/chapter_3/chapt3_ws/install/my_ros2_interfaces/share/my_ros2_interfaces/cmake/rosidl_cmake_export_typesupport_libraries-extras.cmake
[1.173s] -- Up-to-date: /home/cjj/Desktop/RM_work/ROS2_learning/chapter_3/chapt3_ws/install/my_ros2_interfaces/share/my_ros2_interfaces/cmake/my_ros2_interfacesConfig.cmake
[1.173s] -- Up-to-date: /home/cjj/Desktop/RM_work/ROS2_learning/chapter_3/chapt3_ws/install/my_ros2_interfaces/share/my_ros2_interfaces/cmake/my_ros2_interfacesConfig-version.cmake
[1.173s] -- Installing: /home/cjj/Desktop/RM_work/ROS2_learning/chapter_3/chapt3_ws/install/my_ros2_interfaces/share/my_ros2_interfaces/package.xml
[1.173s] Invoked command in '/home/cjj/Desktop/RM_work/ROS2_learning/chapter_3/chapt3_ws/build/my_ros2_interfaces' returned '0': CMAKE_PREFIX_PATH=${CMAKE_PREFIX_PATH}:/opt/ros/humble /usr/bin/cmake --install /home/cjj/Desktop/RM_work/ROS2_learning/chapter_3/chapt3_ws/build/my_ros2_interfaces
