[0.007s] Invoking command in '/home/cjj/Desktop/RM_work/ROS2_learning/chapter_4/chapt4_ws/build/startup': CMAKE_PREFIX_PATH=${CMAKE_PREFIX_PATH}:/opt/ros/humble /usr/bin/cmake /home/cjj/Desktop/RM_work/ROS2_learning/chapter_4/chapt4_ws/src/startup -DAMENT_CMAKE_SYMLINK_INSTALL=1 -DCMAKE_INSTALL_PREFIX=/home/cjj/Desktop/RM_work/ROS2_learning/chapter_4/chapt4_ws/install/startup
[0.019s] -- Found ament_cmake: 1.3.10 (/opt/ros/humble/share/ament_cmake/cmake)
[0.096s] -- Override CMake install command with custom implementation using symlinks instead of copying resources
[0.102s] -- Found ament_lint_auto: 0.12.11 (/opt/ros/humble/share/ament_lint_auto/cmake)
[0.147s] -- Added test 'flake8' to check Python code syntax and style conventions
[0.147s] -- Added test 'lint_cmake' to check CMake code style
[0.147s] -- Added test 'pep257' to check Python code against some of the docstring style conventions in PEP 257
[0.148s] -- Added test 'xmllint' to check XML markup files
[0.149s] -- Configuring done
[0.150s] -- Generating done
[0.151s] -- Build files have been written to: /home/cjj/Desktop/RM_work/ROS2_learning/chapter_4/chapt4_ws/build/startup
[0.154s] Invoked command in '/home/cjj/Desktop/RM_work/ROS2_learning/chapter_4/chapt4_ws/build/startup' returned '0': CMAKE_PREFIX_PATH=${CMAKE_PREFIX_PATH}:/opt/ros/humble /usr/bin/cmake /home/cjj/Desktop/RM_work/ROS2_learning/chapter_4/chapt4_ws/src/startup -DAMENT_CMAKE_SYMLINK_INSTALL=1 -DCMAKE_INSTALL_PREFIX=/home/cjj/Desktop/RM_work/ROS2_learning/chapter_4/chapt4_ws/install/startup
[0.155s] Invoking command in '/home/cjj/Desktop/RM_work/ROS2_learning/chapter_4/chapt4_ws/build/startup': CMAKE_PREFIX_PATH=${CMAKE_PREFIX_PATH}:/opt/ros/humble /usr/bin/cmake --build /home/cjj/Desktop/RM_work/ROS2_learning/chapter_4/chapt4_ws/build/startup -- -j20 -l20
[0.183s] Invoked command in '/home/cjj/Desktop/RM_work/ROS2_learning/chapter_4/chapt4_ws/build/startup' returned '0': CMAKE_PREFIX_PATH=${CMAKE_PREFIX_PATH}:/opt/ros/humble /usr/bin/cmake --build /home/cjj/Desktop/RM_work/ROS2_learning/chapter_4/chapt4_ws/build/startup -- -j20 -l20
[0.205s] Invoking command in '/home/cjj/Desktop/RM_work/ROS2_learning/chapter_4/chapt4_ws/build/startup': CMAKE_PREFIX_PATH=${CMAKE_PREFIX_PATH}:/opt/ros/humble /usr/bin/cmake --install /home/cjj/Desktop/RM_work/ROS2_learning/chapter_4/chapt4_ws/build/startup
[0.209s] -- Install configuration: ""
[0.209s] -- Execute custom install script
[0.209s] -- Symlinking: /home/cjj/Desktop/RM_work/ROS2_learning/chapter_4/chapt4_ws/install/startup/share/startup/launch/no_hardware_launch.py
[0.215s] -- Symlinking: /home/cjj/Desktop/RM_work/ROS2_learning/chapter_4/chapt4_ws/install/startup/share/ament_index/resource_index/package_run_dependencies/startup
[0.222s] -- Symlinking: /home/cjj/Desktop/RM_work/ROS2_learning/chapter_4/chapt4_ws/install/startup/share/ament_index/resource_index/parent_prefix_path/startup
[0.229s] -- Symlinking: /home/cjj/Desktop/RM_work/ROS2_learning/chapter_4/chapt4_ws/install/startup/share/startup/environment/ament_prefix_path.sh
[0.236s] -- Symlinking: /home/cjj/Desktop/RM_work/ROS2_learning/chapter_4/chapt4_ws/install/startup/share/startup/environment/ament_prefix_path.dsv
[0.243s] -- Symlinking: /home/cjj/Desktop/RM_work/ROS2_learning/chapter_4/chapt4_ws/install/startup/share/startup/environment/path.sh
[0.249s] -- Symlinking: /home/cjj/Desktop/RM_work/ROS2_learning/chapter_4/chapt4_ws/install/startup/share/startup/environment/path.dsv
[0.254s] -- Symlinking: /home/cjj/Desktop/RM_work/ROS2_learning/chapter_4/chapt4_ws/install/startup/share/startup/local_setup.bash
[0.261s] -- Symlinking: /home/cjj/Desktop/RM_work/ROS2_learning/chapter_4/chapt4_ws/install/startup/share/startup/local_setup.sh
[0.266s] -- Symlinking: /home/cjj/Desktop/RM_work/ROS2_learning/chapter_4/chapt4_ws/install/startup/share/startup/local_setup.zsh
[0.272s] -- Symlinking: /home/cjj/Desktop/RM_work/ROS2_learning/chapter_4/chapt4_ws/install/startup/share/startup/local_setup.dsv
[0.277s] -- Symlinking: /home/cjj/Desktop/RM_work/ROS2_learning/chapter_4/chapt4_ws/install/startup/share/startup/package.dsv
[0.283s] -- Symlinking: /home/cjj/Desktop/RM_work/ROS2_learning/chapter_4/chapt4_ws/install/startup/share/ament_index/resource_index/packages/startup
[0.290s] -- Symlinking: /home/cjj/Desktop/RM_work/ROS2_learning/chapter_4/chapt4_ws/install/startup/share/startup/cmake/startupConfig.cmake
[0.296s] -- Symlinking: /home/cjj/Desktop/RM_work/ROS2_learning/chapter_4/chapt4_ws/install/startup/share/startup/cmake/startupConfig-version.cmake
[0.302s] -- Symlinking: /home/cjj/Desktop/RM_work/ROS2_learning/chapter_4/chapt4_ws/install/startup/share/startup/package.xml
[0.310s] Invoked command in '/home/cjj/Desktop/RM_work/ROS2_learning/chapter_4/chapt4_ws/build/startup' returned '0': CMAKE_PREFIX_PATH=${CMAKE_PREFIX_PATH}:/opt/ros/humble /usr/bin/cmake --install /home/cjj/Desktop/RM_work/ROS2_learning/chapter_4/chapt4_ws/build/startup
