[0.008s] Invoking command in '/home/cjj/Desktop/RM_work/ROS2_learning/chapter_4/chapt4_ws/build/my_parameters_rclcpp': CMAKE_PREFIX_PATH=${CMAKE_PREFIX_PATH}:/opt/ros/humble /usr/bin/cmake --build /home/cjj/Desktop/RM_work/ROS2_learning/chapter_4/chapt4_ws/build/my_parameters_rclcpp -- -j20 -l20
[0.042s] [35m[1mConsolidate compiler generated dependencies of target parameters_basic[0m
[0.056s] [ 50%] [32mBuilding CXX object CMakeFiles/parameters_basic.dir/src/parameters_basic.cpp.o[0m
[1.922s] [100%] [32m[1mLinking CXX executable parameters_basic[0m
[1.998s] [100%] Built target parameters_basic
[2.007s] Invoked command in '/home/cjj/Desktop/RM_work/ROS2_learning/chapter_4/chapt4_ws/build/my_parameters_rclcpp' returned '0': CMAKE_PREFIX_PATH=${CMAKE_PREFIX_PATH}:/opt/ros/humble /usr/bin/cmake --build /home/cjj/Desktop/RM_work/ROS2_learning/chapter_4/chapt4_ws/build/my_parameters_rclcpp -- -j20 -l20
[2.030s] Invoking command in '/home/cjj/Desktop/RM_work/ROS2_learning/chapter_4/chapt4_ws/build/my_parameters_rclcpp': CMAKE_PREFIX_PATH=${CMAKE_PREFIX_PATH}:/opt/ros/humble /usr/bin/cmake --install /home/cjj/Desktop/RM_work/ROS2_learning/chapter_4/chapt4_ws/build/my_parameters_rclcpp
[2.035s] -- Install configuration: ""
[2.035s] -- Installing: /home/cjj/Desktop/RM_work/ROS2_learning/chapter_4/chapt4_ws/install/my_parameters_rclcpp/lib/my_parameters_rclcpp/parameters_basic
[2.035s] -- Set runtime path of "/home/cjj/Desktop/RM_work/ROS2_learning/chapter_4/chapt4_ws/install/my_parameters_rclcpp/lib/my_parameters_rclcpp/parameters_basic" to ""
[2.035s] -- Up-to-date: /home/cjj/Desktop/RM_work/ROS2_learning/chapter_4/chapt4_ws/install/my_parameters_rclcpp/share/ament_index/resource_index/package_run_dependencies/my_parameters_rclcpp
[2.035s] -- Up-to-date: /home/cjj/Desktop/RM_work/ROS2_learning/chapter_4/chapt4_ws/install/my_parameters_rclcpp/share/ament_index/resource_index/parent_prefix_path/my_parameters_rclcpp
[2.035s] -- Up-to-date: /home/cjj/Desktop/RM_work/ROS2_learning/chapter_4/chapt4_ws/install/my_parameters_rclcpp/share/my_parameters_rclcpp/environment/ament_prefix_path.sh
[2.036s] -- Up-to-date: /home/cjj/Desktop/RM_work/ROS2_learning/chapter_4/chapt4_ws/install/my_parameters_rclcpp/share/my_parameters_rclcpp/environment/ament_prefix_path.dsv
[2.036s] -- Up-to-date: /home/cjj/Desktop/RM_work/ROS2_learning/chapter_4/chapt4_ws/install/my_parameters_rclcpp/share/my_parameters_rclcpp/environment/path.sh
[2.036s] -- Up-to-date: /home/cjj/Desktop/RM_work/ROS2_learning/chapter_4/chapt4_ws/install/my_parameters_rclcpp/share/my_parameters_rclcpp/environment/path.dsv
[2.036s] -- Up-to-date: /home/cjj/Desktop/RM_work/ROS2_learning/chapter_4/chapt4_ws/install/my_parameters_rclcpp/share/my_parameters_rclcpp/local_setup.bash
[2.036s] -- Up-to-date: /home/cjj/Desktop/RM_work/ROS2_learning/chapter_4/chapt4_ws/install/my_parameters_rclcpp/share/my_parameters_rclcpp/local_setup.sh
[2.036s] -- Up-to-date: /home/cjj/Desktop/RM_work/ROS2_learning/chapter_4/chapt4_ws/install/my_parameters_rclcpp/share/my_parameters_rclcpp/local_setup.zsh
[2.036s] -- Up-to-date: /home/cjj/Desktop/RM_work/ROS2_learning/chapter_4/chapt4_ws/install/my_parameters_rclcpp/share/my_parameters_rclcpp/local_setup.dsv
[2.036s] -- Installing: /home/cjj/Desktop/RM_work/ROS2_learning/chapter_4/chapt4_ws/install/my_parameters_rclcpp/share/my_parameters_rclcpp/package.dsv
[2.036s] -- Up-to-date: /home/cjj/Desktop/RM_work/ROS2_learning/chapter_4/chapt4_ws/install/my_parameters_rclcpp/share/ament_index/resource_index/packages/my_parameters_rclcpp
[2.036s] -- Up-to-date: /home/cjj/Desktop/RM_work/ROS2_learning/chapter_4/chapt4_ws/install/my_parameters_rclcpp/share/my_parameters_rclcpp/cmake/my_parameters_rclcppConfig.cmake
[2.036s] -- Up-to-date: /home/cjj/Desktop/RM_work/ROS2_learning/chapter_4/chapt4_ws/install/my_parameters_rclcpp/share/my_parameters_rclcpp/cmake/my_parameters_rclcppConfig-version.cmake
[2.037s] -- Up-to-date: /home/cjj/Desktop/RM_work/ROS2_learning/chapter_4/chapt4_ws/install/my_parameters_rclcpp/share/my_parameters_rclcpp/package.xml
[2.037s] Invoked command in '/home/cjj/Desktop/RM_work/ROS2_learning/chapter_4/chapt4_ws/build/my_parameters_rclcpp' returned '0': CMAKE_PREFIX_PATH=${CMAKE_PREFIX_PATH}:/opt/ros/humble /usr/bin/cmake --install /home/cjj/Desktop/RM_work/ROS2_learning/chapter_4/chapt4_ws/build/my_parameters_rclcpp
