[0.007s] Invoking command in '/home/cjj/Desktop/RM_work/ROS2_learning/rviz2_tasks/build/image_detector': CMAKE_PREFIX_PATH=/home/cjj/Desktop/RM_work/ROS2_learning/rviz2_tasks/install/rm_interfaces:/home/cjj/Desktop/RM_work/ROS2_learning/rviz2_tasks/install/image_detector:/opt/ros/humble LD_LIBRARY_PATH=/home/cjj/Desktop/RM_work/ROS2_learning/rviz2_tasks/install/rm_interfaces/lib:/opt/ros/humble/opt/rviz_ogre_vendor/lib:/opt/ros/humble/lib/x86_64-linux-gnu:/opt/ros/humble/lib:/opt/MVS/lib/64:/opt/MVS/lib/32:/opt/intel/openvino/runtime/lib/intel64:/usr/local/lib:/opt/MVS/lib/64:/opt/MVS/lib/32:/opt/MVS/lib/64:/opt/MVS/lib/32 /usr/bin/cmake --build /home/cjj/Desktop/RM_work/ROS2_learning/rviz2_tasks/build/image_detector -- -j20 -l20
[0.024s] -- Found ament_cmake: 1.3.10 (/opt/ros/humble/share/ament_cmake/cmake)
[0.107s] -- Override CMake install command with custom implementation using symlinks instead of copying resources
[0.111s] -- Found rclcpp: 16.0.10 (/opt/ros/humble/share/rclcpp/cmake)
[0.130s] -- Found rosidl_generator_c: 3.1.5 (/opt/ros/humble/share/rosidl_generator_c/cmake)
[0.131s] -- Found rosidl_adapter: 3.1.5 (/opt/ros/humble/share/rosidl_adapter/cmake)
[0.134s] -- Found rosidl_generator_cpp: 3.1.5 (/opt/ros/humble/share/rosidl_generator_cpp/cmake)
[0.141s] -- Using all available rosidl_typesupport_c: rosidl_typesupport_fastrtps_c;rosidl_typesupport_introspection_c
[0.147s] -- Using all available rosidl_typesupport_cpp: rosidl_typesupport_fastrtps_cpp;rosidl_typesupport_introspection_cpp
[0.166s] -- Found rmw_implementation_cmake: 6.1.2 (/opt/ros/humble/share/rmw_implementation_cmake/cmake)
[0.166s] -- Found rmw_fastrtps_cpp: 6.2.7 (/opt/ros/humble/share/rmw_fastrtps_cpp/cmake)
[0.206s] -- Using RMW implementation 'rmw_fastrtps_cpp' as default
[0.233s] -- Found rm_interfaces: 0.0.0 (/home/cjj/Desktop/RM_work/ROS2_learning/rviz2_tasks/install/rm_interfaces/share/rm_interfaces/cmake)
[0.262s] -- Found ament_lint_auto: 0.12.11 (/opt/ros/humble/share/ament_lint_auto/cmake)
[0.302s] -- Added test 'cppcheck' to perform static code analysis on C / C++ code
[0.302s] -- Configured cppcheck include dirs: /home/cjj/Desktop/RM_work/ROS2_learning/rviz2_tasks/src/image_detector/include/image_detector
[0.303s] -- Configured cppcheck exclude dirs and/or files: 
[0.303s] -- Added test 'lint_cmake' to check CMake code style
[0.303s] -- Added test 'uncrustify' to check C / C++ code style
[0.303s] -- Configured uncrustify additional arguments: 
[0.303s] -- Added test 'xmllint' to check XML markup files
[0.304s] -- Configuring done
[0.306s] [31mCMake Error at CMakeLists.txt:27 (add_executable):
[0.306s]   Cannot find source file:
[0.306s] 
[0.306s]     src/.cpp
[0.306s] 
[0.306s]   Tried extensions .c .C .c++ .cc .cpp .cxx .cu .mpp .m .M .mm .ixx .cppm .h
[0.306s]   .hh .h++ .hm .hpp .hxx .in .txx .f .F .for .f77 .f90 .f95 .f03 .hip .ispc
[0.306s] 
[0.306s] [0m
[0.306s] [31mCMake Error at CMakeLists.txt:27 (add_executable):
[0.306s]   No SOURCES given to target: objective_track
[0.306s] 
[0.306s] [0m
[0.306s] [0mCMake Generate step failed.  Build files cannot be regenerated correctly.[0m
[0.310s] gmake: *** [Makefile:267：cmake_check_build_system] 错误 1
[0.312s] Invoked command in '/home/cjj/Desktop/RM_work/ROS2_learning/rviz2_tasks/build/image_detector' returned '2': CMAKE_PREFIX_PATH=/home/cjj/Desktop/RM_work/ROS2_learning/rviz2_tasks/install/rm_interfaces:/home/cjj/Desktop/RM_work/ROS2_learning/rviz2_tasks/install/image_detector:/opt/ros/humble LD_LIBRARY_PATH=/home/cjj/Desktop/RM_work/ROS2_learning/rviz2_tasks/install/rm_interfaces/lib:/opt/ros/humble/opt/rviz_ogre_vendor/lib:/opt/ros/humble/lib/x86_64-linux-gnu:/opt/ros/humble/lib:/opt/MVS/lib/64:/opt/MVS/lib/32:/opt/intel/openvino/runtime/lib/intel64:/usr/local/lib:/opt/MVS/lib/64:/opt/MVS/lib/32:/opt/MVS/lib/64:/opt/MVS/lib/32 /usr/bin/cmake --build /home/cjj/Desktop/RM_work/ROS2_learning/rviz2_tasks/build/image_detector -- -j20 -l20
