[01m[K/home/cjj/Desktop/RM_work/ROS2_learning/rviz2_tasks/src/image_detector/src/image_detector_node.cpp:4:32:[m[K [01;31m[Kerror: [m[Kexpected class-name before ‘[01m[K:[m[K’ token
    4 | class ImageDetectNode : public [01;31m[K:[m[K rclcpp::Node
      |                                [01;31m[K^[m[K
[01m[K/home/cjj/Desktop/RM_work/ROS2_learning/rviz2_tasks/src/image_detector/src/image_detector_node.cpp:4:32:[m[K [01;31m[Kerror: [m[Kexpected ‘[01m[K{[m[K’ before ‘[01m[K:[m[K’ token
[01m[K/home/cjj/Desktop/RM_work/ROS2_learning/rviz2_tasks/src/image_detector/src/image_detector_node.cpp:4:32:[m[K [01;31m[Kerror: [m[Kexpected unqualified-id before ‘[01m[K:[m[K’ token
[01m[K/home/cjj/Desktop/RM_work/ROS2_learning/rviz2_tasks/src/image_detector/src/image_detector_node.cpp:[m[K In function ‘[01m[Kint main(int, char**)[m[K’:
[01m[K/home/cjj/Desktop/RM_work/ROS2_learning/rviz2_tasks/src/image_detector/src/image_detector_node.cpp:16:21:[m[K [01;31m[Kerror: [m[Kvariable ‘[01m[KImageDetectNode node[m[K’ has initializer but incomplete type
   16 |     ImageDetectNode [01;31m[Knode[m[K = std::make_shared<ImageDetectNode>("image_detector");
      |                     [01;31m[K^~~~[m[K
In file included from [01m[K/usr/include/c++/11/bits/shared_ptr_base.h:60[m[K,
                 from [01m[K/usr/include/c++/11/bits/shared_ptr.h:53[m[K,
                 from [01m[K/usr/include/c++/11/memory:77[m[K,
                 from [01m[K/opt/ros/humble/include/rclcpp/rclcpp/rclcpp.hpp:153[m[K,
                 from [01m[K/home/cjj/Desktop/RM_work/ROS2_learning/rviz2_tasks/src/image_detector/src/image_detector_node.cpp:1[m[K:
/usr/include/c++/11/ext/aligned_buffer.h: In instantiation of ‘[01m[Kstruct __gnu_cxx::__aligned_buffer<ImageDetectNode>[m[K’:
[01m[K/usr/include/c++/11/bits/shared_ptr_base.h:506:35:[m[K   required from ‘[01m[Kclass std::_Sp_counted_ptr_inplace<ImageDetectNode, std::allocator<ImageDetectNode>, __gnu_cxx::_S_atomic>::_Impl[m[K’
[01m[K/usr/include/c++/11/bits/shared_ptr_base.h:567:13:[m[K   required from ‘[01m[Kclass std::_Sp_counted_ptr_inplace<ImageDetectNode, std::allocator<ImageDetectNode>, __gnu_cxx::_S_atomic>[m[K’
[01m[K/usr/include/c++/11/bits/shared_ptr_base.h:647:43:[m[K   required from ‘[01m[Kstd::__shared_count<_Lp>::__shared_count(_Tp*&, std::_Sp_alloc_shared_tag<_Alloc>, _Args&& ...) [with _Tp = ImageDetectNode; _Alloc = std::allocator<ImageDetectNode>; _Args = {const char (&)[15]}; __gnu_cxx::_Lock_policy _Lp = __gnu_cxx::_S_atomic][m[K’
[01m[K/usr/include/c++/11/bits/shared_ptr_base.h:1342:14:[m[K   required from ‘[01m[Kstd::__shared_ptr<_Tp, _Lp>::__shared_ptr(std::_Sp_alloc_shared_tag<_Tp>, _Args&& ...) [with _Alloc = std::allocator<ImageDetectNode>; _Args = {const char (&)[15]}; _Tp = ImageDetectNode; __gnu_cxx::_Lock_policy _Lp = __gnu_cxx::_S_atomic][m[K’
[01m[K/usr/include/c++/11/bits/shared_ptr.h:409:59:[m[K   required from ‘[01m[Kstd::shared_ptr<_Tp>::shared_ptr(std::_Sp_alloc_shared_tag<_Tp>, _Args&& ...) [with _Alloc = std::allocator<ImageDetectNode>; _Args = {const char (&)[15]}; _Tp = ImageDetectNode][m[K’
[01m[K/usr/include/c++/11/bits/shared_ptr.h:862:14:[m[K   required from ‘[01m[Kstd::shared_ptr<_Tp> std::allocate_shared(const _Alloc&, _Args&& ...) [with _Tp = ImageDetectNode; _Alloc = std::allocator<ImageDetectNode>; _Args = {const char (&)[15]}][m[K’
[01m[K/usr/include/c++/11/bits/shared_ptr.h:878:39:[m[K   required from ‘[01m[Kstd::shared_ptr<_Tp> std::make_shared(_Args&& ...) [with _Tp = ImageDetectNode; _Args = {const char (&)[15]}][m[K’
[01m[K/home/cjj/Desktop/RM_work/ROS2_learning/rviz2_tasks/src/image_detector/src/image_detector_node.cpp:16:61:[m[K   required from here
[01m[K/usr/include/c++/11/ext/aligned_buffer.h:91:28:[m[K [01;31m[Kerror: [m[Kinvalid application of ‘[01m[Ksizeof[m[K’ to incomplete type ‘[01m[KImageDetectNode[m[K’
   91 |     : std::aligned_storage<[01;31m[Ksizeof(_Tp)[m[K, __alignof__(_Tp)>
      |                            [01;31m[K^~~~~~~~~~~[m[K
[01m[K/usr/include/c++/11/ext/aligned_buffer.h:91:28:[m[K [01;31m[Kerror: [m[Kinvalid application of ‘[01m[Ksizeof[m[K’ to incomplete type ‘[01m[KImageDetectNode[m[K’
gmake[2]: *** [CMakeFiles/image_detector.dir/build.make:76：CMakeFiles/image_detector.dir/src/image_detector_node.cpp.o] 错误 1
gmake[1]: *** [CMakeFiles/Makefile2:137：CMakeFiles/image_detector.dir/all] 错误 2
gmake: *** [Makefile:146：all] 错误 2
