[0.009s] Invoking command in '/home/cjj/Desktop/RM_work/ROS2_learning/rviz2_tasks/build/show_points': CMAKE_PREFIX_PATH=${CMAKE_PREFIX_PATH}:/opt/ros/humble /usr/bin/cmake --build /home/cjj/Desktop/RM_work/ROS2_learning/rviz2_tasks/build/show_points -- -j20 -l20
[0.049s] [35m[1mConsolidate compiler generated dependencies of target show_points[0m
[0.063s] [ 50%] [32mBuilding CXX object CMakeFiles/show_points.dir/src/show_points_node.cpp.o[0m
[2.818s] [100%] [32m[1mLinking CXX executable show_points[0m
[2.955s] [100%] Built target show_points
[2.965s] Invoked command in '/home/cjj/Desktop/RM_work/ROS2_learning/rviz2_tasks/build/show_points' returned '0': CMAKE_PREFIX_PATH=${CMAKE_PREFIX_PATH}:/opt/ros/humble /usr/bin/cmake --build /home/cjj/Desktop/RM_work/ROS2_learning/rviz2_tasks/build/show_points -- -j20 -l20
[2.988s] Invoking command in '/home/cjj/Desktop/RM_work/ROS2_learning/rviz2_tasks/build/show_points': CMAKE_PREFIX_PATH=${CMAKE_PREFIX_PATH}:/opt/ros/humble /usr/bin/cmake --install /home/cjj/Desktop/RM_work/ROS2_learning/rviz2_tasks/build/show_points
[2.994s] -- Install configuration: ""
[2.994s] -- Execute custom install script
[2.994s] -- Up-to-date symlink: /home/cjj/Desktop/RM_work/ROS2_learning/rviz2_tasks/install/show_points/lib/show_points/show_points
[2.994s] -- Up-to-date symlink: /home/cjj/Desktop/RM_work/ROS2_learning/rviz2_tasks/install/show_points/share/ament_index/resource_index/package_run_dependencies/show_points
[2.994s] -- Up-to-date symlink: /home/cjj/Desktop/RM_work/ROS2_learning/rviz2_tasks/install/show_points/share/ament_index/resource_index/parent_prefix_path/show_points
[2.994s] -- Up-to-date symlink: /home/cjj/Desktop/RM_work/ROS2_learning/rviz2_tasks/install/show_points/share/show_points/environment/ament_prefix_path.sh
[2.994s] -- Up-to-date symlink: /home/cjj/Desktop/RM_work/ROS2_learning/rviz2_tasks/install/show_points/share/show_points/environment/ament_prefix_path.dsv
[2.994s] -- Up-to-date symlink: /home/cjj/Desktop/RM_work/ROS2_learning/rviz2_tasks/install/show_points/share/show_points/environment/path.sh
[2.994s] -- Up-to-date symlink: /home/cjj/Desktop/RM_work/ROS2_learning/rviz2_tasks/install/show_points/share/show_points/environment/path.dsv
[2.994s] -- Up-to-date symlink: /home/cjj/Desktop/RM_work/ROS2_learning/rviz2_tasks/install/show_points/share/show_points/local_setup.bash
[2.994s] -- Up-to-date symlink: /home/cjj/Desktop/RM_work/ROS2_learning/rviz2_tasks/install/show_points/share/show_points/local_setup.sh
[2.995s] -- Up-to-date symlink: /home/cjj/Desktop/RM_work/ROS2_learning/rviz2_tasks/install/show_points/share/show_points/local_setup.zsh
[2.995s] -- Up-to-date symlink: /home/cjj/Desktop/RM_work/ROS2_learning/rviz2_tasks/install/show_points/share/show_points/local_setup.dsv
[2.995s] -- Symlinking: /home/cjj/Desktop/RM_work/ROS2_learning/rviz2_tasks/install/show_points/share/show_points/package.dsv
[3.001s] -- Up-to-date symlink: /home/cjj/Desktop/RM_work/ROS2_learning/rviz2_tasks/install/show_points/share/ament_index/resource_index/packages/show_points
[3.001s] -- Up-to-date symlink: /home/cjj/Desktop/RM_work/ROS2_learning/rviz2_tasks/install/show_points/share/show_points/cmake/show_pointsConfig.cmake
[3.001s] -- Up-to-date symlink: /home/cjj/Desktop/RM_work/ROS2_learning/rviz2_tasks/install/show_points/share/show_points/cmake/show_pointsConfig-version.cmake
[3.001s] -- Up-to-date symlink: /home/cjj/Desktop/RM_work/ROS2_learning/rviz2_tasks/install/show_points/share/show_points/package.xml
[3.003s] Invoked command in '/home/cjj/Desktop/RM_work/ROS2_learning/rviz2_tasks/build/show_points' returned '0': CMAKE_PREFIX_PATH=${CMAKE_PREFIX_PATH}:/opt/ros/humble /usr/bin/cmake --install /home/cjj/Desktop/RM_work/ROS2_learning/rviz2_tasks/build/show_points
