[0.008s] Invoking command in '/home/cjj/Desktop/RM_work/ROS2_learning/chapter_3/chapt3_ws/build/my_service_rclcpp': CMAKE_PREFIX_PATH=${CMAKE_PREFIX_PATH}:/opt/ros/humble /usr/bin/cmake --build /home/cjj/Desktop/RM_work/ROS2_learning/chapter_3/chapt3_ws/build/my_service_rclcpp -- -j20 -l20
[0.027s] -- Found ament_cmake: 1.3.10 (/opt/ros/humble/share/ament_cmake/cmake)
[0.111s] -- Found rclcpp: 16.0.10 (/opt/ros/humble/share/rclcpp/cmake)
[0.128s] -- Found rosidl_generator_c: 3.1.5 (/opt/ros/humble/share/rosidl_generator_c/cmake)
[0.129s] -- Found rosidl_adapter: 3.1.5 (/opt/ros/humble/share/rosidl_adapter/cmake)
[0.133s] -- Found rosidl_generator_cpp: 3.1.5 (/opt/ros/humble/share/rosidl_generator_cpp/cmake)
[0.138s] -- Using all available rosidl_typesupport_c: rosidl_typesupport_fastrtps_c;rosidl_typesupport_introspection_c
[0.144s] -- Using all available rosidl_typesupport_cpp: rosidl_typesupport_fastrtps_cpp;rosidl_typesupport_introspection_cpp
[0.163s] -- Found rmw_implementation_cmake: 6.1.2 (/opt/ros/humble/share/rmw_implementation_cmake/cmake)
[0.164s] -- Found rmw_fastrtps_cpp: 6.2.7 (/opt/ros/humble/share/rmw_fastrtps_cpp/cmake)
[0.206s] -- Using RMW implementation 'rmw_fastrtps_cpp' as default
[0.235s] -- Found example_interfaces: 0.9.3 (/opt/ros/humble/share/example_interfaces/cmake)
[0.263s] -- Found ament_lint_auto: 0.12.11 (/opt/ros/humble/share/ament_lint_auto/cmake)
[0.307s] -- Added test 'cppcheck' to perform static code analysis on C / C++ code
[0.307s] -- Configured cppcheck include dirs: 
[0.307s] -- Configured cppcheck exclude dirs and/or files: 
[0.308s] -- Added test 'lint_cmake' to check CMake code style
[0.308s] -- Added test 'uncrustify' to check C / C++ code style
[0.308s] -- Configured uncrustify additional arguments: 
[0.308s] -- Added test 'xmllint' to check XML markup files
[0.310s] -- Configuring done
[0.317s] -- Generating done
[0.318s] -- Build files have been written to: /home/cjj/Desktop/RM_work/ROS2_learning/chapter_3/chapt3_ws/build/my_service_rclcpp
[0.340s] [35m[1mConsolidate compiler generated dependencies of target service_client_01[0m
[0.341s] [35m[1mConsolidate compiler generated dependencies of target service_server_01[0m
[0.354s] [ 50%] [32mBuilding CXX object CMakeFiles/service_client_01.dir/src/service_client_01.cpp.o[0m
[0.354s] [ 50%] [32mBuilding CXX object CMakeFiles/service_server_01.dir/src/service_server_01.cpp.o[0m
[2.200s] [ 75%] [32m[1mLinking CXX executable service_client_01[0m
[2.289s] [ 75%] Built target service_client_01
[2.588s] [100%] [32m[1mLinking CXX executable service_server_01[0m
[2.697s] [100%] Built target service_server_01
[2.707s] Invoked command in '/home/cjj/Desktop/RM_work/ROS2_learning/chapter_3/chapt3_ws/build/my_service_rclcpp' returned '0': CMAKE_PREFIX_PATH=${CMAKE_PREFIX_PATH}:/opt/ros/humble /usr/bin/cmake --build /home/cjj/Desktop/RM_work/ROS2_learning/chapter_3/chapt3_ws/build/my_service_rclcpp -- -j20 -l20
[2.737s] Invoking command in '/home/cjj/Desktop/RM_work/ROS2_learning/chapter_3/chapt3_ws/build/my_service_rclcpp': CMAKE_PREFIX_PATH=${CMAKE_PREFIX_PATH}:/opt/ros/humble /usr/bin/cmake --install /home/cjj/Desktop/RM_work/ROS2_learning/chapter_3/chapt3_ws/build/my_service_rclcpp
[2.743s] -- Install configuration: ""
[2.743s] -- Installing: /home/cjj/Desktop/RM_work/ROS2_learning/chapter_3/chapt3_ws/install/my_service_rclcpp/share/ament_index/resource_index/package_run_dependencies/my_service_rclcpp
[2.744s] -- Installing: /home/cjj/Desktop/RM_work/ROS2_learning/chapter_3/chapt3_ws/install/my_service_rclcpp/share/ament_index/resource_index/parent_prefix_path/my_service_rclcpp
[2.744s] -- Up-to-date: /home/cjj/Desktop/RM_work/ROS2_learning/chapter_3/chapt3_ws/install/my_service_rclcpp/share/my_service_rclcpp/environment/ament_prefix_path.sh
[2.744s] -- Installing: /home/cjj/Desktop/RM_work/ROS2_learning/chapter_3/chapt3_ws/install/my_service_rclcpp/share/my_service_rclcpp/environment/ament_prefix_path.dsv
[2.744s] -- Up-to-date: /home/cjj/Desktop/RM_work/ROS2_learning/chapter_3/chapt3_ws/install/my_service_rclcpp/share/my_service_rclcpp/environment/path.sh
[2.744s] -- Installing: /home/cjj/Desktop/RM_work/ROS2_learning/chapter_3/chapt3_ws/install/my_service_rclcpp/share/my_service_rclcpp/environment/path.dsv
[2.744s] -- Up-to-date: /home/cjj/Desktop/RM_work/ROS2_learning/chapter_3/chapt3_ws/install/my_service_rclcpp/share/my_service_rclcpp/local_setup.bash
[2.744s] -- Up-to-date: /home/cjj/Desktop/RM_work/ROS2_learning/chapter_3/chapt3_ws/install/my_service_rclcpp/share/my_service_rclcpp/local_setup.sh
[2.744s] -- Up-to-date: /home/cjj/Desktop/RM_work/ROS2_learning/chapter_3/chapt3_ws/install/my_service_rclcpp/share/my_service_rclcpp/local_setup.zsh
[2.744s] -- Installing: /home/cjj/Desktop/RM_work/ROS2_learning/chapter_3/chapt3_ws/install/my_service_rclcpp/share/my_service_rclcpp/local_setup.dsv
[2.744s] -- Installing: /home/cjj/Desktop/RM_work/ROS2_learning/chapter_3/chapt3_ws/install/my_service_rclcpp/share/my_service_rclcpp/package.dsv
[2.744s] -- Up-to-date: /home/cjj/Desktop/RM_work/ROS2_learning/chapter_3/chapt3_ws/install/my_service_rclcpp/share/ament_index/resource_index/packages/my_service_rclcpp
[2.744s] -- Up-to-date: /home/cjj/Desktop/RM_work/ROS2_learning/chapter_3/chapt3_ws/install/my_service_rclcpp/share/my_service_rclcpp/cmake/my_service_rclcppConfig.cmake
[2.744s] -- Up-to-date: /home/cjj/Desktop/RM_work/ROS2_learning/chapter_3/chapt3_ws/install/my_service_rclcpp/share/my_service_rclcpp/cmake/my_service_rclcppConfig-version.cmake
[2.744s] -- Installing: /home/cjj/Desktop/RM_work/ROS2_learning/chapter_3/chapt3_ws/install/my_service_rclcpp/share/my_service_rclcpp/package.xml
[2.744s] -- Installing: /home/cjj/Desktop/RM_work/ROS2_learning/chapter_3/chapt3_ws/install/my_service_rclcpp/lib/my_service_rclcpp/service_server_01
[2.745s] -- Set runtime path of "/home/cjj/Desktop/RM_work/ROS2_learning/chapter_3/chapt3_ws/install/my_service_rclcpp/lib/my_service_rclcpp/service_server_01" to ""
[2.745s] -- Installing: /home/cjj/Desktop/RM_work/ROS2_learning/chapter_3/chapt3_ws/install/my_service_rclcpp/lib/my_service_rclcpp/service_client_01
[2.745s] -- Set runtime path of "/home/cjj/Desktop/RM_work/ROS2_learning/chapter_3/chapt3_ws/install/my_service_rclcpp/lib/my_service_rclcpp/service_client_01" to ""
[2.747s] Invoked command in '/home/cjj/Desktop/RM_work/ROS2_learning/chapter_3/chapt3_ws/build/my_service_rclcpp' returned '0': CMAKE_PREFIX_PATH=${CMAKE_PREFIX_PATH}:/opt/ros/humble /usr/bin/cmake --install /home/cjj/Desktop/RM_work/ROS2_learning/chapter_3/chapt3_ws/build/my_service_rclcpp
