-- Found ament_cmake: 1.3.10 (/opt/ros/humble/share/ament_cmake/cmake)
-- Override CMake install command with custom implementation using symlinks instead of copying resources
-- Found rclcpp: 16.0.10 (/opt/ros/humble/share/rclcpp/cmake)
-- Found rosidl_generator_c: 3.1.5 (/opt/ros/humble/share/rosidl_generator_c/cmake)
-- Found rosidl_adapter: 3.1.5 (/opt/ros/humble/share/rosidl_adapter/cmake)
-- Found rosidl_generator_cpp: 3.1.5 (/opt/ros/humble/share/rosidl_generator_cpp/cmake)
-- Using all available rosidl_typesupport_c: rosidl_typesupport_fastrtps_c;rosidl_typesupport_introspection_c
-- Using all available rosidl_typesupport_cpp: rosidl_typesupport_fastrtps_cpp;rosidl_typesupport_introspection_cpp
-- Found rmw_implementation_cmake: 6.1.2 (/opt/ros/humble/share/rmw_implementation_cmake/cmake)
-- Found rmw_fastrtps_cpp: 6.2.7 (/opt/ros/humble/share/rmw_fastrtps_cpp/cmake)
-- Using RMW implementation 'rmw_fastrtps_cpp' as default
-- Found rm_interfaces: 0.0.0 (/home/cjj/Desktop/RM_work/ROS2_learning/rviz2_tasks/install/rm_interfaces/share/rm_interfaces/cmake)
-- Found ament_lint_auto: 0.12.11 (/opt/ros/humble/share/ament_lint_auto/cmake)
-- Added test 'cppcheck' to perform static code analysis on C / C++ code
-- Configured cppcheck include dirs: /home/cjj/Desktop/RM_work/ROS2_learning/rviz2_tasks/src/image_detector/include/image_detector
-- Configured cppcheck exclude dirs and/or files: 
-- Added test 'lint_cmake' to check CMake code style
-- Added test 'uncrustify' to check C / C++ code style
-- Configured uncrustify additional arguments: 
-- Added test 'xmllint' to check XML markup files
-- Configuring done
-- Generating done
-- Build files have been written to: /home/cjj/Desktop/RM_work/ROS2_learning/rviz2_tasks/build/image_detector
[ 50%] [32mBuilding CXX object CMakeFiles/objective_track.dir/src/main.cpp.o[0m
In file included from [01m[K/home/cjj/Desktop/RM_work/ROS2_learning/rviz2_tasks/src/image_detector/src/main.cpp:1[m[K:
[01m[K/home/cjj/Desktop/RM_work/ROS2_learning/rviz2_tasks/src/image_detector/include/image_detector/objective_track.hpp:[m[K In function ‘[01m[Kvoid track(cv::Mat&, cv::Mat&)[m[K’:
[01m[K/home/cjj/Desktop/RM_work/ROS2_learning/rviz2_tasks/src/image_detector/include/image_detector/objective_track.hpp:28:23:[m[K [01;35m[Kwarning: [m[Kcomparison of integer expressions of different signedness: ‘[01m[Kint[m[K’ and ‘[01m[Kstd::vector<std::vector<cv::Point_<int> > >::size_type[m[K’ {aka ‘[01m[Klong unsigned int[m[K’} [[01;35m[K]8;;https://gcc.gnu.org/onlinedocs/gcc/Warning-Options.html#index-Wsign-compare-Wsign-compare]8;;[m[K]
   28 |     for (int i = 0; [01;35m[Ki < contours.size()[m[K; i++){
      |                     [01;35m[K~~^~~~~~~~~~~~~~~~~[m[K
[100%] [32m[1mLinking CXX executable objective_track[0m
[100%] Built target objective_track
-- Install configuration: ""
-- Execute custom install script
-- Symlinking: /home/cjj/Desktop/RM_work/ROS2_learning/rviz2_tasks/install/image_detector/lib/image_detector/objective_track
-- Up-to-date symlink: /home/cjj/Desktop/RM_work/ROS2_learning/rviz2_tasks/install/image_detector/share/ament_index/resource_index/package_run_dependencies/image_detector
-- Up-to-date symlink: /home/cjj/Desktop/RM_work/ROS2_learning/rviz2_tasks/install/image_detector/share/ament_index/resource_index/parent_prefix_path/image_detector
-- Up-to-date symlink: /home/cjj/Desktop/RM_work/ROS2_learning/rviz2_tasks/install/image_detector/share/image_detector/environment/ament_prefix_path.sh
-- Up-to-date symlink: /home/cjj/Desktop/RM_work/ROS2_learning/rviz2_tasks/install/image_detector/share/image_detector/environment/ament_prefix_path.dsv
-- Up-to-date symlink: /home/cjj/Desktop/RM_work/ROS2_learning/rviz2_tasks/install/image_detector/share/image_detector/environment/path.sh
-- Up-to-date symlink: /home/cjj/Desktop/RM_work/ROS2_learning/rviz2_tasks/install/image_detector/share/image_detector/environment/path.dsv
-- Up-to-date symlink: /home/cjj/Desktop/RM_work/ROS2_learning/rviz2_tasks/install/image_detector/share/image_detector/local_setup.bash
-- Up-to-date symlink: /home/cjj/Desktop/RM_work/ROS2_learning/rviz2_tasks/install/image_detector/share/image_detector/local_setup.sh
-- Up-to-date symlink: /home/cjj/Desktop/RM_work/ROS2_learning/rviz2_tasks/install/image_detector/share/image_detector/local_setup.zsh
-- Up-to-date symlink: /home/cjj/Desktop/RM_work/ROS2_learning/rviz2_tasks/install/image_detector/share/image_detector/local_setup.dsv
-- Symlinking: /home/cjj/Desktop/RM_work/ROS2_learning/rviz2_tasks/install/image_detector/share/image_detector/package.dsv
-- Up-to-date symlink: /home/cjj/Desktop/RM_work/ROS2_learning/rviz2_tasks/install/image_detector/share/ament_index/resource_index/packages/image_detector
-- Up-to-date symlink: /home/cjj/Desktop/RM_work/ROS2_learning/rviz2_tasks/install/image_detector/share/image_detector/cmake/image_detectorConfig.cmake
-- Up-to-date symlink: /home/cjj/Desktop/RM_work/ROS2_learning/rviz2_tasks/install/image_detector/share/image_detector/cmake/image_detectorConfig-version.cmake
-- Up-to-date symlink: /home/cjj/Desktop/RM_work/ROS2_learning/rviz2_tasks/install/image_detector/share/image_detector/package.xml
