[0.069s] DEBUG:colcon:Command line arguments: ['/usr/bin/colcon', 'list', '-p', '--base-paths', '/home/cjj/Desktop/RM_work/ROS2_learning/chapter_3/chapt3_ws']
[0.069s] DEBUG:colcon:Parsed command line arguments: Namespace(log_base=None, log_level=None, verb_name='list', build_base='build', ignore_user_meta=False, metas=['./colcon.meta'], base_paths=['/home/cjj/Desktop/RM_work/ROS2_learning/chapter_3/chapt3_ws'], packages_ignore=None, packages_ignore_regex=None, paths=None, packages_up_to=None, packages_up_to_regex=None, packages_above=None, packages_above_and_dependencies=None, packages_above_depth=None, packages_select_by_dep=None, packages_skip_by_dep=None, packages_skip_up_to=None, packages_select_build_failed=False, packages_skip_build_finished=False, packages_select_test_failures=False, packages_skip_test_passed=False, packages_select=None, packages_skip=None, packages_select_regex=None, packages_skip_regex=None, packages_start=None, packages_end=None, allow_overriding=[], topological_order=False, names_only=False, paths_only=True, topological_graph=False, topological_graph_dot=False, topological_graph_density=False, topological_graph_legend=False, topological_graph_dot_cluster=False, topological_graph_dot_include_skipped=False, mixin_files=None, mixin=None, verb_parser=<colcon_mixin.mixin.mixin_argument.MixinArgumentDecorator object at 0x7a2846347010>, verb_extension=<colcon_package_information.verb.list.ListVerb object at 0x7a2846346740>, main=<bound method ListVerb.main of <colcon_package_information.verb.list.ListVerb object at 0x7a2846346740>>, mixin_verb=('list',))
[0.181s] Level 1:colcon.colcon_core.package_discovery:discover_packages(colcon_meta) check parameters
[0.181s] Level 1:colcon.colcon_core.package_discovery:discover_packages(recursive) check parameters
[0.181s] Level 1:colcon.colcon_core.package_discovery:discover_packages(ignore) check parameters
[0.181s] Level 1:colcon.colcon_core.package_discovery:discover_packages(path) check parameters
[0.181s] Level 1:colcon.colcon_core.package_discovery:discover_packages(recursive) discover
[0.181s] INFO:colcon.colcon_core.package_discovery:Crawling recursively for packages in '/home/cjj/Desktop/RM_work/ROS2_learning/chapter_3/chapt3_ws'
[0.181s] Level 1:colcon.colcon_core.package_identification:_identify(/home/cjj/Desktop/RM_work/ROS2_learning/chapter_3/chapt3_ws) by extensions ['ignore', 'ignore_ament_install']
[0.181s] Level 1:colcon.colcon_core.package_identification:_identify(/home/cjj/Desktop/RM_work/ROS2_learning/chapter_3/chapt3_ws) by extension 'ignore'
[0.181s] Level 1:colcon.colcon_core.package_identification:_identify(/home/cjj/Desktop/RM_work/ROS2_learning/chapter_3/chapt3_ws) by extension 'ignore_ament_install'
[0.182s] Level 1:colcon.colcon_core.package_identification:_identify(/home/cjj/Desktop/RM_work/ROS2_learning/chapter_3/chapt3_ws) by extensions ['colcon_pkg']
[0.182s] Level 1:colcon.colcon_core.package_identification:_identify(/home/cjj/Desktop/RM_work/ROS2_learning/chapter_3/chapt3_ws) by extension 'colcon_pkg'
[0.182s] Level 1:colcon.colcon_core.package_identification:_identify(/home/cjj/Desktop/RM_work/ROS2_learning/chapter_3/chapt3_ws) by extensions ['colcon_meta']
[0.182s] Level 1:colcon.colcon_core.package_identification:_identify(/home/cjj/Desktop/RM_work/ROS2_learning/chapter_3/chapt3_ws) by extension 'colcon_meta'
[0.182s] Level 1:colcon.colcon_core.package_identification:_identify(/home/cjj/Desktop/RM_work/ROS2_learning/chapter_3/chapt3_ws) by extensions ['ros']
[0.182s] Level 1:colcon.colcon_core.package_identification:_identify(/home/cjj/Desktop/RM_work/ROS2_learning/chapter_3/chapt3_ws) by extension 'ros'
[0.191s] Level 1:colcon.colcon_core.package_identification:_identify(/home/cjj/Desktop/RM_work/ROS2_learning/chapter_3/chapt3_ws) by extensions ['cmake', 'python']
[0.191s] Level 1:colcon.colcon_core.package_identification:_identify(/home/cjj/Desktop/RM_work/ROS2_learning/chapter_3/chapt3_ws) by extension 'cmake'
[0.191s] Level 1:colcon.colcon_core.package_identification:_identify(/home/cjj/Desktop/RM_work/ROS2_learning/chapter_3/chapt3_ws) by extension 'python'
[0.191s] Level 1:colcon.colcon_core.package_identification:_identify(/home/cjj/Desktop/RM_work/ROS2_learning/chapter_3/chapt3_ws) by extensions ['python_setup_py']
[0.191s] Level 1:colcon.colcon_core.package_identification:_identify(/home/cjj/Desktop/RM_work/ROS2_learning/chapter_3/chapt3_ws) by extension 'python_setup_py'
[0.192s] Level 1:colcon.colcon_core.package_identification:_identify(/home/cjj/Desktop/RM_work/ROS2_learning/chapter_3/chapt3_ws/build) by extensions ['ignore', 'ignore_ament_install']
[0.192s] Level 1:colcon.colcon_core.package_identification:_identify(/home/cjj/Desktop/RM_work/ROS2_learning/chapter_3/chapt3_ws/build) by extension 'ignore'
[0.192s] Level 1:colcon.colcon_core.package_identification:_identify(/home/cjj/Desktop/RM_work/ROS2_learning/chapter_3/chapt3_ws/build) ignored
[0.192s] Level 1:colcon.colcon_core.package_identification:_identify(/home/cjj/Desktop/RM_work/ROS2_learning/chapter_3/chapt3_ws/install) by extensions ['ignore', 'ignore_ament_install']
[0.192s] Level 1:colcon.colcon_core.package_identification:_identify(/home/cjj/Desktop/RM_work/ROS2_learning/chapter_3/chapt3_ws/install) by extension 'ignore'
[0.192s] Level 1:colcon.colcon_core.package_identification:_identify(/home/cjj/Desktop/RM_work/ROS2_learning/chapter_3/chapt3_ws/install) ignored
[0.192s] Level 1:colcon.colcon_core.package_identification:_identify(/home/cjj/Desktop/RM_work/ROS2_learning/chapter_3/chapt3_ws/log) by extensions ['ignore', 'ignore_ament_install']
[0.192s] Level 1:colcon.colcon_core.package_identification:_identify(/home/cjj/Desktop/RM_work/ROS2_learning/chapter_3/chapt3_ws/log) by extension 'ignore'
[0.192s] Level 1:colcon.colcon_core.package_identification:_identify(/home/cjj/Desktop/RM_work/ROS2_learning/chapter_3/chapt3_ws/log) ignored
[0.193s] Level 1:colcon.colcon_core.package_identification:_identify(/home/cjj/Desktop/RM_work/ROS2_learning/chapter_3/chapt3_ws/src) by extensions ['ignore', 'ignore_ament_install']
[0.193s] Level 1:colcon.colcon_core.package_identification:_identify(/home/cjj/Desktop/RM_work/ROS2_learning/chapter_3/chapt3_ws/src) by extension 'ignore'
[0.193s] Level 1:colcon.colcon_core.package_identification:_identify(/home/cjj/Desktop/RM_work/ROS2_learning/chapter_3/chapt3_ws/src) by extension 'ignore_ament_install'
[0.193s] Level 1:colcon.colcon_core.package_identification:_identify(/home/cjj/Desktop/RM_work/ROS2_learning/chapter_3/chapt3_ws/src) by extensions ['colcon_pkg']
[0.193s] Level 1:colcon.colcon_core.package_identification:_identify(/home/cjj/Desktop/RM_work/ROS2_learning/chapter_3/chapt3_ws/src) by extension 'colcon_pkg'
[0.193s] Level 1:colcon.colcon_core.package_identification:_identify(/home/cjj/Desktop/RM_work/ROS2_learning/chapter_3/chapt3_ws/src) by extensions ['colcon_meta']
[0.193s] Level 1:colcon.colcon_core.package_identification:_identify(/home/cjj/Desktop/RM_work/ROS2_learning/chapter_3/chapt3_ws/src) by extension 'colcon_meta'
[0.193s] Level 1:colcon.colcon_core.package_identification:_identify(/home/cjj/Desktop/RM_work/ROS2_learning/chapter_3/chapt3_ws/src) by extensions ['ros']
[0.193s] Level 1:colcon.colcon_core.package_identification:_identify(/home/cjj/Desktop/RM_work/ROS2_learning/chapter_3/chapt3_ws/src) by extension 'ros'
[0.193s] Level 1:colcon.colcon_core.package_identification:_identify(/home/cjj/Desktop/RM_work/ROS2_learning/chapter_3/chapt3_ws/src) by extensions ['cmake', 'python']
[0.193s] Level 1:colcon.colcon_core.package_identification:_identify(/home/cjj/Desktop/RM_work/ROS2_learning/chapter_3/chapt3_ws/src) by extension 'cmake'
[0.193s] Level 1:colcon.colcon_core.package_identification:_identify(/home/cjj/Desktop/RM_work/ROS2_learning/chapter_3/chapt3_ws/src) by extension 'python'
[0.193s] Level 1:colcon.colcon_core.package_identification:_identify(/home/cjj/Desktop/RM_work/ROS2_learning/chapter_3/chapt3_ws/src) by extensions ['python_setup_py']
[0.193s] Level 1:colcon.colcon_core.package_identification:_identify(/home/cjj/Desktop/RM_work/ROS2_learning/chapter_3/chapt3_ws/src) by extension 'python_setup_py'
[0.193s] Level 1:colcon.colcon_core.package_identification:_identify(/home/cjj/Desktop/RM_work/ROS2_learning/chapter_3/chapt3_ws/src/my_interfaces_rclcpp) by extensions ['ignore', 'ignore_ament_install']
[0.193s] Level 1:colcon.colcon_core.package_identification:_identify(/home/cjj/Desktop/RM_work/ROS2_learning/chapter_3/chapt3_ws/src/my_interfaces_rclcpp) by extension 'ignore'
[0.193s] Level 1:colcon.colcon_core.package_identification:_identify(/home/cjj/Desktop/RM_work/ROS2_learning/chapter_3/chapt3_ws/src/my_interfaces_rclcpp) by extension 'ignore_ament_install'
[0.193s] Level 1:colcon.colcon_core.package_identification:_identify(/home/cjj/Desktop/RM_work/ROS2_learning/chapter_3/chapt3_ws/src/my_interfaces_rclcpp) by extensions ['colcon_pkg']
[0.193s] Level 1:colcon.colcon_core.package_identification:_identify(/home/cjj/Desktop/RM_work/ROS2_learning/chapter_3/chapt3_ws/src/my_interfaces_rclcpp) by extension 'colcon_pkg'
[0.193s] Level 1:colcon.colcon_core.package_identification:_identify(/home/cjj/Desktop/RM_work/ROS2_learning/chapter_3/chapt3_ws/src/my_interfaces_rclcpp) by extensions ['colcon_meta']
[0.193s] Level 1:colcon.colcon_core.package_identification:_identify(/home/cjj/Desktop/RM_work/ROS2_learning/chapter_3/chapt3_ws/src/my_interfaces_rclcpp) by extension 'colcon_meta'
[0.193s] Level 1:colcon.colcon_core.package_identification:_identify(/home/cjj/Desktop/RM_work/ROS2_learning/chapter_3/chapt3_ws/src/my_interfaces_rclcpp) by extensions ['ros']
[0.193s] Level 1:colcon.colcon_core.package_identification:_identify(/home/cjj/Desktop/RM_work/ROS2_learning/chapter_3/chapt3_ws/src/my_interfaces_rclcpp) by extension 'ros'
[0.196s] DEBUG:colcon.colcon_core.package_identification:Package '/home/cjj/Desktop/RM_work/ROS2_learning/chapter_3/chapt3_ws/src/my_interfaces_rclcpp' with type 'ros.ament_cmake' and name 'my_interfaces_rclcpp'
[0.196s] Level 1:colcon.colcon_core.package_identification:_identify(/home/cjj/Desktop/RM_work/ROS2_learning/chapter_3/chapt3_ws/src/my_ros2_interfaces) by extensions ['ignore', 'ignore_ament_install']
[0.196s] Level 1:colcon.colcon_core.package_identification:_identify(/home/cjj/Desktop/RM_work/ROS2_learning/chapter_3/chapt3_ws/src/my_ros2_interfaces) by extension 'ignore'
[0.196s] Level 1:colcon.colcon_core.package_identification:_identify(/home/cjj/Desktop/RM_work/ROS2_learning/chapter_3/chapt3_ws/src/my_ros2_interfaces) by extension 'ignore_ament_install'
[0.196s] Level 1:colcon.colcon_core.package_identification:_identify(/home/cjj/Desktop/RM_work/ROS2_learning/chapter_3/chapt3_ws/src/my_ros2_interfaces) by extensions ['colcon_pkg']
[0.196s] Level 1:colcon.colcon_core.package_identification:_identify(/home/cjj/Desktop/RM_work/ROS2_learning/chapter_3/chapt3_ws/src/my_ros2_interfaces) by extension 'colcon_pkg'
[0.196s] Level 1:colcon.colcon_core.package_identification:_identify(/home/cjj/Desktop/RM_work/ROS2_learning/chapter_3/chapt3_ws/src/my_ros2_interfaces) by extensions ['colcon_meta']
[0.196s] Level 1:colcon.colcon_core.package_identification:_identify(/home/cjj/Desktop/RM_work/ROS2_learning/chapter_3/chapt3_ws/src/my_ros2_interfaces) by extension 'colcon_meta'
[0.196s] Level 1:colcon.colcon_core.package_identification:_identify(/home/cjj/Desktop/RM_work/ROS2_learning/chapter_3/chapt3_ws/src/my_ros2_interfaces) by extensions ['ros']
[0.196s] Level 1:colcon.colcon_core.package_identification:_identify(/home/cjj/Desktop/RM_work/ROS2_learning/chapter_3/chapt3_ws/src/my_ros2_interfaces) by extension 'ros'
[0.197s] DEBUG:colcon.colcon_core.package_identification:Package '/home/cjj/Desktop/RM_work/ROS2_learning/chapter_3/chapt3_ws/src/my_ros2_interfaces' with type 'ros.ament_cmake' and name 'my_ros2_interfaces'
[0.197s] Level 1:colcon.colcon_core.package_identification:_identify(/home/cjj/Desktop/RM_work/ROS2_learning/chapter_3/chapt3_ws/src/my_service_rclcpp) by extensions ['ignore', 'ignore_ament_install']
[0.197s] Level 1:colcon.colcon_core.package_identification:_identify(/home/cjj/Desktop/RM_work/ROS2_learning/chapter_3/chapt3_ws/src/my_service_rclcpp) by extension 'ignore'
[0.197s] Level 1:colcon.colcon_core.package_identification:_identify(/home/cjj/Desktop/RM_work/ROS2_learning/chapter_3/chapt3_ws/src/my_service_rclcpp) by extension 'ignore_ament_install'
[0.197s] Level 1:colcon.colcon_core.package_identification:_identify(/home/cjj/Desktop/RM_work/ROS2_learning/chapter_3/chapt3_ws/src/my_service_rclcpp) by extensions ['colcon_pkg']
[0.197s] Level 1:colcon.colcon_core.package_identification:_identify(/home/cjj/Desktop/RM_work/ROS2_learning/chapter_3/chapt3_ws/src/my_service_rclcpp) by extension 'colcon_pkg'
[0.197s] Level 1:colcon.colcon_core.package_identification:_identify(/home/cjj/Desktop/RM_work/ROS2_learning/chapter_3/chapt3_ws/src/my_service_rclcpp) by extensions ['colcon_meta']
[0.197s] Level 1:colcon.colcon_core.package_identification:_identify(/home/cjj/Desktop/RM_work/ROS2_learning/chapter_3/chapt3_ws/src/my_service_rclcpp) by extension 'colcon_meta'
[0.197s] Level 1:colcon.colcon_core.package_identification:_identify(/home/cjj/Desktop/RM_work/ROS2_learning/chapter_3/chapt3_ws/src/my_service_rclcpp) by extensions ['ros']
[0.197s] Level 1:colcon.colcon_core.package_identification:_identify(/home/cjj/Desktop/RM_work/ROS2_learning/chapter_3/chapt3_ws/src/my_service_rclcpp) by extension 'ros'
[0.198s] DEBUG:colcon.colcon_core.package_identification:Package '/home/cjj/Desktop/RM_work/ROS2_learning/chapter_3/chapt3_ws/src/my_service_rclcpp' with type 'ros.ament_cmake' and name 'my_service_rclcpp'
[0.198s] Level 1:colcon.colcon_core.package_identification:_identify(/home/cjj/Desktop/RM_work/ROS2_learning/chapter_3/chapt3_ws/src/my_topic_rclcpp) by extensions ['ignore', 'ignore_ament_install']
[0.198s] Level 1:colcon.colcon_core.package_identification:_identify(/home/cjj/Desktop/RM_work/ROS2_learning/chapter_3/chapt3_ws/src/my_topic_rclcpp) by extension 'ignore'
[0.198s] Level 1:colcon.colcon_core.package_identification:_identify(/home/cjj/Desktop/RM_work/ROS2_learning/chapter_3/chapt3_ws/src/my_topic_rclcpp) by extension 'ignore_ament_install'
[0.198s] Level 1:colcon.colcon_core.package_identification:_identify(/home/cjj/Desktop/RM_work/ROS2_learning/chapter_3/chapt3_ws/src/my_topic_rclcpp) by extensions ['colcon_pkg']
[0.198s] Level 1:colcon.colcon_core.package_identification:_identify(/home/cjj/Desktop/RM_work/ROS2_learning/chapter_3/chapt3_ws/src/my_topic_rclcpp) by extension 'colcon_pkg'
[0.198s] Level 1:colcon.colcon_core.package_identification:_identify(/home/cjj/Desktop/RM_work/ROS2_learning/chapter_3/chapt3_ws/src/my_topic_rclcpp) by extensions ['colcon_meta']
[0.198s] Level 1:colcon.colcon_core.package_identification:_identify(/home/cjj/Desktop/RM_work/ROS2_learning/chapter_3/chapt3_ws/src/my_topic_rclcpp) by extension 'colcon_meta'
[0.198s] Level 1:colcon.colcon_core.package_identification:_identify(/home/cjj/Desktop/RM_work/ROS2_learning/chapter_3/chapt3_ws/src/my_topic_rclcpp) by extensions ['ros']
[0.198s] Level 1:colcon.colcon_core.package_identification:_identify(/home/cjj/Desktop/RM_work/ROS2_learning/chapter_3/chapt3_ws/src/my_topic_rclcpp) by extension 'ros'
[0.199s] DEBUG:colcon.colcon_core.package_identification:Package '/home/cjj/Desktop/RM_work/ROS2_learning/chapter_3/chapt3_ws/src/my_topic_rclcpp' with type 'ros.ament_cmake' and name 'my_topic_rclcpp'
[0.199s] Level 1:colcon.colcon_core.package_discovery:discover_packages(recursive) using defaults
