[0.057s] DEBUG:colcon:Command line arguments: ['/usr/bin/colcon', 'build', '--packages-select', 'my_parameters_rclcpp']
[0.057s] DEBUG:colcon:Parsed command line arguments: Namespace(log_base=None, log_level=None, verb_name='build', build_base='build', install_base='install', merge_install=False, symlink_install=False, test_result_base=None, continue_on_error=False, executor='parallel', parallel_workers=20, event_handlers=None, ignore_user_meta=False, metas=['./colcon.meta'], base_paths=['.'], packages_ignore=None, packages_ignore_regex=None, paths=None, packages_up_to=None, packages_up_to_regex=None, packages_above=None, packages_above_and_dependencies=None, packages_above_depth=None, packages_select_by_dep=None, packages_skip_by_dep=None, packages_skip_up_to=None, packages_select_build_failed=False, packages_skip_build_finished=False, packages_select_test_failures=False, packages_skip_test_passed=False, packages_select=['my_parameters_rclcpp'], packages_skip=None, packages_select_regex=None, packages_skip_regex=None, packages_start=None, packages_end=None, allow_overriding=[], cmake_args=None, cmake_target=None, cmake_target_skip_unavailable=False, cmake_clean_cache=False, cmake_clean_first=False, cmake_force_configure=False, ament_cmake_args=None, catkin_cmake_args=None, catkin_skip_building_tests=False, mixin_files=None, mixin=None, verb_parser=<colcon_mixin.mixin.mixin_argument.MixinArgumentDecorator object at 0x76e40314aef0>, verb_extension=<colcon_core.verb.build.BuildVerb object at 0x76e40314a770>, main=<bound method BuildVerb.main of <colcon_core.verb.build.BuildVerb object at 0x76e40314a770>>, mixin_verb=('build',))
[0.138s] Level 1:colcon.colcon_core.package_discovery:discover_packages(colcon_meta) check parameters
[0.138s] Level 1:colcon.colcon_core.package_discovery:discover_packages(recursive) check parameters
[0.138s] Level 1:colcon.colcon_core.package_discovery:discover_packages(ignore) check parameters
[0.138s] Level 1:colcon.colcon_core.package_discovery:discover_packages(path) check parameters
[0.138s] Level 1:colcon.colcon_core.package_discovery:discover_packages(colcon_meta) discover
[0.138s] Level 1:colcon.colcon_core.package_discovery:discover_packages(recursive) discover
[0.138s] INFO:colcon.colcon_core.package_discovery:Crawling recursively for packages in '/home/cjj/Desktop/RM_work/ROS2_learning/chapter_4/chapt4_ws'
[0.138s] Level 1:colcon.colcon_core.package_identification:_identify(.) by extensions ['ignore', 'ignore_ament_install']
[0.139s] Level 1:colcon.colcon_core.package_identification:_identify(.) by extension 'ignore'
[0.139s] Level 1:colcon.colcon_core.package_identification:_identify(.) by extension 'ignore_ament_install'
[0.139s] Level 1:colcon.colcon_core.package_identification:_identify(.) by extensions ['colcon_pkg']
[0.139s] Level 1:colcon.colcon_core.package_identification:_identify(.) by extension 'colcon_pkg'
[0.139s] Level 1:colcon.colcon_core.package_identification:_identify(.) by extensions ['colcon_meta']
[0.139s] Level 1:colcon.colcon_core.package_identification:_identify(.) by extension 'colcon_meta'
[0.139s] Level 1:colcon.colcon_core.package_identification:_identify(.) by extensions ['ros']
[0.139s] Level 1:colcon.colcon_core.package_identification:_identify(.) by extension 'ros'
[0.145s] Level 1:colcon.colcon_core.package_identification:_identify(.) by extensions ['cmake', 'python']
[0.145s] Level 1:colcon.colcon_core.package_identification:_identify(.) by extension 'cmake'
[0.145s] Level 1:colcon.colcon_core.package_identification:_identify(.) by extension 'python'
[0.145s] Level 1:colcon.colcon_core.package_identification:_identify(.) by extensions ['python_setup_py']
[0.145s] Level 1:colcon.colcon_core.package_identification:_identify(.) by extension 'python_setup_py'
[0.145s] Level 1:colcon.colcon_core.package_identification:_identify(build) by extensions ['ignore', 'ignore_ament_install']
[0.145s] Level 1:colcon.colcon_core.package_identification:_identify(build) by extension 'ignore'
[0.145s] Level 1:colcon.colcon_core.package_identification:_identify(build) ignored
[0.146s] Level 1:colcon.colcon_core.package_identification:_identify(install) by extensions ['ignore', 'ignore_ament_install']
[0.146s] Level 1:colcon.colcon_core.package_identification:_identify(install) by extension 'ignore'
[0.146s] Level 1:colcon.colcon_core.package_identification:_identify(install) ignored
[0.146s] Level 1:colcon.colcon_core.package_identification:_identify(log) by extensions ['ignore', 'ignore_ament_install']
[0.146s] Level 1:colcon.colcon_core.package_identification:_identify(log) by extension 'ignore'
[0.146s] Level 1:colcon.colcon_core.package_identification:_identify(log) ignored
[0.146s] Level 1:colcon.colcon_core.package_identification:_identify(src) by extensions ['ignore', 'ignore_ament_install']
[0.146s] Level 1:colcon.colcon_core.package_identification:_identify(src) by extension 'ignore'
[0.146s] Level 1:colcon.colcon_core.package_identification:_identify(src) by extension 'ignore_ament_install'
[0.146s] Level 1:colcon.colcon_core.package_identification:_identify(src) by extensions ['colcon_pkg']
[0.146s] Level 1:colcon.colcon_core.package_identification:_identify(src) by extension 'colcon_pkg'
[0.146s] Level 1:colcon.colcon_core.package_identification:_identify(src) by extensions ['colcon_meta']
[0.146s] Level 1:colcon.colcon_core.package_identification:_identify(src) by extension 'colcon_meta'
[0.146s] Level 1:colcon.colcon_core.package_identification:_identify(src) by extensions ['ros']
[0.146s] Level 1:colcon.colcon_core.package_identification:_identify(src) by extension 'ros'
[0.146s] Level 1:colcon.colcon_core.package_identification:_identify(src) by extensions ['cmake', 'python']
[0.146s] Level 1:colcon.colcon_core.package_identification:_identify(src) by extension 'cmake'
[0.146s] Level 1:colcon.colcon_core.package_identification:_identify(src) by extension 'python'
[0.146s] Level 1:colcon.colcon_core.package_identification:_identify(src) by extensions ['python_setup_py']
[0.146s] Level 1:colcon.colcon_core.package_identification:_identify(src) by extension 'python_setup_py'
[0.146s] Level 1:colcon.colcon_core.package_identification:_identify(src/my_parameters_rclcpp) by extensions ['ignore', 'ignore_ament_install']
[0.146s] Level 1:colcon.colcon_core.package_identification:_identify(src/my_parameters_rclcpp) by extension 'ignore'
[0.146s] Level 1:colcon.colcon_core.package_identification:_identify(src/my_parameters_rclcpp) by extension 'ignore_ament_install'
[0.146s] Level 1:colcon.colcon_core.package_identification:_identify(src/my_parameters_rclcpp) by extensions ['colcon_pkg']
[0.146s] Level 1:colcon.colcon_core.package_identification:_identify(src/my_parameters_rclcpp) by extension 'colcon_pkg'
[0.146s] Level 1:colcon.colcon_core.package_identification:_identify(src/my_parameters_rclcpp) by extensions ['colcon_meta']
[0.146s] Level 1:colcon.colcon_core.package_identification:_identify(src/my_parameters_rclcpp) by extension 'colcon_meta'
[0.146s] Level 1:colcon.colcon_core.package_identification:_identify(src/my_parameters_rclcpp) by extensions ['ros']
[0.146s] Level 1:colcon.colcon_core.package_identification:_identify(src/my_parameters_rclcpp) by extension 'ros'
[0.148s] DEBUG:colcon.colcon_core.package_identification:Package 'src/my_parameters_rclcpp' with type 'ros.ament_cmake' and name 'my_parameters_rclcpp'
[0.148s] Level 1:colcon.colcon_core.package_discovery:discover_packages(recursive) using defaults
[0.148s] Level 1:colcon.colcon_core.package_discovery:discover_packages(ignore) discover
[0.148s] Level 1:colcon.colcon_core.package_discovery:discover_packages(ignore) using defaults
[0.148s] Level 1:colcon.colcon_core.package_discovery:discover_packages(path) discover
[0.148s] Level 1:colcon.colcon_core.package_discovery:discover_packages(path) using defaults
[0.169s] Level 1:colcon.colcon_core.package_discovery:discover_packages(prefix_path) check parameters
[0.169s] Level 1:colcon.colcon_core.package_discovery:discover_packages(prefix_path) discover
[0.170s] DEBUG:colcon.colcon_installed_package_information.package_discovery:Found 1 installed packages in /home/cjj/Desktop/RM_work/ROS2_learning/chapter_4/chapt4_ws/install
[0.171s] DEBUG:colcon.colcon_installed_package_information.package_discovery:Found 285 installed packages in /opt/ros/humble
[0.171s] Level 1:colcon.colcon_core.package_discovery:discover_packages(prefix_path) using defaults
[0.190s] Level 5:colcon.colcon_core.verb:set package 'my_parameters_rclcpp' build argument 'cmake_args' from command line to 'None'
[0.190s] Level 5:colcon.colcon_core.verb:set package 'my_parameters_rclcpp' build argument 'cmake_target' from command line to 'None'
[0.190s] Level 5:colcon.colcon_core.verb:set package 'my_parameters_rclcpp' build argument 'cmake_target_skip_unavailable' from command line to 'False'
[0.190s] Level 5:colcon.colcon_core.verb:set package 'my_parameters_rclcpp' build argument 'cmake_clean_cache' from command line to 'False'
[0.190s] Level 5:colcon.colcon_core.verb:set package 'my_parameters_rclcpp' build argument 'cmake_clean_first' from command line to 'False'
[0.190s] Level 5:colcon.colcon_core.verb:set package 'my_parameters_rclcpp' build argument 'cmake_force_configure' from command line to 'False'
[0.190s] Level 5:colcon.colcon_core.verb:set package 'my_parameters_rclcpp' build argument 'ament_cmake_args' from command line to 'None'
[0.190s] Level 5:colcon.colcon_core.verb:set package 'my_parameters_rclcpp' build argument 'catkin_cmake_args' from command line to 'None'
[0.190s] Level 5:colcon.colcon_core.verb:set package 'my_parameters_rclcpp' build argument 'catkin_skip_building_tests' from command line to 'False'
[0.190s] DEBUG:colcon.colcon_core.verb:Building package 'my_parameters_rclcpp' with the following arguments: {'ament_cmake_args': None, 'build_base': '/home/cjj/Desktop/RM_work/ROS2_learning/chapter_4/chapt4_ws/build/my_parameters_rclcpp', 'catkin_cmake_args': None, 'catkin_skip_building_tests': False, 'cmake_args': None, 'cmake_clean_cache': False, 'cmake_clean_first': False, 'cmake_force_configure': False, 'cmake_target': None, 'cmake_target_skip_unavailable': False, 'install_base': '/home/cjj/Desktop/RM_work/ROS2_learning/chapter_4/chapt4_ws/install/my_parameters_rclcpp', 'merge_install': False, 'path': '/home/cjj/Desktop/RM_work/ROS2_learning/chapter_4/chapt4_ws/src/my_parameters_rclcpp', 'symlink_install': False, 'test_result_base': None}
[0.190s] INFO:colcon.colcon_core.executor:Executing jobs using 'parallel' executor
[0.191s] DEBUG:colcon.colcon_parallel_executor.executor.parallel:run_until_complete
[0.191s] INFO:colcon.colcon_ros.task.ament_cmake.build:Building ROS package in '/home/cjj/Desktop/RM_work/ROS2_learning/chapter_4/chapt4_ws/src/my_parameters_rclcpp' with build type 'ament_cmake'
[0.191s] INFO:colcon.colcon_cmake.task.cmake.build:Building CMake package in '/home/cjj/Desktop/RM_work/ROS2_learning/chapter_4/chapt4_ws/src/my_parameters_rclcpp'
[0.192s] INFO:colcon.colcon_core.plugin_system:Skipping extension 'colcon_core.shell.bat': Not used on non-Windows systems
[0.193s] INFO:colcon.colcon_core.shell:Skip shell extension 'powershell' for command environment: Not usable outside of PowerShell
[0.193s] DEBUG:colcon.colcon_core.shell:Skip shell extension 'dsv' for command environment
[0.200s] DEBUG:colcon.colcon_core.event_handler.log_command:Invoking command in '/home/cjj/Desktop/RM_work/ROS2_learning/chapter_4/chapt4_ws/build/my_parameters_rclcpp': CMAKE_PREFIX_PATH=${CMAKE_PREFIX_PATH}:/opt/ros/humble /usr/bin/cmake --build /home/cjj/Desktop/RM_work/ROS2_learning/chapter_4/chapt4_ws/build/my_parameters_rclcpp -- -j20 -l20
[2.198s] DEBUG:colcon.colcon_core.event_handler.log_command:Invoked command in '/home/cjj/Desktop/RM_work/ROS2_learning/chapter_4/chapt4_ws/build/my_parameters_rclcpp' returned '0': CMAKE_PREFIX_PATH=${CMAKE_PREFIX_PATH}:/opt/ros/humble /usr/bin/cmake --build /home/cjj/Desktop/RM_work/ROS2_learning/chapter_4/chapt4_ws/build/my_parameters_rclcpp -- -j20 -l20
[2.222s] DEBUG:colcon.colcon_core.event_handler.log_command:Invoking command in '/home/cjj/Desktop/RM_work/ROS2_learning/chapter_4/chapt4_ws/build/my_parameters_rclcpp': CMAKE_PREFIX_PATH=${CMAKE_PREFIX_PATH}:/opt/ros/humble /usr/bin/cmake --install /home/cjj/Desktop/RM_work/ROS2_learning/chapter_4/chapt4_ws/build/my_parameters_rclcpp
[2.228s] Level 1:colcon.colcon_core.environment:create_environment_scripts_only(my_parameters_rclcpp)
[2.229s] DEBUG:colcon.colcon_core.event_handler.log_command:Invoked command in '/home/cjj/Desktop/RM_work/ROS2_learning/chapter_4/chapt4_ws/build/my_parameters_rclcpp' returned '0': CMAKE_PREFIX_PATH=${CMAKE_PREFIX_PATH}:/opt/ros/humble /usr/bin/cmake --install /home/cjj/Desktop/RM_work/ROS2_learning/chapter_4/chapt4_ws/build/my_parameters_rclcpp
[2.231s] Level 1:colcon.colcon_core.environment:checking '/home/cjj/Desktop/RM_work/ROS2_learning/chapter_4/chapt4_ws/install/my_parameters_rclcpp' for CMake module files
[2.232s] Level 1:colcon.colcon_core.environment:checking '/home/cjj/Desktop/RM_work/ROS2_learning/chapter_4/chapt4_ws/install/my_parameters_rclcpp' for CMake config files
[2.232s] Level 1:colcon.colcon_core.shell:create_environment_hook('my_parameters_rclcpp', 'cmake_prefix_path')
[2.232s] INFO:colcon.colcon_core.shell:Creating environment hook '/home/cjj/Desktop/RM_work/ROS2_learning/chapter_4/chapt4_ws/install/my_parameters_rclcpp/share/my_parameters_rclcpp/hook/cmake_prefix_path.ps1'
[2.233s] INFO:colcon.colcon_core.shell:Creating environment descriptor '/home/cjj/Desktop/RM_work/ROS2_learning/chapter_4/chapt4_ws/install/my_parameters_rclcpp/share/my_parameters_rclcpp/hook/cmake_prefix_path.dsv'
[2.233s] INFO:colcon.colcon_core.shell:Creating environment hook '/home/cjj/Desktop/RM_work/ROS2_learning/chapter_4/chapt4_ws/install/my_parameters_rclcpp/share/my_parameters_rclcpp/hook/cmake_prefix_path.sh'
[2.234s] Level 1:colcon.colcon_core.environment:checking '/home/cjj/Desktop/RM_work/ROS2_learning/chapter_4/chapt4_ws/install/my_parameters_rclcpp/lib'
[2.234s] Level 1:colcon.colcon_core.environment:checking '/home/cjj/Desktop/RM_work/ROS2_learning/chapter_4/chapt4_ws/install/my_parameters_rclcpp/bin'
[2.234s] Level 1:colcon.colcon_core.environment:checking '/home/cjj/Desktop/RM_work/ROS2_learning/chapter_4/chapt4_ws/install/my_parameters_rclcpp/lib/pkgconfig/my_parameters_rclcpp.pc'
[2.235s] Level 1:colcon.colcon_core.environment:checking '/home/cjj/Desktop/RM_work/ROS2_learning/chapter_4/chapt4_ws/install/my_parameters_rclcpp/lib/python3.10/site-packages'
[2.235s] Level 1:colcon.colcon_core.environment:checking '/home/cjj/Desktop/RM_work/ROS2_learning/chapter_4/chapt4_ws/install/my_parameters_rclcpp/bin'
[2.235s] INFO:colcon.colcon_core.shell:Creating package script '/home/cjj/Desktop/RM_work/ROS2_learning/chapter_4/chapt4_ws/install/my_parameters_rclcpp/share/my_parameters_rclcpp/package.ps1'
[2.236s] INFO:colcon.colcon_core.shell:Creating package descriptor '/home/cjj/Desktop/RM_work/ROS2_learning/chapter_4/chapt4_ws/install/my_parameters_rclcpp/share/my_parameters_rclcpp/package.dsv'
[2.236s] INFO:colcon.colcon_core.shell:Creating package script '/home/cjj/Desktop/RM_work/ROS2_learning/chapter_4/chapt4_ws/install/my_parameters_rclcpp/share/my_parameters_rclcpp/package.sh'
[2.237s] INFO:colcon.colcon_core.shell:Creating package script '/home/cjj/Desktop/RM_work/ROS2_learning/chapter_4/chapt4_ws/install/my_parameters_rclcpp/share/my_parameters_rclcpp/package.bash'
[2.237s] INFO:colcon.colcon_core.shell:Creating package script '/home/cjj/Desktop/RM_work/ROS2_learning/chapter_4/chapt4_ws/install/my_parameters_rclcpp/share/my_parameters_rclcpp/package.zsh'
[2.237s] Level 1:colcon.colcon_core.environment:create_file_with_runtime_dependencies(/home/cjj/Desktop/RM_work/ROS2_learning/chapter_4/chapt4_ws/install/my_parameters_rclcpp/share/colcon-core/packages/my_parameters_rclcpp)
[2.258s] Level 1:colcon.colcon_core.environment:create_environment_scripts_only(my_parameters_rclcpp)
[2.258s] Level 1:colcon.colcon_core.environment:checking '/home/cjj/Desktop/RM_work/ROS2_learning/chapter_4/chapt4_ws/install/my_parameters_rclcpp' for CMake module files
[2.258s] Level 1:colcon.colcon_core.environment:checking '/home/cjj/Desktop/RM_work/ROS2_learning/chapter_4/chapt4_ws/install/my_parameters_rclcpp' for CMake config files
[2.258s] Level 1:colcon.colcon_core.shell:create_environment_hook('my_parameters_rclcpp', 'cmake_prefix_path')
[2.259s] INFO:colcon.colcon_core.shell:Creating environment hook '/home/cjj/Desktop/RM_work/ROS2_learning/chapter_4/chapt4_ws/install/my_parameters_rclcpp/share/my_parameters_rclcpp/hook/cmake_prefix_path.ps1'
[2.259s] INFO:colcon.colcon_core.shell:Creating environment descriptor '/home/cjj/Desktop/RM_work/ROS2_learning/chapter_4/chapt4_ws/install/my_parameters_rclcpp/share/my_parameters_rclcpp/hook/cmake_prefix_path.dsv'
[2.259s] INFO:colcon.colcon_core.shell:Creating environment hook '/home/cjj/Desktop/RM_work/ROS2_learning/chapter_4/chapt4_ws/install/my_parameters_rclcpp/share/my_parameters_rclcpp/hook/cmake_prefix_path.sh'
[2.259s] Level 1:colcon.colcon_core.environment:checking '/home/cjj/Desktop/RM_work/ROS2_learning/chapter_4/chapt4_ws/install/my_parameters_rclcpp/lib'
[2.259s] Level 1:colcon.colcon_core.environment:checking '/home/cjj/Desktop/RM_work/ROS2_learning/chapter_4/chapt4_ws/install/my_parameters_rclcpp/bin'
[2.259s] Level 1:colcon.colcon_core.environment:checking '/home/cjj/Desktop/RM_work/ROS2_learning/chapter_4/chapt4_ws/install/my_parameters_rclcpp/lib/pkgconfig/my_parameters_rclcpp.pc'
[2.260s] Level 1:colcon.colcon_core.environment:checking '/home/cjj/Desktop/RM_work/ROS2_learning/chapter_4/chapt4_ws/install/my_parameters_rclcpp/lib/python3.10/site-packages'
[2.260s] Level 1:colcon.colcon_core.environment:checking '/home/cjj/Desktop/RM_work/ROS2_learning/chapter_4/chapt4_ws/install/my_parameters_rclcpp/bin'
[2.260s] INFO:colcon.colcon_core.shell:Creating package script '/home/cjj/Desktop/RM_work/ROS2_learning/chapter_4/chapt4_ws/install/my_parameters_rclcpp/share/my_parameters_rclcpp/package.ps1'
[2.260s] INFO:colcon.colcon_core.shell:Creating package descriptor '/home/cjj/Desktop/RM_work/ROS2_learning/chapter_4/chapt4_ws/install/my_parameters_rclcpp/share/my_parameters_rclcpp/package.dsv'
[2.260s] INFO:colcon.colcon_core.shell:Creating package script '/home/cjj/Desktop/RM_work/ROS2_learning/chapter_4/chapt4_ws/install/my_parameters_rclcpp/share/my_parameters_rclcpp/package.sh'
[2.261s] INFO:colcon.colcon_core.shell:Creating package script '/home/cjj/Desktop/RM_work/ROS2_learning/chapter_4/chapt4_ws/install/my_parameters_rclcpp/share/my_parameters_rclcpp/package.bash'
[2.261s] INFO:colcon.colcon_core.shell:Creating package script '/home/cjj/Desktop/RM_work/ROS2_learning/chapter_4/chapt4_ws/install/my_parameters_rclcpp/share/my_parameters_rclcpp/package.zsh'
[2.261s] Level 1:colcon.colcon_core.environment:create_file_with_runtime_dependencies(/home/cjj/Desktop/RM_work/ROS2_learning/chapter_4/chapt4_ws/install/my_parameters_rclcpp/share/colcon-core/packages/my_parameters_rclcpp)
[2.261s] DEBUG:colcon.colcon_parallel_executor.executor.parallel:closing loop
[2.261s] DEBUG:colcon.colcon_parallel_executor.executor.parallel:loop closed
[2.261s] DEBUG:colcon.colcon_parallel_executor.executor.parallel:run_until_complete finished with '0'
[2.261s] DEBUG:colcon.colcon_core.event_reactor:joining thread
[2.266s] INFO:colcon.colcon_core.plugin_system:Skipping extension 'colcon_notification.desktop_notification.terminal_notifier': Not used on non-Darwin systems
[2.266s] INFO:colcon.colcon_core.plugin_system:Skipping extension 'colcon_notification.desktop_notification.win32': Not used on non-Windows systems
[2.266s] INFO:colcon.colcon_notification.desktop_notification:Sending desktop notification using 'notify2'
[2.273s] DEBUG:colcon.colcon_core.event_reactor:joined thread
[2.273s] INFO:colcon.colcon_core.shell:Creating prefix script '/home/cjj/Desktop/RM_work/ROS2_learning/chapter_4/chapt4_ws/install/local_setup.ps1'
[2.274s] INFO:colcon.colcon_core.shell:Creating prefix util module '/home/cjj/Desktop/RM_work/ROS2_learning/chapter_4/chapt4_ws/install/_local_setup_util_ps1.py'
[2.275s] INFO:colcon.colcon_core.shell:Creating prefix chain script '/home/cjj/Desktop/RM_work/ROS2_learning/chapter_4/chapt4_ws/install/setup.ps1'
[2.275s] INFO:colcon.colcon_core.shell:Creating prefix script '/home/cjj/Desktop/RM_work/ROS2_learning/chapter_4/chapt4_ws/install/local_setup.sh'
[2.276s] INFO:colcon.colcon_core.shell:Creating prefix util module '/home/cjj/Desktop/RM_work/ROS2_learning/chapter_4/chapt4_ws/install/_local_setup_util_sh.py'
[2.276s] INFO:colcon.colcon_core.shell:Creating prefix chain script '/home/cjj/Desktop/RM_work/ROS2_learning/chapter_4/chapt4_ws/install/setup.sh'
[2.277s] INFO:colcon.colcon_core.shell:Creating prefix script '/home/cjj/Desktop/RM_work/ROS2_learning/chapter_4/chapt4_ws/install/local_setup.bash'
[2.277s] INFO:colcon.colcon_core.shell:Creating prefix chain script '/home/cjj/Desktop/RM_work/ROS2_learning/chapter_4/chapt4_ws/install/setup.bash'
[2.277s] INFO:colcon.colcon_core.shell:Creating prefix script '/home/cjj/Desktop/RM_work/ROS2_learning/chapter_4/chapt4_ws/install/local_setup.zsh'
[2.278s] INFO:colcon.colcon_core.shell:Creating prefix chain script '/home/cjj/Desktop/RM_work/ROS2_learning/chapter_4/chapt4_ws/install/setup.zsh'
