[0.006s] Invoking command in '/home/cjj/Desktop/RM_work/ROS2_learning/simple_calculator_task/ws/build/my_add_interfaces': CMAKE_PREFIX_PATH=/opt/ros/humble /usr/bin/cmake /home/cjj/Desktop/RM_work/ROS2_learning/simple_calculator_task/ws/src/my_add_interfaces -DCMAKE_INSTALL_PREFIX=/home/cjj/Desktop/RM_work/ROS2_learning/simple_calculator_task/ws/install/my_add_interfaces
[0.017s] -- Found ament_cmake: 1.3.10 (/opt/ros/humble/share/ament_cmake/cmake)
[0.097s] -- Found rosidl_default_generators: 1.2.0 (/opt/ros/humble/share/rosidl_default_generators/cmake)
[0.097s] -- Using all available rosidl_typesupport_c: rosidl_typesupport_fastrtps_c;rosidl_typesupport_introspection_c
[0.099s] -- Found rosidl_adapter: 3.1.5 (/opt/ros/humble/share/rosidl_adapter/cmake)
[0.117s] -- Using all available rosidl_typesupport_cpp: rosidl_typesupport_fastrtps_cpp;rosidl_typesupport_introspection_cpp
[0.130s] -- Found geometry_msgs: 4.2.4 (/opt/ros/humble/share/geometry_msgs/cmake)
[0.313s] -- Found ament_cmake_ros: 0.10.0 (/opt/ros/humble/share/ament_cmake_ros/cmake)
[0.468s] -- Using all available rosidl_typesupport_c: rosidl_typesupport_fastrtps_c;rosidl_typesupport_introspection_c
[0.684s] -- Using all available rosidl_typesupport_cpp: rosidl_typesupport_fastrtps_cpp;rosidl_typesupport_introspection_cpp
[0.702s] -- Found PythonInterp: /usr/bin/python3 (found suitable version "3.10.12", minimum required is "3.6") 
[0.704s] -- Found python_cmake_module: 0.10.0 (/opt/ros/humble/share/python_cmake_module/cmake)
[0.719s] -- Found PythonLibs: /usr/lib/x86_64-linux-gnu/libpython3.10.so (found suitable version "3.10.12", minimum required is "3.5") 
[0.720s] -- Using PYTHON_EXECUTABLE: /usr/bin/python3
[0.720s] -- Using PYTHON_INCLUDE_DIRS: /usr/include/python3.10
[0.720s] -- Using PYTHON_LIBRARIES: /usr/lib/x86_64-linux-gnu/libpython3.10.so
[0.734s] -- Found PythonExtra: .so  
[0.768s] -- Found ament_lint_auto: 0.12.11 (/opt/ros/humble/share/ament_lint_auto/cmake)
[0.780s] -- Added test 'lint_cmake' to check CMake code style
[0.781s] -- Added test 'xmllint' to check XML markup files
[0.782s] -- Configuring done
[0.798s] -- Generating done
[0.799s] -- Build files have been written to: /home/cjj/Desktop/RM_work/ROS2_learning/simple_calculator_task/ws/build/my_add_interfaces
[0.804s] Invoked command in '/home/cjj/Desktop/RM_work/ROS2_learning/simple_calculator_task/ws/build/my_add_interfaces' returned '0': CMAKE_PREFIX_PATH=/opt/ros/humble /usr/bin/cmake /home/cjj/Desktop/RM_work/ROS2_learning/simple_calculator_task/ws/src/my_add_interfaces -DCMAKE_INSTALL_PREFIX=/home/cjj/Desktop/RM_work/ROS2_learning/simple_calculator_task/ws/install/my_add_interfaces
[0.805s] Invoking command in '/home/cjj/Desktop/RM_work/ROS2_learning/simple_calculator_task/ws/build/my_add_interfaces': CMAKE_PREFIX_PATH=/opt/ros/humble /usr/bin/cmake --build /home/cjj/Desktop/RM_work/ROS2_learning/simple_calculator_task/ws/build/my_add_interfaces -- -j20 -l20
[0.832s] [  3%] [34m[1mGenerating C code for ROS interfaces[0m
[0.841s] [  6%] [34m[1mGenerating C++ code for ROS interfaces[0m
[0.849s] [  6%] Built target ament_cmake_python_copy_my_add_interfaces
[0.991s] running egg_info
[0.991s] creating my_add_interfaces.egg-info
[0.991s] writing my_add_interfaces.egg-info/PKG-INFO
[0.991s] writing dependency_links to my_add_interfaces.egg-info/dependency_links.txt
[0.991s] writing top-level names to my_add_interfaces.egg-info/top_level.txt
[0.991s] writing manifest file 'my_add_interfaces.egg-info/SOURCES.txt'
[0.993s] reading manifest file 'my_add_interfaces.egg-info/SOURCES.txt'
[0.994s] writing manifest file 'my_add_interfaces.egg-info/SOURCES.txt'
[0.994s] [  9%] [32mBuilding C object CMakeFiles/my_add_interfaces__rosidl_generator_c.dir/rosidl_generator_c/my_add_interfaces/msg/detail/my_add__functions.c.o[0m
[0.994s] [  9%] Built target my_add_interfaces__cpp
[1.001s] [ 12%] [34m[1mGenerating C++ type support dispatch for ROS interfaces[0m
[1.003s] [ 16%] [34m[1mGenerating C++ type support for eProsima Fast-RTPS[0m
[1.003s] [ 19%] [34m[1mGenerating C++ introspection for ROS interfaces[0m
[1.015s] [ 19%] Built target ament_cmake_python_build_my_add_interfaces_egg
[1.027s] [ 22%] [32m[1mLinking C shared library libmy_add_interfaces__rosidl_generator_c.so[0m
[1.059s] [ 22%] Built target my_add_interfaces__rosidl_generator_c
[1.066s] [ 25%] [34m[1mGenerating C type support for eProsima Fast-RTPS[0m
[1.066s] [ 29%] [34m[1mGenerating C introspection for ROS interfaces[0m
[1.068s] [ 32%] [34m[1mGenerating C type support dispatch for ROS interfaces[0m
[1.153s] [ 35%] [32mBuilding CXX object CMakeFiles/my_add_interfaces__rosidl_typesupport_cpp.dir/rosidl_typesupport_cpp/my_add_interfaces/msg/my_add__type_support.cpp.o[0m
[1.161s] [ 38%] [32mBuilding CXX object CMakeFiles/my_add_interfaces__rosidl_typesupport_introspection_cpp.dir/rosidl_typesupport_introspection_cpp/my_add_interfaces/msg/detail/my_add__type_support.cpp.o[0m
[1.166s] [ 41%] [32mBuilding CXX object CMakeFiles/my_add_interfaces__rosidl_typesupport_fastrtps_cpp.dir/rosidl_typesupport_fastrtps_cpp/my_add_interfaces/msg/detail/dds_fastrtps/my_add__type_support.cpp.o[0m
[1.219s] [ 45%] [32mBuilding CXX object CMakeFiles/my_add_interfaces__rosidl_typesupport_c.dir/rosidl_typesupport_c/my_add_interfaces/msg/my_add__type_support.cpp.o[0m
[1.225s] [ 48%] [32mBuilding C object CMakeFiles/my_add_interfaces__rosidl_typesupport_introspection_c.dir/rosidl_typesupport_introspection_c/my_add_interfaces/msg/detail/my_add__type_support.c.o[0m
[1.229s] [ 51%] [32mBuilding CXX object CMakeFiles/my_add_interfaces__rosidl_typesupport_fastrtps_c.dir/rosidl_typesupport_fastrtps_c/my_add_interfaces/msg/detail/my_add__type_support_c.cpp.o[0m
[1.248s] [ 54%] [32m[1mLinking CXX shared library libmy_add_interfaces__rosidl_typesupport_c.so[0m
[1.248s] [ 58%] [32m[1mLinking C shared library libmy_add_interfaces__rosidl_typesupport_introspection_c.so[0m
[1.276s] [ 58%] Built target my_add_interfaces__rosidl_typesupport_introspection_c
[1.282s] [ 58%] Built target my_add_interfaces__rosidl_typesupport_c
[1.308s] [ 61%] [32m[1mLinking CXX shared library libmy_add_interfaces__rosidl_typesupport_cpp.so[0m
[1.338s] [ 61%] Built target my_add_interfaces__rosidl_typesupport_cpp
[1.376s] [ 64%] [32m[1mLinking CXX shared library libmy_add_interfaces__rosidl_typesupport_introspection_cpp.so[0m
[1.383s] [ 67%] [32m[1mLinking CXX shared library libmy_add_interfaces__rosidl_typesupport_fastrtps_cpp.so[0m
[1.405s] [ 70%] [32m[1mLinking CXX shared library libmy_add_interfaces__rosidl_typesupport_fastrtps_c.so[0m
[1.405s] [ 70%] Built target my_add_interfaces__rosidl_typesupport_introspection_cpp
[1.434s] [ 70%] Built target my_add_interfaces__rosidl_typesupport_fastrtps_cpp
[1.456s] [ 70%] Built target my_add_interfaces__rosidl_typesupport_fastrtps_c
[1.471s] [ 70%] Built target my_add_interfaces
[1.484s] [ 74%] [34m[1mGenerating Python code for ROS interfaces[0m
[1.660s] [ 74%] Built target my_add_interfaces__py
[1.673s] [ 77%] [32mBuilding C object CMakeFiles/my_add_interfaces__rosidl_generator_py.dir/rosidl_generator_py/my_add_interfaces/msg/_my_add_s.c.o[0m
[1.727s] [ 80%] [32m[1mLinking C shared library rosidl_generator_py/my_add_interfaces/libmy_add_interfaces__rosidl_generator_py.so[0m
[1.758s] [ 80%] Built target my_add_interfaces__rosidl_generator_py
[1.773s] [ 83%] [32mBuilding C object CMakeFiles/my_add_interfaces__rosidl_typesupport_c__pyext.dir/rosidl_generator_py/my_add_interfaces/_my_add_interfaces_s.ep.rosidl_typesupport_c.c.o[0m
[1.774s] [ 87%] [32mBuilding C object CMakeFiles/my_add_interfaces__rosidl_typesupport_fastrtps_c__pyext.dir/rosidl_generator_py/my_add_interfaces/_my_add_interfaces_s.ep.rosidl_typesupport_fastrtps_c.c.o[0m
[1.774s] [ 90%] [32mBuilding C object CMakeFiles/my_add_interfaces__rosidl_typesupport_introspection_c__pyext.dir/rosidl_generator_py/my_add_interfaces/_my_add_interfaces_s.ep.rosidl_typesupport_introspection_c.c.o[0m
[1.829s] [ 93%] [32m[1mLinking C shared library rosidl_generator_py/my_add_interfaces/my_add_interfaces_s__rosidl_typesupport_fastrtps_c.cpython-310-x86_64-linux-gnu.so[0m
[1.829s] [100%] [32m[1mLinking C shared library rosidl_generator_py/my_add_interfaces/my_add_interfaces_s__rosidl_typesupport_introspection_c.cpython-310-x86_64-linux-gnu.so[0m
[1.830s] [100%] [32m[1mLinking C shared library rosidl_generator_py/my_add_interfaces/my_add_interfaces_s__rosidl_typesupport_c.cpython-310-x86_64-linux-gnu.so[0m
[1.860s] [100%] Built target my_add_interfaces__rosidl_typesupport_introspection_c__pyext
[1.860s] [100%] Built target my_add_interfaces__rosidl_typesupport_c__pyext
[1.860s] [100%] Built target my_add_interfaces__rosidl_typesupport_fastrtps_c__pyext
[1.867s] Invoked command in '/home/cjj/Desktop/RM_work/ROS2_learning/simple_calculator_task/ws/build/my_add_interfaces' returned '0': CMAKE_PREFIX_PATH=/opt/ros/humble /usr/bin/cmake --build /home/cjj/Desktop/RM_work/ROS2_learning/simple_calculator_task/ws/build/my_add_interfaces -- -j20 -l20
[1.919s] Invoking command in '/home/cjj/Desktop/RM_work/ROS2_learning/simple_calculator_task/ws/build/my_add_interfaces': CMAKE_PREFIX_PATH=/opt/ros/humble /usr/bin/cmake --install /home/cjj/Desktop/RM_work/ROS2_learning/simple_calculator_task/ws/build/my_add_interfaces
[1.925s] -- Install configuration: ""
[1.925s] -- Installing: /home/cjj/Desktop/RM_work/ROS2_learning/simple_calculator_task/ws/install/my_add_interfaces/share/ament_index/resource_index/rosidl_interfaces/my_add_interfaces
[1.925s] -- Installing: /home/cjj/Desktop/RM_work/ROS2_learning/simple_calculator_task/ws/install/my_add_interfaces/include/my_add_interfaces/my_add_interfaces
[1.925s] -- Installing: /home/cjj/Desktop/RM_work/ROS2_learning/simple_calculator_task/ws/install/my_add_interfaces/include/my_add_interfaces/my_add_interfaces/msg
[1.925s] -- Installing: /home/cjj/Desktop/RM_work/ROS2_learning/simple_calculator_task/ws/install/my_add_interfaces/include/my_add_interfaces/my_add_interfaces/msg/detail
[1.925s] -- Installing: /home/cjj/Desktop/RM_work/ROS2_learning/simple_calculator_task/ws/install/my_add_interfaces/include/my_add_interfaces/my_add_interfaces/msg/detail/my_add__struct.h
[1.925s] -- Installing: /home/cjj/Desktop/RM_work/ROS2_learning/simple_calculator_task/ws/install/my_add_interfaces/include/my_add_interfaces/my_add_interfaces/msg/detail/my_add__functions.h
[1.925s] -- Installing: /home/cjj/Desktop/RM_work/ROS2_learning/simple_calculator_task/ws/install/my_add_interfaces/include/my_add_interfaces/my_add_interfaces/msg/detail/my_add__type_support.h
[1.925s] -- Installing: /home/cjj/Desktop/RM_work/ROS2_learning/simple_calculator_task/ws/install/my_add_interfaces/include/my_add_interfaces/my_add_interfaces/msg/detail/my_add__functions.c
[1.925s] -- Installing: /home/cjj/Desktop/RM_work/ROS2_learning/simple_calculator_task/ws/install/my_add_interfaces/include/my_add_interfaces/my_add_interfaces/msg/my_add.h
[1.925s] -- Installing: /home/cjj/Desktop/RM_work/ROS2_learning/simple_calculator_task/ws/install/my_add_interfaces/include/my_add_interfaces/my_add_interfaces/msg/rosidl_generator_c__visibility_control.h
[1.925s] -- Installing: /home/cjj/Desktop/RM_work/ROS2_learning/simple_calculator_task/ws/install/my_add_interfaces/share/my_add_interfaces/environment/library_path.sh
[1.925s] -- Installing: /home/cjj/Desktop/RM_work/ROS2_learning/simple_calculator_task/ws/install/my_add_interfaces/share/my_add_interfaces/environment/library_path.dsv
[1.925s] -- Installing: /home/cjj/Desktop/RM_work/ROS2_learning/simple_calculator_task/ws/install/my_add_interfaces/lib/libmy_add_interfaces__rosidl_generator_c.so
[1.925s] -- Set runtime path of "/home/cjj/Desktop/RM_work/ROS2_learning/simple_calculator_task/ws/install/my_add_interfaces/lib/libmy_add_interfaces__rosidl_generator_c.so" to ""
[1.925s] -- Up-to-date: /home/cjj/Desktop/RM_work/ROS2_learning/simple_calculator_task/ws/install/my_add_interfaces/include/my_add_interfaces/my_add_interfaces
[1.925s] -- Up-to-date: /home/cjj/Desktop/RM_work/ROS2_learning/simple_calculator_task/ws/install/my_add_interfaces/include/my_add_interfaces/my_add_interfaces/msg
[1.925s] -- Installing: /home/cjj/Desktop/RM_work/ROS2_learning/simple_calculator_task/ws/install/my_add_interfaces/include/my_add_interfaces/my_add_interfaces/msg/rosidl_typesupport_fastrtps_c__visibility_control.h
[1.925s] -- Up-to-date: /home/cjj/Desktop/RM_work/ROS2_learning/simple_calculator_task/ws/install/my_add_interfaces/include/my_add_interfaces/my_add_interfaces/msg/detail
[1.925s] -- Installing: /home/cjj/Desktop/RM_work/ROS2_learning/simple_calculator_task/ws/install/my_add_interfaces/include/my_add_interfaces/my_add_interfaces/msg/detail/my_add__rosidl_typesupport_fastrtps_c.h
[1.925s] -- Installing: /home/cjj/Desktop/RM_work/ROS2_learning/simple_calculator_task/ws/install/my_add_interfaces/lib/libmy_add_interfaces__rosidl_typesupport_fastrtps_c.so
[1.926s] -- Set runtime path of "/home/cjj/Desktop/RM_work/ROS2_learning/simple_calculator_task/ws/install/my_add_interfaces/lib/libmy_add_interfaces__rosidl_typesupport_fastrtps_c.so" to ""
[1.926s] -- Up-to-date: /home/cjj/Desktop/RM_work/ROS2_learning/simple_calculator_task/ws/install/my_add_interfaces/include/my_add_interfaces/my_add_interfaces
[1.926s] -- Up-to-date: /home/cjj/Desktop/RM_work/ROS2_learning/simple_calculator_task/ws/install/my_add_interfaces/include/my_add_interfaces/my_add_interfaces/msg
[1.926s] -- Installing: /home/cjj/Desktop/RM_work/ROS2_learning/simple_calculator_task/ws/install/my_add_interfaces/include/my_add_interfaces/my_add_interfaces/msg/rosidl_typesupport_introspection_c__visibility_control.h
[1.926s] -- Up-to-date: /home/cjj/Desktop/RM_work/ROS2_learning/simple_calculator_task/ws/install/my_add_interfaces/include/my_add_interfaces/my_add_interfaces/msg/detail
[1.926s] -- Installing: /home/cjj/Desktop/RM_work/ROS2_learning/simple_calculator_task/ws/install/my_add_interfaces/include/my_add_interfaces/my_add_interfaces/msg/detail/my_add__type_support.c
[1.926s] -- Installing: /home/cjj/Desktop/RM_work/ROS2_learning/simple_calculator_task/ws/install/my_add_interfaces/include/my_add_interfaces/my_add_interfaces/msg/detail/my_add__rosidl_typesupport_introspection_c.h
[1.926s] -- Installing: /home/cjj/Desktop/RM_work/ROS2_learning/simple_calculator_task/ws/install/my_add_interfaces/lib/libmy_add_interfaces__rosidl_typesupport_introspection_c.so
[1.926s] -- Set runtime path of "/home/cjj/Desktop/RM_work/ROS2_learning/simple_calculator_task/ws/install/my_add_interfaces/lib/libmy_add_interfaces__rosidl_typesupport_introspection_c.so" to ""
[1.926s] -- Installing: /home/cjj/Desktop/RM_work/ROS2_learning/simple_calculator_task/ws/install/my_add_interfaces/lib/libmy_add_interfaces__rosidl_typesupport_c.so
[1.926s] -- Set runtime path of "/home/cjj/Desktop/RM_work/ROS2_learning/simple_calculator_task/ws/install/my_add_interfaces/lib/libmy_add_interfaces__rosidl_typesupport_c.so" to ""
[1.926s] -- Up-to-date: /home/cjj/Desktop/RM_work/ROS2_learning/simple_calculator_task/ws/install/my_add_interfaces/include/my_add_interfaces/my_add_interfaces
[1.926s] -- Up-to-date: /home/cjj/Desktop/RM_work/ROS2_learning/simple_calculator_task/ws/install/my_add_interfaces/include/my_add_interfaces/my_add_interfaces/msg
[1.926s] -- Up-to-date: /home/cjj/Desktop/RM_work/ROS2_learning/simple_calculator_task/ws/install/my_add_interfaces/include/my_add_interfaces/my_add_interfaces/msg/detail
[1.926s] -- Installing: /home/cjj/Desktop/RM_work/ROS2_learning/simple_calculator_task/ws/install/my_add_interfaces/include/my_add_interfaces/my_add_interfaces/msg/detail/my_add__struct.hpp
[1.926s] -- Installing: /home/cjj/Desktop/RM_work/ROS2_learning/simple_calculator_task/ws/install/my_add_interfaces/include/my_add_interfaces/my_add_interfaces/msg/detail/my_add__traits.hpp
[1.926s] -- Installing: /home/cjj/Desktop/RM_work/ROS2_learning/simple_calculator_task/ws/install/my_add_interfaces/include/my_add_interfaces/my_add_interfaces/msg/detail/my_add__builder.hpp
[1.926s] -- Installing: /home/cjj/Desktop/RM_work/ROS2_learning/simple_calculator_task/ws/install/my_add_interfaces/include/my_add_interfaces/my_add_interfaces/msg/my_add.hpp
[1.926s] -- Up-to-date: /home/cjj/Desktop/RM_work/ROS2_learning/simple_calculator_task/ws/install/my_add_interfaces/include/my_add_interfaces/my_add_interfaces
[1.926s] -- Up-to-date: /home/cjj/Desktop/RM_work/ROS2_learning/simple_calculator_task/ws/install/my_add_interfaces/include/my_add_interfaces/my_add_interfaces/msg
[1.926s] -- Up-to-date: /home/cjj/Desktop/RM_work/ROS2_learning/simple_calculator_task/ws/install/my_add_interfaces/include/my_add_interfaces/my_add_interfaces/msg/detail
[1.926s] -- Installing: /home/cjj/Desktop/RM_work/ROS2_learning/simple_calculator_task/ws/install/my_add_interfaces/include/my_add_interfaces/my_add_interfaces/msg/detail/my_add__rosidl_typesupport_fastrtps_cpp.hpp
[1.926s] -- Installing: /home/cjj/Desktop/RM_work/ROS2_learning/simple_calculator_task/ws/install/my_add_interfaces/include/my_add_interfaces/my_add_interfaces/msg/detail/dds_fastrtps
[1.926s] -- Installing: /home/cjj/Desktop/RM_work/ROS2_learning/simple_calculator_task/ws/install/my_add_interfaces/include/my_add_interfaces/my_add_interfaces/msg/rosidl_typesupport_fastrtps_cpp__visibility_control.h
[1.926s] -- Installing: /home/cjj/Desktop/RM_work/ROS2_learning/simple_calculator_task/ws/install/my_add_interfaces/lib/libmy_add_interfaces__rosidl_typesupport_fastrtps_cpp.so
[1.926s] -- Set runtime path of "/home/cjj/Desktop/RM_work/ROS2_learning/simple_calculator_task/ws/install/my_add_interfaces/lib/libmy_add_interfaces__rosidl_typesupport_fastrtps_cpp.so" to ""
[1.927s] -- Up-to-date: /home/cjj/Desktop/RM_work/ROS2_learning/simple_calculator_task/ws/install/my_add_interfaces/include/my_add_interfaces/my_add_interfaces
[1.927s] -- Up-to-date: /home/cjj/Desktop/RM_work/ROS2_learning/simple_calculator_task/ws/install/my_add_interfaces/include/my_add_interfaces/my_add_interfaces/msg
[1.927s] -- Up-to-date: /home/cjj/Desktop/RM_work/ROS2_learning/simple_calculator_task/ws/install/my_add_interfaces/include/my_add_interfaces/my_add_interfaces/msg/detail
[1.927s] -- Installing: /home/cjj/Desktop/RM_work/ROS2_learning/simple_calculator_task/ws/install/my_add_interfaces/include/my_add_interfaces/my_add_interfaces/msg/detail/my_add__type_support.cpp
[1.927s] -- Installing: /home/cjj/Desktop/RM_work/ROS2_learning/simple_calculator_task/ws/install/my_add_interfaces/include/my_add_interfaces/my_add_interfaces/msg/detail/my_add__rosidl_typesupport_introspection_cpp.hpp
[1.927s] -- Installing: /home/cjj/Desktop/RM_work/ROS2_learning/simple_calculator_task/ws/install/my_add_interfaces/lib/libmy_add_interfaces__rosidl_typesupport_introspection_cpp.so
[1.927s] -- Set runtime path of "/home/cjj/Desktop/RM_work/ROS2_learning/simple_calculator_task/ws/install/my_add_interfaces/lib/libmy_add_interfaces__rosidl_typesupport_introspection_cpp.so" to ""
[1.927s] -- Installing: /home/cjj/Desktop/RM_work/ROS2_learning/simple_calculator_task/ws/install/my_add_interfaces/lib/libmy_add_interfaces__rosidl_typesupport_cpp.so
[1.927s] -- Set runtime path of "/home/cjj/Desktop/RM_work/ROS2_learning/simple_calculator_task/ws/install/my_add_interfaces/lib/libmy_add_interfaces__rosidl_typesupport_cpp.so" to ""
[1.927s] -- Installing: /home/cjj/Desktop/RM_work/ROS2_learning/simple_calculator_task/ws/install/my_add_interfaces/share/my_add_interfaces/environment/pythonpath.sh
[1.927s] -- Installing: /home/cjj/Desktop/RM_work/ROS2_learning/simple_calculator_task/ws/install/my_add_interfaces/share/my_add_interfaces/environment/pythonpath.dsv
[1.927s] -- Installing: /home/cjj/Desktop/RM_work/ROS2_learning/simple_calculator_task/ws/install/my_add_interfaces/local/lib/python3.10/dist-packages/my_add_interfaces-0.0.0-py3.10.egg-info
[1.927s] -- Installing: /home/cjj/Desktop/RM_work/ROS2_learning/simple_calculator_task/ws/install/my_add_interfaces/local/lib/python3.10/dist-packages/my_add_interfaces-0.0.0-py3.10.egg-info/SOURCES.txt
[1.928s] -- Installing: /home/cjj/Desktop/RM_work/ROS2_learning/simple_calculator_task/ws/install/my_add_interfaces/local/lib/python3.10/dist-packages/my_add_interfaces-0.0.0-py3.10.egg-info/dependency_links.txt
[1.928s] -- Installing: /home/cjj/Desktop/RM_work/ROS2_learning/simple_calculator_task/ws/install/my_add_interfaces/local/lib/python3.10/dist-packages/my_add_interfaces-0.0.0-py3.10.egg-info/top_level.txt
[1.928s] -- Installing: /home/cjj/Desktop/RM_work/ROS2_learning/simple_calculator_task/ws/install/my_add_interfaces/local/lib/python3.10/dist-packages/my_add_interfaces-0.0.0-py3.10.egg-info/PKG-INFO
[1.928s] -- Installing: /home/cjj/Desktop/RM_work/ROS2_learning/simple_calculator_task/ws/install/my_add_interfaces/local/lib/python3.10/dist-packages/my_add_interfaces
[1.928s] -- Installing: /home/cjj/Desktop/RM_work/ROS2_learning/simple_calculator_task/ws/install/my_add_interfaces/local/lib/python3.10/dist-packages/my_add_interfaces/my_add_interfaces_s__rosidl_typesupport_introspection_c.cpython-310-x86_64-linux-gnu.so
[1.928s] -- Installing: /home/cjj/Desktop/RM_work/ROS2_learning/simple_calculator_task/ws/install/my_add_interfaces/local/lib/python3.10/dist-packages/my_add_interfaces/__init__.py
[1.928s] -- Installing: /home/cjj/Desktop/RM_work/ROS2_learning/simple_calculator_task/ws/install/my_add_interfaces/local/lib/python3.10/dist-packages/my_add_interfaces/my_add_interfaces_s__rosidl_typesupport_fastrtps_c.cpython-310-x86_64-linux-gnu.so
[1.928s] -- Installing: /home/cjj/Desktop/RM_work/ROS2_learning/simple_calculator_task/ws/install/my_add_interfaces/local/lib/python3.10/dist-packages/my_add_interfaces/my_add_interfaces_s__rosidl_typesupport_c.cpython-310-x86_64-linux-gnu.so
[1.928s] -- Installing: /home/cjj/Desktop/RM_work/ROS2_learning/simple_calculator_task/ws/install/my_add_interfaces/local/lib/python3.10/dist-packages/my_add_interfaces/_my_add_interfaces_s.ep.rosidl_typesupport_fastrtps_c.c
[1.928s] -- Installing: /home/cjj/Desktop/RM_work/ROS2_learning/simple_calculator_task/ws/install/my_add_interfaces/local/lib/python3.10/dist-packages/my_add_interfaces/msg
[1.928s] -- Installing: /home/cjj/Desktop/RM_work/ROS2_learning/simple_calculator_task/ws/install/my_add_interfaces/local/lib/python3.10/dist-packages/my_add_interfaces/msg/__init__.py
[1.928s] -- Installing: /home/cjj/Desktop/RM_work/ROS2_learning/simple_calculator_task/ws/install/my_add_interfaces/local/lib/python3.10/dist-packages/my_add_interfaces/msg/_my_add_s.c
[1.929s] -- Installing: /home/cjj/Desktop/RM_work/ROS2_learning/simple_calculator_task/ws/install/my_add_interfaces/local/lib/python3.10/dist-packages/my_add_interfaces/msg/_my_add.py
[1.929s] -- Installing: /home/cjj/Desktop/RM_work/ROS2_learning/simple_calculator_task/ws/install/my_add_interfaces/local/lib/python3.10/dist-packages/my_add_interfaces/libmy_add_interfaces__rosidl_generator_py.so
[1.929s] -- Installing: /home/cjj/Desktop/RM_work/ROS2_learning/simple_calculator_task/ws/install/my_add_interfaces/local/lib/python3.10/dist-packages/my_add_interfaces/_my_add_interfaces_s.ep.rosidl_typesupport_c.c
[1.929s] -- Installing: /home/cjj/Desktop/RM_work/ROS2_learning/simple_calculator_task/ws/install/my_add_interfaces/local/lib/python3.10/dist-packages/my_add_interfaces/_my_add_interfaces_s.ep.rosidl_typesupport_introspection_c.c
[1.953s] Listing '/home/cjj/Desktop/RM_work/ROS2_learning/simple_calculator_task/ws/install/my_add_interfaces/local/lib/python3.10/dist-packages/my_add_interfaces'...
[1.953s] Compiling '/home/cjj/Desktop/RM_work/ROS2_learning/simple_calculator_task/ws/install/my_add_interfaces/local/lib/python3.10/dist-packages/my_add_interfaces/__init__.py'...
[1.953s] Listing '/home/cjj/Desktop/RM_work/ROS2_learning/simple_calculator_task/ws/install/my_add_interfaces/local/lib/python3.10/dist-packages/my_add_interfaces/msg'...
[1.954s] Compiling '/home/cjj/Desktop/RM_work/ROS2_learning/simple_calculator_task/ws/install/my_add_interfaces/local/lib/python3.10/dist-packages/my_add_interfaces/msg/__init__.py'...
[1.954s] Compiling '/home/cjj/Desktop/RM_work/ROS2_learning/simple_calculator_task/ws/install/my_add_interfaces/local/lib/python3.10/dist-packages/my_add_interfaces/msg/_my_add.py'...
[1.957s] -- Installing: /home/cjj/Desktop/RM_work/ROS2_learning/simple_calculator_task/ws/install/my_add_interfaces/local/lib/python3.10/dist-packages/my_add_interfaces/my_add_interfaces_s__rosidl_typesupport_fastrtps_c.cpython-310-x86_64-linux-gnu.so
[1.957s] -- Set runtime path of "/home/cjj/Desktop/RM_work/ROS2_learning/simple_calculator_task/ws/install/my_add_interfaces/local/lib/python3.10/dist-packages/my_add_interfaces/my_add_interfaces_s__rosidl_typesupport_fastrtps_c.cpython-310-x86_64-linux-gnu.so" to ""
[1.957s] -- Installing: /home/cjj/Desktop/RM_work/ROS2_learning/simple_calculator_task/ws/install/my_add_interfaces/local/lib/python3.10/dist-packages/my_add_interfaces/my_add_interfaces_s__rosidl_typesupport_introspection_c.cpython-310-x86_64-linux-gnu.so
[1.957s] -- Set runtime path of "/home/cjj/Desktop/RM_work/ROS2_learning/simple_calculator_task/ws/install/my_add_interfaces/local/lib/python3.10/dist-packages/my_add_interfaces/my_add_interfaces_s__rosidl_typesupport_introspection_c.cpython-310-x86_64-linux-gnu.so" to ""
[1.957s] -- Installing: /home/cjj/Desktop/RM_work/ROS2_learning/simple_calculator_task/ws/install/my_add_interfaces/local/lib/python3.10/dist-packages/my_add_interfaces/my_add_interfaces_s__rosidl_typesupport_c.cpython-310-x86_64-linux-gnu.so
[1.957s] -- Set runtime path of "/home/cjj/Desktop/RM_work/ROS2_learning/simple_calculator_task/ws/install/my_add_interfaces/local/lib/python3.10/dist-packages/my_add_interfaces/my_add_interfaces_s__rosidl_typesupport_c.cpython-310-x86_64-linux-gnu.so" to ""
[1.957s] -- Installing: /home/cjj/Desktop/RM_work/ROS2_learning/simple_calculator_task/ws/install/my_add_interfaces/lib/libmy_add_interfaces__rosidl_generator_py.so
[1.957s] -- Set runtime path of "/home/cjj/Desktop/RM_work/ROS2_learning/simple_calculator_task/ws/install/my_add_interfaces/lib/libmy_add_interfaces__rosidl_generator_py.so" to ""
[1.957s] -- Installing: /home/cjj/Desktop/RM_work/ROS2_learning/simple_calculator_task/ws/install/my_add_interfaces/share/my_add_interfaces/msg/MyAdd.idl
[1.957s] -- Installing: /home/cjj/Desktop/RM_work/ROS2_learning/simple_calculator_task/ws/install/my_add_interfaces/share/my_add_interfaces/msg/MyAdd.msg
[1.957s] -- Installing: /home/cjj/Desktop/RM_work/ROS2_learning/simple_calculator_task/ws/install/my_add_interfaces/share/ament_index/resource_index/package_run_dependencies/my_add_interfaces
[1.957s] -- Installing: /home/cjj/Desktop/RM_work/ROS2_learning/simple_calculator_task/ws/install/my_add_interfaces/share/ament_index/resource_index/parent_prefix_path/my_add_interfaces
[1.958s] -- Installing: /home/cjj/Desktop/RM_work/ROS2_learning/simple_calculator_task/ws/install/my_add_interfaces/share/my_add_interfaces/environment/ament_prefix_path.sh
[1.958s] -- Installing: /home/cjj/Desktop/RM_work/ROS2_learning/simple_calculator_task/ws/install/my_add_interfaces/share/my_add_interfaces/environment/ament_prefix_path.dsv
[1.958s] -- Installing: /home/cjj/Desktop/RM_work/ROS2_learning/simple_calculator_task/ws/install/my_add_interfaces/share/my_add_interfaces/environment/path.sh
[1.958s] -- Installing: /home/cjj/Desktop/RM_work/ROS2_learning/simple_calculator_task/ws/install/my_add_interfaces/share/my_add_interfaces/environment/path.dsv
[1.958s] -- Installing: /home/cjj/Desktop/RM_work/ROS2_learning/simple_calculator_task/ws/install/my_add_interfaces/share/my_add_interfaces/local_setup.bash
[1.958s] -- Installing: /home/cjj/Desktop/RM_work/ROS2_learning/simple_calculator_task/ws/install/my_add_interfaces/share/my_add_interfaces/local_setup.sh
[1.958s] -- Installing: /home/cjj/Desktop/RM_work/ROS2_learning/simple_calculator_task/ws/install/my_add_interfaces/share/my_add_interfaces/local_setup.zsh
[1.958s] -- Installing: /home/cjj/Desktop/RM_work/ROS2_learning/simple_calculator_task/ws/install/my_add_interfaces/share/my_add_interfaces/local_setup.dsv
[1.958s] -- Installing: /home/cjj/Desktop/RM_work/ROS2_learning/simple_calculator_task/ws/install/my_add_interfaces/share/my_add_interfaces/package.dsv
[1.958s] -- Installing: /home/cjj/Desktop/RM_work/ROS2_learning/simple_calculator_task/ws/install/my_add_interfaces/share/ament_index/resource_index/packages/my_add_interfaces
[1.958s] -- Installing: /home/cjj/Desktop/RM_work/ROS2_learning/simple_calculator_task/ws/install/my_add_interfaces/share/my_add_interfaces/cmake/export_my_add_interfaces__rosidl_generator_cExport.cmake
[1.958s] -- Installing: /home/cjj/Desktop/RM_work/ROS2_learning/simple_calculator_task/ws/install/my_add_interfaces/share/my_add_interfaces/cmake/export_my_add_interfaces__rosidl_generator_cExport-noconfig.cmake
[1.958s] -- Installing: /home/cjj/Desktop/RM_work/ROS2_learning/simple_calculator_task/ws/install/my_add_interfaces/share/my_add_interfaces/cmake/export_my_add_interfaces__rosidl_typesupport_fastrtps_cExport.cmake
[1.958s] -- Installing: /home/cjj/Desktop/RM_work/ROS2_learning/simple_calculator_task/ws/install/my_add_interfaces/share/my_add_interfaces/cmake/export_my_add_interfaces__rosidl_typesupport_fastrtps_cExport-noconfig.cmake
[1.958s] -- Installing: /home/cjj/Desktop/RM_work/ROS2_learning/simple_calculator_task/ws/install/my_add_interfaces/share/my_add_interfaces/cmake/my_add_interfaces__rosidl_typesupport_introspection_cExport.cmake
[1.958s] -- Installing: /home/cjj/Desktop/RM_work/ROS2_learning/simple_calculator_task/ws/install/my_add_interfaces/share/my_add_interfaces/cmake/my_add_interfaces__rosidl_typesupport_introspection_cExport-noconfig.cmake
[1.958s] -- Installing: /home/cjj/Desktop/RM_work/ROS2_learning/simple_calculator_task/ws/install/my_add_interfaces/share/my_add_interfaces/cmake/my_add_interfaces__rosidl_typesupport_cExport.cmake
[1.959s] -- Installing: /home/cjj/Desktop/RM_work/ROS2_learning/simple_calculator_task/ws/install/my_add_interfaces/share/my_add_interfaces/cmake/my_add_interfaces__rosidl_typesupport_cExport-noconfig.cmake
[1.959s] -- Installing: /home/cjj/Desktop/RM_work/ROS2_learning/simple_calculator_task/ws/install/my_add_interfaces/share/my_add_interfaces/cmake/export_my_add_interfaces__rosidl_generator_cppExport.cmake
[1.959s] -- Installing: /home/cjj/Desktop/RM_work/ROS2_learning/simple_calculator_task/ws/install/my_add_interfaces/share/my_add_interfaces/cmake/export_my_add_interfaces__rosidl_typesupport_fastrtps_cppExport.cmake
[1.959s] -- Installing: /home/cjj/Desktop/RM_work/ROS2_learning/simple_calculator_task/ws/install/my_add_interfaces/share/my_add_interfaces/cmake/export_my_add_interfaces__rosidl_typesupport_fastrtps_cppExport-noconfig.cmake
[1.959s] -- Installing: /home/cjj/Desktop/RM_work/ROS2_learning/simple_calculator_task/ws/install/my_add_interfaces/share/my_add_interfaces/cmake/my_add_interfaces__rosidl_typesupport_introspection_cppExport.cmake
[1.959s] -- Installing: /home/cjj/Desktop/RM_work/ROS2_learning/simple_calculator_task/ws/install/my_add_interfaces/share/my_add_interfaces/cmake/my_add_interfaces__rosidl_typesupport_introspection_cppExport-noconfig.cmake
[1.959s] -- Installing: /home/cjj/Desktop/RM_work/ROS2_learning/simple_calculator_task/ws/install/my_add_interfaces/share/my_add_interfaces/cmake/my_add_interfaces__rosidl_typesupport_cppExport.cmake
[1.959s] -- Installing: /home/cjj/Desktop/RM_work/ROS2_learning/simple_calculator_task/ws/install/my_add_interfaces/share/my_add_interfaces/cmake/my_add_interfaces__rosidl_typesupport_cppExport-noconfig.cmake
[1.959s] -- Installing: /home/cjj/Desktop/RM_work/ROS2_learning/simple_calculator_task/ws/install/my_add_interfaces/share/my_add_interfaces/cmake/export_my_add_interfaces__rosidl_generator_pyExport.cmake
[1.959s] -- Installing: /home/cjj/Desktop/RM_work/ROS2_learning/simple_calculator_task/ws/install/my_add_interfaces/share/my_add_interfaces/cmake/export_my_add_interfaces__rosidl_generator_pyExport-noconfig.cmake
[1.959s] -- Installing: /home/cjj/Desktop/RM_work/ROS2_learning/simple_calculator_task/ws/install/my_add_interfaces/share/my_add_interfaces/cmake/rosidl_cmake-extras.cmake
[1.959s] -- Installing: /home/cjj/Desktop/RM_work/ROS2_learning/simple_calculator_task/ws/install/my_add_interfaces/share/my_add_interfaces/cmake/ament_cmake_export_dependencies-extras.cmake
[1.959s] -- Installing: /home/cjj/Desktop/RM_work/ROS2_learning/simple_calculator_task/ws/install/my_add_interfaces/share/my_add_interfaces/cmake/ament_cmake_export_include_directories-extras.cmake
[1.959s] -- Installing: /home/cjj/Desktop/RM_work/ROS2_learning/simple_calculator_task/ws/install/my_add_interfaces/share/my_add_interfaces/cmake/ament_cmake_export_libraries-extras.cmake
[1.959s] -- Installing: /home/cjj/Desktop/RM_work/ROS2_learning/simple_calculator_task/ws/install/my_add_interfaces/share/my_add_interfaces/cmake/ament_cmake_export_targets-extras.cmake
[1.959s] -- Installing: /home/cjj/Desktop/RM_work/ROS2_learning/simple_calculator_task/ws/install/my_add_interfaces/share/my_add_interfaces/cmake/rosidl_cmake_export_typesupport_targets-extras.cmake
[1.959s] -- Installing: /home/cjj/Desktop/RM_work/ROS2_learning/simple_calculator_task/ws/install/my_add_interfaces/share/my_add_interfaces/cmake/rosidl_cmake_export_typesupport_libraries-extras.cmake
[1.959s] -- Installing: /home/cjj/Desktop/RM_work/ROS2_learning/simple_calculator_task/ws/install/my_add_interfaces/share/my_add_interfaces/cmake/my_add_interfacesConfig.cmake
[1.959s] -- Installing: /home/cjj/Desktop/RM_work/ROS2_learning/simple_calculator_task/ws/install/my_add_interfaces/share/my_add_interfaces/cmake/my_add_interfacesConfig-version.cmake
[1.959s] -- Installing: /home/cjj/Desktop/RM_work/ROS2_learning/simple_calculator_task/ws/install/my_add_interfaces/share/my_add_interfaces/package.xml
[1.961s] Invoked command in '/home/cjj/Desktop/RM_work/ROS2_learning/simple_calculator_task/ws/build/my_add_interfaces' returned '0': CMAKE_PREFIX_PATH=/opt/ros/humble /usr/bin/cmake --install /home/cjj/Desktop/RM_work/ROS2_learning/simple_calculator_task/ws/build/my_add_interfaces
