[0.069s] DEBUG:colcon:Command line arguments: ['/usr/bin/colcon', 'list', '-p', '--base-paths', '/home/cjj/Desktop/RM_work/ROS2_learning/simple_calculator_task/ws']
[0.069s] DEBUG:colcon:Parsed command line arguments: Namespace(log_base=None, log_level=None, verb_name='list', build_base='build', ignore_user_meta=False, metas=['./colcon.meta'], base_paths=['/home/cjj/Desktop/RM_work/ROS2_learning/simple_calculator_task/ws'], packages_ignore=None, packages_ignore_regex=None, paths=None, packages_up_to=None, packages_up_to_regex=None, packages_above=None, packages_above_and_dependencies=None, packages_above_depth=None, packages_select_by_dep=None, packages_skip_by_dep=None, packages_skip_up_to=None, packages_select_build_failed=False, packages_skip_build_finished=False, packages_select_test_failures=False, packages_skip_test_passed=False, packages_select=None, packages_skip=None, packages_select_regex=None, packages_skip_regex=None, packages_start=None, packages_end=None, allow_overriding=[], topological_order=False, names_only=False, paths_only=True, topological_graph=False, topological_graph_dot=False, topological_graph_density=False, topological_graph_legend=False, topological_graph_dot_cluster=False, topological_graph_dot_include_skipped=False, mixin_files=None, mixin=None, verb_parser=<colcon_mixin.mixin.mixin_argument.MixinArgumentDecorator object at 0x798c2853f010>, verb_extension=<colcon_package_information.verb.list.ListVerb object at 0x798c2853e740>, main=<bound method ListVerb.main of <colcon_package_information.verb.list.ListVerb object at 0x798c2853e740>>, mixin_verb=('list',))
[0.168s] Level 1:colcon.colcon_core.package_discovery:discover_packages(colcon_meta) check parameters
[0.168s] Level 1:colcon.colcon_core.package_discovery:discover_packages(recursive) check parameters
[0.168s] Level 1:colcon.colcon_core.package_discovery:discover_packages(ignore) check parameters
[0.168s] Level 1:colcon.colcon_core.package_discovery:discover_packages(path) check parameters
[0.168s] Level 1:colcon.colcon_core.package_discovery:discover_packages(recursive) discover
[0.168s] INFO:colcon.colcon_core.package_discovery:Crawling recursively for packages in '/home/cjj/Desktop/RM_work/ROS2_learning/simple_calculator_task/ws'
[0.168s] Level 1:colcon.colcon_core.package_identification:_identify(/home/cjj/Desktop/RM_work/ROS2_learning/simple_calculator_task/ws) by extensions ['ignore', 'ignore_ament_install']
[0.168s] Level 1:colcon.colcon_core.package_identification:_identify(/home/cjj/Desktop/RM_work/ROS2_learning/simple_calculator_task/ws) by extension 'ignore'
[0.168s] Level 1:colcon.colcon_core.package_identification:_identify(/home/cjj/Desktop/RM_work/ROS2_learning/simple_calculator_task/ws) by extension 'ignore_ament_install'
[0.168s] Level 1:colcon.colcon_core.package_identification:_identify(/home/cjj/Desktop/RM_work/ROS2_learning/simple_calculator_task/ws) by extensions ['colcon_pkg']
[0.168s] Level 1:colcon.colcon_core.package_identification:_identify(/home/cjj/Desktop/RM_work/ROS2_learning/simple_calculator_task/ws) by extension 'colcon_pkg'
[0.168s] Level 1:colcon.colcon_core.package_identification:_identify(/home/cjj/Desktop/RM_work/ROS2_learning/simple_calculator_task/ws) by extensions ['colcon_meta']
[0.168s] Level 1:colcon.colcon_core.package_identification:_identify(/home/cjj/Desktop/RM_work/ROS2_learning/simple_calculator_task/ws) by extension 'colcon_meta'
[0.168s] Level 1:colcon.colcon_core.package_identification:_identify(/home/cjj/Desktop/RM_work/ROS2_learning/simple_calculator_task/ws) by extensions ['ros']
[0.168s] Level 1:colcon.colcon_core.package_identification:_identify(/home/cjj/Desktop/RM_work/ROS2_learning/simple_calculator_task/ws) by extension 'ros'
[0.176s] Level 1:colcon.colcon_core.package_identification:_identify(/home/cjj/Desktop/RM_work/ROS2_learning/simple_calculator_task/ws) by extensions ['cmake', 'python']
[0.176s] Level 1:colcon.colcon_core.package_identification:_identify(/home/cjj/Desktop/RM_work/ROS2_learning/simple_calculator_task/ws) by extension 'cmake'
[0.176s] Level 1:colcon.colcon_core.package_identification:_identify(/home/cjj/Desktop/RM_work/ROS2_learning/simple_calculator_task/ws) by extension 'python'
[0.176s] Level 1:colcon.colcon_core.package_identification:_identify(/home/cjj/Desktop/RM_work/ROS2_learning/simple_calculator_task/ws) by extensions ['python_setup_py']
[0.176s] Level 1:colcon.colcon_core.package_identification:_identify(/home/cjj/Desktop/RM_work/ROS2_learning/simple_calculator_task/ws) by extension 'python_setup_py'
[0.177s] Level 1:colcon.colcon_core.package_identification:_identify(/home/cjj/Desktop/RM_work/ROS2_learning/simple_calculator_task/ws/build) by extensions ['ignore', 'ignore_ament_install']
[0.177s] Level 1:colcon.colcon_core.package_identification:_identify(/home/cjj/Desktop/RM_work/ROS2_learning/simple_calculator_task/ws/build) by extension 'ignore'
[0.177s] Level 1:colcon.colcon_core.package_identification:_identify(/home/cjj/Desktop/RM_work/ROS2_learning/simple_calculator_task/ws/build) ignored
[0.177s] Level 1:colcon.colcon_core.package_identification:_identify(/home/cjj/Desktop/RM_work/ROS2_learning/simple_calculator_task/ws/install) by extensions ['ignore', 'ignore_ament_install']
[0.177s] Level 1:colcon.colcon_core.package_identification:_identify(/home/cjj/Desktop/RM_work/ROS2_learning/simple_calculator_task/ws/install) by extension 'ignore'
[0.177s] Level 1:colcon.colcon_core.package_identification:_identify(/home/cjj/Desktop/RM_work/ROS2_learning/simple_calculator_task/ws/install) ignored
[0.177s] Level 1:colcon.colcon_core.package_identification:_identify(/home/cjj/Desktop/RM_work/ROS2_learning/simple_calculator_task/ws/log) by extensions ['ignore', 'ignore_ament_install']
[0.177s] Level 1:colcon.colcon_core.package_identification:_identify(/home/cjj/Desktop/RM_work/ROS2_learning/simple_calculator_task/ws/log) by extension 'ignore'
[0.177s] Level 1:colcon.colcon_core.package_identification:_identify(/home/cjj/Desktop/RM_work/ROS2_learning/simple_calculator_task/ws/log) ignored
[0.177s] Level 1:colcon.colcon_core.package_identification:_identify(/home/cjj/Desktop/RM_work/ROS2_learning/simple_calculator_task/ws/src) by extensions ['ignore', 'ignore_ament_install']
[0.177s] Level 1:colcon.colcon_core.package_identification:_identify(/home/cjj/Desktop/RM_work/ROS2_learning/simple_calculator_task/ws/src) by extension 'ignore'
[0.177s] Level 1:colcon.colcon_core.package_identification:_identify(/home/cjj/Desktop/RM_work/ROS2_learning/simple_calculator_task/ws/src) by extension 'ignore_ament_install'
[0.177s] Level 1:colcon.colcon_core.package_identification:_identify(/home/cjj/Desktop/RM_work/ROS2_learning/simple_calculator_task/ws/src) by extensions ['colcon_pkg']
[0.177s] Level 1:colcon.colcon_core.package_identification:_identify(/home/cjj/Desktop/RM_work/ROS2_learning/simple_calculator_task/ws/src) by extension 'colcon_pkg'
[0.177s] Level 1:colcon.colcon_core.package_identification:_identify(/home/cjj/Desktop/RM_work/ROS2_learning/simple_calculator_task/ws/src) by extensions ['colcon_meta']
[0.177s] Level 1:colcon.colcon_core.package_identification:_identify(/home/cjj/Desktop/RM_work/ROS2_learning/simple_calculator_task/ws/src) by extension 'colcon_meta'
[0.177s] Level 1:colcon.colcon_core.package_identification:_identify(/home/cjj/Desktop/RM_work/ROS2_learning/simple_calculator_task/ws/src) by extensions ['ros']
[0.177s] Level 1:colcon.colcon_core.package_identification:_identify(/home/cjj/Desktop/RM_work/ROS2_learning/simple_calculator_task/ws/src) by extension 'ros'
[0.177s] Level 1:colcon.colcon_core.package_identification:_identify(/home/cjj/Desktop/RM_work/ROS2_learning/simple_calculator_task/ws/src) by extensions ['cmake', 'python']
[0.177s] Level 1:colcon.colcon_core.package_identification:_identify(/home/cjj/Desktop/RM_work/ROS2_learning/simple_calculator_task/ws/src) by extension 'cmake'
[0.177s] Level 1:colcon.colcon_core.package_identification:_identify(/home/cjj/Desktop/RM_work/ROS2_learning/simple_calculator_task/ws/src) by extension 'python'
[0.177s] Level 1:colcon.colcon_core.package_identification:_identify(/home/cjj/Desktop/RM_work/ROS2_learning/simple_calculator_task/ws/src) by extensions ['python_setup_py']
[0.177s] Level 1:colcon.colcon_core.package_identification:_identify(/home/cjj/Desktop/RM_work/ROS2_learning/simple_calculator_task/ws/src) by extension 'python_setup_py'
[0.177s] Level 1:colcon.colcon_core.package_identification:_identify(/home/cjj/Desktop/RM_work/ROS2_learning/simple_calculator_task/ws/src/add_task) by extensions ['ignore', 'ignore_ament_install']
[0.177s] Level 1:colcon.colcon_core.package_identification:_identify(/home/cjj/Desktop/RM_work/ROS2_learning/simple_calculator_task/ws/src/add_task) by extension 'ignore'
[0.177s] Level 1:colcon.colcon_core.package_identification:_identify(/home/cjj/Desktop/RM_work/ROS2_learning/simple_calculator_task/ws/src/add_task) by extension 'ignore_ament_install'
[0.178s] Level 1:colcon.colcon_core.package_identification:_identify(/home/cjj/Desktop/RM_work/ROS2_learning/simple_calculator_task/ws/src/add_task) by extensions ['colcon_pkg']
[0.178s] Level 1:colcon.colcon_core.package_identification:_identify(/home/cjj/Desktop/RM_work/ROS2_learning/simple_calculator_task/ws/src/add_task) by extension 'colcon_pkg'
[0.178s] Level 1:colcon.colcon_core.package_identification:_identify(/home/cjj/Desktop/RM_work/ROS2_learning/simple_calculator_task/ws/src/add_task) by extensions ['colcon_meta']
[0.178s] Level 1:colcon.colcon_core.package_identification:_identify(/home/cjj/Desktop/RM_work/ROS2_learning/simple_calculator_task/ws/src/add_task) by extension 'colcon_meta'
[0.178s] Level 1:colcon.colcon_core.package_identification:_identify(/home/cjj/Desktop/RM_work/ROS2_learning/simple_calculator_task/ws/src/add_task) by extensions ['ros']
[0.178s] Level 1:colcon.colcon_core.package_identification:_identify(/home/cjj/Desktop/RM_work/ROS2_learning/simple_calculator_task/ws/src/add_task) by extension 'ros'
[0.179s] DEBUG:colcon.colcon_core.package_identification:Package '/home/cjj/Desktop/RM_work/ROS2_learning/simple_calculator_task/ws/src/add_task' with type 'ros.ament_cmake' and name 'add_task'
[0.180s] Level 1:colcon.colcon_core.package_identification:_identify(/home/cjj/Desktop/RM_work/ROS2_learning/simple_calculator_task/ws/src/my_add_interfaces) by extensions ['ignore', 'ignore_ament_install']
[0.180s] Level 1:colcon.colcon_core.package_identification:_identify(/home/cjj/Desktop/RM_work/ROS2_learning/simple_calculator_task/ws/src/my_add_interfaces) by extension 'ignore'
[0.180s] Level 1:colcon.colcon_core.package_identification:_identify(/home/cjj/Desktop/RM_work/ROS2_learning/simple_calculator_task/ws/src/my_add_interfaces) by extension 'ignore_ament_install'
[0.180s] Level 1:colcon.colcon_core.package_identification:_identify(/home/cjj/Desktop/RM_work/ROS2_learning/simple_calculator_task/ws/src/my_add_interfaces) by extensions ['colcon_pkg']
[0.180s] Level 1:colcon.colcon_core.package_identification:_identify(/home/cjj/Desktop/RM_work/ROS2_learning/simple_calculator_task/ws/src/my_add_interfaces) by extension 'colcon_pkg'
[0.180s] Level 1:colcon.colcon_core.package_identification:_identify(/home/cjj/Desktop/RM_work/ROS2_learning/simple_calculator_task/ws/src/my_add_interfaces) by extensions ['colcon_meta']
[0.180s] Level 1:colcon.colcon_core.package_identification:_identify(/home/cjj/Desktop/RM_work/ROS2_learning/simple_calculator_task/ws/src/my_add_interfaces) by extension 'colcon_meta'
[0.180s] Level 1:colcon.colcon_core.package_identification:_identify(/home/cjj/Desktop/RM_work/ROS2_learning/simple_calculator_task/ws/src/my_add_interfaces) by extensions ['ros']
[0.180s] Level 1:colcon.colcon_core.package_identification:_identify(/home/cjj/Desktop/RM_work/ROS2_learning/simple_calculator_task/ws/src/my_add_interfaces) by extension 'ros'
[0.180s] DEBUG:colcon.colcon_core.package_identification:Package '/home/cjj/Desktop/RM_work/ROS2_learning/simple_calculator_task/ws/src/my_add_interfaces' with type 'ros.ament_cmake' and name 'my_add_interfaces'
[0.180s] Level 1:colcon.colcon_core.package_identification:_identify(/home/cjj/Desktop/RM_work/ROS2_learning/simple_calculator_task/ws/src/startup) by extensions ['ignore', 'ignore_ament_install']
[0.180s] Level 1:colcon.colcon_core.package_identification:_identify(/home/cjj/Desktop/RM_work/ROS2_learning/simple_calculator_task/ws/src/startup) by extension 'ignore'
[0.180s] Level 1:colcon.colcon_core.package_identification:_identify(/home/cjj/Desktop/RM_work/ROS2_learning/simple_calculator_task/ws/src/startup) by extension 'ignore_ament_install'
[0.180s] Level 1:colcon.colcon_core.package_identification:_identify(/home/cjj/Desktop/RM_work/ROS2_learning/simple_calculator_task/ws/src/startup) by extensions ['colcon_pkg']
[0.180s] Level 1:colcon.colcon_core.package_identification:_identify(/home/cjj/Desktop/RM_work/ROS2_learning/simple_calculator_task/ws/src/startup) by extension 'colcon_pkg'
[0.180s] Level 1:colcon.colcon_core.package_identification:_identify(/home/cjj/Desktop/RM_work/ROS2_learning/simple_calculator_task/ws/src/startup) by extensions ['colcon_meta']
[0.180s] Level 1:colcon.colcon_core.package_identification:_identify(/home/cjj/Desktop/RM_work/ROS2_learning/simple_calculator_task/ws/src/startup) by extension 'colcon_meta'
[0.180s] Level 1:colcon.colcon_core.package_identification:_identify(/home/cjj/Desktop/RM_work/ROS2_learning/simple_calculator_task/ws/src/startup) by extensions ['ros']
[0.181s] Level 1:colcon.colcon_core.package_identification:_identify(/home/cjj/Desktop/RM_work/ROS2_learning/simple_calculator_task/ws/src/startup) by extension 'ros'
[0.181s] DEBUG:colcon.colcon_core.package_identification:Package '/home/cjj/Desktop/RM_work/ROS2_learning/simple_calculator_task/ws/src/startup' with type 'ros.ament_cmake' and name 'startup'
[0.181s] Level 1:colcon.colcon_core.package_discovery:discover_packages(recursive) using defaults
