[35m[1mConsolidate compiler generated dependencies of target image_detector[0m
[ 50%] [32mBuilding CXX object CMakeFiles/image_detector.dir/src/image_detector_node.cpp.o[0m
In file included from [01m[K/opt/ros/humble/include/rclcpp/rclcpp/logging.hpp:24[m[K,
                 from [01m[K/opt/ros/humble/include/rclcpp/rclcpp/client.hpp:40[m[K,
                 from [01m[K/opt/ros/humble/include/rclcpp/rclcpp/callback_group.hpp:24[m[K,
                 from [01m[K/opt/ros/humble/include/rclcpp/rclcpp/any_executable.hpp:20[m[K,
                 from [01m[K/opt/ros/humble/include/rclcpp/rclcpp/memory_strategy.hpp:25[m[K,
                 from [01m[K/opt/ros/humble/include/rclcpp/rclcpp/memory_strategies.hpp:18[m[K,
                 from [01m[K/opt/ros/humble/include/rclcpp/rclcpp/executor_options.hpp:20[m[K,
                 from [01m[K/opt/ros/humble/include/rclcpp/rclcpp/executor.hpp:37[m[K,
                 from [01m[K/opt/ros/humble/include/rclcpp/rclcpp/executors/multi_threaded_executor.hpp:25[m[K,
                 from [01m[K/opt/ros/humble/include/rclcpp/rclcpp/executors.hpp:21[m[K,
                 from [01m[K/opt/ros/humble/include/rclcpp/rclcpp/rclcpp.hpp:155[m[K,
                 from [01m[K/home/cjj/Desktop/RM_work/ROS2_learning/rviz2_tasks/src/image_detector/src/image_detector_node.cpp:1[m[K:
[01m[K/home/cjj/Desktop/RM_work/ROS2_learning/rviz2_tasks/src/image_detector/src/image_detector_node.cpp:[m[K In constructor ‘[01m[KImageDetectNode::ImageDetectNode(std::string)[m[K’:
[01m[K/home/cjj/Desktop/RM_work/ROS2_learning/rviz2_tasks/src/image_detector/src/image_detector_node.cpp:8:44:[m[K [01;35m[Kwarning: [m[Kformat ‘[01m[K%s[m[K’ expects argument of type ‘[01m[Kchar*[m[K’, but argument 5 has type ‘[01m[Kstd::string[m[K’ {aka ‘[01m[Kstd::__cxx11::basic_string<char>[m[K’} [[01;35m[K]8;;https://gcc.gnu.org/onlinedocs/gcc/Warning-Options.html#index-Wformat=-Wformat=]8;;[m[K]
    8 |             RCLCPP_INFO(this->get_logger(),[01;35m[K"节点%s已经建立!"[m[K,name)
      |                                            [01;35m[K^~~~~~~~~~~~~~~~~[m[K
[01m[K/home/cjj/Desktop/RM_work/ROS2_learning/rviz2_tasks/src/image_detector/src/image_detector_node.cpp:8:50:[m[K [01;36m[Knote: [m[Kformat string is defined here
    8 |             RCLCPP_INFO(this->get_logger(),"节点[01;36m[K%s[m[K已经建立!",name)
      |                                                 [01;36m[K~^[m[K
      |                                                  [01;36m[K|[m[K
      |                                                  [01;36m[Kchar*[m[K
[01m[K/home/cjj/Desktop/RM_work/ROS2_learning/rviz2_tasks/src/image_detector/src/image_detector_node.cpp:9:9:[m[K [01;31m[Kerror: [m[Kexpected ‘[01m[K;[m[K’ before ‘[01m[K}[m[K’ token
    9 |         [01;31m[K}[m[K
      |         [01;31m[K^[m[K
[01m[K/home/cjj/Desktop/RM_work/ROS2_learning/rviz2_tasks/src/image_detector/src/image_detector_node.cpp:[m[K In function ‘[01m[Kint main(int, char**)[m[K’:
[01m[K/home/cjj/Desktop/RM_work/ROS2_learning/rviz2_tasks/src/image_detector/src/image_detector_node.cpp:16:61:[m[K [01;31m[Kerror: [m[Kconversion from ‘[01m[Kstd::shared_ptr<ImageDetectNode>[m[K’ to non-scalar type ‘[01m[KImageDetectNode[m[K’ requested
   16 |     ImageDetectNode node = [01;31m[Kstd::make_shared<ImageDetectNode>("image_detector")[m[K;
      |                            [01;31m[K~~~~~~~~~~~~~~~~~~~~~~~~~~~~~~~~~^~~~~~~~~~~~~~~~~~[m[K
[01m[K/home/cjj/Desktop/RM_work/ROS2_learning/rviz2_tasks/src/image_detector/src/image_detector_node.cpp:17:17:[m[K [01;31m[Kerror: [m[Kno matching function for call to ‘[01m[Kspin(ImageDetectNode&)[m[K’
   17 |     [01;31m[Krclcpp::spin(node)[m[K;
      |     [01;31m[K~~~~~~~~~~~~^~~~~~[m[K
In file included from [01m[K/opt/ros/humble/include/rclcpp/rclcpp/rclcpp.hpp:155[m[K,
                 from [01m[K/home/cjj/Desktop/RM_work/ROS2_learning/rviz2_tasks/src/image_detector/src/image_detector_node.cpp:1[m[K:
[01m[K/opt/ros/humble/include/rclcpp/rclcpp/executors.hpp:45:1:[m[K [01;36m[Knote: [m[Kcandidate: ‘[01m[Kvoid rclcpp::spin(rclcpp::node_interfaces::NodeBaseInterface::SharedPtr)[m[K’
   45 | [01;36m[Kspin[m[K(rclcpp::node_interfaces::NodeBaseInterface::SharedPtr node_ptr);
      | [01;36m[K^~~~[m[K
[01m[K/opt/ros/humble/include/rclcpp/rclcpp/executors.hpp:45:60:[m[K [01;36m[Knote: [m[K  no known conversion for argument 1 from ‘[01m[KImageDetectNode[m[K’ to ‘[01m[Krclcpp::node_interfaces::NodeBaseInterface::SharedPtr[m[K’ {aka ‘[01m[Kstd::shared_ptr<rclcpp::node_interfaces::NodeBaseInterface>[m[K’}
   45 | spin([01;36m[Krclcpp::node_interfaces::NodeBaseInterface::SharedPtr node_ptr[m[K);
      |      [01;36m[K~~~~~~~~~~~~~~~~~~~~~~~~~~~~~~~~~~~~~~~~~~~~~~~~~~~~~~^~~~~~~~[m[K
[01m[K/opt/ros/humble/include/rclcpp/rclcpp/executors.hpp:49:1:[m[K [01;36m[Knote: [m[Kcandidate: ‘[01m[Kvoid rclcpp::spin(rclcpp::Node::SharedPtr)[m[K’
   49 | [01;36m[Kspin[m[K(rclcpp::Node::SharedPtr node_ptr);
      | [01;36m[K^~~~[m[K
[01m[K/opt/ros/humble/include/rclcpp/rclcpp/executors.hpp:49:30:[m[K [01;36m[Knote: [m[K  no known conversion for argument 1 from ‘[01m[KImageDetectNode[m[K’ to ‘[01m[Krclcpp::Node::SharedPtr[m[K’ {aka ‘[01m[Kstd::shared_ptr<rclcpp::Node>[m[K’}
   49 | spin([01;36m[Krclcpp::Node::SharedPtr node_ptr[m[K);
      |      [01;36m[K~~~~~~~~~~~~~~~~~~~~~~~~^~~~~~~~[m[K
gmake[2]: *** [CMakeFiles/image_detector.dir/build.make:76：CMakeFiles/image_detector.dir/src/image_detector_node.cpp.o] 错误 1
gmake[1]: *** [CMakeFiles/Makefile2:137：CMakeFiles/image_detector.dir/all] 错误 2
gmake: *** [Makefile:146：all] 错误 2
