[0.055s] DEBUG:colcon:Command line arguments: ['/usr/bin/colcon', 'list', '-p', '--base-paths', '/home/cjj/Desktop/RM_work/ROS2_learning/rviz2_tasks']
[0.055s] DEBUG:colcon:Parsed command line arguments: Namespace(log_base=None, log_level=None, verb_name='list', build_base='build', ignore_user_meta=False, metas=['./colcon.meta'], base_paths=['/home/cjj/Desktop/RM_work/ROS2_learning/rviz2_tasks'], packages_ignore=None, packages_ignore_regex=None, paths=None, packages_up_to=None, packages_up_to_regex=None, packages_above=None, packages_above_and_dependencies=None, packages_above_depth=None, packages_select_by_dep=None, packages_skip_by_dep=None, packages_skip_up_to=None, packages_select_build_failed=False, packages_skip_build_finished=False, packages_select_test_failures=False, packages_skip_test_passed=False, packages_select=None, packages_skip=None, packages_select_regex=None, packages_skip_regex=None, packages_start=None, packages_end=None, allow_overriding=[], topological_order=False, names_only=False, paths_only=True, topological_graph=False, topological_graph_dot=False, topological_graph_density=False, topological_graph_legend=False, topological_graph_dot_cluster=False, topological_graph_dot_include_skipped=False, mixin_files=None, mixin=None, verb_parser=<colcon_mixin.mixin.mixin_argument.MixinArgumentDecorator object at 0x7155aef47d30>, verb_extension=<colcon_package_information.verb.list.ListVerb object at 0x7155aef46d70>, main=<bound method ListVerb.main of <colcon_package_information.verb.list.ListVerb object at 0x7155aef46d70>>, mixin_verb=('list',))
[0.143s] Level 1:colcon.colcon_core.package_discovery:discover_packages(colcon_meta) check parameters
[0.143s] Level 1:colcon.colcon_core.package_discovery:discover_packages(recursive) check parameters
[0.143s] Level 1:colcon.colcon_core.package_discovery:discover_packages(ignore) check parameters
[0.143s] Level 1:colcon.colcon_core.package_discovery:discover_packages(path) check parameters
[0.143s] Level 1:colcon.colcon_core.package_discovery:discover_packages(recursive) discover
[0.143s] INFO:colcon.colcon_core.package_discovery:Crawling recursively for packages in '/home/cjj/Desktop/RM_work/ROS2_learning/rviz2_tasks'
[0.143s] Level 1:colcon.colcon_core.package_identification:_identify(/home/cjj/Desktop/RM_work/ROS2_learning/rviz2_tasks) by extensions ['ignore', 'ignore_ament_install']
[0.143s] Level 1:colcon.colcon_core.package_identification:_identify(/home/cjj/Desktop/RM_work/ROS2_learning/rviz2_tasks) by extension 'ignore'
[0.143s] Level 1:colcon.colcon_core.package_identification:_identify(/home/cjj/Desktop/RM_work/ROS2_learning/rviz2_tasks) by extension 'ignore_ament_install'
[0.143s] Level 1:colcon.colcon_core.package_identification:_identify(/home/cjj/Desktop/RM_work/ROS2_learning/rviz2_tasks) by extensions ['colcon_pkg']
[0.143s] Level 1:colcon.colcon_core.package_identification:_identify(/home/cjj/Desktop/RM_work/ROS2_learning/rviz2_tasks) by extension 'colcon_pkg'
[0.143s] Level 1:colcon.colcon_core.package_identification:_identify(/home/cjj/Desktop/RM_work/ROS2_learning/rviz2_tasks) by extensions ['colcon_meta']
[0.143s] Level 1:colcon.colcon_core.package_identification:_identify(/home/cjj/Desktop/RM_work/ROS2_learning/rviz2_tasks) by extension 'colcon_meta'
[0.143s] Level 1:colcon.colcon_core.package_identification:_identify(/home/cjj/Desktop/RM_work/ROS2_learning/rviz2_tasks) by extensions ['ros']
[0.143s] Level 1:colcon.colcon_core.package_identification:_identify(/home/cjj/Desktop/RM_work/ROS2_learning/rviz2_tasks) by extension 'ros'
[0.150s] Level 1:colcon.colcon_core.package_identification:_identify(/home/cjj/Desktop/RM_work/ROS2_learning/rviz2_tasks) by extensions ['cmake', 'python']
[0.150s] Level 1:colcon.colcon_core.package_identification:_identify(/home/cjj/Desktop/RM_work/ROS2_learning/rviz2_tasks) by extension 'cmake'
[0.150s] Level 1:colcon.colcon_core.package_identification:_identify(/home/cjj/Desktop/RM_work/ROS2_learning/rviz2_tasks) by extension 'python'
[0.150s] Level 1:colcon.colcon_core.package_identification:_identify(/home/cjj/Desktop/RM_work/ROS2_learning/rviz2_tasks) by extensions ['python_setup_py']
[0.150s] Level 1:colcon.colcon_core.package_identification:_identify(/home/cjj/Desktop/RM_work/ROS2_learning/rviz2_tasks) by extension 'python_setup_py'
[0.150s] Level 1:colcon.colcon_core.package_identification:_identify(/home/cjj/Desktop/RM_work/ROS2_learning/rviz2_tasks/build) by extensions ['ignore', 'ignore_ament_install']
[0.150s] Level 1:colcon.colcon_core.package_identification:_identify(/home/cjj/Desktop/RM_work/ROS2_learning/rviz2_tasks/build) by extension 'ignore'
[0.150s] Level 1:colcon.colcon_core.package_identification:_identify(/home/cjj/Desktop/RM_work/ROS2_learning/rviz2_tasks/build) ignored
[0.150s] Level 1:colcon.colcon_core.package_identification:_identify(/home/cjj/Desktop/RM_work/ROS2_learning/rviz2_tasks/install) by extensions ['ignore', 'ignore_ament_install']
[0.150s] Level 1:colcon.colcon_core.package_identification:_identify(/home/cjj/Desktop/RM_work/ROS2_learning/rviz2_tasks/install) by extension 'ignore'
[0.150s] Level 1:colcon.colcon_core.package_identification:_identify(/home/cjj/Desktop/RM_work/ROS2_learning/rviz2_tasks/install) ignored
[0.151s] Level 1:colcon.colcon_core.package_identification:_identify(/home/cjj/Desktop/RM_work/ROS2_learning/rviz2_tasks/log) by extensions ['ignore', 'ignore_ament_install']
[0.151s] Level 1:colcon.colcon_core.package_identification:_identify(/home/cjj/Desktop/RM_work/ROS2_learning/rviz2_tasks/log) by extension 'ignore'
[0.151s] Level 1:colcon.colcon_core.package_identification:_identify(/home/cjj/Desktop/RM_work/ROS2_learning/rviz2_tasks/log) ignored
[0.151s] Level 1:colcon.colcon_core.package_identification:_identify(/home/cjj/Desktop/RM_work/ROS2_learning/rviz2_tasks/src) by extensions ['ignore', 'ignore_ament_install']
[0.151s] Level 1:colcon.colcon_core.package_identification:_identify(/home/cjj/Desktop/RM_work/ROS2_learning/rviz2_tasks/src) by extension 'ignore'
[0.151s] Level 1:colcon.colcon_core.package_identification:_identify(/home/cjj/Desktop/RM_work/ROS2_learning/rviz2_tasks/src) by extension 'ignore_ament_install'
[0.151s] Level 1:colcon.colcon_core.package_identification:_identify(/home/cjj/Desktop/RM_work/ROS2_learning/rviz2_tasks/src) by extensions ['colcon_pkg']
[0.151s] Level 1:colcon.colcon_core.package_identification:_identify(/home/cjj/Desktop/RM_work/ROS2_learning/rviz2_tasks/src) by extension 'colcon_pkg'
[0.151s] Level 1:colcon.colcon_core.package_identification:_identify(/home/cjj/Desktop/RM_work/ROS2_learning/rviz2_tasks/src) by extensions ['colcon_meta']
[0.151s] Level 1:colcon.colcon_core.package_identification:_identify(/home/cjj/Desktop/RM_work/ROS2_learning/rviz2_tasks/src) by extension 'colcon_meta'
[0.151s] Level 1:colcon.colcon_core.package_identification:_identify(/home/cjj/Desktop/RM_work/ROS2_learning/rviz2_tasks/src) by extensions ['ros']
[0.151s] Level 1:colcon.colcon_core.package_identification:_identify(/home/cjj/Desktop/RM_work/ROS2_learning/rviz2_tasks/src) by extension 'ros'
[0.151s] Level 1:colcon.colcon_core.package_identification:_identify(/home/cjj/Desktop/RM_work/ROS2_learning/rviz2_tasks/src) by extensions ['cmake', 'python']
[0.151s] Level 1:colcon.colcon_core.package_identification:_identify(/home/cjj/Desktop/RM_work/ROS2_learning/rviz2_tasks/src) by extension 'cmake'
[0.151s] Level 1:colcon.colcon_core.package_identification:_identify(/home/cjj/Desktop/RM_work/ROS2_learning/rviz2_tasks/src) by extension 'python'
[0.151s] Level 1:colcon.colcon_core.package_identification:_identify(/home/cjj/Desktop/RM_work/ROS2_learning/rviz2_tasks/src) by extensions ['python_setup_py']
[0.151s] Level 1:colcon.colcon_core.package_identification:_identify(/home/cjj/Desktop/RM_work/ROS2_learning/rviz2_tasks/src) by extension 'python_setup_py'
[0.151s] Level 1:colcon.colcon_core.package_identification:_identify(/home/cjj/Desktop/RM_work/ROS2_learning/rviz2_tasks/src/image_detector) by extensions ['ignore', 'ignore_ament_install']
[0.151s] Level 1:colcon.colcon_core.package_identification:_identify(/home/cjj/Desktop/RM_work/ROS2_learning/rviz2_tasks/src/image_detector) by extension 'ignore'
[0.151s] Level 1:colcon.colcon_core.package_identification:_identify(/home/cjj/Desktop/RM_work/ROS2_learning/rviz2_tasks/src/image_detector) by extension 'ignore_ament_install'
[0.151s] Level 1:colcon.colcon_core.package_identification:_identify(/home/cjj/Desktop/RM_work/ROS2_learning/rviz2_tasks/src/image_detector) by extensions ['colcon_pkg']
[0.151s] Level 1:colcon.colcon_core.package_identification:_identify(/home/cjj/Desktop/RM_work/ROS2_learning/rviz2_tasks/src/image_detector) by extension 'colcon_pkg'
[0.151s] Level 1:colcon.colcon_core.package_identification:_identify(/home/cjj/Desktop/RM_work/ROS2_learning/rviz2_tasks/src/image_detector) by extensions ['colcon_meta']
[0.151s] Level 1:colcon.colcon_core.package_identification:_identify(/home/cjj/Desktop/RM_work/ROS2_learning/rviz2_tasks/src/image_detector) by extension 'colcon_meta'
[0.151s] Level 1:colcon.colcon_core.package_identification:_identify(/home/cjj/Desktop/RM_work/ROS2_learning/rviz2_tasks/src/image_detector) by extensions ['ros']
[0.151s] Level 1:colcon.colcon_core.package_identification:_identify(/home/cjj/Desktop/RM_work/ROS2_learning/rviz2_tasks/src/image_detector) by extension 'ros'
[0.153s] DEBUG:colcon.colcon_core.package_identification:Package '/home/cjj/Desktop/RM_work/ROS2_learning/rviz2_tasks/src/image_detector' with type 'ros.ament_cmake' and name 'image_detector'
[0.153s] Level 1:colcon.colcon_core.package_identification:_identify(/home/cjj/Desktop/RM_work/ROS2_learning/rviz2_tasks/src/rm_interfaces) by extensions ['ignore', 'ignore_ament_install']
[0.153s] Level 1:colcon.colcon_core.package_identification:_identify(/home/cjj/Desktop/RM_work/ROS2_learning/rviz2_tasks/src/rm_interfaces) by extension 'ignore'
[0.153s] Level 1:colcon.colcon_core.package_identification:_identify(/home/cjj/Desktop/RM_work/ROS2_learning/rviz2_tasks/src/rm_interfaces) by extension 'ignore_ament_install'
[0.153s] Level 1:colcon.colcon_core.package_identification:_identify(/home/cjj/Desktop/RM_work/ROS2_learning/rviz2_tasks/src/rm_interfaces) by extensions ['colcon_pkg']
[0.153s] Level 1:colcon.colcon_core.package_identification:_identify(/home/cjj/Desktop/RM_work/ROS2_learning/rviz2_tasks/src/rm_interfaces) by extension 'colcon_pkg'
[0.153s] Level 1:colcon.colcon_core.package_identification:_identify(/home/cjj/Desktop/RM_work/ROS2_learning/rviz2_tasks/src/rm_interfaces) by extensions ['colcon_meta']
[0.153s] Level 1:colcon.colcon_core.package_identification:_identify(/home/cjj/Desktop/RM_work/ROS2_learning/rviz2_tasks/src/rm_interfaces) by extension 'colcon_meta'
[0.153s] Level 1:colcon.colcon_core.package_identification:_identify(/home/cjj/Desktop/RM_work/ROS2_learning/rviz2_tasks/src/rm_interfaces) by extensions ['ros']
[0.153s] Level 1:colcon.colcon_core.package_identification:_identify(/home/cjj/Desktop/RM_work/ROS2_learning/rviz2_tasks/src/rm_interfaces) by extension 'ros'
[0.153s] DEBUG:colcon.colcon_core.package_identification:Package '/home/cjj/Desktop/RM_work/ROS2_learning/rviz2_tasks/src/rm_interfaces' with type 'ros.ament_cmake' and name 'rm_interfaces'
[0.153s] Level 1:colcon.colcon_core.package_identification:_identify(/home/cjj/Desktop/RM_work/ROS2_learning/rviz2_tasks/src/show_position) by extensions ['ignore', 'ignore_ament_install']
[0.153s] Level 1:colcon.colcon_core.package_identification:_identify(/home/cjj/Desktop/RM_work/ROS2_learning/rviz2_tasks/src/show_position) by extension 'ignore'
[0.153s] Level 1:colcon.colcon_core.package_identification:_identify(/home/cjj/Desktop/RM_work/ROS2_learning/rviz2_tasks/src/show_position) by extension 'ignore_ament_install'
[0.153s] Level 1:colcon.colcon_core.package_identification:_identify(/home/cjj/Desktop/RM_work/ROS2_learning/rviz2_tasks/src/show_position) by extensions ['colcon_pkg']
[0.153s] Level 1:colcon.colcon_core.package_identification:_identify(/home/cjj/Desktop/RM_work/ROS2_learning/rviz2_tasks/src/show_position) by extension 'colcon_pkg'
[0.153s] Level 1:colcon.colcon_core.package_identification:_identify(/home/cjj/Desktop/RM_work/ROS2_learning/rviz2_tasks/src/show_position) by extensions ['colcon_meta']
[0.153s] Level 1:colcon.colcon_core.package_identification:_identify(/home/cjj/Desktop/RM_work/ROS2_learning/rviz2_tasks/src/show_position) by extension 'colcon_meta'
[0.154s] Level 1:colcon.colcon_core.package_identification:_identify(/home/cjj/Desktop/RM_work/ROS2_learning/rviz2_tasks/src/show_position) by extensions ['ros']
[0.154s] Level 1:colcon.colcon_core.package_identification:_identify(/home/cjj/Desktop/RM_work/ROS2_learning/rviz2_tasks/src/show_position) by extension 'ros'
[0.154s] DEBUG:colcon.colcon_core.package_identification:Package '/home/cjj/Desktop/RM_work/ROS2_learning/rviz2_tasks/src/show_position' with type 'ros.ament_cmake' and name 'show_position'
[0.154s] Level 1:colcon.colcon_core.package_discovery:discover_packages(recursive) using defaults
