[0.006s] Invoking command in '/home/cjj/Desktop/RM_work/ROS2_learning/chapter_4/chapt4_ws/build/my_parameters_rclcpp': CMAKE_PREFIX_PATH=${CMAKE_PREFIX_PATH}:/opt/ros/humble /usr/bin/cmake --build /home/cjj/Desktop/RM_work/ROS2_learning/chapter_4/chapt4_ws/build/my_parameters_rclcpp -- -j20 -l20
[0.024s] -- Found ament_cmake: 1.3.10 (/opt/ros/humble/share/ament_cmake/cmake)
[0.101s] -- Found rclcpp: 16.0.10 (/opt/ros/humble/share/rclcpp/cmake)
[0.117s] -- Found rosidl_generator_c: 3.1.5 (/opt/ros/humble/share/rosidl_generator_c/cmake)
[0.118s] -- Found rosidl_adapter: 3.1.5 (/opt/ros/humble/share/rosidl_adapter/cmake)
[0.122s] -- Found rosidl_generator_cpp: 3.1.5 (/opt/ros/humble/share/rosidl_generator_cpp/cmake)
[0.127s] -- Using all available rosidl_typesupport_c: rosidl_typesupport_fastrtps_c;rosidl_typesupport_introspection_c
[0.134s] -- Using all available rosidl_typesupport_cpp: rosidl_typesupport_fastrtps_cpp;rosidl_typesupport_introspection_cpp
[0.151s] -- Found rmw_implementation_cmake: 6.1.2 (/opt/ros/humble/share/rmw_implementation_cmake/cmake)
[0.151s] -- Found rmw_fastrtps_cpp: 6.2.7 (/opt/ros/humble/share/rmw_fastrtps_cpp/cmake)
[0.191s] -- Using RMW implementation 'rmw_fastrtps_cpp' as default
[0.219s] -- Found ament_lint_auto: 0.12.11 (/opt/ros/humble/share/ament_lint_auto/cmake)
[0.262s] -- Added test 'cppcheck' to perform static code analysis on C / C++ code
[0.262s] -- Configured cppcheck include dirs: 
[0.262s] -- Configured cppcheck exclude dirs and/or files: 
[0.262s] -- Added test 'lint_cmake' to check CMake code style
[0.262s] -- Added test 'uncrustify' to check C / C++ code style
[0.262s] -- Configured uncrustify additional arguments: 
[0.262s] -- Added test 'xmllint' to check XML markup files
[0.263s] -- Configuring done
[0.267s] -- Generating done
[0.268s] -- Build files have been written to: /home/cjj/Desktop/RM_work/ROS2_learning/chapter_4/chapt4_ws/build/my_parameters_rclcpp
[0.294s] [ 50%] [32mBuilding CXX object CMakeFiles/parameters_basic.dir/src/parameters_basic.cpp.o[0m
[1.856s] [100%] [32m[1mLinking CXX executable parameters_basic[0m
[1.924s] [100%] Built target parameters_basic
[1.932s] Invoked command in '/home/cjj/Desktop/RM_work/ROS2_learning/chapter_4/chapt4_ws/build/my_parameters_rclcpp' returned '0': CMAKE_PREFIX_PATH=${CMAKE_PREFIX_PATH}:/opt/ros/humble /usr/bin/cmake --build /home/cjj/Desktop/RM_work/ROS2_learning/chapter_4/chapt4_ws/build/my_parameters_rclcpp -- -j20 -l20
[1.958s] Invoking command in '/home/cjj/Desktop/RM_work/ROS2_learning/chapter_4/chapt4_ws/build/my_parameters_rclcpp': CMAKE_PREFIX_PATH=${CMAKE_PREFIX_PATH}:/opt/ros/humble /usr/bin/cmake --install /home/cjj/Desktop/RM_work/ROS2_learning/chapter_4/chapt4_ws/build/my_parameters_rclcpp
[1.963s] -- Install configuration: ""
[1.963s] -- Installing: /home/cjj/Desktop/RM_work/ROS2_learning/chapter_4/chapt4_ws/install/my_parameters_rclcpp/lib/my_parameters_rclcpp/parameters_basic
[1.963s] -- Set runtime path of "/home/cjj/Desktop/RM_work/ROS2_learning/chapter_4/chapt4_ws/install/my_parameters_rclcpp/lib/my_parameters_rclcpp/parameters_basic" to ""
[1.964s] -- Up-to-date: /home/cjj/Desktop/RM_work/ROS2_learning/chapter_4/chapt4_ws/install/my_parameters_rclcpp/share/ament_index/resource_index/package_run_dependencies/my_parameters_rclcpp
[1.964s] -- Installing: /home/cjj/Desktop/RM_work/ROS2_learning/chapter_4/chapt4_ws/install/my_parameters_rclcpp/share/ament_index/resource_index/parent_prefix_path/my_parameters_rclcpp
[1.964s] -- Up-to-date: /home/cjj/Desktop/RM_work/ROS2_learning/chapter_4/chapt4_ws/install/my_parameters_rclcpp/share/my_parameters_rclcpp/environment/ament_prefix_path.sh
[1.965s] -- Installing: /home/cjj/Desktop/RM_work/ROS2_learning/chapter_4/chapt4_ws/install/my_parameters_rclcpp/share/my_parameters_rclcpp/environment/ament_prefix_path.dsv
[1.965s] -- Up-to-date: /home/cjj/Desktop/RM_work/ROS2_learning/chapter_4/chapt4_ws/install/my_parameters_rclcpp/share/my_parameters_rclcpp/environment/path.sh
[1.965s] -- Installing: /home/cjj/Desktop/RM_work/ROS2_learning/chapter_4/chapt4_ws/install/my_parameters_rclcpp/share/my_parameters_rclcpp/environment/path.dsv
[1.965s] -- Up-to-date: /home/cjj/Desktop/RM_work/ROS2_learning/chapter_4/chapt4_ws/install/my_parameters_rclcpp/share/my_parameters_rclcpp/local_setup.bash
[1.965s] -- Up-to-date: /home/cjj/Desktop/RM_work/ROS2_learning/chapter_4/chapt4_ws/install/my_parameters_rclcpp/share/my_parameters_rclcpp/local_setup.sh
[1.965s] -- Up-to-date: /home/cjj/Desktop/RM_work/ROS2_learning/chapter_4/chapt4_ws/install/my_parameters_rclcpp/share/my_parameters_rclcpp/local_setup.zsh
[1.965s] -- Installing: /home/cjj/Desktop/RM_work/ROS2_learning/chapter_4/chapt4_ws/install/my_parameters_rclcpp/share/my_parameters_rclcpp/local_setup.dsv
[1.965s] -- Installing: /home/cjj/Desktop/RM_work/ROS2_learning/chapter_4/chapt4_ws/install/my_parameters_rclcpp/share/my_parameters_rclcpp/package.dsv
[1.966s] -- Up-to-date: /home/cjj/Desktop/RM_work/ROS2_learning/chapter_4/chapt4_ws/install/my_parameters_rclcpp/share/ament_index/resource_index/packages/my_parameters_rclcpp
[1.966s] -- Up-to-date: /home/cjj/Desktop/RM_work/ROS2_learning/chapter_4/chapt4_ws/install/my_parameters_rclcpp/share/my_parameters_rclcpp/cmake/my_parameters_rclcppConfig.cmake
[1.966s] -- Up-to-date: /home/cjj/Desktop/RM_work/ROS2_learning/chapter_4/chapt4_ws/install/my_parameters_rclcpp/share/my_parameters_rclcpp/cmake/my_parameters_rclcppConfig-version.cmake
[1.966s] -- Up-to-date: /home/cjj/Desktop/RM_work/ROS2_learning/chapter_4/chapt4_ws/install/my_parameters_rclcpp/share/my_parameters_rclcpp/package.xml
[1.967s] Invoked command in '/home/cjj/Desktop/RM_work/ROS2_learning/chapter_4/chapt4_ws/build/my_parameters_rclcpp' returned '0': CMAKE_PREFIX_PATH=${CMAKE_PREFIX_PATH}:/opt/ros/humble /usr/bin/cmake --install /home/cjj/Desktop/RM_work/ROS2_learning/chapter_4/chapt4_ws/build/my_parameters_rclcpp
