[0.009s] Invoking command in '/home/cjj/Desktop/RM_work/ROS2_learning/chapter_3/chapt3_ws/build/my_topic_rclcpp': CMAKE_PREFIX_PATH=${CMAKE_PREFIX_PATH}:/opt/ros/humble /usr/bin/cmake --build /home/cjj/Desktop/RM_work/ROS2_learning/chapter_3/chapt3_ws/build/my_topic_rclcpp -- -j20 -l20
[0.048s] [ 50%] Built target topic_subscribe_01
[0.052s] [100%] Built target topic_publisher_01
[0.060s] Invoked command in '/home/cjj/Desktop/RM_work/ROS2_learning/chapter_3/chapt3_ws/build/my_topic_rclcpp' returned '0': CMAKE_PREFIX_PATH=${CMAKE_PREFIX_PATH}:/opt/ros/humble /usr/bin/cmake --build /home/cjj/Desktop/RM_work/ROS2_learning/chapter_3/chapt3_ws/build/my_topic_rclcpp -- -j20 -l20
[0.086s] Invoking command in '/home/cjj/Desktop/RM_work/ROS2_learning/chapter_3/chapt3_ws/build/my_topic_rclcpp': CMAKE_PREFIX_PATH=${CMAKE_PREFIX_PATH}:/opt/ros/humble /usr/bin/cmake --install /home/cjj/Desktop/RM_work/ROS2_learning/chapter_3/chapt3_ws/build/my_topic_rclcpp
[0.090s] -- Install configuration: ""
[0.090s] -- Up-to-date: /home/cjj/Desktop/RM_work/ROS2_learning/chapter_3/chapt3_ws/install/my_topic_rclcpp/share/ament_index/resource_index/package_run_dependencies/my_topic_rclcpp
[0.090s] -- Up-to-date: /home/cjj/Desktop/RM_work/ROS2_learning/chapter_3/chapt3_ws/install/my_topic_rclcpp/share/ament_index/resource_index/parent_prefix_path/my_topic_rclcpp
[0.090s] -- Up-to-date: /home/cjj/Desktop/RM_work/ROS2_learning/chapter_3/chapt3_ws/install/my_topic_rclcpp/share/my_topic_rclcpp/environment/ament_prefix_path.sh
[0.090s] -- Up-to-date: /home/cjj/Desktop/RM_work/ROS2_learning/chapter_3/chapt3_ws/install/my_topic_rclcpp/share/my_topic_rclcpp/environment/ament_prefix_path.dsv
[0.090s] -- Up-to-date: /home/cjj/Desktop/RM_work/ROS2_learning/chapter_3/chapt3_ws/install/my_topic_rclcpp/share/my_topic_rclcpp/environment/path.sh
[0.090s] -- Up-to-date: /home/cjj/Desktop/RM_work/ROS2_learning/chapter_3/chapt3_ws/install/my_topic_rclcpp/share/my_topic_rclcpp/environment/path.dsv
[0.090s] -- Up-to-date: /home/cjj/Desktop/RM_work/ROS2_learning/chapter_3/chapt3_ws/install/my_topic_rclcpp/share/my_topic_rclcpp/local_setup.bash
[0.090s] -- Up-to-date: /home/cjj/Desktop/RM_work/ROS2_learning/chapter_3/chapt3_ws/install/my_topic_rclcpp/share/my_topic_rclcpp/local_setup.sh
[0.090s] -- Up-to-date: /home/cjj/Desktop/RM_work/ROS2_learning/chapter_3/chapt3_ws/install/my_topic_rclcpp/share/my_topic_rclcpp/local_setup.zsh
[0.090s] -- Up-to-date: /home/cjj/Desktop/RM_work/ROS2_learning/chapter_3/chapt3_ws/install/my_topic_rclcpp/share/my_topic_rclcpp/local_setup.dsv
[0.090s] -- Installing: /home/cjj/Desktop/RM_work/ROS2_learning/chapter_3/chapt3_ws/install/my_topic_rclcpp/share/my_topic_rclcpp/package.dsv
[0.091s] -- Up-to-date: /home/cjj/Desktop/RM_work/ROS2_learning/chapter_3/chapt3_ws/install/my_topic_rclcpp/share/ament_index/resource_index/packages/my_topic_rclcpp
[0.091s] -- Up-to-date: /home/cjj/Desktop/RM_work/ROS2_learning/chapter_3/chapt3_ws/install/my_topic_rclcpp/share/my_topic_rclcpp/cmake/my_topic_rclcppConfig.cmake
[0.091s] -- Up-to-date: /home/cjj/Desktop/RM_work/ROS2_learning/chapter_3/chapt3_ws/install/my_topic_rclcpp/share/my_topic_rclcpp/cmake/my_topic_rclcppConfig-version.cmake
[0.091s] -- Up-to-date: /home/cjj/Desktop/RM_work/ROS2_learning/chapter_3/chapt3_ws/install/my_topic_rclcpp/share/my_topic_rclcpp/package.xml
[0.091s] -- Up-to-date: /home/cjj/Desktop/RM_work/ROS2_learning/chapter_3/chapt3_ws/install/my_topic_rclcpp/lib/my_topic_rclcpp/topic_publisher_01
[0.091s] -- Up-to-date: /home/cjj/Desktop/RM_work/ROS2_learning/chapter_3/chapt3_ws/install/my_topic_rclcpp/lib/my_topic_rclcpp/topic_subscribe_01
[0.092s] Invoked command in '/home/cjj/Desktop/RM_work/ROS2_learning/chapter_3/chapt3_ws/build/my_topic_rclcpp' returned '0': CMAKE_PREFIX_PATH=${CMAKE_PREFIX_PATH}:/opt/ros/humble /usr/bin/cmake --install /home/cjj/Desktop/RM_work/ROS2_learning/chapter_3/chapt3_ws/build/my_topic_rclcpp
