-- Found ament_cmake: 1.3.10 (/opt/ros/humble/share/ament_cmake/cmake)
-- Found rosidl_default_generators: 1.2.0 (/opt/ros/humble/share/rosidl_default_generators/cmake)
-- Using all available rosidl_typesupport_c: rosidl_typesupport_fastrtps_c;rosidl_typesupport_introspection_c
-- Found rosidl_adapter: 3.1.5 (/opt/ros/humble/share/rosidl_adapter/cmake)
-- Using all available rosidl_typesupport_cpp: rosidl_typesupport_fastrtps_cpp;rosidl_typesupport_introspection_cpp
-- Found geometry_msgs: 4.2.4 (/opt/ros/humble/share/geometry_msgs/cmake)
-- Found ament_cmake_ros: 0.10.0 (/opt/ros/humble/share/ament_cmake_ros/cmake)
-- Using all available rosidl_typesupport_c: rosidl_typesupport_fastrtps_c;rosidl_typesupport_introspection_c
-- Using all available rosidl_typesupport_cpp: rosidl_typesupport_fastrtps_cpp;rosidl_typesupport_introspection_cpp
-- Found python_cmake_module: 0.10.0 (/opt/ros/humble/share/python_cmake_module/cmake)
-- Using PYTHON_EXECUTABLE: /usr/bin/python3
-- Using PYTHON_INCLUDE_DIRS: /usr/include/python3.10
-- Using PYTHON_LIBRARIES: /usr/lib/x86_64-linux-gnu/libpython3.10.so
-- Found ament_lint_auto: 0.12.11 (/opt/ros/humble/share/ament_lint_auto/cmake)
-- Added test 'lint_cmake' to check CMake code style
-- Added test 'xmllint' to check XML markup files
-- Configuring done
-- Generating done
-- Build files have been written to: /home/cjj/Desktop/RM_work/ROS2_learning/simple_calculator_task/ws/build/my_add_interfaces
[  2%] [34m[1mGenerating C code for ROS interfaces[0m
[  5%] [34m[1mGenerating C++ code for ROS interfaces[0m
[  5%] Built target ament_cmake_python_copy_my_add_interfaces
running egg_info
writing my_add_interfaces.egg-info/PKG-INFO
writing dependency_links to my_add_interfaces.egg-info/dependency_links.txt
writing top-level names to my_add_interfaces.egg-info/top_level.txt
reading manifest file 'my_add_interfaces.egg-info/SOURCES.txt'
writing manifest file 'my_add_interfaces.egg-info/SOURCES.txt'
[  5%] Built target ament_cmake_python_build_my_add_interfaces_egg
[35m[1mConsolidate compiler generated dependencies of target my_add_interfaces__rosidl_generator_c[0m
[  5%] Built target my_add_interfaces__cpp
[ 15%] [34m[1mGenerating C++ type support dispatch for ROS interfaces[0m
[ 15%] [34m[1mGenerating C++ introspection for ROS interfaces[0m
[ 15%] [34m[1mGenerating C++ type support for eProsima Fast-RTPS[0m
[ 15%] [32mBuilding C object CMakeFiles/my_add_interfaces__rosidl_generator_c.dir/rosidl_generator_c/my_add_interfaces/msg/detail/my_add__functions.c.o[0m
[ 17%] [32mBuilding C object CMakeFiles/my_add_interfaces__rosidl_generator_c.dir/rosidl_generator_c/my_add_interfaces/srv/detail/calculator__functions.c.o[0m
[ 20%] [32m[1mLinking C shared library libmy_add_interfaces__rosidl_generator_c.so[0m
[ 20%] Built target my_add_interfaces__rosidl_generator_c
[ 23%] [34m[1mGenerating C introspection for ROS interfaces[0m
[ 25%] [34m[1mGenerating C type support dispatch for ROS interfaces[0m
[ 28%] [34m[1mGenerating C type support for eProsima Fast-RTPS[0m
[35m[1mConsolidate compiler generated dependencies of target my_add_interfaces__rosidl_typesupport_cpp[0m
[ 30%] [32mBuilding CXX object CMakeFiles/my_add_interfaces__rosidl_typesupport_cpp.dir/rosidl_typesupport_cpp/my_add_interfaces/srv/calculator__type_support.cpp.o[0m
[ 33%] [32mBuilding CXX object CMakeFiles/my_add_interfaces__rosidl_typesupport_cpp.dir/rosidl_typesupport_cpp/my_add_interfaces/msg/my_add__type_support.cpp.o[0m
[35m[1mConsolidate compiler generated dependencies of target my_add_interfaces__rosidl_typesupport_fastrtps_cpp[0m
[35m[1mConsolidate compiler generated dependencies of target my_add_interfaces__rosidl_typesupport_introspection_cpp[0m
[ 38%] [32mBuilding CXX object CMakeFiles/my_add_interfaces__rosidl_typesupport_fastrtps_cpp.dir/rosidl_typesupport_fastrtps_cpp/my_add_interfaces/msg/detail/dds_fastrtps/my_add__type_support.cpp.o[0m
[ 38%] [32mBuilding CXX object CMakeFiles/my_add_interfaces__rosidl_typesupport_fastrtps_cpp.dir/rosidl_typesupport_fastrtps_cpp/my_add_interfaces/srv/detail/dds_fastrtps/calculator__type_support.cpp.o[0m
[ 41%] [32mBuilding CXX object CMakeFiles/my_add_interfaces__rosidl_typesupport_introspection_cpp.dir/rosidl_typesupport_introspection_cpp/my_add_interfaces/msg/detail/my_add__type_support.cpp.o[0m
[ 43%] [32mBuilding CXX object CMakeFiles/my_add_interfaces__rosidl_typesupport_introspection_cpp.dir/rosidl_typesupport_introspection_cpp/my_add_interfaces/srv/detail/calculator__type_support.cpp.o[0m
[35m[1mConsolidate compiler generated dependencies of target my_add_interfaces__rosidl_typesupport_c[0m
[35m[1mConsolidate compiler generated dependencies of target my_add_interfaces__rosidl_typesupport_fastrtps_c[0m
[ 46%] [32mBuilding CXX object CMakeFiles/my_add_interfaces__rosidl_typesupport_c.dir/rosidl_typesupport_c/my_add_interfaces/srv/calculator__type_support.cpp.o[0m
[ 48%] [32mBuilding CXX object CMakeFiles/my_add_interfaces__rosidl_typesupport_c.dir/rosidl_typesupport_c/my_add_interfaces/msg/my_add__type_support.cpp.o[0m
[ 51%] [32mBuilding CXX object CMakeFiles/my_add_interfaces__rosidl_typesupport_fastrtps_c.dir/rosidl_typesupport_fastrtps_c/my_add_interfaces/srv/detail/calculator__type_support_c.cpp.o[0m
[ 53%] [32mBuilding CXX object CMakeFiles/my_add_interfaces__rosidl_typesupport_fastrtps_c.dir/rosidl_typesupport_fastrtps_c/my_add_interfaces/msg/detail/my_add__type_support_c.cpp.o[0m
[ 56%] [32m[1mLinking CXX shared library libmy_add_interfaces__rosidl_typesupport_c.so[0m
[35m[1mConsolidate compiler generated dependencies of target my_add_interfaces__rosidl_typesupport_introspection_c[0m
[ 58%] [32mBuilding C object CMakeFiles/my_add_interfaces__rosidl_typesupport_introspection_c.dir/rosidl_typesupport_introspection_c/my_add_interfaces/srv/detail/calculator__type_support.c.o[0m
[ 61%] [32mBuilding C object CMakeFiles/my_add_interfaces__rosidl_typesupport_introspection_c.dir/rosidl_typesupport_introspection_c/my_add_interfaces/msg/detail/my_add__type_support.c.o[0m
[ 61%] Built target my_add_interfaces__rosidl_typesupport_c
[ 64%] [32m[1mLinking C shared library libmy_add_interfaces__rosidl_typesupport_introspection_c.so[0m
[ 64%] Built target my_add_interfaces__rosidl_typesupport_introspection_c
[ 66%] [32m[1mLinking CXX shared library libmy_add_interfaces__rosidl_typesupport_cpp.so[0m
[ 69%] [32m[1mLinking CXX shared library libmy_add_interfaces__rosidl_typesupport_fastrtps_cpp.so[0m
[ 69%] Built target my_add_interfaces__rosidl_typesupport_cpp
[ 71%] [32m[1mLinking CXX shared library libmy_add_interfaces__rosidl_typesupport_fastrtps_c.so[0m
[ 71%] Built target my_add_interfaces__rosidl_typesupport_fastrtps_cpp
[ 74%] [32m[1mLinking CXX shared library libmy_add_interfaces__rosidl_typesupport_introspection_cpp.so[0m
[ 74%] Built target my_add_interfaces__rosidl_typesupport_fastrtps_c
[ 74%] Built target my_add_interfaces__rosidl_typesupport_introspection_cpp
[ 74%] Built target my_add_interfaces
[ 76%] [34m[1mGenerating Python code for ROS interfaces[0m
[ 76%] Built target my_add_interfaces__py
[35m[1mConsolidate compiler generated dependencies of target my_add_interfaces__rosidl_generator_py[0m
[ 82%] [32mBuilding C object CMakeFiles/my_add_interfaces__rosidl_generator_py.dir/rosidl_generator_py/my_add_interfaces/msg/_my_add_s.c.o[0m
[ 82%] [32mBuilding C object CMakeFiles/my_add_interfaces__rosidl_generator_py.dir/rosidl_generator_py/my_add_interfaces/srv/_calculator_s.c.o[0m
[ 84%] [32m[1mLinking C shared library rosidl_generator_py/my_add_interfaces/libmy_add_interfaces__rosidl_generator_py.so[0m
[ 84%] Built target my_add_interfaces__rosidl_generator_py
[35m[1mConsolidate compiler generated dependencies of target my_add_interfaces__rosidl_typesupport_c__pyext[0m
[35m[1mConsolidate compiler generated dependencies of target my_add_interfaces__rosidl_typesupport_introspection_c__pyext[0m
[35m[1mConsolidate compiler generated dependencies of target my_add_interfaces__rosidl_typesupport_fastrtps_c__pyext[0m
[ 87%] [32mBuilding C object CMakeFiles/my_add_interfaces__rosidl_typesupport_c__pyext.dir/rosidl_generator_py/my_add_interfaces/_my_add_interfaces_s.ep.rosidl_typesupport_c.c.o[0m
[ 89%] [32mBuilding C object CMakeFiles/my_add_interfaces__rosidl_typesupport_introspection_c__pyext.dir/rosidl_generator_py/my_add_interfaces/_my_add_interfaces_s.ep.rosidl_typesupport_introspection_c.c.o[0m
[ 92%] [32mBuilding C object CMakeFiles/my_add_interfaces__rosidl_typesupport_fastrtps_c__pyext.dir/rosidl_generator_py/my_add_interfaces/_my_add_interfaces_s.ep.rosidl_typesupport_fastrtps_c.c.o[0m
[ 97%] [32m[1mLinking C shared library rosidl_generator_py/my_add_interfaces/my_add_interfaces_s__rosidl_typesupport_fastrtps_c.cpython-310-x86_64-linux-gnu.so[0m
[ 97%] [32m[1mLinking C shared library rosidl_generator_py/my_add_interfaces/my_add_interfaces_s__rosidl_typesupport_introspection_c.cpython-310-x86_64-linux-gnu.so[0m
[100%] [32m[1mLinking C shared library rosidl_generator_py/my_add_interfaces/my_add_interfaces_s__rosidl_typesupport_c.cpython-310-x86_64-linux-gnu.so[0m
[100%] Built target my_add_interfaces__rosidl_typesupport_introspection_c__pyext
[100%] Built target my_add_interfaces__rosidl_typesupport_fastrtps_c__pyext
[100%] Built target my_add_interfaces__rosidl_typesupport_c__pyext
-- Install configuration: ""
-- Installing: /home/cjj/Desktop/RM_work/ROS2_learning/simple_calculator_task/ws/install/my_add_interfaces/share/ament_index/resource_index/rosidl_interfaces/my_add_interfaces
-- Up-to-date: /home/cjj/Desktop/RM_work/ROS2_learning/simple_calculator_task/ws/install/my_add_interfaces/include/my_add_interfaces/my_add_interfaces
-- Installing: /home/cjj/Desktop/RM_work/ROS2_learning/simple_calculator_task/ws/install/my_add_interfaces/include/my_add_interfaces/my_add_interfaces/srv
-- Installing: /home/cjj/Desktop/RM_work/ROS2_learning/simple_calculator_task/ws/install/my_add_interfaces/include/my_add_interfaces/my_add_interfaces/srv/calculator.h
-- Installing: /home/cjj/Desktop/RM_work/ROS2_learning/simple_calculator_task/ws/install/my_add_interfaces/include/my_add_interfaces/my_add_interfaces/srv/detail
-- Installing: /home/cjj/Desktop/RM_work/ROS2_learning/simple_calculator_task/ws/install/my_add_interfaces/include/my_add_interfaces/my_add_interfaces/srv/detail/calculator__functions.h
-- Installing: /home/cjj/Desktop/RM_work/ROS2_learning/simple_calculator_task/ws/install/my_add_interfaces/include/my_add_interfaces/my_add_interfaces/srv/detail/calculator__type_support.h
-- Installing: /home/cjj/Desktop/RM_work/ROS2_learning/simple_calculator_task/ws/install/my_add_interfaces/include/my_add_interfaces/my_add_interfaces/srv/detail/calculator__functions.c
-- Installing: /home/cjj/Desktop/RM_work/ROS2_learning/simple_calculator_task/ws/install/my_add_interfaces/include/my_add_interfaces/my_add_interfaces/srv/detail/calculator__struct.h
-- Up-to-date: /home/cjj/Desktop/RM_work/ROS2_learning/simple_calculator_task/ws/install/my_add_interfaces/include/my_add_interfaces/my_add_interfaces/msg
-- Up-to-date: /home/cjj/Desktop/RM_work/ROS2_learning/simple_calculator_task/ws/install/my_add_interfaces/include/my_add_interfaces/my_add_interfaces/msg/detail
-- Installing: /home/cjj/Desktop/RM_work/ROS2_learning/simple_calculator_task/ws/install/my_add_interfaces/include/my_add_interfaces/my_add_interfaces/msg/detail/my_add__struct.h
-- Installing: /home/cjj/Desktop/RM_work/ROS2_learning/simple_calculator_task/ws/install/my_add_interfaces/include/my_add_interfaces/my_add_interfaces/msg/detail/my_add__functions.h
-- Installing: /home/cjj/Desktop/RM_work/ROS2_learning/simple_calculator_task/ws/install/my_add_interfaces/include/my_add_interfaces/my_add_interfaces/msg/detail/my_add__type_support.h
-- Installing: /home/cjj/Desktop/RM_work/ROS2_learning/simple_calculator_task/ws/install/my_add_interfaces/include/my_add_interfaces/my_add_interfaces/msg/detail/my_add__functions.c
-- Installing: /home/cjj/Desktop/RM_work/ROS2_learning/simple_calculator_task/ws/install/my_add_interfaces/include/my_add_interfaces/my_add_interfaces/msg/my_add.h
-- Up-to-date: /home/cjj/Desktop/RM_work/ROS2_learning/simple_calculator_task/ws/install/my_add_interfaces/include/my_add_interfaces/my_add_interfaces/msg/rosidl_generator_c__visibility_control.h
-- Up-to-date: /home/cjj/Desktop/RM_work/ROS2_learning/simple_calculator_task/ws/install/my_add_interfaces/share/my_add_interfaces/environment/library_path.sh
-- Installing: /home/cjj/Desktop/RM_work/ROS2_learning/simple_calculator_task/ws/install/my_add_interfaces/share/my_add_interfaces/environment/library_path.dsv
-- Installing: /home/cjj/Desktop/RM_work/ROS2_learning/simple_calculator_task/ws/install/my_add_interfaces/lib/libmy_add_interfaces__rosidl_generator_c.so
-- Set runtime path of "/home/cjj/Desktop/RM_work/ROS2_learning/simple_calculator_task/ws/install/my_add_interfaces/lib/libmy_add_interfaces__rosidl_generator_c.so" to ""
-- Up-to-date: /home/cjj/Desktop/RM_work/ROS2_learning/simple_calculator_task/ws/install/my_add_interfaces/include/my_add_interfaces/my_add_interfaces
-- Up-to-date: /home/cjj/Desktop/RM_work/ROS2_learning/simple_calculator_task/ws/install/my_add_interfaces/include/my_add_interfaces/my_add_interfaces/srv
-- Up-to-date: /home/cjj/Desktop/RM_work/ROS2_learning/simple_calculator_task/ws/install/my_add_interfaces/include/my_add_interfaces/my_add_interfaces/srv/detail
-- Installing: /home/cjj/Desktop/RM_work/ROS2_learning/simple_calculator_task/ws/install/my_add_interfaces/include/my_add_interfaces/my_add_interfaces/srv/detail/calculator__rosidl_typesupport_fastrtps_c.h
-- Up-to-date: /home/cjj/Desktop/RM_work/ROS2_learning/simple_calculator_task/ws/install/my_add_interfaces/include/my_add_interfaces/my_add_interfaces/msg
-- Up-to-date: /home/cjj/Desktop/RM_work/ROS2_learning/simple_calculator_task/ws/install/my_add_interfaces/include/my_add_interfaces/my_add_interfaces/msg/rosidl_typesupport_fastrtps_c__visibility_control.h
-- Up-to-date: /home/cjj/Desktop/RM_work/ROS2_learning/simple_calculator_task/ws/install/my_add_interfaces/include/my_add_interfaces/my_add_interfaces/msg/detail
-- Installing: /home/cjj/Desktop/RM_work/ROS2_learning/simple_calculator_task/ws/install/my_add_interfaces/include/my_add_interfaces/my_add_interfaces/msg/detail/my_add__rosidl_typesupport_fastrtps_c.h
-- Installing: /home/cjj/Desktop/RM_work/ROS2_learning/simple_calculator_task/ws/install/my_add_interfaces/lib/libmy_add_interfaces__rosidl_typesupport_fastrtps_c.so
-- Set runtime path of "/home/cjj/Desktop/RM_work/ROS2_learning/simple_calculator_task/ws/install/my_add_interfaces/lib/libmy_add_interfaces__rosidl_typesupport_fastrtps_c.so" to ""
-- Up-to-date: /home/cjj/Desktop/RM_work/ROS2_learning/simple_calculator_task/ws/install/my_add_interfaces/include/my_add_interfaces/my_add_interfaces
-- Up-to-date: /home/cjj/Desktop/RM_work/ROS2_learning/simple_calculator_task/ws/install/my_add_interfaces/include/my_add_interfaces/my_add_interfaces/srv
-- Up-to-date: /home/cjj/Desktop/RM_work/ROS2_learning/simple_calculator_task/ws/install/my_add_interfaces/include/my_add_interfaces/my_add_interfaces/srv/detail
-- Installing: /home/cjj/Desktop/RM_work/ROS2_learning/simple_calculator_task/ws/install/my_add_interfaces/include/my_add_interfaces/my_add_interfaces/srv/detail/calculator__rosidl_typesupport_introspection_c.h
-- Installing: /home/cjj/Desktop/RM_work/ROS2_learning/simple_calculator_task/ws/install/my_add_interfaces/include/my_add_interfaces/my_add_interfaces/srv/detail/calculator__type_support.c
-- Up-to-date: /home/cjj/Desktop/RM_work/ROS2_learning/simple_calculator_task/ws/install/my_add_interfaces/include/my_add_interfaces/my_add_interfaces/msg
-- Up-to-date: /home/cjj/Desktop/RM_work/ROS2_learning/simple_calculator_task/ws/install/my_add_interfaces/include/my_add_interfaces/my_add_interfaces/msg/rosidl_typesupport_introspection_c__visibility_control.h
-- Up-to-date: /home/cjj/Desktop/RM_work/ROS2_learning/simple_calculator_task/ws/install/my_add_interfaces/include/my_add_interfaces/my_add_interfaces/msg/detail
-- Installing: /home/cjj/Desktop/RM_work/ROS2_learning/simple_calculator_task/ws/install/my_add_interfaces/include/my_add_interfaces/my_add_interfaces/msg/detail/my_add__type_support.c
-- Installing: /home/cjj/Desktop/RM_work/ROS2_learning/simple_calculator_task/ws/install/my_add_interfaces/include/my_add_interfaces/my_add_interfaces/msg/detail/my_add__rosidl_typesupport_introspection_c.h
-- Installing: /home/cjj/Desktop/RM_work/ROS2_learning/simple_calculator_task/ws/install/my_add_interfaces/lib/libmy_add_interfaces__rosidl_typesupport_introspection_c.so
-- Set runtime path of "/home/cjj/Desktop/RM_work/ROS2_learning/simple_calculator_task/ws/install/my_add_interfaces/lib/libmy_add_interfaces__rosidl_typesupport_introspection_c.so" to ""
-- Installing: /home/cjj/Desktop/RM_work/ROS2_learning/simple_calculator_task/ws/install/my_add_interfaces/lib/libmy_add_interfaces__rosidl_typesupport_c.so
-- Set runtime path of "/home/cjj/Desktop/RM_work/ROS2_learning/simple_calculator_task/ws/install/my_add_interfaces/lib/libmy_add_interfaces__rosidl_typesupport_c.so" to ""
-- Up-to-date: /home/cjj/Desktop/RM_work/ROS2_learning/simple_calculator_task/ws/install/my_add_interfaces/include/my_add_interfaces/my_add_interfaces
-- Up-to-date: /home/cjj/Desktop/RM_work/ROS2_learning/simple_calculator_task/ws/install/my_add_interfaces/include/my_add_interfaces/my_add_interfaces/srv
-- Installing: /home/cjj/Desktop/RM_work/ROS2_learning/simple_calculator_task/ws/install/my_add_interfaces/include/my_add_interfaces/my_add_interfaces/srv/calculator.hpp
-- Up-to-date: /home/cjj/Desktop/RM_work/ROS2_learning/simple_calculator_task/ws/install/my_add_interfaces/include/my_add_interfaces/my_add_interfaces/srv/detail
-- Installing: /home/cjj/Desktop/RM_work/ROS2_learning/simple_calculator_task/ws/install/my_add_interfaces/include/my_add_interfaces/my_add_interfaces/srv/detail/calculator__struct.hpp
-- Installing: /home/cjj/Desktop/RM_work/ROS2_learning/simple_calculator_task/ws/install/my_add_interfaces/include/my_add_interfaces/my_add_interfaces/srv/detail/calculator__builder.hpp
-- Installing: /home/cjj/Desktop/RM_work/ROS2_learning/simple_calculator_task/ws/install/my_add_interfaces/include/my_add_interfaces/my_add_interfaces/srv/detail/calculator__traits.hpp
-- Up-to-date: /home/cjj/Desktop/RM_work/ROS2_learning/simple_calculator_task/ws/install/my_add_interfaces/include/my_add_interfaces/my_add_interfaces/msg
-- Up-to-date: /home/cjj/Desktop/RM_work/ROS2_learning/simple_calculator_task/ws/install/my_add_interfaces/include/my_add_interfaces/my_add_interfaces/msg/detail
-- Installing: /home/cjj/Desktop/RM_work/ROS2_learning/simple_calculator_task/ws/install/my_add_interfaces/include/my_add_interfaces/my_add_interfaces/msg/detail/my_add__struct.hpp
-- Installing: /home/cjj/Desktop/RM_work/ROS2_learning/simple_calculator_task/ws/install/my_add_interfaces/include/my_add_interfaces/my_add_interfaces/msg/detail/my_add__traits.hpp
-- Installing: /home/cjj/Desktop/RM_work/ROS2_learning/simple_calculator_task/ws/install/my_add_interfaces/include/my_add_interfaces/my_add_interfaces/msg/detail/my_add__builder.hpp
-- Installing: /home/cjj/Desktop/RM_work/ROS2_learning/simple_calculator_task/ws/install/my_add_interfaces/include/my_add_interfaces/my_add_interfaces/msg/my_add.hpp
-- Up-to-date: /home/cjj/Desktop/RM_work/ROS2_learning/simple_calculator_task/ws/install/my_add_interfaces/include/my_add_interfaces/my_add_interfaces
-- Up-to-date: /home/cjj/Desktop/RM_work/ROS2_learning/simple_calculator_task/ws/install/my_add_interfaces/include/my_add_interfaces/my_add_interfaces/srv
-- Up-to-date: /home/cjj/Desktop/RM_work/ROS2_learning/simple_calculator_task/ws/install/my_add_interfaces/include/my_add_interfaces/my_add_interfaces/srv/detail
-- Installing: /home/cjj/Desktop/RM_work/ROS2_learning/simple_calculator_task/ws/install/my_add_interfaces/include/my_add_interfaces/my_add_interfaces/srv/detail/calculator__rosidl_typesupport_fastrtps_cpp.hpp
-- Installing: /home/cjj/Desktop/RM_work/ROS2_learning/simple_calculator_task/ws/install/my_add_interfaces/include/my_add_interfaces/my_add_interfaces/srv/detail/dds_fastrtps
-- Up-to-date: /home/cjj/Desktop/RM_work/ROS2_learning/simple_calculator_task/ws/install/my_add_interfaces/include/my_add_interfaces/my_add_interfaces/msg
-- Up-to-date: /home/cjj/Desktop/RM_work/ROS2_learning/simple_calculator_task/ws/install/my_add_interfaces/include/my_add_interfaces/my_add_interfaces/msg/detail
-- Installing: /home/cjj/Desktop/RM_work/ROS2_learning/simple_calculator_task/ws/install/my_add_interfaces/include/my_add_interfaces/my_add_interfaces/msg/detail/my_add__rosidl_typesupport_fastrtps_cpp.hpp
-- Up-to-date: /home/cjj/Desktop/RM_work/ROS2_learning/simple_calculator_task/ws/install/my_add_interfaces/include/my_add_interfaces/my_add_interfaces/msg/detail/dds_fastrtps
-- Up-to-date: /home/cjj/Desktop/RM_work/ROS2_learning/simple_calculator_task/ws/install/my_add_interfaces/include/my_add_interfaces/my_add_interfaces/msg/rosidl_typesupport_fastrtps_cpp__visibility_control.h
-- Installing: /home/cjj/Desktop/RM_work/ROS2_learning/simple_calculator_task/ws/install/my_add_interfaces/lib/libmy_add_interfaces__rosidl_typesupport_fastrtps_cpp.so
-- Set runtime path of "/home/cjj/Desktop/RM_work/ROS2_learning/simple_calculator_task/ws/install/my_add_interfaces/lib/libmy_add_interfaces__rosidl_typesupport_fastrtps_cpp.so" to ""
-- Up-to-date: /home/cjj/Desktop/RM_work/ROS2_learning/simple_calculator_task/ws/install/my_add_interfaces/include/my_add_interfaces/my_add_interfaces
-- Up-to-date: /home/cjj/Desktop/RM_work/ROS2_learning/simple_calculator_task/ws/install/my_add_interfaces/include/my_add_interfaces/my_add_interfaces/srv
-- Up-to-date: /home/cjj/Desktop/RM_work/ROS2_learning/simple_calculator_task/ws/install/my_add_interfaces/include/my_add_interfaces/my_add_interfaces/srv/detail
-- Installing: /home/cjj/Desktop/RM_work/ROS2_learning/simple_calculator_task/ws/install/my_add_interfaces/include/my_add_interfaces/my_add_interfaces/srv/detail/calculator__type_support.cpp
-- Installing: /home/cjj/Desktop/RM_work/ROS2_learning/simple_calculator_task/ws/install/my_add_interfaces/include/my_add_interfaces/my_add_interfaces/srv/detail/calculator__rosidl_typesupport_introspection_cpp.hpp
-- Up-to-date: /home/cjj/Desktop/RM_work/ROS2_learning/simple_calculator_task/ws/install/my_add_interfaces/include/my_add_interfaces/my_add_interfaces/msg
-- Up-to-date: /home/cjj/Desktop/RM_work/ROS2_learning/simple_calculator_task/ws/install/my_add_interfaces/include/my_add_interfaces/my_add_interfaces/msg/detail
-- Installing: /home/cjj/Desktop/RM_work/ROS2_learning/simple_calculator_task/ws/install/my_add_interfaces/include/my_add_interfaces/my_add_interfaces/msg/detail/my_add__type_support.cpp
-- Installing: /home/cjj/Desktop/RM_work/ROS2_learning/simple_calculator_task/ws/install/my_add_interfaces/include/my_add_interfaces/my_add_interfaces/msg/detail/my_add__rosidl_typesupport_introspection_cpp.hpp
-- Installing: /home/cjj/Desktop/RM_work/ROS2_learning/simple_calculator_task/ws/install/my_add_interfaces/lib/libmy_add_interfaces__rosidl_typesupport_introspection_cpp.so
-- Set runtime path of "/home/cjj/Desktop/RM_work/ROS2_learning/simple_calculator_task/ws/install/my_add_interfaces/lib/libmy_add_interfaces__rosidl_typesupport_introspection_cpp.so" to ""
-- Installing: /home/cjj/Desktop/RM_work/ROS2_learning/simple_calculator_task/ws/install/my_add_interfaces/lib/libmy_add_interfaces__rosidl_typesupport_cpp.so
-- Set runtime path of "/home/cjj/Desktop/RM_work/ROS2_learning/simple_calculator_task/ws/install/my_add_interfaces/lib/libmy_add_interfaces__rosidl_typesupport_cpp.so" to ""
-- Up-to-date: /home/cjj/Desktop/RM_work/ROS2_learning/simple_calculator_task/ws/install/my_add_interfaces/share/my_add_interfaces/environment/pythonpath.sh
-- Installing: /home/cjj/Desktop/RM_work/ROS2_learning/simple_calculator_task/ws/install/my_add_interfaces/share/my_add_interfaces/environment/pythonpath.dsv
-- Up-to-date: /home/cjj/Desktop/RM_work/ROS2_learning/simple_calculator_task/ws/install/my_add_interfaces/local/lib/python3.10/dist-packages/my_add_interfaces-0.0.0-py3.10.egg-info
-- Installing: /home/cjj/Desktop/RM_work/ROS2_learning/simple_calculator_task/ws/install/my_add_interfaces/local/lib/python3.10/dist-packages/my_add_interfaces-0.0.0-py3.10.egg-info/SOURCES.txt
-- Installing: /home/cjj/Desktop/RM_work/ROS2_learning/simple_calculator_task/ws/install/my_add_interfaces/local/lib/python3.10/dist-packages/my_add_interfaces-0.0.0-py3.10.egg-info/dependency_links.txt
-- Installing: /home/cjj/Desktop/RM_work/ROS2_learning/simple_calculator_task/ws/install/my_add_interfaces/local/lib/python3.10/dist-packages/my_add_interfaces-0.0.0-py3.10.egg-info/top_level.txt
-- Installing: /home/cjj/Desktop/RM_work/ROS2_learning/simple_calculator_task/ws/install/my_add_interfaces/local/lib/python3.10/dist-packages/my_add_interfaces-0.0.0-py3.10.egg-info/PKG-INFO
-- Up-to-date: /home/cjj/Desktop/RM_work/ROS2_learning/simple_calculator_task/ws/install/my_add_interfaces/local/lib/python3.10/dist-packages/my_add_interfaces
-- Installing: /home/cjj/Desktop/RM_work/ROS2_learning/simple_calculator_task/ws/install/my_add_interfaces/local/lib/python3.10/dist-packages/my_add_interfaces/my_add_interfaces_s__rosidl_typesupport_introspection_c.cpython-310-x86_64-linux-gnu.so
-- Installing: /home/cjj/Desktop/RM_work/ROS2_learning/simple_calculator_task/ws/install/my_add_interfaces/local/lib/python3.10/dist-packages/my_add_interfaces/__init__.py
-- Installing: /home/cjj/Desktop/RM_work/ROS2_learning/simple_calculator_task/ws/install/my_add_interfaces/local/lib/python3.10/dist-packages/my_add_interfaces/my_add_interfaces_s__rosidl_typesupport_fastrtps_c.cpython-310-x86_64-linux-gnu.so
-- Installing: /home/cjj/Desktop/RM_work/ROS2_learning/simple_calculator_task/ws/install/my_add_interfaces/local/lib/python3.10/dist-packages/my_add_interfaces/my_add_interfaces_s__rosidl_typesupport_c.cpython-310-x86_64-linux-gnu.so
-- Installing: /home/cjj/Desktop/RM_work/ROS2_learning/simple_calculator_task/ws/install/my_add_interfaces/local/lib/python3.10/dist-packages/my_add_interfaces/_my_add_interfaces_s.ep.rosidl_typesupport_fastrtps_c.c
-- Installing: /home/cjj/Desktop/RM_work/ROS2_learning/simple_calculator_task/ws/install/my_add_interfaces/local/lib/python3.10/dist-packages/my_add_interfaces/srv
-- Installing: /home/cjj/Desktop/RM_work/ROS2_learning/simple_calculator_task/ws/install/my_add_interfaces/local/lib/python3.10/dist-packages/my_add_interfaces/srv/_calculator.py
-- Installing: /home/cjj/Desktop/RM_work/ROS2_learning/simple_calculator_task/ws/install/my_add_interfaces/local/lib/python3.10/dist-packages/my_add_interfaces/srv/__init__.py
-- Installing: /home/cjj/Desktop/RM_work/ROS2_learning/simple_calculator_task/ws/install/my_add_interfaces/local/lib/python3.10/dist-packages/my_add_interfaces/srv/_calculator_s.c
-- Up-to-date: /home/cjj/Desktop/RM_work/ROS2_learning/simple_calculator_task/ws/install/my_add_interfaces/local/lib/python3.10/dist-packages/my_add_interfaces/msg
-- Installing: /home/cjj/Desktop/RM_work/ROS2_learning/simple_calculator_task/ws/install/my_add_interfaces/local/lib/python3.10/dist-packages/my_add_interfaces/msg/__init__.py
-- Installing: /home/cjj/Desktop/RM_work/ROS2_learning/simple_calculator_task/ws/install/my_add_interfaces/local/lib/python3.10/dist-packages/my_add_interfaces/msg/_my_add_s.c
-- Installing: /home/cjj/Desktop/RM_work/ROS2_learning/simple_calculator_task/ws/install/my_add_interfaces/local/lib/python3.10/dist-packages/my_add_interfaces/msg/_my_add.py
-- Installing: /home/cjj/Desktop/RM_work/ROS2_learning/simple_calculator_task/ws/install/my_add_interfaces/local/lib/python3.10/dist-packages/my_add_interfaces/libmy_add_interfaces__rosidl_generator_py.so
-- Installing: /home/cjj/Desktop/RM_work/ROS2_learning/simple_calculator_task/ws/install/my_add_interfaces/local/lib/python3.10/dist-packages/my_add_interfaces/_my_add_interfaces_s.ep.rosidl_typesupport_c.c
-- Installing: /home/cjj/Desktop/RM_work/ROS2_learning/simple_calculator_task/ws/install/my_add_interfaces/local/lib/python3.10/dist-packages/my_add_interfaces/_my_add_interfaces_s.ep.rosidl_typesupport_introspection_c.c
Listing '/home/cjj/Desktop/RM_work/ROS2_learning/simple_calculator_task/ws/install/my_add_interfaces/local/lib/python3.10/dist-packages/my_add_interfaces'...
Compiling '/home/cjj/Desktop/RM_work/ROS2_learning/simple_calculator_task/ws/install/my_add_interfaces/local/lib/python3.10/dist-packages/my_add_interfaces/__init__.py'...
Listing '/home/cjj/Desktop/RM_work/ROS2_learning/simple_calculator_task/ws/install/my_add_interfaces/local/lib/python3.10/dist-packages/my_add_interfaces/msg'...
Compiling '/home/cjj/Desktop/RM_work/ROS2_learning/simple_calculator_task/ws/install/my_add_interfaces/local/lib/python3.10/dist-packages/my_add_interfaces/msg/__init__.py'...
Compiling '/home/cjj/Desktop/RM_work/ROS2_learning/simple_calculator_task/ws/install/my_add_interfaces/local/lib/python3.10/dist-packages/my_add_interfaces/msg/_my_add.py'...
Listing '/home/cjj/Desktop/RM_work/ROS2_learning/simple_calculator_task/ws/install/my_add_interfaces/local/lib/python3.10/dist-packages/my_add_interfaces/srv'...
Compiling '/home/cjj/Desktop/RM_work/ROS2_learning/simple_calculator_task/ws/install/my_add_interfaces/local/lib/python3.10/dist-packages/my_add_interfaces/srv/__init__.py'...
Compiling '/home/cjj/Desktop/RM_work/ROS2_learning/simple_calculator_task/ws/install/my_add_interfaces/local/lib/python3.10/dist-packages/my_add_interfaces/srv/_calculator.py'...
-- Installing: /home/cjj/Desktop/RM_work/ROS2_learning/simple_calculator_task/ws/install/my_add_interfaces/local/lib/python3.10/dist-packages/my_add_interfaces/my_add_interfaces_s__rosidl_typesupport_fastrtps_c.cpython-310-x86_64-linux-gnu.so
-- Set runtime path of "/home/cjj/Desktop/RM_work/ROS2_learning/simple_calculator_task/ws/install/my_add_interfaces/local/lib/python3.10/dist-packages/my_add_interfaces/my_add_interfaces_s__rosidl_typesupport_fastrtps_c.cpython-310-x86_64-linux-gnu.so" to ""
-- Installing: /home/cjj/Desktop/RM_work/ROS2_learning/simple_calculator_task/ws/install/my_add_interfaces/local/lib/python3.10/dist-packages/my_add_interfaces/my_add_interfaces_s__rosidl_typesupport_introspection_c.cpython-310-x86_64-linux-gnu.so
-- Set runtime path of "/home/cjj/Desktop/RM_work/ROS2_learning/simple_calculator_task/ws/install/my_add_interfaces/local/lib/python3.10/dist-packages/my_add_interfaces/my_add_interfaces_s__rosidl_typesupport_introspection_c.cpython-310-x86_64-linux-gnu.so" to ""
-- Installing: /home/cjj/Desktop/RM_work/ROS2_learning/simple_calculator_task/ws/install/my_add_interfaces/local/lib/python3.10/dist-packages/my_add_interfaces/my_add_interfaces_s__rosidl_typesupport_c.cpython-310-x86_64-linux-gnu.so
-- Set runtime path of "/home/cjj/Desktop/RM_work/ROS2_learning/simple_calculator_task/ws/install/my_add_interfaces/local/lib/python3.10/dist-packages/my_add_interfaces/my_add_interfaces_s__rosidl_typesupport_c.cpython-310-x86_64-linux-gnu.so" to ""
-- Installing: /home/cjj/Desktop/RM_work/ROS2_learning/simple_calculator_task/ws/install/my_add_interfaces/lib/libmy_add_interfaces__rosidl_generator_py.so
-- Set runtime path of "/home/cjj/Desktop/RM_work/ROS2_learning/simple_calculator_task/ws/install/my_add_interfaces/lib/libmy_add_interfaces__rosidl_generator_py.so" to ""
-- Up-to-date: /home/cjj/Desktop/RM_work/ROS2_learning/simple_calculator_task/ws/install/my_add_interfaces/share/my_add_interfaces/msg/MyAdd.idl
-- Installing: /home/cjj/Desktop/RM_work/ROS2_learning/simple_calculator_task/ws/install/my_add_interfaces/share/my_add_interfaces/srv/Calculator.idl
-- Up-to-date: /home/cjj/Desktop/RM_work/ROS2_learning/simple_calculator_task/ws/install/my_add_interfaces/share/my_add_interfaces/msg/MyAdd.msg
-- Installing: /home/cjj/Desktop/RM_work/ROS2_learning/simple_calculator_task/ws/install/my_add_interfaces/share/my_add_interfaces/srv/Calculator.srv
-- Installing: /home/cjj/Desktop/RM_work/ROS2_learning/simple_calculator_task/ws/install/my_add_interfaces/share/my_add_interfaces/srv/Calculator_Request.msg
-- Installing: /home/cjj/Desktop/RM_work/ROS2_learning/simple_calculator_task/ws/install/my_add_interfaces/share/my_add_interfaces/srv/Calculator_Response.msg
-- Up-to-date: /home/cjj/Desktop/RM_work/ROS2_learning/simple_calculator_task/ws/install/my_add_interfaces/share/ament_index/resource_index/package_run_dependencies/my_add_interfaces
-- Up-to-date: /home/cjj/Desktop/RM_work/ROS2_learning/simple_calculator_task/ws/install/my_add_interfaces/share/ament_index/resource_index/parent_prefix_path/my_add_interfaces
-- Up-to-date: /home/cjj/Desktop/RM_work/ROS2_learning/simple_calculator_task/ws/install/my_add_interfaces/share/my_add_interfaces/environment/ament_prefix_path.sh
-- Installing: /home/cjj/Desktop/RM_work/ROS2_learning/simple_calculator_task/ws/install/my_add_interfaces/share/my_add_interfaces/environment/ament_prefix_path.dsv
-- Up-to-date: /home/cjj/Desktop/RM_work/ROS2_learning/simple_calculator_task/ws/install/my_add_interfaces/share/my_add_interfaces/environment/path.sh
-- Installing: /home/cjj/Desktop/RM_work/ROS2_learning/simple_calculator_task/ws/install/my_add_interfaces/share/my_add_interfaces/environment/path.dsv
-- Up-to-date: /home/cjj/Desktop/RM_work/ROS2_learning/simple_calculator_task/ws/install/my_add_interfaces/share/my_add_interfaces/local_setup.bash
-- Up-to-date: /home/cjj/Desktop/RM_work/ROS2_learning/simple_calculator_task/ws/install/my_add_interfaces/share/my_add_interfaces/local_setup.sh
-- Up-to-date: /home/cjj/Desktop/RM_work/ROS2_learning/simple_calculator_task/ws/install/my_add_interfaces/share/my_add_interfaces/local_setup.zsh
-- Installing: /home/cjj/Desktop/RM_work/ROS2_learning/simple_calculator_task/ws/install/my_add_interfaces/share/my_add_interfaces/local_setup.dsv
-- Installing: /home/cjj/Desktop/RM_work/ROS2_learning/simple_calculator_task/ws/install/my_add_interfaces/share/my_add_interfaces/package.dsv
-- Up-to-date: /home/cjj/Desktop/RM_work/ROS2_learning/simple_calculator_task/ws/install/my_add_interfaces/share/ament_index/resource_index/packages/my_add_interfaces
-- Up-to-date: /home/cjj/Desktop/RM_work/ROS2_learning/simple_calculator_task/ws/install/my_add_interfaces/share/my_add_interfaces/cmake/export_my_add_interfaces__rosidl_generator_cExport.cmake
-- Up-to-date: /home/cjj/Desktop/RM_work/ROS2_learning/simple_calculator_task/ws/install/my_add_interfaces/share/my_add_interfaces/cmake/export_my_add_interfaces__rosidl_generator_cExport-noconfig.cmake
-- Up-to-date: /home/cjj/Desktop/RM_work/ROS2_learning/simple_calculator_task/ws/install/my_add_interfaces/share/my_add_interfaces/cmake/export_my_add_interfaces__rosidl_typesupport_fastrtps_cExport.cmake
-- Up-to-date: /home/cjj/Desktop/RM_work/ROS2_learning/simple_calculator_task/ws/install/my_add_interfaces/share/my_add_interfaces/cmake/export_my_add_interfaces__rosidl_typesupport_fastrtps_cExport-noconfig.cmake
-- Up-to-date: /home/cjj/Desktop/RM_work/ROS2_learning/simple_calculator_task/ws/install/my_add_interfaces/share/my_add_interfaces/cmake/my_add_interfaces__rosidl_typesupport_introspection_cExport.cmake
-- Up-to-date: /home/cjj/Desktop/RM_work/ROS2_learning/simple_calculator_task/ws/install/my_add_interfaces/share/my_add_interfaces/cmake/my_add_interfaces__rosidl_typesupport_introspection_cExport-noconfig.cmake
-- Up-to-date: /home/cjj/Desktop/RM_work/ROS2_learning/simple_calculator_task/ws/install/my_add_interfaces/share/my_add_interfaces/cmake/my_add_interfaces__rosidl_typesupport_cExport.cmake
-- Up-to-date: /home/cjj/Desktop/RM_work/ROS2_learning/simple_calculator_task/ws/install/my_add_interfaces/share/my_add_interfaces/cmake/my_add_interfaces__rosidl_typesupport_cExport-noconfig.cmake
-- Up-to-date: /home/cjj/Desktop/RM_work/ROS2_learning/simple_calculator_task/ws/install/my_add_interfaces/share/my_add_interfaces/cmake/export_my_add_interfaces__rosidl_generator_cppExport.cmake
-- Up-to-date: /home/cjj/Desktop/RM_work/ROS2_learning/simple_calculator_task/ws/install/my_add_interfaces/share/my_add_interfaces/cmake/export_my_add_interfaces__rosidl_typesupport_fastrtps_cppExport.cmake
-- Up-to-date: /home/cjj/Desktop/RM_work/ROS2_learning/simple_calculator_task/ws/install/my_add_interfaces/share/my_add_interfaces/cmake/export_my_add_interfaces__rosidl_typesupport_fastrtps_cppExport-noconfig.cmake
-- Up-to-date: /home/cjj/Desktop/RM_work/ROS2_learning/simple_calculator_task/ws/install/my_add_interfaces/share/my_add_interfaces/cmake/my_add_interfaces__rosidl_typesupport_introspection_cppExport.cmake
-- Up-to-date: /home/cjj/Desktop/RM_work/ROS2_learning/simple_calculator_task/ws/install/my_add_interfaces/share/my_add_interfaces/cmake/my_add_interfaces__rosidl_typesupport_introspection_cppExport-noconfig.cmake
-- Up-to-date: /home/cjj/Desktop/RM_work/ROS2_learning/simple_calculator_task/ws/install/my_add_interfaces/share/my_add_interfaces/cmake/my_add_interfaces__rosidl_typesupport_cppExport.cmake
-- Up-to-date: /home/cjj/Desktop/RM_work/ROS2_learning/simple_calculator_task/ws/install/my_add_interfaces/share/my_add_interfaces/cmake/my_add_interfaces__rosidl_typesupport_cppExport-noconfig.cmake
-- Up-to-date: /home/cjj/Desktop/RM_work/ROS2_learning/simple_calculator_task/ws/install/my_add_interfaces/share/my_add_interfaces/cmake/export_my_add_interfaces__rosidl_generator_pyExport.cmake
-- Up-to-date: /home/cjj/Desktop/RM_work/ROS2_learning/simple_calculator_task/ws/install/my_add_interfaces/share/my_add_interfaces/cmake/export_my_add_interfaces__rosidl_generator_pyExport-noconfig.cmake
-- Installing: /home/cjj/Desktop/RM_work/ROS2_learning/simple_calculator_task/ws/install/my_add_interfaces/share/my_add_interfaces/cmake/rosidl_cmake-extras.cmake
-- Up-to-date: /home/cjj/Desktop/RM_work/ROS2_learning/simple_calculator_task/ws/install/my_add_interfaces/share/my_add_interfaces/cmake/ament_cmake_export_dependencies-extras.cmake
-- Up-to-date: /home/cjj/Desktop/RM_work/ROS2_learning/simple_calculator_task/ws/install/my_add_interfaces/share/my_add_interfaces/cmake/ament_cmake_export_include_directories-extras.cmake
-- Up-to-date: /home/cjj/Desktop/RM_work/ROS2_learning/simple_calculator_task/ws/install/my_add_interfaces/share/my_add_interfaces/cmake/ament_cmake_export_libraries-extras.cmake
-- Up-to-date: /home/cjj/Desktop/RM_work/ROS2_learning/simple_calculator_task/ws/install/my_add_interfaces/share/my_add_interfaces/cmake/ament_cmake_export_targets-extras.cmake
-- Up-to-date: /home/cjj/Desktop/RM_work/ROS2_learning/simple_calculator_task/ws/install/my_add_interfaces/share/my_add_interfaces/cmake/rosidl_cmake_export_typesupport_targets-extras.cmake
-- Up-to-date: /home/cjj/Desktop/RM_work/ROS2_learning/simple_calculator_task/ws/install/my_add_interfaces/share/my_add_interfaces/cmake/rosidl_cmake_export_typesupport_libraries-extras.cmake
-- Up-to-date: /home/cjj/Desktop/RM_work/ROS2_learning/simple_calculator_task/ws/install/my_add_interfaces/share/my_add_interfaces/cmake/my_add_interfacesConfig.cmake
-- Up-to-date: /home/cjj/Desktop/RM_work/ROS2_learning/simple_calculator_task/ws/install/my_add_interfaces/share/my_add_interfaces/cmake/my_add_interfacesConfig-version.cmake
-- Up-to-date: /home/cjj/Desktop/RM_work/ROS2_learning/simple_calculator_task/ws/install/my_add_interfaces/share/my_add_interfaces/package.xml
