[0.007s] Invoking command in '/home/cjj/Desktop/RM_work/ROS2_learning/simple_calculator_task/ws/build/my_add_interfaces': CMAKE_PREFIX_PATH=/opt/ros/humble /usr/bin/cmake --build /home/cjj/Desktop/RM_work/ROS2_learning/simple_calculator_task/ws/build/my_add_interfaces -- -j20 -l20
[0.024s] -- Found ament_cmake: 1.3.10 (/opt/ros/humble/share/ament_cmake/cmake)
[0.102s] -- Found rosidl_default_generators: 1.2.0 (/opt/ros/humble/share/rosidl_default_generators/cmake)
[0.102s] -- Using all available rosidl_typesupport_c: rosidl_typesupport_fastrtps_c;rosidl_typesupport_introspection_c
[0.104s] -- Found rosidl_adapter: 3.1.5 (/opt/ros/humble/share/rosidl_adapter/cmake)
[0.121s] -- Using all available rosidl_typesupport_cpp: rosidl_typesupport_fastrtps_cpp;rosidl_typesupport_introspection_cpp
[0.141s] -- Found geometry_msgs: 4.2.4 (/opt/ros/humble/share/geometry_msgs/cmake)
[0.337s] -- Found ament_cmake_ros: 0.10.0 (/opt/ros/humble/share/ament_cmake_ros/cmake)
[0.495s] -- Using all available rosidl_typesupport_c: rosidl_typesupport_fastrtps_c;rosidl_typesupport_introspection_c
[0.701s] -- Using all available rosidl_typesupport_cpp: rosidl_typesupport_fastrtps_cpp;rosidl_typesupport_introspection_cpp
[0.715s] -- Found python_cmake_module: 0.10.0 (/opt/ros/humble/share/python_cmake_module/cmake)
[0.736s] -- Using PYTHON_EXECUTABLE: /usr/bin/python3
[0.736s] -- Using PYTHON_INCLUDE_DIRS: /usr/include/python3.10
[0.736s] -- Using PYTHON_LIBRARIES: /usr/lib/x86_64-linux-gnu/libpython3.10.so
[0.755s] -- Found ament_lint_auto: 0.12.11 (/opt/ros/humble/share/ament_lint_auto/cmake)
[0.761s] -- Added test 'lint_cmake' to check CMake code style
[0.762s] -- Added test 'xmllint' to check XML markup files
[0.764s] -- Configuring done
[0.792s] -- Generating done
[0.794s] -- Build files have been written to: /home/cjj/Desktop/RM_work/ROS2_learning/simple_calculator_task/ws/build/my_add_interfaces
[0.812s] [  2%] [34m[1mGenerating C code for ROS interfaces[0m
[0.818s] [  5%] [34m[1mGenerating C++ code for ROS interfaces[0m
[0.825s] [  5%] Built target ament_cmake_python_copy_my_add_interfaces
[0.963s] running egg_info
[0.964s] writing my_add_interfaces.egg-info/PKG-INFO
[0.964s] writing dependency_links to my_add_interfaces.egg-info/dependency_links.txt
[0.965s] writing top-level names to my_add_interfaces.egg-info/top_level.txt
[0.966s] reading manifest file 'my_add_interfaces.egg-info/SOURCES.txt'
[0.967s] writing manifest file 'my_add_interfaces.egg-info/SOURCES.txt'
[0.987s] [  5%] Built target ament_cmake_python_build_my_add_interfaces_egg
[1.019s] [35m[1mConsolidate compiler generated dependencies of target my_add_interfaces__rosidl_generator_c[0m
[1.019s] [  5%] Built target my_add_interfaces__cpp
[1.027s] [ 15%] [34m[1mGenerating C++ type support dispatch for ROS interfaces[0m
[1.028s] [ 15%] [34m[1mGenerating C++ introspection for ROS interfaces[0m
[1.028s] [ 15%] [34m[1mGenerating C++ type support for eProsima Fast-RTPS[0m
[1.028s] [ 15%] [32mBuilding C object CMakeFiles/my_add_interfaces__rosidl_generator_c.dir/rosidl_generator_c/my_add_interfaces/msg/detail/my_add__functions.c.o[0m
[1.030s] [ 17%] [32mBuilding C object CMakeFiles/my_add_interfaces__rosidl_generator_c.dir/rosidl_generator_c/my_add_interfaces/srv/detail/calculator__functions.c.o[0m
[1.070s] [ 20%] [32m[1mLinking C shared library libmy_add_interfaces__rosidl_generator_c.so[0m
[1.101s] [ 20%] Built target my_add_interfaces__rosidl_generator_c
[1.110s] [ 23%] [34m[1mGenerating C introspection for ROS interfaces[0m
[1.110s] [ 25%] [34m[1mGenerating C type support dispatch for ROS interfaces[0m
[1.110s] [ 28%] [34m[1mGenerating C type support for eProsima Fast-RTPS[0m
[1.203s] [35m[1mConsolidate compiler generated dependencies of target my_add_interfaces__rosidl_typesupport_cpp[0m
[1.214s] [ 30%] [32mBuilding CXX object CMakeFiles/my_add_interfaces__rosidl_typesupport_cpp.dir/rosidl_typesupport_cpp/my_add_interfaces/srv/calculator__type_support.cpp.o[0m
[1.215s] [ 33%] [32mBuilding CXX object CMakeFiles/my_add_interfaces__rosidl_typesupport_cpp.dir/rosidl_typesupport_cpp/my_add_interfaces/msg/my_add__type_support.cpp.o[0m
[1.233s] [35m[1mConsolidate compiler generated dependencies of target my_add_interfaces__rosidl_typesupport_fastrtps_cpp[0m
[1.234s] [35m[1mConsolidate compiler generated dependencies of target my_add_interfaces__rosidl_typesupport_introspection_cpp[0m
[1.244s] [ 38%] [32mBuilding CXX object CMakeFiles/my_add_interfaces__rosidl_typesupport_fastrtps_cpp.dir/rosidl_typesupport_fastrtps_cpp/my_add_interfaces/msg/detail/dds_fastrtps/my_add__type_support.cpp.o[0m
[1.244s] [ 38%] [32mBuilding CXX object CMakeFiles/my_add_interfaces__rosidl_typesupport_fastrtps_cpp.dir/rosidl_typesupport_fastrtps_cpp/my_add_interfaces/srv/detail/dds_fastrtps/calculator__type_support.cpp.o[0m
[1.245s] [ 41%] [32mBuilding CXX object CMakeFiles/my_add_interfaces__rosidl_typesupport_introspection_cpp.dir/rosidl_typesupport_introspection_cpp/my_add_interfaces/msg/detail/my_add__type_support.cpp.o[0m
[1.249s] [ 43%] [32mBuilding CXX object CMakeFiles/my_add_interfaces__rosidl_typesupport_introspection_cpp.dir/rosidl_typesupport_introspection_cpp/my_add_interfaces/srv/detail/calculator__type_support.cpp.o[0m
[1.329s] [35m[1mConsolidate compiler generated dependencies of target my_add_interfaces__rosidl_typesupport_c[0m
[1.336s] [35m[1mConsolidate compiler generated dependencies of target my_add_interfaces__rosidl_typesupport_fastrtps_c[0m
[1.339s] [ 46%] [32mBuilding CXX object CMakeFiles/my_add_interfaces__rosidl_typesupport_c.dir/rosidl_typesupport_c/my_add_interfaces/srv/calculator__type_support.cpp.o[0m
[1.342s] [ 48%] [32mBuilding CXX object CMakeFiles/my_add_interfaces__rosidl_typesupport_c.dir/rosidl_typesupport_c/my_add_interfaces/msg/my_add__type_support.cpp.o[0m
[1.348s] [ 51%] [32mBuilding CXX object CMakeFiles/my_add_interfaces__rosidl_typesupport_fastrtps_c.dir/rosidl_typesupport_fastrtps_c/my_add_interfaces/srv/detail/calculator__type_support_c.cpp.o[0m
[1.351s] [ 53%] [32mBuilding CXX object CMakeFiles/my_add_interfaces__rosidl_typesupport_fastrtps_c.dir/rosidl_typesupport_fastrtps_c/my_add_interfaces/msg/detail/my_add__type_support_c.cpp.o[0m
[1.377s] [ 56%] [32m[1mLinking CXX shared library libmy_add_interfaces__rosidl_typesupport_c.so[0m
[1.398s] [35m[1mConsolidate compiler generated dependencies of target my_add_interfaces__rosidl_typesupport_introspection_c[0m
[1.412s] [ 58%] [32mBuilding C object CMakeFiles/my_add_interfaces__rosidl_typesupport_introspection_c.dir/rosidl_typesupport_introspection_c/my_add_interfaces/srv/detail/calculator__type_support.c.o[0m
[1.413s] [ 61%] [32mBuilding C object CMakeFiles/my_add_interfaces__rosidl_typesupport_introspection_c.dir/rosidl_typesupport_introspection_c/my_add_interfaces/msg/detail/my_add__type_support.c.o[0m
[1.428s] [ 61%] Built target my_add_interfaces__rosidl_typesupport_c
[1.454s] [ 64%] [32m[1mLinking C shared library libmy_add_interfaces__rosidl_typesupport_introspection_c.so[0m
[1.482s] [ 64%] Built target my_add_interfaces__rosidl_typesupport_introspection_c
[1.516s] [ 66%] [32m[1mLinking CXX shared library libmy_add_interfaces__rosidl_typesupport_cpp.so[0m
[1.520s] [ 69%] [32m[1mLinking CXX shared library libmy_add_interfaces__rosidl_typesupport_fastrtps_cpp.so[0m
[1.554s] [ 69%] Built target my_add_interfaces__rosidl_typesupport_cpp
[1.570s] [ 71%] [32m[1mLinking CXX shared library libmy_add_interfaces__rosidl_typesupport_fastrtps_c.so[0m
[1.575s] [ 71%] Built target my_add_interfaces__rosidl_typesupport_fastrtps_cpp
[1.605s] [ 74%] [32m[1mLinking CXX shared library libmy_add_interfaces__rosidl_typesupport_introspection_cpp.so[0m
[1.619s] [ 74%] Built target my_add_interfaces__rosidl_typesupport_fastrtps_c
[1.634s] [ 74%] Built target my_add_interfaces__rosidl_typesupport_introspection_cpp
[1.652s] [ 74%] Built target my_add_interfaces
[1.668s] [ 76%] [34m[1mGenerating Python code for ROS interfaces[0m
[1.923s] [ 76%] Built target my_add_interfaces__py
[1.931s] [35m[1mConsolidate compiler generated dependencies of target my_add_interfaces__rosidl_generator_py[0m
[1.941s] [ 82%] [32mBuilding C object CMakeFiles/my_add_interfaces__rosidl_generator_py.dir/rosidl_generator_py/my_add_interfaces/msg/_my_add_s.c.o[0m
[1.941s] [ 82%] [32mBuilding C object CMakeFiles/my_add_interfaces__rosidl_generator_py.dir/rosidl_generator_py/my_add_interfaces/srv/_calculator_s.c.o[0m
[2.003s] [ 84%] [32m[1mLinking C shared library rosidl_generator_py/my_add_interfaces/libmy_add_interfaces__rosidl_generator_py.so[0m
[2.030s] [ 84%] Built target my_add_interfaces__rosidl_generator_py
[2.040s] [35m[1mConsolidate compiler generated dependencies of target my_add_interfaces__rosidl_typesupport_c__pyext[0m
[2.040s] [35m[1mConsolidate compiler generated dependencies of target my_add_interfaces__rosidl_typesupport_introspection_c__pyext[0m
[2.040s] [35m[1mConsolidate compiler generated dependencies of target my_add_interfaces__rosidl_typesupport_fastrtps_c__pyext[0m
[2.051s] [ 87%] [32mBuilding C object CMakeFiles/my_add_interfaces__rosidl_typesupport_c__pyext.dir/rosidl_generator_py/my_add_interfaces/_my_add_interfaces_s.ep.rosidl_typesupport_c.c.o[0m
[2.051s] [ 89%] [32mBuilding C object CMakeFiles/my_add_interfaces__rosidl_typesupport_introspection_c__pyext.dir/rosidl_generator_py/my_add_interfaces/_my_add_interfaces_s.ep.rosidl_typesupport_introspection_c.c.o[0m
[2.051s] [ 92%] [32mBuilding C object CMakeFiles/my_add_interfaces__rosidl_typesupport_fastrtps_c__pyext.dir/rosidl_generator_py/my_add_interfaces/_my_add_interfaces_s.ep.rosidl_typesupport_fastrtps_c.c.o[0m
[2.114s] [ 97%] [32m[1mLinking C shared library rosidl_generator_py/my_add_interfaces/my_add_interfaces_s__rosidl_typesupport_fastrtps_c.cpython-310-x86_64-linux-gnu.so[0m
[2.114s] [ 97%] [32m[1mLinking C shared library rosidl_generator_py/my_add_interfaces/my_add_interfaces_s__rosidl_typesupport_introspection_c.cpython-310-x86_64-linux-gnu.so[0m
[2.114s] [100%] [32m[1mLinking C shared library rosidl_generator_py/my_add_interfaces/my_add_interfaces_s__rosidl_typesupport_c.cpython-310-x86_64-linux-gnu.so[0m
[2.144s] [100%] Built target my_add_interfaces__rosidl_typesupport_introspection_c__pyext
[2.145s] [100%] Built target my_add_interfaces__rosidl_typesupport_fastrtps_c__pyext
[2.145s] [100%] Built target my_add_interfaces__rosidl_typesupport_c__pyext
[2.153s] Invoked command in '/home/cjj/Desktop/RM_work/ROS2_learning/simple_calculator_task/ws/build/my_add_interfaces' returned '0': CMAKE_PREFIX_PATH=/opt/ros/humble /usr/bin/cmake --build /home/cjj/Desktop/RM_work/ROS2_learning/simple_calculator_task/ws/build/my_add_interfaces -- -j20 -l20
[2.224s] Invoking command in '/home/cjj/Desktop/RM_work/ROS2_learning/simple_calculator_task/ws/build/my_add_interfaces': CMAKE_PREFIX_PATH=/opt/ros/humble /usr/bin/cmake --install /home/cjj/Desktop/RM_work/ROS2_learning/simple_calculator_task/ws/build/my_add_interfaces
[2.229s] -- Install configuration: ""
[2.229s] -- Installing: /home/cjj/Desktop/RM_work/ROS2_learning/simple_calculator_task/ws/install/my_add_interfaces/share/ament_index/resource_index/rosidl_interfaces/my_add_interfaces
[2.229s] -- Up-to-date: /home/cjj/Desktop/RM_work/ROS2_learning/simple_calculator_task/ws/install/my_add_interfaces/include/my_add_interfaces/my_add_interfaces
[2.229s] -- Installing: /home/cjj/Desktop/RM_work/ROS2_learning/simple_calculator_task/ws/install/my_add_interfaces/include/my_add_interfaces/my_add_interfaces/srv
[2.229s] -- Installing: /home/cjj/Desktop/RM_work/ROS2_learning/simple_calculator_task/ws/install/my_add_interfaces/include/my_add_interfaces/my_add_interfaces/srv/calculator.h
[2.229s] -- Installing: /home/cjj/Desktop/RM_work/ROS2_learning/simple_calculator_task/ws/install/my_add_interfaces/include/my_add_interfaces/my_add_interfaces/srv/detail
[2.229s] -- Installing: /home/cjj/Desktop/RM_work/ROS2_learning/simple_calculator_task/ws/install/my_add_interfaces/include/my_add_interfaces/my_add_interfaces/srv/detail/calculator__functions.h
[2.229s] -- Installing: /home/cjj/Desktop/RM_work/ROS2_learning/simple_calculator_task/ws/install/my_add_interfaces/include/my_add_interfaces/my_add_interfaces/srv/detail/calculator__type_support.h
[2.229s] -- Installing: /home/cjj/Desktop/RM_work/ROS2_learning/simple_calculator_task/ws/install/my_add_interfaces/include/my_add_interfaces/my_add_interfaces/srv/detail/calculator__functions.c
[2.229s] -- Installing: /home/cjj/Desktop/RM_work/ROS2_learning/simple_calculator_task/ws/install/my_add_interfaces/include/my_add_interfaces/my_add_interfaces/srv/detail/calculator__struct.h
[2.230s] -- Up-to-date: /home/cjj/Desktop/RM_work/ROS2_learning/simple_calculator_task/ws/install/my_add_interfaces/include/my_add_interfaces/my_add_interfaces/msg
[2.230s] -- Up-to-date: /home/cjj/Desktop/RM_work/ROS2_learning/simple_calculator_task/ws/install/my_add_interfaces/include/my_add_interfaces/my_add_interfaces/msg/detail
[2.230s] -- Installing: /home/cjj/Desktop/RM_work/ROS2_learning/simple_calculator_task/ws/install/my_add_interfaces/include/my_add_interfaces/my_add_interfaces/msg/detail/my_add__struct.h
[2.230s] -- Installing: /home/cjj/Desktop/RM_work/ROS2_learning/simple_calculator_task/ws/install/my_add_interfaces/include/my_add_interfaces/my_add_interfaces/msg/detail/my_add__functions.h
[2.230s] -- Installing: /home/cjj/Desktop/RM_work/ROS2_learning/simple_calculator_task/ws/install/my_add_interfaces/include/my_add_interfaces/my_add_interfaces/msg/detail/my_add__type_support.h
[2.230s] -- Installing: /home/cjj/Desktop/RM_work/ROS2_learning/simple_calculator_task/ws/install/my_add_interfaces/include/my_add_interfaces/my_add_interfaces/msg/detail/my_add__functions.c
[2.230s] -- Installing: /home/cjj/Desktop/RM_work/ROS2_learning/simple_calculator_task/ws/install/my_add_interfaces/include/my_add_interfaces/my_add_interfaces/msg/my_add.h
[2.230s] -- Up-to-date: /home/cjj/Desktop/RM_work/ROS2_learning/simple_calculator_task/ws/install/my_add_interfaces/include/my_add_interfaces/my_add_interfaces/msg/rosidl_generator_c__visibility_control.h
[2.230s] -- Up-to-date: /home/cjj/Desktop/RM_work/ROS2_learning/simple_calculator_task/ws/install/my_add_interfaces/share/my_add_interfaces/environment/library_path.sh
[2.230s] -- Installing: /home/cjj/Desktop/RM_work/ROS2_learning/simple_calculator_task/ws/install/my_add_interfaces/share/my_add_interfaces/environment/library_path.dsv
[2.230s] -- Installing: /home/cjj/Desktop/RM_work/ROS2_learning/simple_calculator_task/ws/install/my_add_interfaces/lib/libmy_add_interfaces__rosidl_generator_c.so
[2.231s] -- Set runtime path of "/home/cjj/Desktop/RM_work/ROS2_learning/simple_calculator_task/ws/install/my_add_interfaces/lib/libmy_add_interfaces__rosidl_generator_c.so" to ""
[2.231s] -- Up-to-date: /home/cjj/Desktop/RM_work/ROS2_learning/simple_calculator_task/ws/install/my_add_interfaces/include/my_add_interfaces/my_add_interfaces
[2.231s] -- Up-to-date: /home/cjj/Desktop/RM_work/ROS2_learning/simple_calculator_task/ws/install/my_add_interfaces/include/my_add_interfaces/my_add_interfaces/srv
[2.231s] -- Up-to-date: /home/cjj/Desktop/RM_work/ROS2_learning/simple_calculator_task/ws/install/my_add_interfaces/include/my_add_interfaces/my_add_interfaces/srv/detail
[2.231s] -- Installing: /home/cjj/Desktop/RM_work/ROS2_learning/simple_calculator_task/ws/install/my_add_interfaces/include/my_add_interfaces/my_add_interfaces/srv/detail/calculator__rosidl_typesupport_fastrtps_c.h
[2.231s] -- Up-to-date: /home/cjj/Desktop/RM_work/ROS2_learning/simple_calculator_task/ws/install/my_add_interfaces/include/my_add_interfaces/my_add_interfaces/msg
[2.231s] -- Up-to-date: /home/cjj/Desktop/RM_work/ROS2_learning/simple_calculator_task/ws/install/my_add_interfaces/include/my_add_interfaces/my_add_interfaces/msg/rosidl_typesupport_fastrtps_c__visibility_control.h
[2.231s] -- Up-to-date: /home/cjj/Desktop/RM_work/ROS2_learning/simple_calculator_task/ws/install/my_add_interfaces/include/my_add_interfaces/my_add_interfaces/msg/detail
[2.231s] -- Installing: /home/cjj/Desktop/RM_work/ROS2_learning/simple_calculator_task/ws/install/my_add_interfaces/include/my_add_interfaces/my_add_interfaces/msg/detail/my_add__rosidl_typesupport_fastrtps_c.h
[2.232s] -- Installing: /home/cjj/Desktop/RM_work/ROS2_learning/simple_calculator_task/ws/install/my_add_interfaces/lib/libmy_add_interfaces__rosidl_typesupport_fastrtps_c.so
[2.232s] -- Set runtime path of "/home/cjj/Desktop/RM_work/ROS2_learning/simple_calculator_task/ws/install/my_add_interfaces/lib/libmy_add_interfaces__rosidl_typesupport_fastrtps_c.so" to ""
[2.232s] -- Up-to-date: /home/cjj/Desktop/RM_work/ROS2_learning/simple_calculator_task/ws/install/my_add_interfaces/include/my_add_interfaces/my_add_interfaces
[2.232s] -- Up-to-date: /home/cjj/Desktop/RM_work/ROS2_learning/simple_calculator_task/ws/install/my_add_interfaces/include/my_add_interfaces/my_add_interfaces/srv
[2.232s] -- Up-to-date: /home/cjj/Desktop/RM_work/ROS2_learning/simple_calculator_task/ws/install/my_add_interfaces/include/my_add_interfaces/my_add_interfaces/srv/detail
[2.232s] -- Installing: /home/cjj/Desktop/RM_work/ROS2_learning/simple_calculator_task/ws/install/my_add_interfaces/include/my_add_interfaces/my_add_interfaces/srv/detail/calculator__rosidl_typesupport_introspection_c.h
[2.232s] -- Installing: /home/cjj/Desktop/RM_work/ROS2_learning/simple_calculator_task/ws/install/my_add_interfaces/include/my_add_interfaces/my_add_interfaces/srv/detail/calculator__type_support.c
[2.233s] -- Up-to-date: /home/cjj/Desktop/RM_work/ROS2_learning/simple_calculator_task/ws/install/my_add_interfaces/include/my_add_interfaces/my_add_interfaces/msg
[2.233s] -- Up-to-date: /home/cjj/Desktop/RM_work/ROS2_learning/simple_calculator_task/ws/install/my_add_interfaces/include/my_add_interfaces/my_add_interfaces/msg/rosidl_typesupport_introspection_c__visibility_control.h
[2.233s] -- Up-to-date: /home/cjj/Desktop/RM_work/ROS2_learning/simple_calculator_task/ws/install/my_add_interfaces/include/my_add_interfaces/my_add_interfaces/msg/detail
[2.233s] -- Installing: /home/cjj/Desktop/RM_work/ROS2_learning/simple_calculator_task/ws/install/my_add_interfaces/include/my_add_interfaces/my_add_interfaces/msg/detail/my_add__type_support.c
[2.233s] -- Installing: /home/cjj/Desktop/RM_work/ROS2_learning/simple_calculator_task/ws/install/my_add_interfaces/include/my_add_interfaces/my_add_interfaces/msg/detail/my_add__rosidl_typesupport_introspection_c.h
[2.233s] -- Installing: /home/cjj/Desktop/RM_work/ROS2_learning/simple_calculator_task/ws/install/my_add_interfaces/lib/libmy_add_interfaces__rosidl_typesupport_introspection_c.so
[2.233s] -- Set runtime path of "/home/cjj/Desktop/RM_work/ROS2_learning/simple_calculator_task/ws/install/my_add_interfaces/lib/libmy_add_interfaces__rosidl_typesupport_introspection_c.so" to ""
[2.233s] -- Installing: /home/cjj/Desktop/RM_work/ROS2_learning/simple_calculator_task/ws/install/my_add_interfaces/lib/libmy_add_interfaces__rosidl_typesupport_c.so
[2.234s] -- Set runtime path of "/home/cjj/Desktop/RM_work/ROS2_learning/simple_calculator_task/ws/install/my_add_interfaces/lib/libmy_add_interfaces__rosidl_typesupport_c.so" to ""
[2.234s] -- Up-to-date: /home/cjj/Desktop/RM_work/ROS2_learning/simple_calculator_task/ws/install/my_add_interfaces/include/my_add_interfaces/my_add_interfaces
[2.234s] -- Up-to-date: /home/cjj/Desktop/RM_work/ROS2_learning/simple_calculator_task/ws/install/my_add_interfaces/include/my_add_interfaces/my_add_interfaces/srv
[2.234s] -- Installing: /home/cjj/Desktop/RM_work/ROS2_learning/simple_calculator_task/ws/install/my_add_interfaces/include/my_add_interfaces/my_add_interfaces/srv/calculator.hpp
[2.234s] -- Up-to-date: /home/cjj/Desktop/RM_work/ROS2_learning/simple_calculator_task/ws/install/my_add_interfaces/include/my_add_interfaces/my_add_interfaces/srv/detail
[2.234s] -- Installing: /home/cjj/Desktop/RM_work/ROS2_learning/simple_calculator_task/ws/install/my_add_interfaces/include/my_add_interfaces/my_add_interfaces/srv/detail/calculator__struct.hpp
[2.234s] -- Installing: /home/cjj/Desktop/RM_work/ROS2_learning/simple_calculator_task/ws/install/my_add_interfaces/include/my_add_interfaces/my_add_interfaces/srv/detail/calculator__builder.hpp
[2.235s] -- Installing: /home/cjj/Desktop/RM_work/ROS2_learning/simple_calculator_task/ws/install/my_add_interfaces/include/my_add_interfaces/my_add_interfaces/srv/detail/calculator__traits.hpp
[2.235s] -- Up-to-date: /home/cjj/Desktop/RM_work/ROS2_learning/simple_calculator_task/ws/install/my_add_interfaces/include/my_add_interfaces/my_add_interfaces/msg
[2.235s] -- Up-to-date: /home/cjj/Desktop/RM_work/ROS2_learning/simple_calculator_task/ws/install/my_add_interfaces/include/my_add_interfaces/my_add_interfaces/msg/detail
[2.235s] -- Installing: /home/cjj/Desktop/RM_work/ROS2_learning/simple_calculator_task/ws/install/my_add_interfaces/include/my_add_interfaces/my_add_interfaces/msg/detail/my_add__struct.hpp
[2.235s] -- Installing: /home/cjj/Desktop/RM_work/ROS2_learning/simple_calculator_task/ws/install/my_add_interfaces/include/my_add_interfaces/my_add_interfaces/msg/detail/my_add__traits.hpp
[2.235s] -- Installing: /home/cjj/Desktop/RM_work/ROS2_learning/simple_calculator_task/ws/install/my_add_interfaces/include/my_add_interfaces/my_add_interfaces/msg/detail/my_add__builder.hpp
[2.235s] -- Installing: /home/cjj/Desktop/RM_work/ROS2_learning/simple_calculator_task/ws/install/my_add_interfaces/include/my_add_interfaces/my_add_interfaces/msg/my_add.hpp
[2.235s] -- Up-to-date: /home/cjj/Desktop/RM_work/ROS2_learning/simple_calculator_task/ws/install/my_add_interfaces/include/my_add_interfaces/my_add_interfaces
[2.235s] -- Up-to-date: /home/cjj/Desktop/RM_work/ROS2_learning/simple_calculator_task/ws/install/my_add_interfaces/include/my_add_interfaces/my_add_interfaces/srv
[2.235s] -- Up-to-date: /home/cjj/Desktop/RM_work/ROS2_learning/simple_calculator_task/ws/install/my_add_interfaces/include/my_add_interfaces/my_add_interfaces/srv/detail
[2.235s] -- Installing: /home/cjj/Desktop/RM_work/ROS2_learning/simple_calculator_task/ws/install/my_add_interfaces/include/my_add_interfaces/my_add_interfaces/srv/detail/calculator__rosidl_typesupport_fastrtps_cpp.hpp
[2.235s] -- Installing: /home/cjj/Desktop/RM_work/ROS2_learning/simple_calculator_task/ws/install/my_add_interfaces/include/my_add_interfaces/my_add_interfaces/srv/detail/dds_fastrtps
[2.235s] -- Up-to-date: /home/cjj/Desktop/RM_work/ROS2_learning/simple_calculator_task/ws/install/my_add_interfaces/include/my_add_interfaces/my_add_interfaces/msg
[2.235s] -- Up-to-date: /home/cjj/Desktop/RM_work/ROS2_learning/simple_calculator_task/ws/install/my_add_interfaces/include/my_add_interfaces/my_add_interfaces/msg/detail
[2.235s] -- Installing: /home/cjj/Desktop/RM_work/ROS2_learning/simple_calculator_task/ws/install/my_add_interfaces/include/my_add_interfaces/my_add_interfaces/msg/detail/my_add__rosidl_typesupport_fastrtps_cpp.hpp
[2.235s] -- Up-to-date: /home/cjj/Desktop/RM_work/ROS2_learning/simple_calculator_task/ws/install/my_add_interfaces/include/my_add_interfaces/my_add_interfaces/msg/detail/dds_fastrtps
[2.235s] -- Up-to-date: /home/cjj/Desktop/RM_work/ROS2_learning/simple_calculator_task/ws/install/my_add_interfaces/include/my_add_interfaces/my_add_interfaces/msg/rosidl_typesupport_fastrtps_cpp__visibility_control.h
[2.235s] -- Installing: /home/cjj/Desktop/RM_work/ROS2_learning/simple_calculator_task/ws/install/my_add_interfaces/lib/libmy_add_interfaces__rosidl_typesupport_fastrtps_cpp.so
[2.235s] -- Set runtime path of "/home/cjj/Desktop/RM_work/ROS2_learning/simple_calculator_task/ws/install/my_add_interfaces/lib/libmy_add_interfaces__rosidl_typesupport_fastrtps_cpp.so" to ""
[2.236s] -- Up-to-date: /home/cjj/Desktop/RM_work/ROS2_learning/simple_calculator_task/ws/install/my_add_interfaces/include/my_add_interfaces/my_add_interfaces
[2.236s] -- Up-to-date: /home/cjj/Desktop/RM_work/ROS2_learning/simple_calculator_task/ws/install/my_add_interfaces/include/my_add_interfaces/my_add_interfaces/srv
[2.236s] -- Up-to-date: /home/cjj/Desktop/RM_work/ROS2_learning/simple_calculator_task/ws/install/my_add_interfaces/include/my_add_interfaces/my_add_interfaces/srv/detail
[2.236s] -- Installing: /home/cjj/Desktop/RM_work/ROS2_learning/simple_calculator_task/ws/install/my_add_interfaces/include/my_add_interfaces/my_add_interfaces/srv/detail/calculator__type_support.cpp
[2.236s] -- Installing: /home/cjj/Desktop/RM_work/ROS2_learning/simple_calculator_task/ws/install/my_add_interfaces/include/my_add_interfaces/my_add_interfaces/srv/detail/calculator__rosidl_typesupport_introspection_cpp.hpp
[2.236s] -- Up-to-date: /home/cjj/Desktop/RM_work/ROS2_learning/simple_calculator_task/ws/install/my_add_interfaces/include/my_add_interfaces/my_add_interfaces/msg
[2.236s] -- Up-to-date: /home/cjj/Desktop/RM_work/ROS2_learning/simple_calculator_task/ws/install/my_add_interfaces/include/my_add_interfaces/my_add_interfaces/msg/detail
[2.236s] -- Installing: /home/cjj/Desktop/RM_work/ROS2_learning/simple_calculator_task/ws/install/my_add_interfaces/include/my_add_interfaces/my_add_interfaces/msg/detail/my_add__type_support.cpp
[2.236s] -- Installing: /home/cjj/Desktop/RM_work/ROS2_learning/simple_calculator_task/ws/install/my_add_interfaces/include/my_add_interfaces/my_add_interfaces/msg/detail/my_add__rosidl_typesupport_introspection_cpp.hpp
[2.237s] -- Installing: /home/cjj/Desktop/RM_work/ROS2_learning/simple_calculator_task/ws/install/my_add_interfaces/lib/libmy_add_interfaces__rosidl_typesupport_introspection_cpp.so
[2.237s] -- Set runtime path of "/home/cjj/Desktop/RM_work/ROS2_learning/simple_calculator_task/ws/install/my_add_interfaces/lib/libmy_add_interfaces__rosidl_typesupport_introspection_cpp.so" to ""
[2.237s] -- Installing: /home/cjj/Desktop/RM_work/ROS2_learning/simple_calculator_task/ws/install/my_add_interfaces/lib/libmy_add_interfaces__rosidl_typesupport_cpp.so
[2.237s] -- Set runtime path of "/home/cjj/Desktop/RM_work/ROS2_learning/simple_calculator_task/ws/install/my_add_interfaces/lib/libmy_add_interfaces__rosidl_typesupport_cpp.so" to ""
[2.237s] -- Up-to-date: /home/cjj/Desktop/RM_work/ROS2_learning/simple_calculator_task/ws/install/my_add_interfaces/share/my_add_interfaces/environment/pythonpath.sh
[2.237s] -- Installing: /home/cjj/Desktop/RM_work/ROS2_learning/simple_calculator_task/ws/install/my_add_interfaces/share/my_add_interfaces/environment/pythonpath.dsv
[2.237s] -- Up-to-date: /home/cjj/Desktop/RM_work/ROS2_learning/simple_calculator_task/ws/install/my_add_interfaces/local/lib/python3.10/dist-packages/my_add_interfaces-0.0.0-py3.10.egg-info
[2.237s] -- Installing: /home/cjj/Desktop/RM_work/ROS2_learning/simple_calculator_task/ws/install/my_add_interfaces/local/lib/python3.10/dist-packages/my_add_interfaces-0.0.0-py3.10.egg-info/SOURCES.txt
[2.237s] -- Installing: /home/cjj/Desktop/RM_work/ROS2_learning/simple_calculator_task/ws/install/my_add_interfaces/local/lib/python3.10/dist-packages/my_add_interfaces-0.0.0-py3.10.egg-info/dependency_links.txt
[2.237s] -- Installing: /home/cjj/Desktop/RM_work/ROS2_learning/simple_calculator_task/ws/install/my_add_interfaces/local/lib/python3.10/dist-packages/my_add_interfaces-0.0.0-py3.10.egg-info/top_level.txt
[2.237s] -- Installing: /home/cjj/Desktop/RM_work/ROS2_learning/simple_calculator_task/ws/install/my_add_interfaces/local/lib/python3.10/dist-packages/my_add_interfaces-0.0.0-py3.10.egg-info/PKG-INFO
[2.237s] -- Up-to-date: /home/cjj/Desktop/RM_work/ROS2_learning/simple_calculator_task/ws/install/my_add_interfaces/local/lib/python3.10/dist-packages/my_add_interfaces
[2.237s] -- Installing: /home/cjj/Desktop/RM_work/ROS2_learning/simple_calculator_task/ws/install/my_add_interfaces/local/lib/python3.10/dist-packages/my_add_interfaces/my_add_interfaces_s__rosidl_typesupport_introspection_c.cpython-310-x86_64-linux-gnu.so
[2.237s] -- Installing: /home/cjj/Desktop/RM_work/ROS2_learning/simple_calculator_task/ws/install/my_add_interfaces/local/lib/python3.10/dist-packages/my_add_interfaces/__init__.py
[2.237s] -- Installing: /home/cjj/Desktop/RM_work/ROS2_learning/simple_calculator_task/ws/install/my_add_interfaces/local/lib/python3.10/dist-packages/my_add_interfaces/my_add_interfaces_s__rosidl_typesupport_fastrtps_c.cpython-310-x86_64-linux-gnu.so
[2.238s] -- Installing: /home/cjj/Desktop/RM_work/ROS2_learning/simple_calculator_task/ws/install/my_add_interfaces/local/lib/python3.10/dist-packages/my_add_interfaces/my_add_interfaces_s__rosidl_typesupport_c.cpython-310-x86_64-linux-gnu.so
[2.238s] -- Installing: /home/cjj/Desktop/RM_work/ROS2_learning/simple_calculator_task/ws/install/my_add_interfaces/local/lib/python3.10/dist-packages/my_add_interfaces/_my_add_interfaces_s.ep.rosidl_typesupport_fastrtps_c.c
[2.238s] -- Installing: /home/cjj/Desktop/RM_work/ROS2_learning/simple_calculator_task/ws/install/my_add_interfaces/local/lib/python3.10/dist-packages/my_add_interfaces/srv
[2.238s] -- Installing: /home/cjj/Desktop/RM_work/ROS2_learning/simple_calculator_task/ws/install/my_add_interfaces/local/lib/python3.10/dist-packages/my_add_interfaces/srv/_calculator.py
[2.238s] -- Installing: /home/cjj/Desktop/RM_work/ROS2_learning/simple_calculator_task/ws/install/my_add_interfaces/local/lib/python3.10/dist-packages/my_add_interfaces/srv/__init__.py
[2.238s] -- Installing: /home/cjj/Desktop/RM_work/ROS2_learning/simple_calculator_task/ws/install/my_add_interfaces/local/lib/python3.10/dist-packages/my_add_interfaces/srv/_calculator_s.c
[2.238s] -- Up-to-date: /home/cjj/Desktop/RM_work/ROS2_learning/simple_calculator_task/ws/install/my_add_interfaces/local/lib/python3.10/dist-packages/my_add_interfaces/msg
[2.238s] -- Installing: /home/cjj/Desktop/RM_work/ROS2_learning/simple_calculator_task/ws/install/my_add_interfaces/local/lib/python3.10/dist-packages/my_add_interfaces/msg/__init__.py
[2.238s] -- Installing: /home/cjj/Desktop/RM_work/ROS2_learning/simple_calculator_task/ws/install/my_add_interfaces/local/lib/python3.10/dist-packages/my_add_interfaces/msg/_my_add_s.c
[2.238s] -- Installing: /home/cjj/Desktop/RM_work/ROS2_learning/simple_calculator_task/ws/install/my_add_interfaces/local/lib/python3.10/dist-packages/my_add_interfaces/msg/_my_add.py
[2.238s] -- Installing: /home/cjj/Desktop/RM_work/ROS2_learning/simple_calculator_task/ws/install/my_add_interfaces/local/lib/python3.10/dist-packages/my_add_interfaces/libmy_add_interfaces__rosidl_generator_py.so
[2.238s] -- Installing: /home/cjj/Desktop/RM_work/ROS2_learning/simple_calculator_task/ws/install/my_add_interfaces/local/lib/python3.10/dist-packages/my_add_interfaces/_my_add_interfaces_s.ep.rosidl_typesupport_c.c
[2.238s] -- Installing: /home/cjj/Desktop/RM_work/ROS2_learning/simple_calculator_task/ws/install/my_add_interfaces/local/lib/python3.10/dist-packages/my_add_interfaces/_my_add_interfaces_s.ep.rosidl_typesupport_introspection_c.c
[2.263s] Listing '/home/cjj/Desktop/RM_work/ROS2_learning/simple_calculator_task/ws/install/my_add_interfaces/local/lib/python3.10/dist-packages/my_add_interfaces'...
[2.263s] Compiling '/home/cjj/Desktop/RM_work/ROS2_learning/simple_calculator_task/ws/install/my_add_interfaces/local/lib/python3.10/dist-packages/my_add_interfaces/__init__.py'...
[2.263s] Listing '/home/cjj/Desktop/RM_work/ROS2_learning/simple_calculator_task/ws/install/my_add_interfaces/local/lib/python3.10/dist-packages/my_add_interfaces/msg'...
[2.263s] Compiling '/home/cjj/Desktop/RM_work/ROS2_learning/simple_calculator_task/ws/install/my_add_interfaces/local/lib/python3.10/dist-packages/my_add_interfaces/msg/__init__.py'...
[2.263s] Compiling '/home/cjj/Desktop/RM_work/ROS2_learning/simple_calculator_task/ws/install/my_add_interfaces/local/lib/python3.10/dist-packages/my_add_interfaces/msg/_my_add.py'...
[2.263s] Listing '/home/cjj/Desktop/RM_work/ROS2_learning/simple_calculator_task/ws/install/my_add_interfaces/local/lib/python3.10/dist-packages/my_add_interfaces/srv'...
[2.263s] Compiling '/home/cjj/Desktop/RM_work/ROS2_learning/simple_calculator_task/ws/install/my_add_interfaces/local/lib/python3.10/dist-packages/my_add_interfaces/srv/__init__.py'...
[2.263s] Compiling '/home/cjj/Desktop/RM_work/ROS2_learning/simple_calculator_task/ws/install/my_add_interfaces/local/lib/python3.10/dist-packages/my_add_interfaces/srv/_calculator.py'...
[2.266s] -- Installing: /home/cjj/Desktop/RM_work/ROS2_learning/simple_calculator_task/ws/install/my_add_interfaces/local/lib/python3.10/dist-packages/my_add_interfaces/my_add_interfaces_s__rosidl_typesupport_fastrtps_c.cpython-310-x86_64-linux-gnu.so
[2.266s] -- Set runtime path of "/home/cjj/Desktop/RM_work/ROS2_learning/simple_calculator_task/ws/install/my_add_interfaces/local/lib/python3.10/dist-packages/my_add_interfaces/my_add_interfaces_s__rosidl_typesupport_fastrtps_c.cpython-310-x86_64-linux-gnu.so" to ""
[2.266s] -- Installing: /home/cjj/Desktop/RM_work/ROS2_learning/simple_calculator_task/ws/install/my_add_interfaces/local/lib/python3.10/dist-packages/my_add_interfaces/my_add_interfaces_s__rosidl_typesupport_introspection_c.cpython-310-x86_64-linux-gnu.so
[2.266s] -- Set runtime path of "/home/cjj/Desktop/RM_work/ROS2_learning/simple_calculator_task/ws/install/my_add_interfaces/local/lib/python3.10/dist-packages/my_add_interfaces/my_add_interfaces_s__rosidl_typesupport_introspection_c.cpython-310-x86_64-linux-gnu.so" to ""
[2.266s] -- Installing: /home/cjj/Desktop/RM_work/ROS2_learning/simple_calculator_task/ws/install/my_add_interfaces/local/lib/python3.10/dist-packages/my_add_interfaces/my_add_interfaces_s__rosidl_typesupport_c.cpython-310-x86_64-linux-gnu.so
[2.267s] -- Set runtime path of "/home/cjj/Desktop/RM_work/ROS2_learning/simple_calculator_task/ws/install/my_add_interfaces/local/lib/python3.10/dist-packages/my_add_interfaces/my_add_interfaces_s__rosidl_typesupport_c.cpython-310-x86_64-linux-gnu.so" to ""
[2.267s] -- Installing: /home/cjj/Desktop/RM_work/ROS2_learning/simple_calculator_task/ws/install/my_add_interfaces/lib/libmy_add_interfaces__rosidl_generator_py.so
[2.267s] -- Set runtime path of "/home/cjj/Desktop/RM_work/ROS2_learning/simple_calculator_task/ws/install/my_add_interfaces/lib/libmy_add_interfaces__rosidl_generator_py.so" to ""
[2.267s] -- Up-to-date: /home/cjj/Desktop/RM_work/ROS2_learning/simple_calculator_task/ws/install/my_add_interfaces/share/my_add_interfaces/msg/MyAdd.idl
[2.267s] -- Installing: /home/cjj/Desktop/RM_work/ROS2_learning/simple_calculator_task/ws/install/my_add_interfaces/share/my_add_interfaces/srv/Calculator.idl
[2.267s] -- Up-to-date: /home/cjj/Desktop/RM_work/ROS2_learning/simple_calculator_task/ws/install/my_add_interfaces/share/my_add_interfaces/msg/MyAdd.msg
[2.267s] -- Installing: /home/cjj/Desktop/RM_work/ROS2_learning/simple_calculator_task/ws/install/my_add_interfaces/share/my_add_interfaces/srv/Calculator.srv
[2.267s] -- Installing: /home/cjj/Desktop/RM_work/ROS2_learning/simple_calculator_task/ws/install/my_add_interfaces/share/my_add_interfaces/srv/Calculator_Request.msg
[2.267s] -- Installing: /home/cjj/Desktop/RM_work/ROS2_learning/simple_calculator_task/ws/install/my_add_interfaces/share/my_add_interfaces/srv/Calculator_Response.msg
[2.267s] -- Up-to-date: /home/cjj/Desktop/RM_work/ROS2_learning/simple_calculator_task/ws/install/my_add_interfaces/share/ament_index/resource_index/package_run_dependencies/my_add_interfaces
[2.267s] -- Up-to-date: /home/cjj/Desktop/RM_work/ROS2_learning/simple_calculator_task/ws/install/my_add_interfaces/share/ament_index/resource_index/parent_prefix_path/my_add_interfaces
[2.267s] -- Up-to-date: /home/cjj/Desktop/RM_work/ROS2_learning/simple_calculator_task/ws/install/my_add_interfaces/share/my_add_interfaces/environment/ament_prefix_path.sh
[2.267s] -- Installing: /home/cjj/Desktop/RM_work/ROS2_learning/simple_calculator_task/ws/install/my_add_interfaces/share/my_add_interfaces/environment/ament_prefix_path.dsv
[2.267s] -- Up-to-date: /home/cjj/Desktop/RM_work/ROS2_learning/simple_calculator_task/ws/install/my_add_interfaces/share/my_add_interfaces/environment/path.sh
[2.267s] -- Installing: /home/cjj/Desktop/RM_work/ROS2_learning/simple_calculator_task/ws/install/my_add_interfaces/share/my_add_interfaces/environment/path.dsv
[2.267s] -- Up-to-date: /home/cjj/Desktop/RM_work/ROS2_learning/simple_calculator_task/ws/install/my_add_interfaces/share/my_add_interfaces/local_setup.bash
[2.267s] -- Up-to-date: /home/cjj/Desktop/RM_work/ROS2_learning/simple_calculator_task/ws/install/my_add_interfaces/share/my_add_interfaces/local_setup.sh
[2.267s] -- Up-to-date: /home/cjj/Desktop/RM_work/ROS2_learning/simple_calculator_task/ws/install/my_add_interfaces/share/my_add_interfaces/local_setup.zsh
[2.267s] -- Installing: /home/cjj/Desktop/RM_work/ROS2_learning/simple_calculator_task/ws/install/my_add_interfaces/share/my_add_interfaces/local_setup.dsv
[2.268s] -- Installing: /home/cjj/Desktop/RM_work/ROS2_learning/simple_calculator_task/ws/install/my_add_interfaces/share/my_add_interfaces/package.dsv
[2.268s] -- Up-to-date: /home/cjj/Desktop/RM_work/ROS2_learning/simple_calculator_task/ws/install/my_add_interfaces/share/ament_index/resource_index/packages/my_add_interfaces
[2.268s] -- Up-to-date: /home/cjj/Desktop/RM_work/ROS2_learning/simple_calculator_task/ws/install/my_add_interfaces/share/my_add_interfaces/cmake/export_my_add_interfaces__rosidl_generator_cExport.cmake
[2.268s] -- Up-to-date: /home/cjj/Desktop/RM_work/ROS2_learning/simple_calculator_task/ws/install/my_add_interfaces/share/my_add_interfaces/cmake/export_my_add_interfaces__rosidl_generator_cExport-noconfig.cmake
[2.268s] -- Up-to-date: /home/cjj/Desktop/RM_work/ROS2_learning/simple_calculator_task/ws/install/my_add_interfaces/share/my_add_interfaces/cmake/export_my_add_interfaces__rosidl_typesupport_fastrtps_cExport.cmake
[2.268s] -- Up-to-date: /home/cjj/Desktop/RM_work/ROS2_learning/simple_calculator_task/ws/install/my_add_interfaces/share/my_add_interfaces/cmake/export_my_add_interfaces__rosidl_typesupport_fastrtps_cExport-noconfig.cmake
[2.268s] -- Up-to-date: /home/cjj/Desktop/RM_work/ROS2_learning/simple_calculator_task/ws/install/my_add_interfaces/share/my_add_interfaces/cmake/my_add_interfaces__rosidl_typesupport_introspection_cExport.cmake
[2.268s] -- Up-to-date: /home/cjj/Desktop/RM_work/ROS2_learning/simple_calculator_task/ws/install/my_add_interfaces/share/my_add_interfaces/cmake/my_add_interfaces__rosidl_typesupport_introspection_cExport-noconfig.cmake
[2.268s] -- Up-to-date: /home/cjj/Desktop/RM_work/ROS2_learning/simple_calculator_task/ws/install/my_add_interfaces/share/my_add_interfaces/cmake/my_add_interfaces__rosidl_typesupport_cExport.cmake
[2.268s] -- Up-to-date: /home/cjj/Desktop/RM_work/ROS2_learning/simple_calculator_task/ws/install/my_add_interfaces/share/my_add_interfaces/cmake/my_add_interfaces__rosidl_typesupport_cExport-noconfig.cmake
[2.268s] -- Up-to-date: /home/cjj/Desktop/RM_work/ROS2_learning/simple_calculator_task/ws/install/my_add_interfaces/share/my_add_interfaces/cmake/export_my_add_interfaces__rosidl_generator_cppExport.cmake
[2.268s] -- Up-to-date: /home/cjj/Desktop/RM_work/ROS2_learning/simple_calculator_task/ws/install/my_add_interfaces/share/my_add_interfaces/cmake/export_my_add_interfaces__rosidl_typesupport_fastrtps_cppExport.cmake
[2.268s] -- Up-to-date: /home/cjj/Desktop/RM_work/ROS2_learning/simple_calculator_task/ws/install/my_add_interfaces/share/my_add_interfaces/cmake/export_my_add_interfaces__rosidl_typesupport_fastrtps_cppExport-noconfig.cmake
[2.268s] -- Up-to-date: /home/cjj/Desktop/RM_work/ROS2_learning/simple_calculator_task/ws/install/my_add_interfaces/share/my_add_interfaces/cmake/my_add_interfaces__rosidl_typesupport_introspection_cppExport.cmake
[2.268s] -- Up-to-date: /home/cjj/Desktop/RM_work/ROS2_learning/simple_calculator_task/ws/install/my_add_interfaces/share/my_add_interfaces/cmake/my_add_interfaces__rosidl_typesupport_introspection_cppExport-noconfig.cmake
[2.268s] -- Up-to-date: /home/cjj/Desktop/RM_work/ROS2_learning/simple_calculator_task/ws/install/my_add_interfaces/share/my_add_interfaces/cmake/my_add_interfaces__rosidl_typesupport_cppExport.cmake
[2.268s] -- Up-to-date: /home/cjj/Desktop/RM_work/ROS2_learning/simple_calculator_task/ws/install/my_add_interfaces/share/my_add_interfaces/cmake/my_add_interfaces__rosidl_typesupport_cppExport-noconfig.cmake
[2.268s] -- Up-to-date: /home/cjj/Desktop/RM_work/ROS2_learning/simple_calculator_task/ws/install/my_add_interfaces/share/my_add_interfaces/cmake/export_my_add_interfaces__rosidl_generator_pyExport.cmake
[2.268s] -- Up-to-date: /home/cjj/Desktop/RM_work/ROS2_learning/simple_calculator_task/ws/install/my_add_interfaces/share/my_add_interfaces/cmake/export_my_add_interfaces__rosidl_generator_pyExport-noconfig.cmake
[2.268s] -- Installing: /home/cjj/Desktop/RM_work/ROS2_learning/simple_calculator_task/ws/install/my_add_interfaces/share/my_add_interfaces/cmake/rosidl_cmake-extras.cmake
[2.268s] -- Up-to-date: /home/cjj/Desktop/RM_work/ROS2_learning/simple_calculator_task/ws/install/my_add_interfaces/share/my_add_interfaces/cmake/ament_cmake_export_dependencies-extras.cmake
[2.268s] -- Up-to-date: /home/cjj/Desktop/RM_work/ROS2_learning/simple_calculator_task/ws/install/my_add_interfaces/share/my_add_interfaces/cmake/ament_cmake_export_include_directories-extras.cmake
[2.268s] -- Up-to-date: /home/cjj/Desktop/RM_work/ROS2_learning/simple_calculator_task/ws/install/my_add_interfaces/share/my_add_interfaces/cmake/ament_cmake_export_libraries-extras.cmake
[2.268s] -- Up-to-date: /home/cjj/Desktop/RM_work/ROS2_learning/simple_calculator_task/ws/install/my_add_interfaces/share/my_add_interfaces/cmake/ament_cmake_export_targets-extras.cmake
[2.268s] -- Up-to-date: /home/cjj/Desktop/RM_work/ROS2_learning/simple_calculator_task/ws/install/my_add_interfaces/share/my_add_interfaces/cmake/rosidl_cmake_export_typesupport_targets-extras.cmake
[2.268s] -- Up-to-date: /home/cjj/Desktop/RM_work/ROS2_learning/simple_calculator_task/ws/install/my_add_interfaces/share/my_add_interfaces/cmake/rosidl_cmake_export_typesupport_libraries-extras.cmake
[2.269s] -- Up-to-date: /home/cjj/Desktop/RM_work/ROS2_learning/simple_calculator_task/ws/install/my_add_interfaces/share/my_add_interfaces/cmake/my_add_interfacesConfig.cmake
[2.269s] -- Up-to-date: /home/cjj/Desktop/RM_work/ROS2_learning/simple_calculator_task/ws/install/my_add_interfaces/share/my_add_interfaces/cmake/my_add_interfacesConfig-version.cmake
[2.269s] -- Up-to-date: /home/cjj/Desktop/RM_work/ROS2_learning/simple_calculator_task/ws/install/my_add_interfaces/share/my_add_interfaces/package.xml
[2.270s] Invoked command in '/home/cjj/Desktop/RM_work/ROS2_learning/simple_calculator_task/ws/build/my_add_interfaces' returned '0': CMAKE_PREFIX_PATH=/opt/ros/humble /usr/bin/cmake --install /home/cjj/Desktop/RM_work/ROS2_learning/simple_calculator_task/ws/build/my_add_interfaces
